-------------------------------------------------------------------------------
Test set: org.eclipse.cdt.ui.tests.AutomatedSuite
-------------------------------------------------------------------------------
Tests run: 1735, Failures: 0, Errors: 0, Skipped: 0, Time elapsed: 719.314 sec - in org.eclipse.cdt.ui.tests.AutomatedSuite
testBoundaryConditions1(org.eclipse.cdt.ui.tests.text.doctools.CommentOwnerManagerTests)  Time elapsed: 0.918 sec
testBoundaryConditions2(org.eclipse.cdt.ui.tests.text.doctools.CommentOwnerManagerTests)  Time elapsed: 0.141 sec
testWorkspaceRootLevel(org.eclipse.cdt.ui.tests.text.doctools.CommentOwnerManagerTests)  Time elapsed: 0.302 sec
testDocListenerEvents_221109(org.eclipse.cdt.ui.tests.text.doctools.CommentOwnerManagerTests)  Time elapsed: 0.174 sec
testProjectLevel(org.eclipse.cdt.ui.tests.text.doctools.CommentOwnerManagerTests)  Time elapsed: 0.311 sec
testDCOM_BDFG(org.eclipse.cdt.ui.tests.text.doctools.DocCommentHighlightingTest)  Time elapsed: 4.956 sec
testDCOM_PUNC(org.eclipse.cdt.ui.tests.text.doctools.DocCommentHighlightingTest)  Time elapsed: 2.919 sec
testDCOM_ABC(org.eclipse.cdt.ui.tests.text.doctools.DocCommentHighlightingTest)  Time elapsed: 2.827 sec
testDCOM_A(org.eclipse.cdt.ui.tests.text.doctools.DocCommentHighlightingTest)  Time elapsed: 2.784 sec
testDCOM_B(org.eclipse.cdt.ui.tests.text.doctools.DocCommentHighlightingTest)  Time elapsed: 2.739 sec
testDCOM_C(org.eclipse.cdt.ui.tests.text.doctools.DocCommentHighlightingTest)  Time elapsed: 2.711 sec
testAutoDocCommentDestructor(org.eclipse.cdt.ui.tests.text.doctools.doxygen.DoxygenCCommentAutoEditStrategyTest)  Time elapsed: 0.134 sec
testAutoDocCommentContent17_Dec(org.eclipse.cdt.ui.tests.text.doctools.doxygen.DoxygenCCommentAutoEditStrategyTest)  Time elapsed: 0.041 sec
testAutoDocCommentContent11(org.eclipse.cdt.ui.tests.text.doctools.doxygen.DoxygenCCommentAutoEditStrategyTest)  Time elapsed: 0.04 sec
testAutoDocCommentContent13(org.eclipse.cdt.ui.tests.text.doctools.doxygen.DoxygenCCommentAutoEditStrategyTest)  Time elapsed: 0.031 sec
testAutoDocCommentContent14(org.eclipse.cdt.ui.tests.text.doctools.doxygen.DoxygenCCommentAutoEditStrategyTest)  Time elapsed: 0.079 sec
testAutoDocCommentContent15(org.eclipse.cdt.ui.tests.text.doctools.doxygen.DoxygenCCommentAutoEditStrategyTest)  Time elapsed: 0.04 sec
testAutoDocCommentContent17(org.eclipse.cdt.ui.tests.text.doctools.doxygen.DoxygenCCommentAutoEditStrategyTest)  Time elapsed: 0.089 sec
testAutoDocCommentContent18(org.eclipse.cdt.ui.tests.text.doctools.doxygen.DoxygenCCommentAutoEditStrategyTest)  Time elapsed: 0.152 sec
testAutoDocCommentContent19(org.eclipse.cdt.ui.tests.text.doctools.doxygen.DoxygenCCommentAutoEditStrategyTest)  Time elapsed: 0.04 sec
testAutoDocCommentContent20(org.eclipse.cdt.ui.tests.text.doctools.doxygen.DoxygenCCommentAutoEditStrategyTest)  Time elapsed: 0.044 sec
testAutoDocCommentContent9b(org.eclipse.cdt.ui.tests.text.doctools.doxygen.DoxygenCCommentAutoEditStrategyTest)  Time elapsed: 0.032 sec
testAutoDocCommentContent9c(org.eclipse.cdt.ui.tests.text.doctools.doxygen.DoxygenCCommentAutoEditStrategyTest)  Time elapsed: 0.039 sec
testAutoDocCommentContent3_Dec(org.eclipse.cdt.ui.tests.text.doctools.doxygen.DoxygenCCommentAutoEditStrategyTest)  Time elapsed: 0.032 sec
testAutoDocCommentContent4_Dec(org.eclipse.cdt.ui.tests.text.doctools.doxygen.DoxygenCCommentAutoEditStrategyTest)  Time elapsed: 0.032 sec
testAutoDocCommentContent5_Dec(org.eclipse.cdt.ui.tests.text.doctools.doxygen.DoxygenCCommentAutoEditStrategyTest)  Time elapsed: 0.018 sec
testAutoDocCommentContent6_Dec(org.eclipse.cdt.ui.tests.text.doctools.doxygen.DoxygenCCommentAutoEditStrategyTest)  Time elapsed: 0.043 sec
testAutoDocCommentContent7_Dec(org.eclipse.cdt.ui.tests.text.doctools.doxygen.DoxygenCCommentAutoEditStrategyTest)  Time elapsed: 0.05 sec
testAutoDocCommentExternC1(org.eclipse.cdt.ui.tests.text.doctools.doxygen.DoxygenCCommentAutoEditStrategyTest)  Time elapsed: 0.044 sec
testAutoDocCommentExternC2(org.eclipse.cdt.ui.tests.text.doctools.doxygen.DoxygenCCommentAutoEditStrategyTest)  Time elapsed: 0.049 sec
testAutoDocCommentExternC3(org.eclipse.cdt.ui.tests.text.doctools.doxygen.DoxygenCCommentAutoEditStrategyTest)  Time elapsed: 0.046 sec
testAutoDocCommentContent21_238852_a(org.eclipse.cdt.ui.tests.text.doctools.doxygen.DoxygenCCommentAutoEditStrategyTest)  Time elapsed: 0.037 sec
testAutoDocCommentContent21_238852_b(org.eclipse.cdt.ui.tests.text.doctools.doxygen.DoxygenCCommentAutoEditStrategyTest)  Time elapsed: 0.036 sec
testAutoDocCommentContent21_238852_c(org.eclipse.cdt.ui.tests.text.doctools.doxygen.DoxygenCCommentAutoEditStrategyTest)  Time elapsed: 0.033 sec
testAutoDocCommentContent21_238852_d(org.eclipse.cdt.ui.tests.text.doctools.doxygen.DoxygenCCommentAutoEditStrategyTest)  Time elapsed: 0.037 sec
testAutoDocCommentContent1(org.eclipse.cdt.ui.tests.text.doctools.doxygen.DoxygenCCommentAutoEditStrategyTest)  Time elapsed: 0.045 sec
testAutoDocCommentContent2(org.eclipse.cdt.ui.tests.text.doctools.doxygen.DoxygenCCommentAutoEditStrategyTest)  Time elapsed: 0.023 sec
testAutoDocCommentContent3(org.eclipse.cdt.ui.tests.text.doctools.doxygen.DoxygenCCommentAutoEditStrategyTest)  Time elapsed: 0.032 sec
testAutoDocCommentContent4(org.eclipse.cdt.ui.tests.text.doctools.doxygen.DoxygenCCommentAutoEditStrategyTest)  Time elapsed: 0.028 sec
testAutoDocCommentContent5(org.eclipse.cdt.ui.tests.text.doctools.doxygen.DoxygenCCommentAutoEditStrategyTest)  Time elapsed: 0.023 sec
testAutoDocCommentContent6(org.eclipse.cdt.ui.tests.text.doctools.doxygen.DoxygenCCommentAutoEditStrategyTest)  Time elapsed: 0.037 sec
testAutoDocCommentContent7(org.eclipse.cdt.ui.tests.text.doctools.doxygen.DoxygenCCommentAutoEditStrategyTest)  Time elapsed: 0.028 sec
testAutoDocCommentContent8(org.eclipse.cdt.ui.tests.text.doctools.doxygen.DoxygenCCommentAutoEditStrategyTest)  Time elapsed: 0.031 sec
testAutoDocCommentContent9(org.eclipse.cdt.ui.tests.text.doctools.doxygen.DoxygenCCommentAutoEditStrategyTest)  Time elapsed: 0.025 sec
testAutoDocCommentConstructor1(org.eclipse.cdt.ui.tests.text.doctools.doxygen.DoxygenCCommentAutoEditStrategyTest)  Time elapsed: 0.035 sec
testAutoDocCommentConstructor2(org.eclipse.cdt.ui.tests.text.doctools.doxygen.DoxygenCCommentAutoEditStrategyTest)  Time elapsed: 0.023 sec
_testAutoDocCommentContent10(org.eclipse.cdt.ui.tests.text.doctools.doxygen.DoxygenCCommentAutoEditStrategyTest)  Time elapsed: 0.029 sec
_testAutoDocCommentContent16(org.eclipse.cdt.ui.tests.text.doctools.doxygen.DoxygenCCommentAutoEditStrategyTest)  Time elapsed: 0.033 sec
testAutoDocCommentDestructor(org.eclipse.cdt.ui.tests.text.doctools.doxygen.DoxygenCCommentSingleAutoEditStrategyTest)  Time elapsed: 0.023 sec
testAutoDocCommentContent17_Dec(org.eclipse.cdt.ui.tests.text.doctools.doxygen.DoxygenCCommentSingleAutoEditStrategyTest)  Time elapsed: 0.033 sec
testAutoDocCommentContent4b_Dec(org.eclipse.cdt.ui.tests.text.doctools.doxygen.DoxygenCCommentSingleAutoEditStrategyTest)  Time elapsed: 0.024 sec
testAutoDocCommentContent11(org.eclipse.cdt.ui.tests.text.doctools.doxygen.DoxygenCCommentSingleAutoEditStrategyTest)  Time elapsed: 0.026 sec
testAutoDocCommentContent13(org.eclipse.cdt.ui.tests.text.doctools.doxygen.DoxygenCCommentSingleAutoEditStrategyTest)  Time elapsed: 0.025 sec
testAutoDocCommentContent14(org.eclipse.cdt.ui.tests.text.doctools.doxygen.DoxygenCCommentSingleAutoEditStrategyTest)  Time elapsed: 0.023 sec
testAutoDocCommentContent15(org.eclipse.cdt.ui.tests.text.doctools.doxygen.DoxygenCCommentSingleAutoEditStrategyTest)  Time elapsed: 0.022 sec
testAutoDocCommentContent17(org.eclipse.cdt.ui.tests.text.doctools.doxygen.DoxygenCCommentSingleAutoEditStrategyTest)  Time elapsed: 0.025 sec
testAutoDocCommentContent18(org.eclipse.cdt.ui.tests.text.doctools.doxygen.DoxygenCCommentSingleAutoEditStrategyTest)  Time elapsed: 0.022 sec
testAutoDocCommentContent19(org.eclipse.cdt.ui.tests.text.doctools.doxygen.DoxygenCCommentSingleAutoEditStrategyTest)  Time elapsed: 0.023 sec
testAutoDocCommentContent20(org.eclipse.cdt.ui.tests.text.doctools.doxygen.DoxygenCCommentSingleAutoEditStrategyTest)  Time elapsed: 0.025 sec
testAutoDocCommentContent2b(org.eclipse.cdt.ui.tests.text.doctools.doxygen.DoxygenCCommentSingleAutoEditStrategyTest)  Time elapsed: 0.023 sec
testAutoDocCommentContent6b(org.eclipse.cdt.ui.tests.text.doctools.doxygen.DoxygenCCommentSingleAutoEditStrategyTest)  Time elapsed: 0.023 sec
testAutoDocCommentContent7b(org.eclipse.cdt.ui.tests.text.doctools.doxygen.DoxygenCCommentSingleAutoEditStrategyTest)  Time elapsed: 0.018 sec
testAutoDocCommentContent9b(org.eclipse.cdt.ui.tests.text.doctools.doxygen.DoxygenCCommentSingleAutoEditStrategyTest)  Time elapsed: 0.058 sec
testAutoDocCommentContent9c(org.eclipse.cdt.ui.tests.text.doctools.doxygen.DoxygenCCommentSingleAutoEditStrategyTest)  Time elapsed: 0.02 sec
testAutoDocCommentContent9d(org.eclipse.cdt.ui.tests.text.doctools.doxygen.DoxygenCCommentSingleAutoEditStrategyTest)  Time elapsed: 0.021 sec
testAutoDocCommentContent9e(org.eclipse.cdt.ui.tests.text.doctools.doxygen.DoxygenCCommentSingleAutoEditStrategyTest)  Time elapsed: 0.036 sec
testAutoDocCommentContent3_Dec(org.eclipse.cdt.ui.tests.text.doctools.doxygen.DoxygenCCommentSingleAutoEditStrategyTest)  Time elapsed: 0.022 sec
testAutoDocCommentContent4_Dec(org.eclipse.cdt.ui.tests.text.doctools.doxygen.DoxygenCCommentSingleAutoEditStrategyTest)  Time elapsed: 0.025 sec
testAutoDocCommentContent5_Dec(org.eclipse.cdt.ui.tests.text.doctools.doxygen.DoxygenCCommentSingleAutoEditStrategyTest)  Time elapsed: 0.025 sec
testAutoDocCommentContent6_Dec(org.eclipse.cdt.ui.tests.text.doctools.doxygen.DoxygenCCommentSingleAutoEditStrategyTest)  Time elapsed: 0.019 sec
testAutoDocCommentContent7_Dec(org.eclipse.cdt.ui.tests.text.doctools.doxygen.DoxygenCCommentSingleAutoEditStrategyTest)  Time elapsed: 0.022 sec
testAutoDocCommentExternC1(org.eclipse.cdt.ui.tests.text.doctools.doxygen.DoxygenCCommentSingleAutoEditStrategyTest)  Time elapsed: 0.025 sec
testAutoDocCommentExternC2(org.eclipse.cdt.ui.tests.text.doctools.doxygen.DoxygenCCommentSingleAutoEditStrategyTest)  Time elapsed: 0.023 sec
testAutoDocCommentExternC3(org.eclipse.cdt.ui.tests.text.doctools.doxygen.DoxygenCCommentSingleAutoEditStrategyTest)  Time elapsed: 0.023 sec
testAutoDocCommentContent21_238852_a(org.eclipse.cdt.ui.tests.text.doctools.doxygen.DoxygenCCommentSingleAutoEditStrategyTest)  Time elapsed: 0.034 sec
testAutoDocCommentContent21_238852_b(org.eclipse.cdt.ui.tests.text.doctools.doxygen.DoxygenCCommentSingleAutoEditStrategyTest)  Time elapsed: 0.022 sec
testAutoDocCommentContent21_238852_c(org.eclipse.cdt.ui.tests.text.doctools.doxygen.DoxygenCCommentSingleAutoEditStrategyTest)  Time elapsed: 0.027 sec
testAutoDocCommentContent21_238852_d(org.eclipse.cdt.ui.tests.text.doctools.doxygen.DoxygenCCommentSingleAutoEditStrategyTest)  Time elapsed: 0.02 sec
testAutoDocCommentContent1(org.eclipse.cdt.ui.tests.text.doctools.doxygen.DoxygenCCommentSingleAutoEditStrategyTest)  Time elapsed: 0.023 sec
testAutoDocCommentContent2(org.eclipse.cdt.ui.tests.text.doctools.doxygen.DoxygenCCommentSingleAutoEditStrategyTest)  Time elapsed: 0.022 sec
testAutoDocCommentContent3(org.eclipse.cdt.ui.tests.text.doctools.doxygen.DoxygenCCommentSingleAutoEditStrategyTest)  Time elapsed: 0.029 sec
testAutoDocCommentContent4(org.eclipse.cdt.ui.tests.text.doctools.doxygen.DoxygenCCommentSingleAutoEditStrategyTest)  Time elapsed: 0.025 sec
testAutoDocCommentContent5(org.eclipse.cdt.ui.tests.text.doctools.doxygen.DoxygenCCommentSingleAutoEditStrategyTest)  Time elapsed: 0.022 sec
testAutoDocCommentContent6(org.eclipse.cdt.ui.tests.text.doctools.doxygen.DoxygenCCommentSingleAutoEditStrategyTest)  Time elapsed: 0.021 sec
testAutoDocCommentContent7(org.eclipse.cdt.ui.tests.text.doctools.doxygen.DoxygenCCommentSingleAutoEditStrategyTest)  Time elapsed: 0.023 sec
testAutoDocCommentContent8(org.eclipse.cdt.ui.tests.text.doctools.doxygen.DoxygenCCommentSingleAutoEditStrategyTest)  Time elapsed: 0.034 sec
testAutoDocCommentContent9(org.eclipse.cdt.ui.tests.text.doctools.doxygen.DoxygenCCommentSingleAutoEditStrategyTest)  Time elapsed: 0.021 sec
testAutoDocCommentConstructor1(org.eclipse.cdt.ui.tests.text.doctools.doxygen.DoxygenCCommentSingleAutoEditStrategyTest)  Time elapsed: 0.028 sec
testAutoDocCommentConstructor2(org.eclipse.cdt.ui.tests.text.doctools.doxygen.DoxygenCCommentSingleAutoEditStrategyTest)  Time elapsed: 0.038 sec
_testAutoDocCommentContent10(org.eclipse.cdt.ui.tests.text.doctools.doxygen.DoxygenCCommentSingleAutoEditStrategyTest)  Time elapsed: 0.028 sec
_testAutoDocCommentContent16(org.eclipse.cdt.ui.tests.text.doctools.doxygen.DoxygenCCommentSingleAutoEditStrategyTest)  Time elapsed: 0.034 sec
testPerformance(org.eclipse.cdt.ui.tests.text.PartitionTokenScannerTest)  Time elapsed: 0.238 sec
testIntraPartitionChange2(org.eclipse.cdt.ui.tests.text.CPartitionerTest)  Time elapsed: 0.005 sec
testInsertCharacterPartition(org.eclipse.cdt.ui.tests.text.CPartitionerTest)  Time elapsed: 0.001 sec
testEditingPreprocessor(org.eclipse.cdt.ui.tests.text.CPartitionerTest)  Time elapsed: 0.001 sec
testEditing1(org.eclipse.cdt.ui.tests.text.CPartitionerTest)  Time elapsed: 0 sec
testEditing2(org.eclipse.cdt.ui.tests.text.CPartitionerTest)  Time elapsed: 0.001 sec
testEditing3(org.eclipse.cdt.ui.tests.text.CPartitionerTest)  Time elapsed: 0 sec
testEditingString(org.eclipse.cdt.ui.tests.text.CPartitionerTest)  Time elapsed: 0.001 sec
testRawString_Bug352544(org.eclipse.cdt.ui.tests.text.CPartitionerTest)  Time elapsed: 0 sec
testIntraPartitionChange(org.eclipse.cdt.ui.tests.text.CPartitionerTest)  Time elapsed: 0 sec
testEditingCharacter(org.eclipse.cdt.ui.tests.text.CPartitionerTest)  Time elapsed: 0.001 sec
testExtendPartition(org.eclipse.cdt.ui.tests.text.CPartitionerTest)  Time elapsed: 0 sec
testSplitPartition1(org.eclipse.cdt.ui.tests.text.CPartitionerTest)  Time elapsed: 0 sec
testSplitPartition2(org.eclipse.cdt.ui.tests.text.CPartitionerTest)  Time elapsed: 0 sec
testSplitPartition3(org.eclipse.cdt.ui.tests.text.CPartitionerTest)  Time elapsed: 0.004 sec
testInitialPartitioning(org.eclipse.cdt.ui.tests.text.CPartitionerTest)  Time elapsed: 0 sec
testCommentInPreprocessorString(org.eclipse.cdt.ui.tests.text.CPartitionerTest)  Time elapsed: 0.001 sec
testTogglePartition(org.eclipse.cdt.ui.tests.text.CPartitionerTest)  Time elapsed: 0 sec
testJoinPartitions1(org.eclipse.cdt.ui.tests.text.CPartitionerTest)  Time elapsed: 0 sec
testJoinPartitions2(org.eclipse.cdt.ui.tests.text.CPartitionerTest)  Time elapsed: 0.001 sec
testInsertStringPartition(org.eclipse.cdt.ui.tests.text.CPartitionerTest)  Time elapsed: 0 sec
testLineSplicing_Bug124113(org.eclipse.cdt.ui.tests.text.CPartitionerTest)  Time elapsed: 0.001 sec
testRemovePartition1(org.eclipse.cdt.ui.tests.text.CPartitionerTest)  Time elapsed: 0 sec
testRemovePartition2(org.eclipse.cdt.ui.tests.text.CPartitionerTest)  Time elapsed: 0 sec
testInsertNewPartition(org.eclipse.cdt.ui.tests.text.CPartitionerTest)  Time elapsed: 0 sec
testRawString1(org.eclipse.cdt.ui.tests.text.CPartitionerTest)  Time elapsed: 0.001 sec
testRawString2(org.eclipse.cdt.ui.tests.text.CPartitionerTest)  Time elapsed: 0 sec
testRawString3(org.eclipse.cdt.ui.tests.text.CPartitionerTest)  Time elapsed: 0.001 sec
testInsertPreprocessorPartition(org.eclipse.cdt.ui.tests.text.CPartitionerTest)  Time elapsed: 0 sec
testJoinPartition3(org.eclipse.cdt.ui.tests.text.CPartitionerTest)  Time elapsed: 0 sec
testEditingRawString1(org.eclipse.cdt.ui.tests.text.CPartitionerTest)  Time elapsed: 0.001 sec
testEditingRawString2(org.eclipse.cdt.ui.tests.text.CPartitionerTest)  Time elapsed: 0.003 sec
testEditingRawString3(org.eclipse.cdt.ui.tests.text.CPartitionerTest)  Time elapsed: 0.001 sec
testPartitionFinder(org.eclipse.cdt.ui.tests.text.CPartitionerTest)  Time elapsed: 0 sec
testCorruptPartitioning1(org.eclipse.cdt.ui.tests.text.CPartitionerTest)  Time elapsed: 0 sec
testCorruptPartitioning2(org.eclipse.cdt.ui.tests.text.CPartitionerTest)  Time elapsed: 0.001 sec
testCorruptPartitioning3(org.eclipse.cdt.ui.tests.text.CPartitionerTest)  Time elapsed: 0 sec
testString1(org.eclipse.cdt.ui.tests.text.CPartitionerTest)  Time elapsed: 0 sec
testString2(org.eclipse.cdt.ui.tests.text.CPartitionerTest)  Time elapsed: 0.001 sec
testOpenPartition1(org.eclipse.cdt.ui.tests.text.CPartitionerTest)  Time elapsed: 0 sec
testOpenPartition2(org.eclipse.cdt.ui.tests.text.CPartitionerTest)  Time elapsed: 0 sec
testIntraPartitionChange2(org.eclipse.cdt.ui.tests.text.AsmPartitionerTest)  Time elapsed: 0.003 sec
testInsertCharacterPartition(org.eclipse.cdt.ui.tests.text.AsmPartitionerTest)  Time elapsed: 0.001 sec
testEditingPreprocessor(org.eclipse.cdt.ui.tests.text.AsmPartitionerTest)  Time elapsed: 0.001 sec
testEditing1(org.eclipse.cdt.ui.tests.text.AsmPartitionerTest)  Time elapsed: 0 sec
testEditing2(org.eclipse.cdt.ui.tests.text.AsmPartitionerTest)  Time elapsed: 0 sec
testEditing3(org.eclipse.cdt.ui.tests.text.AsmPartitionerTest)  Time elapsed: 0.001 sec
testSingleLineComment_AtSign(org.eclipse.cdt.ui.tests.text.AsmPartitionerTest)  Time elapsed: 0 sec
testEditingString(org.eclipse.cdt.ui.tests.text.AsmPartitionerTest)  Time elapsed: 0.001 sec
testIntraPartitionChange(org.eclipse.cdt.ui.tests.text.AsmPartitionerTest)  Time elapsed: 0 sec
testNoSingleLineComment_Dollar(org.eclipse.cdt.ui.tests.text.AsmPartitionerTest)  Time elapsed: 0 sec
testEditingCharacter(org.eclipse.cdt.ui.tests.text.AsmPartitionerTest)  Time elapsed: 0.001 sec
testSingleLineComment_Hash(org.eclipse.cdt.ui.tests.text.AsmPartitionerTest)  Time elapsed: 0 sec
testSingleLineComment_Star(org.eclipse.cdt.ui.tests.text.AsmPartitionerTest)  Time elapsed: 0 sec
testExtendPartition(org.eclipse.cdt.ui.tests.text.AsmPartitionerTest)  Time elapsed: 0.001 sec
testSplitPartition1(org.eclipse.cdt.ui.tests.text.AsmPartitionerTest)  Time elapsed: 0 sec
testSplitPartition2(org.eclipse.cdt.ui.tests.text.AsmPartitionerTest)  Time elapsed: 0 sec
testSplitPartition3(org.eclipse.cdt.ui.tests.text.AsmPartitionerTest)  Time elapsed: 0 sec
testInitialPartitioning(org.eclipse.cdt.ui.tests.text.AsmPartitionerTest)  Time elapsed: 0 sec
testTogglePartition(org.eclipse.cdt.ui.tests.text.AsmPartitionerTest)  Time elapsed: 0 sec
testJoinPartitions1(org.eclipse.cdt.ui.tests.text.AsmPartitionerTest)  Time elapsed: 0 sec
testJoinPartitions2(org.eclipse.cdt.ui.tests.text.AsmPartitionerTest)  Time elapsed: 0.001 sec
testInsertStringPartition(org.eclipse.cdt.ui.tests.text.AsmPartitionerTest)  Time elapsed: 0 sec
testLineSplicing_Bug124113(org.eclipse.cdt.ui.tests.text.AsmPartitionerTest)  Time elapsed: 0 sec
testRemovePartition1(org.eclipse.cdt.ui.tests.text.AsmPartitionerTest)  Time elapsed: 0 sec
testRemovePartition2(org.eclipse.cdt.ui.tests.text.AsmPartitionerTest)  Time elapsed: 0 sec
testInsertNewPartition(org.eclipse.cdt.ui.tests.text.AsmPartitionerTest)  Time elapsed: 0 sec
testInsertPreprocessorPartition(org.eclipse.cdt.ui.tests.text.AsmPartitionerTest)  Time elapsed: 0.001 sec
testSingleLineComment_Semicolon(org.eclipse.cdt.ui.tests.text.AsmPartitionerTest)  Time elapsed: 0 sec
testJoinPartition3(org.eclipse.cdt.ui.tests.text.AsmPartitionerTest)  Time elapsed: 0.001 sec
testSingleLineComment_CppStyle(org.eclipse.cdt.ui.tests.text.AsmPartitionerTest)  Time elapsed: 0 sec
testPartitionFinder(org.eclipse.cdt.ui.tests.text.AsmPartitionerTest)  Time elapsed: 0.001 sec
testCorruptPartitioning1(org.eclipse.cdt.ui.tests.text.AsmPartitionerTest)  Time elapsed: 0 sec
testCorruptPartitioning2(org.eclipse.cdt.ui.tests.text.AsmPartitionerTest)  Time elapsed: 0 sec
testCorruptPartitioning3(org.eclipse.cdt.ui.tests.text.AsmPartitionerTest)  Time elapsed: 0.001 sec
testOpenPartition1(org.eclipse.cdt.ui.tests.text.AsmPartitionerTest)  Time elapsed: 0 sec
testOpenPartition2(org.eclipse.cdt.ui.tests.text.AsmPartitionerTest)  Time elapsed: 0 sec
testPasteLineCommentAutoIndent(org.eclipse.cdt.ui.tests.text.CAutoIndentTest)  Time elapsed: 0.025 sec
testPasteBlockCommentAutoIndent(org.eclipse.cdt.ui.tests.text.CAutoIndentTest)  Time elapsed: 0.003 sec
testPasteAutoIndent(org.eclipse.cdt.ui.tests.text.CAutoIndentTest)  Time elapsed: 0.003 sec
testTabsAsSpaces_SmartIndentDisabled_Bug242707(org.eclipse.cdt.ui.tests.text.CAutoIndentTest)  Time elapsed: 0.008 sec
testPreprocessorAutoIndent(org.eclipse.cdt.ui.tests.text.CAutoIndentTest)  Time elapsed: 0.005 sec
testBracketWithSemiColonInsertion(org.eclipse.cdt.ui.tests.text.CAutoIndentTest)  Time elapsed: 0.056 sec
testCopyCommentPrefix_Bug327311(org.eclipse.cdt.ui.tests.text.CAutoIndentTest)  Time elapsed: 0.002 sec
testCAutoIndent(org.eclipse.cdt.ui.tests.text.CAutoIndentTest)  Time elapsed: 0.006 sec
testSkipToStatementStartWhitesmiths_Bug311018(org.eclipse.cdt.ui.tests.text.CAutoIndentTest)  Time elapsed: 0.003 sec
testSmartPaste_Bug215310(org.eclipse.cdt.ui.tests.text.CAutoIndentTest)  Time elapsed: 0.002 sec
testBracketIndentForConstructorDefinition_Bug183814(org.eclipse.cdt.ui.tests.text.CAutoIndentTest)  Time elapsed: 0.003 sec
testBracketInsertion(org.eclipse.cdt.ui.tests.text.CAutoIndentTest)  Time elapsed: 0.005 sec
testCCommentAutoIndent(org.eclipse.cdt.ui.tests.text.CAutoIndentTest)  Time elapsed: 0.001 sec
testSmartIndentAfterArrayIndexOperator_Bug291821(org.eclipse.cdt.ui.tests.text.CAutoIndentTest)  Time elapsed: 0.003 sec
testIndentInsideNamespaceDefinition_Bug188007(org.eclipse.cdt.ui.tests.text.CAutoIndentTest)  Time elapsed: 0.004 sec
testSmartPasteWhitesmiths_Bug180531(org.eclipse.cdt.ui.tests.text.CAutoIndentTest)  Time elapsed: 0.004 sec
testDefaultAutoIndent(org.eclipse.cdt.ui.tests.text.CAutoIndentTest)  Time elapsed: 0.004 sec
testAutoIndentDisabled_Bug219923(org.eclipse.cdt.ui.tests.text.CAutoIndentTest)  Time elapsed: 0.003 sec
testIndentation1(org.eclipse.cdt.ui.tests.text.CHeuristicScannerTest)  Time elapsed: 0.002 sec
testIndentation2(org.eclipse.cdt.ui.tests.text.CHeuristicScannerTest)  Time elapsed: 0.001 sec
testIndentation3(org.eclipse.cdt.ui.tests.text.CHeuristicScannerTest)  Time elapsed: 0.002 sec
testIndentation4(org.eclipse.cdt.ui.tests.text.CHeuristicScannerTest)  Time elapsed: 0.001 sec
testIndentation5(org.eclipse.cdt.ui.tests.text.CHeuristicScannerTest)  Time elapsed: 0.002 sec
testIndentation6(org.eclipse.cdt.ui.tests.text.CHeuristicScannerTest)  Time elapsed: 0.001 sec
testIndentation7(org.eclipse.cdt.ui.tests.text.CHeuristicScannerTest)  Time elapsed: 0.002 sec
testIndentation8(org.eclipse.cdt.ui.tests.text.CHeuristicScannerTest)  Time elapsed: 0.001 sec
testIndentation9(org.eclipse.cdt.ui.tests.text.CHeuristicScannerTest)  Time elapsed: 0.001 sec
testIndentation10(org.eclipse.cdt.ui.tests.text.CHeuristicScannerTest)  Time elapsed: 0.002 sec
testIndentation11(org.eclipse.cdt.ui.tests.text.CHeuristicScannerTest)  Time elapsed: 0.001 sec
testIndentation12(org.eclipse.cdt.ui.tests.text.CHeuristicScannerTest)  Time elapsed: 0.002 sec
testIndentation13(org.eclipse.cdt.ui.tests.text.CHeuristicScannerTest)  Time elapsed: 0.001 sec
testIndentation14(org.eclipse.cdt.ui.tests.text.CHeuristicScannerTest)  Time elapsed: 0.001 sec
testIndentation15(org.eclipse.cdt.ui.tests.text.CHeuristicScannerTest)  Time elapsed: 0.001 sec
testIndentation16(org.eclipse.cdt.ui.tests.text.CHeuristicScannerTest)  Time elapsed: 0.001 sec
testIndentation17(org.eclipse.cdt.ui.tests.text.CHeuristicScannerTest)  Time elapsed: 0.001 sec
testIndentation18(org.eclipse.cdt.ui.tests.text.CHeuristicScannerTest)  Time elapsed: 0.001 sec
testIndentation19(org.eclipse.cdt.ui.tests.text.CHeuristicScannerTest)  Time elapsed: 0.001 sec
testIndentation20(org.eclipse.cdt.ui.tests.text.CHeuristicScannerTest)  Time elapsed: 0.002 sec
testIndentation21(org.eclipse.cdt.ui.tests.text.CHeuristicScannerTest)  Time elapsed: 0.001 sec
testIndentation22(org.eclipse.cdt.ui.tests.text.CHeuristicScannerTest)  Time elapsed: 0.001 sec
testIndentation23(org.eclipse.cdt.ui.tests.text.CHeuristicScannerTest)  Time elapsed: 0.001 sec
testIndentation24(org.eclipse.cdt.ui.tests.text.CHeuristicScannerTest)  Time elapsed: 0.001 sec
testIndentation25(org.eclipse.cdt.ui.tests.text.CHeuristicScannerTest)  Time elapsed: 0.001 sec
testIndentation26(org.eclipse.cdt.ui.tests.text.CHeuristicScannerTest)  Time elapsed: 0.004 sec
testIndentation27(org.eclipse.cdt.ui.tests.text.CHeuristicScannerTest)  Time elapsed: 0.001 sec
testIndentation28(org.eclipse.cdt.ui.tests.text.CHeuristicScannerTest)  Time elapsed: 0.001 sec
testIndentation29(org.eclipse.cdt.ui.tests.text.CHeuristicScannerTest)  Time elapsed: 0.001 sec
testIndentation30(org.eclipse.cdt.ui.tests.text.CHeuristicScannerTest)  Time elapsed: 0.002 sec
testIndentation31(org.eclipse.cdt.ui.tests.text.CHeuristicScannerTest)  Time elapsed: 0.002 sec
testIndentation32(org.eclipse.cdt.ui.tests.text.CHeuristicScannerTest)  Time elapsed: 0.001 sec
testIndentation6a(org.eclipse.cdt.ui.tests.text.CHeuristicScannerTest)  Time elapsed: 0.001 sec
testIndentation22a(org.eclipse.cdt.ui.tests.text.CHeuristicScannerTest)  Time elapsed: 0.001 sec
testIndentation22b(org.eclipse.cdt.ui.tests.text.CHeuristicScannerTest)  Time elapsed: 0.002 sec
testListAlignmentMethodDeclaration(org.eclipse.cdt.ui.tests.text.CHeuristicScannerTest)  Time elapsed: 0.001 sec
testBraceAlignmentOfMultilineDeclaration(org.eclipse.cdt.ui.tests.text.CHeuristicScannerTest)  Time elapsed: 0.001 sec
testPrevIndentationUnit10(org.eclipse.cdt.ui.tests.text.CHeuristicScannerTest)  Time elapsed: 0.002 sec
testPrevIndentationUnit11(org.eclipse.cdt.ui.tests.text.CHeuristicScannerTest)  Time elapsed: 0.001 sec
testPrevIndentation1(org.eclipse.cdt.ui.tests.text.CHeuristicScannerTest)  Time elapsed: 0.001 sec
testPrevIndentation2(org.eclipse.cdt.ui.tests.text.CHeuristicScannerTest)  Time elapsed: 0.001 sec
testPrevIndentation3(org.eclipse.cdt.ui.tests.text.CHeuristicScannerTest)  Time elapsed: 0.001 sec
testPrevIndentation4(org.eclipse.cdt.ui.tests.text.CHeuristicScannerTest)  Time elapsed: 0.001 sec
testPrevIndentation5(org.eclipse.cdt.ui.tests.text.CHeuristicScannerTest)  Time elapsed: 0.001 sec
testPrevIndentation6(org.eclipse.cdt.ui.tests.text.CHeuristicScannerTest)  Time elapsed: 0.001 sec
testPrevIndentation7(org.eclipse.cdt.ui.tests.text.CHeuristicScannerTest)  Time elapsed: 0.001 sec
testPrevIndentation8(org.eclipse.cdt.ui.tests.text.CHeuristicScannerTest)  Time elapsed: 0.005 sec
testPrevIndentation9(org.eclipse.cdt.ui.tests.text.CHeuristicScannerTest)  Time elapsed: 0.001 sec
testConditional1(org.eclipse.cdt.ui.tests.text.CHeuristicScannerTest)  Time elapsed: 0.001 sec
testConditional2(org.eclipse.cdt.ui.tests.text.CHeuristicScannerTest)  Time elapsed: 0.001 sec
testListAlignmentArray2(org.eclipse.cdt.ui.tests.text.CHeuristicScannerTest)  Time elapsed: 0.005 sec
testListAlignmentMethodCall(org.eclipse.cdt.ui.tests.text.CHeuristicScannerTest)  Time elapsed: 0.001 sec
testClassInstanceCreationHeuristic(org.eclipse.cdt.ui.tests.text.CHeuristicScannerTest)  Time elapsed: 0.002 sec
testShiftOperator(org.eclipse.cdt.ui.tests.text.CHeuristicScannerTest)  Time elapsed: 0.001 sec
testBlocksInCaseStatements(org.eclipse.cdt.ui.tests.text.CHeuristicScannerTest)  Time elapsed: 0.002 sec
testPrevIndentation10(org.eclipse.cdt.ui.tests.text.CHeuristicScannerTest)  Time elapsed: 0.001 sec
testPrevIndentation11(org.eclipse.cdt.ui.tests.text.CHeuristicScannerTest)  Time elapsed: 0.001 sec
testListAlignmentArray(org.eclipse.cdt.ui.tests.text.CHeuristicScannerTest)  Time elapsed: 0.001 sec
testCompositeTypeDefinitionHeuristic(org.eclipse.cdt.ui.tests.text.CHeuristicScannerTest)  Time elapsed: 0.002 sec
testPrevIndentationUnit1(org.eclipse.cdt.ui.tests.text.CHeuristicScannerTest)  Time elapsed: 0.001 sec
testPrevIndentationUnit2(org.eclipse.cdt.ui.tests.text.CHeuristicScannerTest)  Time elapsed: 0.002 sec
testPrevIndentationUnit4(org.eclipse.cdt.ui.tests.text.CHeuristicScannerTest)  Time elapsed: 0.001 sec
testPrevIndentationUnit5(org.eclipse.cdt.ui.tests.text.CHeuristicScannerTest)  Time elapsed: 0.001 sec
testPrevIndentationUnit6(org.eclipse.cdt.ui.tests.text.CHeuristicScannerTest)  Time elapsed: 0.001 sec
testPrevIndentationUnit7(org.eclipse.cdt.ui.tests.text.CHeuristicScannerTest)  Time elapsed: 0.001 sec
testPrevIndentationUnit8(org.eclipse.cdt.ui.tests.text.CHeuristicScannerTest)  Time elapsed: 0.002 sec
testPrevIndentationUnit9(org.eclipse.cdt.ui.tests.text.CHeuristicScannerTest)  Time elapsed: 0.001 sec
testFieldReferenceHeuristic(org.eclipse.cdt.ui.tests.text.CHeuristicScannerTest)  Time elapsed: 0.002 sec
testMultiplePeerEntry(org.eclipse.cdt.ui.tests.text.BracketInserterTest)  Time elapsed: 2.637 sec
testAngleBrackets(org.eclipse.cdt.ui.tests.text.BracketInserterTest)  Time elapsed: 1.914 sec
testMultipleParenthesisInsertion(org.eclipse.cdt.ui.tests.text.BracketInserterTest)  Time elapsed: 1.312 sec
testPeerEntry(org.eclipse.cdt.ui.tests.text.BracketInserterTest)  Time elapsed: 0.812 sec
testInsertInsideBrackets(org.eclipse.cdt.ui.tests.text.BracketInserterTest)  Time elapsed: 0.582 sec
testInsertClosingQuote(org.eclipse.cdt.ui.tests.text.BracketInserterTest)  Time elapsed: 0.571 sec
testExitOnReturn(org.eclipse.cdt.ui.tests.text.BracketInserterTest)  Time elapsed: 1.546 sec
testExitOnEsc(org.eclipse.cdt.ui.tests.text.BracketInserterTest)  Time elapsed: 1.518 sec
testExitOnTab(org.eclipse.cdt.ui.tests.text.BracketInserterTest)  Time elapsed: 2.185 sec
testNoInsertInsideText(org.eclipse.cdt.ui.tests.text.BracketInserterTest)  Time elapsed: 0.636 sec
testCurlyBraceOutsideParentheses(org.eclipse.cdt.ui.tests.text.BracketInserterTest)  Time elapsed: 2.509 sec
testInsertClosingQuoteInIncludeAtDocumentEnd_Bug309099(org.eclipse.cdt.ui.tests.text.BracketInserterTest)  Time elapsed: 2.757 sec
testAngleBracketsAsOperator(org.eclipse.cdt.ui.tests.text.BracketInserterTest)  Time elapsed: 1.406 sec
testDeletingParenthesis(org.eclipse.cdt.ui.tests.text.BracketInserterTest)  Time elapsed: 1.122 sec
testDeletingMultipleParenthesisInsertion(org.eclipse.cdt.ui.tests.text.BracketInserterTest)  Time elapsed: 2.252 sec
testAngleBracketsInInclude(org.eclipse.cdt.ui.tests.text.BracketInserterTest)  Time elapsed: 0.568 sec
testPreferences(org.eclipse.cdt.ui.tests.text.BracketInserterTest)  Time elapsed: 0.579 sec
testInsertClosingQuoteInMacroDefinition(org.eclipse.cdt.ui.tests.text.BracketInserterTest)  Time elapsed: 4.268 sec
testCurlyBraceInsideParentheses(org.eclipse.cdt.ui.tests.text.BracketInserterTest)  Time elapsed: 1.048 sec
testAngleBrackets_165837(org.eclipse.cdt.ui.tests.text.BracketInserterTest)  Time elapsed: 3.887 sec
testInsertClosingQuoteInInclude(org.eclipse.cdt.ui.tests.text.BracketInserterTest)  Time elapsed: 0.781 sec
testInsertClosingParenthesis(org.eclipse.cdt.ui.tests.text.BracketInserterTest)  Time elapsed: 0.592 sec
testUnchanged(org.eclipse.cdt.ui.tests.text.IndentActionTest)  Time elapsed: 0.426 sec
testComplex(org.eclipse.cdt.ui.tests.text.IndentActionTest)  Time elapsed: 0.394 sec
testSample(org.eclipse.cdt.ui.tests.text.IndentActionTest)  Time elapsed: 0.384 sec
testTemplates(org.eclipse.cdt.ui.tests.text.FormatActionTest)  Time elapsed: 0.485 sec
testBugs(org.eclipse.cdt.ui.tests.text.FormatActionTest)  Time elapsed: 0.607 sec
testPreview(org.eclipse.cdt.ui.tests.text.FormatActionTest)  Time elapsed: 0.454 sec
testComplex(org.eclipse.cdt.ui.tests.text.FormatActionTest)  Time elapsed: 0.405 sec
testSample(org.eclipse.cdt.ui.tests.text.FormatActionTest)  Time elapsed: 0.461 sec
testShiftRight(org.eclipse.cdt.ui.tests.text.ShiftActionTest)  Time elapsed: 0.395 sec
testShiftLeft(org.eclipse.cdt.ui.tests.text.ShiftActionTest)  Time elapsed: 0.059 sec
testTemplateConstructorCall(org.eclipse.cdt.ui.tests.text.CodeFormatterTest)  Time elapsed: 0.067 sec
testArrayInitializer(org.eclipse.cdt.ui.tests.text.CodeFormatterTest)  Time elapsed: 0.007 sec
testCodeCorruptionWithIllegalKeyword_Bug329165(org.eclipse.cdt.ui.tests.text.CodeFormatterTest)  Time elapsed: 0.005 sec
testSpaceAfterCommaInDeclaratorList_Bug234915(org.eclipse.cdt.ui.tests.text.CodeFormatterTest)  Time elapsed: 0.004 sec
testUniversalCharacters_Bug255949(org.eclipse.cdt.ui.tests.text.CodeFormatterTest)  Time elapsed: 0.011 sec
testCppCast_1(org.eclipse.cdt.ui.tests.text.CodeFormatterTest)  Time elapsed: 0.007 sec
testCppCast_2(org.eclipse.cdt.ui.tests.text.CodeFormatterTest)  Time elapsed: 0.004 sec
testInsertSpaceBeforeOpeningParen_Bug190184(org.eclipse.cdt.ui.tests.text.CodeFormatterTest)  Time elapsed: 0.004 sec
testLineWrappingOfInitializerExpression_Bug200961(org.eclipse.cdt.ui.tests.text.CodeFormatterTest)  Time elapsed: 0.003 sec
testMacroFormatting1_Bug241819(org.eclipse.cdt.ui.tests.text.CodeFormatterTest)  Time elapsed: 0.005 sec
testOverloadedLeftShiftChain_Bug373034(org.eclipse.cdt.ui.tests.text.CodeFormatterTest)  Time elapsed: 0.08 sec
testForLoopWrappingAtOpeningBrace(org.eclipse.cdt.ui.tests.text.CodeFormatterTest)  Time elapsed: 0.005 sec
testWhiteSmithsAccessSpecifierIndentation1_Bug204575(org.eclipse.cdt.ui.tests.text.CodeFormatterTest)  Time elapsed: 0.004 sec
testMacroWithinTypedef(org.eclipse.cdt.ui.tests.text.CodeFormatterTest)  Time elapsed: 0.007 sec
testWhitespaceOptionsForExceptionSpecification_Bug243567(org.eclipse.cdt.ui.tests.text.CodeFormatterTest)  Time elapsed: 0.005 sec
testFunctionStyleMacro_1(org.eclipse.cdt.ui.tests.text.CodeFormatterTest)  Time elapsed: 0.009 sec
testFunctionStyleMacro_2(org.eclipse.cdt.ui.tests.text.CodeFormatterTest)  Time elapsed: 0.014 sec
testFunctionStyleMacro_3(org.eclipse.cdt.ui.tests.text.CodeFormatterTest)  Time elapsed: 0.009 sec
testMacroAfterCompoundStatement_Bug356690(org.eclipse.cdt.ui.tests.text.CodeFormatterTest)  Time elapsed: 0.008 sec
testMacroInElseBranch_Bug350689(org.eclipse.cdt.ui.tests.text.CodeFormatterTest)  Time elapsed: 0.008 sec
testMacroDeclaration(org.eclipse.cdt.ui.tests.text.CodeFormatterTest)  Time elapsed: 0.005 sec
testDoubleClosingAngleBrackets_Bug333816(org.eclipse.cdt.ui.tests.text.CodeFormatterTest)  Time elapsed: 0.007 sec
testTryCatchBlock(org.eclipse.cdt.ui.tests.text.CodeFormatterTest)  Time elapsed: 0.008 sec
testConstructorInitializer_1(org.eclipse.cdt.ui.tests.text.CodeFormatterTest)  Time elapsed: 0.005 sec
testConstructorInitializer_2(org.eclipse.cdt.ui.tests.text.CodeFormatterTest)  Time elapsed: 0.005 sec
testPreserveSpaceBetweenNameAnd__attribute__Bug261967(org.eclipse.cdt.ui.tests.text.CodeFormatterTest)  Time elapsed: 0.008 sec
testFormatterProblemsWithTypename_Bug269590(org.eclipse.cdt.ui.tests.text.CodeFormatterTest)  Time elapsed: 0.005 sec
testDesignatedInitializer_Bug314958(org.eclipse.cdt.ui.tests.text.CodeFormatterTest)  Time elapsed: 0.018 sec
testEnum(org.eclipse.cdt.ui.tests.text.CodeFormatterTest)  Time elapsed: 0.005 sec
testUsingDirective(org.eclipse.cdt.ui.tests.text.CodeFormatterTest)  Time elapsed: 0.003 sec
testExpressionInArrayDeclarator_Bug350816(org.eclipse.cdt.ui.tests.text.CodeFormatterTest)  Time elapsed: 0.004 sec
testMacroAsFunctionArguments_Bug253039(org.eclipse.cdt.ui.tests.text.CodeFormatterTest)  Time elapsed: 0.004 sec
testBreakingPrecedence(org.eclipse.cdt.ui.tests.text.CodeFormatterTest)  Time elapsed: 0.003 sec
testCastAsMacro_Bug285901(org.eclipse.cdt.ui.tests.text.CodeFormatterTest)  Time elapsed: 0.02 sec
testNewAndDeleteExpressions(org.eclipse.cdt.ui.tests.text.CodeFormatterTest)  Time elapsed: 0.006 sec
test__attribute__InParameterDecl_Bug206271(org.eclipse.cdt.ui.tests.text.CodeFormatterTest)  Time elapsed: 0.004 sec
testWhiteSmithsAccessSpecifierIndentation3_Bug204575(org.eclipse.cdt.ui.tests.text.CodeFormatterTest)  Time elapsed: 0.002 sec
testFunctionDeclarationFallbackFormat(org.eclipse.cdt.ui.tests.text.CodeFormatterTest)  Time elapsed: 0.004 sec
testFunctionCallWithMultilineStringLiteral(org.eclipse.cdt.ui.tests.text.CodeFormatterTest)  Time elapsed: 0.004 sec
testParenthesizedExpressionInArgumentList_Bug350689(org.eclipse.cdt.ui.tests.text.CodeFormatterTest)  Time elapsed: 0.005 sec
testFunctionTryCatchBlock(org.eclipse.cdt.ui.tests.text.CodeFormatterTest)  Time elapsed: 0.007 sec
testIndentAfterDotE_Bug232739(org.eclipse.cdt.ui.tests.text.CodeFormatterTest)  Time elapsed: 0.003 sec
testConditionalExpression(org.eclipse.cdt.ui.tests.text.CodeFormatterTest)  Time elapsed: 0.009 sec
testWrappingOfTemplateIdAsParameterType_Bug325783(org.eclipse.cdt.ui.tests.text.CodeFormatterTest)  Time elapsed: 0.006 sec
testRangeBasedFor_Bug328472(org.eclipse.cdt.ui.tests.text.CodeFormatterTest)  Time elapsed: 0.008 sec
testFormatGeneratedClass_Bug272006(org.eclipse.cdt.ui.tests.text.CodeFormatterTest)  Time elapsed: 0.002 sec
testForLoopAllman_Bug351399(org.eclipse.cdt.ui.tests.text.CodeFormatterTest)  Time elapsed: 0.005 sec
testFunctionDefinitionWithoutBody(org.eclipse.cdt.ui.tests.text.CodeFormatterTest)  Time elapsed: 0.004 sec
testHandleParsingProblemsInIfCondition_Bug240564(org.eclipse.cdt.ui.tests.text.CodeFormatterTest)  Time elapsed: 0.006 sec
testForWithEmptyExpression_Bug195942(org.eclipse.cdt.ui.tests.text.CodeFormatterTest)  Time elapsed: 0.003 sec
testForWithEmptyExpression_Bug280989(org.eclipse.cdt.ui.tests.text.CodeFormatterTest)  Time elapsed: 0.006 sec
testAlignmentOfClassDefinitionBaseClause1_Bug192656(org.eclipse.cdt.ui.tests.text.CodeFormatterTest)  Time elapsed: 0.003 sec
testPreserveWhitespace2_Bug225326(org.eclipse.cdt.ui.tests.text.CodeFormatterTest)  Time elapsed: 0.003 sec
testMacroAsInitializer_Bug214354(org.eclipse.cdt.ui.tests.text.CodeFormatterTest)  Time elapsed: 0.002 sec
testIndentAfterDotL_Bug232739(org.eclipse.cdt.ui.tests.text.CodeFormatterTest)  Time elapsed: 0.003 sec
testCompoundStatementAsMacro_Bug244928(org.eclipse.cdt.ui.tests.text.CodeFormatterTest)  Time elapsed: 0.007 sec
testControlStatementsAsMacro_Bug290630(org.eclipse.cdt.ui.tests.text.CodeFormatterTest)  Time elapsed: 0.009 sec
testCompoundStatementAsMacroGNU_Bug244928(org.eclipse.cdt.ui.tests.text.CodeFormatterTest)  Time elapsed: 0.005 sec
testEllipsisInFunctionDefinition_Bug350689(org.eclipse.cdt.ui.tests.text.CodeFormatterTest)  Time elapsed: 0.005 sec
testSpaceAfterCommaInDeclaratorList2_Bug234915(org.eclipse.cdt.ui.tests.text.CodeFormatterTest)  Time elapsed: 0.003 sec
testCompositeTypeSpecAsMacro_Bug298592(org.eclipse.cdt.ui.tests.text.CodeFormatterTest)  Time elapsed: 0.005 sec
testAccessSpecifierAsMacro_Bug197494(org.eclipse.cdt.ui.tests.text.CodeFormatterTest)  Time elapsed: 0.002 sec
testDotStarAndArrowStarOperators_Bug257700(org.eclipse.cdt.ui.tests.text.CodeFormatterTest)  Time elapsed: 0.005 sec
testPreserveSpaceInParameterDecl_Bug241967(org.eclipse.cdt.ui.tests.text.CodeFormatterTest)  Time elapsed: 0.003 sec
testFunctionDeclarationTrailingMacro_1(org.eclipse.cdt.ui.tests.text.CodeFormatterTest)  Time elapsed: 0.003 sec
testFunctionDeclarationTrailingMacro_2(org.eclipse.cdt.ui.tests.text.CodeFormatterTest)  Time elapsed: 0.005 sec
testSpaceAfterThrowKeyword_Bug229774(org.eclipse.cdt.ui.tests.text.CodeFormatterTest)  Time elapsed: 0.002 sec
testPreserveSpaceInExternCDeclaration(org.eclipse.cdt.ui.tests.text.CodeFormatterTest)  Time elapsed: 0.004 sec
testKeywordFinal_Bug460551(org.eclipse.cdt.ui.tests.text.CodeFormatterTest)  Time elapsed: 0.003 sec
testForLoopWhitesmiths_Bug351399(org.eclipse.cdt.ui.tests.text.CodeFormatterTest)  Time elapsed: 0.005 sec
testLineCommentAsBlocks1a(org.eclipse.cdt.ui.tests.text.CodeFormatterTest)  Time elapsed: 0.004 sec
testLineCommentAsBlocks1b(org.eclipse.cdt.ui.tests.text.CodeFormatterTest)  Time elapsed: 0.006 sec
testSizeofExpression_Bug195246(org.eclipse.cdt.ui.tests.text.CodeFormatterTest)  Time elapsed: 0.002 sec
testSizeofExpression_Bug201330(org.eclipse.cdt.ui.tests.text.CodeFormatterTest)  Time elapsed: 0.002 sec
testWrappingOfTemplateIdAsParameterType_Bug325783_2(org.eclipse.cdt.ui.tests.text.CodeFormatterTest)  Time elapsed: 0.007 sec
testPreserveWhitespace_Bug225326(org.eclipse.cdt.ui.tests.text.CodeFormatterTest)  Time elapsed: 0.002 sec
testSpaceBetweenParen_Bug217918(org.eclipse.cdt.ui.tests.text.CodeFormatterTest)  Time elapsed: 0.004 sec
testBinaryExpressionInMacro(org.eclipse.cdt.ui.tests.text.CodeFormatterTest)  Time elapsed: 0.005 sec
testWideStringLiteral_Bug292626(org.eclipse.cdt.ui.tests.text.CodeFormatterTest)  Time elapsed: 0.005 sec
testMemberAccess(org.eclipse.cdt.ui.tests.text.CodeFormatterTest)  Time elapsed: 0.004 sec
testMacroWithMultipleDeclarations_Bug242053(org.eclipse.cdt.ui.tests.text.CodeFormatterTest)  Time elapsed: 0.004 sec
testFormatterProblemsWithForeverMacro(org.eclipse.cdt.ui.tests.text.CodeFormatterTest)  Time elapsed: 0.006 sec
testForLoopKnR_Bug351399(org.eclipse.cdt.ui.tests.text.CodeFormatterTest)  Time elapsed: 0.006 sec
testKeepWrappedLines_Bug322776(org.eclipse.cdt.ui.tests.text.CodeFormatterTest)  Time elapsed: 0.005 sec
testAssignment(org.eclipse.cdt.ui.tests.text.CodeFormatterTest)  Time elapsed: 0.003 sec
testTemplateFunctionCall_1(org.eclipse.cdt.ui.tests.text.CodeFormatterTest)  Time elapsed: 0.004 sec
testTemplateFunctionCall_2(org.eclipse.cdt.ui.tests.text.CodeFormatterTest)  Time elapsed: 0.003 sec
testForLoopGNU_Bug351399(org.eclipse.cdt.ui.tests.text.CodeFormatterTest)  Time elapsed: 0.006 sec
testFunctionMacroInInitializerExpression(org.eclipse.cdt.ui.tests.text.CodeFormatterTest)  Time elapsed: 0.006 sec
testLineCommentAsBlocks2(org.eclipse.cdt.ui.tests.text.CodeFormatterTest)  Time elapsed: 0.005 sec
testLineCommentAsBlocks3(org.eclipse.cdt.ui.tests.text.CodeFormatterTest)  Time elapsed: 0.005 sec
testLineCommentAsBlocks4(org.eclipse.cdt.ui.tests.text.CodeFormatterTest)  Time elapsed: 0.004 sec
testLineCommentAsBlocks5(org.eclipse.cdt.ui.tests.text.CodeFormatterTest)  Time elapsed: 0.004 sec
testLineCommentAsBlocks6(org.eclipse.cdt.ui.tests.text.CodeFormatterTest)  Time elapsed: 0.005 sec
testLineCommentAsBlocks7(org.eclipse.cdt.ui.tests.text.CodeFormatterTest)  Time elapsed: 0.004 sec
testLineCommentAsBlocks8(org.eclipse.cdt.ui.tests.text.CodeFormatterTest)  Time elapsed: 0.005 sec
testScannerErrorWithIntegerFollowedByStar_Bug278118(org.eclipse.cdt.ui.tests.text.CodeFormatterTest)  Time elapsed: 0.008 sec
testWhitespaceSurroundingOperators(org.eclipse.cdt.ui.tests.text.CodeFormatterTest)  Time elapsed: 0.003 sec
testMacroAfterElse(org.eclipse.cdt.ui.tests.text.CodeFormatterTest)  Time elapsed: 0.005 sec
testMacroFormatting2_Bug241819(org.eclipse.cdt.ui.tests.text.CodeFormatterTest)  Time elapsed: 0.004 sec
testFormatterRegressions_Bug225858(org.eclipse.cdt.ui.tests.text.CodeFormatterTest)  Time elapsed: 0.003 sec
testFunctionDefinition(org.eclipse.cdt.ui.tests.text.CodeFormatterTest)  Time elapsed: 0.003 sec
testWhiteSmithsAccessSpecifierIndentation2_Bug204575(org.eclipse.cdt.ui.tests.text.CodeFormatterTest)  Time elapsed: 0.002 sec
testLineWrappingOfConstructorCall_Bug237097(org.eclipse.cdt.ui.tests.text.CodeFormatterTest)  Time elapsed: 0.01 sec
testGNUCodingStyleConformance_Bug192764(org.eclipse.cdt.ui.tests.text.CodeFormatterTest)  Time elapsed: 0.003 sec
testIfStatement(org.eclipse.cdt.ui.tests.text.CodeFormatterTest)  Time elapsed: 0.004 sec
testPreserveWhitespaceInParameterDecl_Bug228997(org.eclipse.cdt.ui.tests.text.CodeFormatterTest)  Time elapsed: 0.024 sec
testNestedTemplateParameters_Bug206801(org.eclipse.cdt.ui.tests.text.CodeFormatterTest)  Time elapsed: 0.003 sec
testLineCommentPreserveWhiteSpaceBefore(org.eclipse.cdt.ui.tests.text.CodeFormatterTest)  Time elapsed: 0.006 sec
testNamespaceAlias(org.eclipse.cdt.ui.tests.text.CodeFormatterTest)  Time elapsed: 0.003 sec
testNestedTemplatedArgument_Bug241058(org.eclipse.cdt.ui.tests.text.CodeFormatterTest)  Time elapsed: 0.004 sec
testFunctionDeclaration(org.eclipse.cdt.ui.tests.text.CodeFormatterTest)  Time elapsed: 0.006 sec
testCompoundStatementAsMacro_Temp(org.eclipse.cdt.ui.tests.text.CodeFormatterTest)  Time elapsed: 0.006 sec
testPreserveBlankLineAfterInclude(org.eclipse.cdt.ui.tests.text.CodeFormatterTest)  Time elapsed: 0.002 sec
testConditionalExpressionChain(org.eclipse.cdt.ui.tests.text.CodeFormatterTest)  Time elapsed: 0.011 sec
testIndentConfusionByCastExpression_Bug191021(org.eclipse.cdt.ui.tests.text.CodeFormatterTest)  Time elapsed: 0.006 sec
testPreserveNewlineBetweenTypeAndFunctionDeclarator(org.eclipse.cdt.ui.tests.text.CodeFormatterTest)  Time elapsed: 0.004 sec
testFunctionCall_1(org.eclipse.cdt.ui.tests.text.CodeFormatterTest)  Time elapsed: 0.007 sec
testFunctionCall_2(org.eclipse.cdt.ui.tests.text.CodeFormatterTest)  Time elapsed: 0.004 sec
testFunctionCall_3(org.eclipse.cdt.ui.tests.text.CodeFormatterTest)  Time elapsed: 0.004 sec
testFunctionCall_4(org.eclipse.cdt.ui.tests.text.CodeFormatterTest)  Time elapsed: 0.003 sec
testPlacementNewAsMacro_Bug298593(org.eclipse.cdt.ui.tests.text.CodeFormatterTest)  Time elapsed: 0.003 sec
testUsingDeclaration(org.eclipse.cdt.ui.tests.text.CodeFormatterTest)  Time elapsed: 0.003 sec
testSpaceBetweenTypeAndIdentifier_Bug194603(org.eclipse.cdt.ui.tests.text.CodeFormatterTest)  Time elapsed: 0.001 sec
testStaticCastInInitializer_Bug353974(org.eclipse.cdt.ui.tests.text.CodeFormatterTest)  Time elapsed: 0.003 sec
testKeywordFinalDerivedClass_Bug460551(org.eclipse.cdt.ui.tests.text.CodeFormatterTest)  Time elapsed: 0.002 sec
testMacroAfterComment(org.eclipse.cdt.ui.tests.text.CodeFormatterTest)  Time elapsed: 0.005 sec
testMacroInBinaryExpression_Bug344379(org.eclipse.cdt.ui.tests.text.CodeFormatterTest)  Time elapsed: 0.003 sec
testKeepWrappedLines_Bug322776_2(org.eclipse.cdt.ui.tests.text.CodeFormatterTest)  Time elapsed: 0.003 sec
testPreserveSpaceBetweenPointerModifierAndIdentifier_Bug243056(org.eclipse.cdt.ui.tests.text.CodeFormatterTest)  Time elapsed: 0.003 sec
testLineCommentMinDistanceFromCode(org.eclipse.cdt.ui.tests.text.CodeFormatterTest)  Time elapsed: 0.003 sec
testIndentAfterDotF_Bug232739(org.eclipse.cdt.ui.tests.text.CodeFormatterTest)  Time elapsed: 0.002 sec
testSpaceBetweenDeclSpecAndDeclarator(org.eclipse.cdt.ui.tests.text.CodeFormatterTest)  Time elapsed: 0.002 sec
testAlignmentOfBinaryExpression_Bug325787(org.eclipse.cdt.ui.tests.text.CodeFormatterTest)  Time elapsed: 0.003 sec
testMacroStatement(org.eclipse.cdt.ui.tests.text.CodeFormatterTest)  Time elapsed: 0.003 sec
testSpaceBeforeSemicolonInFor_Bug242232(org.eclipse.cdt.ui.tests.text.CodeFormatterTest)  Time elapsed: 0.004 sec
testAlignmentOfExceptionSpecificationInMethodDeclaration_Bug191980(org.eclipse.cdt.ui.tests.text.CodeFormatterTest)  Time elapsed: 0.002 sec
testMacroArguments(org.eclipse.cdt.ui.tests.text.CodeFormatterTest)  Time elapsed: 0.004 sec
testFunctionCallWithTemplates_Bug357300(org.eclipse.cdt.ui.tests.text.CodeFormatterTest)  Time elapsed: 0.004 sec
testCrLfAfterSingleLineComment_Bug442186(org.eclipse.cdt.ui.tests.text.CodeFormatterTest)  Time elapsed: 0.002 sec
testBracesInMacros_Bug217435(org.eclipse.cdt.ui.tests.text.CodeFormatterTest)  Time elapsed: 0.004 sec
testAlignmentOfClassDefinitionBaseClause2_Bug192656(org.eclipse.cdt.ui.tests.text.CodeFormatterTest)  Time elapsed: 0.002 sec
testOverloadedLeftShiftChain_1(org.eclipse.cdt.ui.tests.text.CodeFormatterTest)  Time elapsed: 0.007 sec
testOverloadedLeftShiftChain_2(org.eclipse.cdt.ui.tests.text.CodeFormatterTest)  Time elapsed: 0.007 sec
testOverloadedLeftShiftChain_3(org.eclipse.cdt.ui.tests.text.CodeFormatterTest)  Time elapsed: 0.006 sec
testOverloadedLeftShiftChain_4(org.eclipse.cdt.ui.tests.text.CodeFormatterTest)  Time elapsed: 0.009 sec
testOverloadedLeftShiftChain_5(org.eclipse.cdt.ui.tests.text.CodeFormatterTest)  Time elapsed: 0.007 sec
testOverloadedLeftShiftChain_6(org.eclipse.cdt.ui.tests.text.CodeFormatterTest)  Time elapsed: 0.008 sec
testOverloadedLeftShiftChain_7(org.eclipse.cdt.ui.tests.text.CodeFormatterTest)  Time elapsed: 0.007 sec
testLineWrappingOfThrowSpecification_Bug200959(org.eclipse.cdt.ui.tests.text.CodeFormatterTest)  Time elapsed: 0.001 sec
testDoWhileInMacro_Bug359658(org.eclipse.cdt.ui.tests.text.CodeFormatterTest)  Time elapsed: 0.005 sec
testSpaceBeforeAndAfterAlternativeLogicalOperator_Bug239461(org.eclipse.cdt.ui.tests.text.CodeFormatterTest)  Time elapsed: 0.002 sec
testBackslashUInPreprocessorDirective_Bug350433(org.eclipse.cdt.ui.tests.text.CodeFormatterTest)  Time elapsed: 0.002 sec
testMacroInSwitch(org.eclipse.cdt.ui.tests.text.CodeFormatterTest)  Time elapsed: 0.004 sec
testPreserveNecessarySpace_Bug250969(org.eclipse.cdt.ui.tests.text.CodeFormatterTest)  Time elapsed: 0.004 sec
testPreserveNecessarySpace_Bug268962(org.eclipse.cdt.ui.tests.text.CodeFormatterTest)  Time elapsed: 0.003 sec
testArrayInitializer(org.eclipse.cdt.ui.tests.text.CIndenterTest)  Time elapsed: 0.002 sec
testIndentationAfterShiftRight_Bug192412(org.eclipse.cdt.ui.tests.text.CIndenterTest)  Time elapsed: 0.001 sec
testStringLiteralAsLastArgument_2_Bug192412(org.eclipse.cdt.ui.tests.text.CIndenterTest)  Time elapsed: 0.001 sec
testCaseBlockAfterCharLiteral_Bug194710(org.eclipse.cdt.ui.tests.text.CIndenterTest)  Time elapsed: 0.001 sec
testWrappedOutputStream(org.eclipse.cdt.ui.tests.text.CIndenterTest)  Time elapsed: 0.001 sec
testWrappedAssignment_3_Bug277624(org.eclipse.cdt.ui.tests.text.CIndenterTest)  Time elapsed: 0.001 sec
testWrappedFor_4_Bug277625(org.eclipse.cdt.ui.tests.text.CIndenterTest)  Time elapsed: 0.001 sec
testBitFields_Bug193298(org.eclipse.cdt.ui.tests.text.CIndenterTest)  Time elapsed: 0.001 sec
testIndentedClass_4_Bug210417(org.eclipse.cdt.ui.tests.text.CIndenterTest)  Time elapsed: 0.003 sec
testIndentationAfterEnumValueAssignment_Bug324031(org.eclipse.cdt.ui.tests.text.CIndenterTest)  Time elapsed: 0.001 sec
testFunctionDeclaration_1(org.eclipse.cdt.ui.tests.text.CIndenterTest)  Time elapsed: 0.001 sec
testFunctionDeclaration_2(org.eclipse.cdt.ui.tests.text.CIndenterTest)  Time elapsed: 0.001 sec
testFunctionDeclaration_3(org.eclipse.cdt.ui.tests.text.CIndenterTest)  Time elapsed: 0.001 sec
testConstructorBody_Bug194586(org.eclipse.cdt.ui.tests.text.CIndenterTest)  Time elapsed: 0.001 sec
testFunctionParameters_1(org.eclipse.cdt.ui.tests.text.CIndenterTest)  Time elapsed: 0.002 sec
testFunctionParameters_2(org.eclipse.cdt.ui.tests.text.CIndenterTest)  Time elapsed: 0.001 sec
testFunctionParameters_3(org.eclipse.cdt.ui.tests.text.CIndenterTest)  Time elapsed: 0.001 sec
testFunctionParameters_4(org.eclipse.cdt.ui.tests.text.CIndenterTest)  Time elapsed: 0.001 sec
testWhiteSmithsAccessSpecifier_1_Bug204575(org.eclipse.cdt.ui.tests.text.CIndenterTest)  Time elapsed: 0.002 sec
testIndentationOfConstructorBodyWithFieldInitializer_Bug298282(org.eclipse.cdt.ui.tests.text.CIndenterTest)  Time elapsed: 0.002 sec
testConstructorBodyWithInitializer_2(org.eclipse.cdt.ui.tests.text.CIndenterTest)  Time elapsed: 0.001 sec
testOperatorMethodBody_1_Bug192412(org.eclipse.cdt.ui.tests.text.CIndenterTest)  Time elapsed: 0.001 sec
testIndentationAfterArrowOperator_Bug192412(org.eclipse.cdt.ui.tests.text.CIndenterTest)  Time elapsed: 0.001 sec
testInitializerLists_Bug194585(org.eclipse.cdt.ui.tests.text.CIndenterTest)  Time elapsed: 0.001 sec
testWrappedFor_1_Bug277625(org.eclipse.cdt.ui.tests.text.CIndenterTest)  Time elapsed: 0.001 sec
testMultilineFunctionCall_Bug380490(org.eclipse.cdt.ui.tests.text.CIndenterTest)  Time elapsed: 0.002 sec
testConstructorBodyWithInitializer_1_Bug194586(org.eclipse.cdt.ui.tests.text.CIndenterTest)  Time elapsed: 0.001 sec
testIndentedClass_1_Bug210417(org.eclipse.cdt.ui.tests.text.CIndenterTest)  Time elapsed: 0.002 sec
testWhiteSmithsAccessSpecifier_3_Bug204575(org.eclipse.cdt.ui.tests.text.CIndenterTest)  Time elapsed: 0.003 sec
testIndentationAfterGreaterOrEquals_Bug192412(org.eclipse.cdt.ui.tests.text.CIndenterTest)  Time elapsed: 0.001 sec
testStringLiteralAsLastArgument_1_Bug192412(org.eclipse.cdt.ui.tests.text.CIndenterTest)  Time elapsed: 0 sec
testClassDeclaration_Bug278713(org.eclipse.cdt.ui.tests.text.CIndenterTest)  Time elapsed: 0.002 sec
testNestedInitializerLists_Bug194585(org.eclipse.cdt.ui.tests.text.CIndenterTest)  Time elapsed: 0.001 sec
testConstructorBodyWithThrow_Bug194586(org.eclipse.cdt.ui.tests.text.CIndenterTest)  Time elapsed: 0.001 sec
testWrappedAssignment_2_Bug277624(org.eclipse.cdt.ui.tests.text.CIndenterTest)  Time elapsed: 0.001 sec
testWrappedDefine(org.eclipse.cdt.ui.tests.text.CIndenterTest)  Time elapsed: 0 sec
testNamespace_1(org.eclipse.cdt.ui.tests.text.CIndenterTest)  Time elapsed: 0.001 sec
testNamespace_2(org.eclipse.cdt.ui.tests.text.CIndenterTest)  Time elapsed: 0.001 sec
testWrappedFor_3_Bug277625(org.eclipse.cdt.ui.tests.text.CIndenterTest)  Time elapsed: 0.001 sec
testWhiteSmithsSwitch_1(org.eclipse.cdt.ui.tests.text.CIndenterTest)  Time elapsed: 0.002 sec
testWhiteSmithsSwitch_2(org.eclipse.cdt.ui.tests.text.CIndenterTest)  Time elapsed: 0.002 sec
testIndentedClass_3_Bug210417(org.eclipse.cdt.ui.tests.text.CIndenterTest)  Time elapsed: 0.002 sec
testIndentationOfEnumeratorDeclWithInitializer_Bug303175(org.eclipse.cdt.ui.tests.text.CIndenterTest)  Time elapsed: 0.002 sec
testBaseClause_Bug383277(org.eclipse.cdt.ui.tests.text.CIndenterTest)  Time elapsed: 0.002 sec
testStringLiteralAsLastArgument_3_Bug192412(org.eclipse.cdt.ui.tests.text.CIndenterTest)  Time elapsed: 0 sec
testIndentationOfConstMethodBody_Bug298282(org.eclipse.cdt.ui.tests.text.CIndenterTest)  Time elapsed: 0.002 sec
testIndentationOfCaseWithSignedConstant_Bug304150(org.eclipse.cdt.ui.tests.text.CIndenterTest)  Time elapsed: 0.001 sec
testConditionalExpression_Bug283970(org.eclipse.cdt.ui.tests.text.CIndenterTest)  Time elapsed: 0.002 sec
testCallOfTemplateFunction(org.eclipse.cdt.ui.tests.text.CIndenterTest)  Time elapsed: 0.001 sec
testIndentationAfterFunctionHeaderWithPointerReturnType_Bug334805(org.eclipse.cdt.ui.tests.text.CIndenterTest)  Time elapsed: 0.003 sec
testIndentationOfTypedefedCompositeType_Bug324031(org.eclipse.cdt.ui.tests.text.CIndenterTest)  Time elapsed: 0.002 sec
testWhiteSmithsAccessSpecifier_2_Bug204575(org.eclipse.cdt.ui.tests.text.CIndenterTest)  Time elapsed: 0.001 sec
testTemplateClass(org.eclipse.cdt.ui.tests.text.CIndenterTest)  Time elapsed: 0.001 sec
testOperatorMethodBody_2_Bug192412(org.eclipse.cdt.ui.tests.text.CIndenterTest)  Time elapsed: 0.001 sec
testIndentationInsideLinkageSpec_Bug299482(org.eclipse.cdt.ui.tests.text.CIndenterTest)  Time elapsed: 0.001 sec
testWrappedAssignment_1_Bug277624(org.eclipse.cdt.ui.tests.text.CIndenterTest)  Time elapsed: 0.001 sec
testWrappedFor_2_Bug277625(org.eclipse.cdt.ui.tests.text.CIndenterTest)  Time elapsed: 0.001 sec
testIndentedClass_2_Bug210417(org.eclipse.cdt.ui.tests.text.CIndenterTest)  Time elapsed: 0.002 sec
testSourroundWithForLoopTemplateDefault(org.eclipse.cdt.ui.tests.text.TemplateFormatterTest)  Time elapsed: 0.029 sec
testForLoopTemplateDefault(org.eclipse.cdt.ui.tests.text.TemplateFormatterTest)  Time elapsed: 0.002 sec
testSourroundWithForLoopTemplateMixedIndent(org.eclipse.cdt.ui.tests.text.TemplateFormatterTest)  Time elapsed: 0.002 sec
testForLoopTemplateMixedIndent(org.eclipse.cdt.ui.tests.text.TemplateFormatterTest)  Time elapsed: 0.002 sec
_testIndentationProblemWithBackslashInComment_Bug274973(org.eclipse.cdt.ui.tests.text.TemplateFormatterTest)  Time elapsed: 0.004 sec
testMultiPreviousLn2(org.eclipse.cdt.ui.tests.text.CBreakIteratorTest)  Time elapsed: 0.002 sec
testPreviousCamelCaseWord(org.eclipse.cdt.ui.tests.text.CBreakIteratorTest)  Time elapsed: 0.005 sec
testNext1(org.eclipse.cdt.ui.tests.text.CBreakIteratorTest)  Time elapsed: 0 sec
testNext2(org.eclipse.cdt.ui.tests.text.CBreakIteratorTest)  Time elapsed: 0.001 sec
testMultiNextLn(org.eclipse.cdt.ui.tests.text.CBreakIteratorTest)  Time elapsed: 0 sec
testPreviousLn(org.eclipse.cdt.ui.tests.text.CBreakIteratorTest)  Time elapsed: 0.001 sec
testPrevious1(org.eclipse.cdt.ui.tests.text.CBreakIteratorTest)  Time elapsed: 0 sec
testPrevious2(org.eclipse.cdt.ui.tests.text.CBreakIteratorTest)  Time elapsed: 0.001 sec
testMultiPreviousLn(org.eclipse.cdt.ui.tests.text.CBreakIteratorTest)  Time elapsed: 0.001 sec
testMultiNextLn2(org.eclipse.cdt.ui.tests.text.CBreakIteratorTest)  Time elapsed: 0 sec
testNextCamelCaseWord(org.eclipse.cdt.ui.tests.text.CBreakIteratorTest)  Time elapsed: 0.001 sec
testNextLn(org.eclipse.cdt.ui.tests.text.CBreakIteratorTest)  Time elapsed: 0 sec
testPreviousParen(org.eclipse.cdt.ui.tests.text.CBreakIteratorTest)  Time elapsed: 0.001 sec
testPreviousSpace(org.eclipse.cdt.ui.tests.text.CBreakIteratorTest)  Time elapsed: 0 sec
testNextParen(org.eclipse.cdt.ui.tests.text.CBreakIteratorTest)  Time elapsed: 0.001 sec
testNextSpace(org.eclipse.cdt.ui.tests.text.CBreakIteratorTest)  Time elapsed: 0 sec
testMultiPreviousLn2(org.eclipse.cdt.ui.tests.text.CWordIteratorTest)  Time elapsed: 0.001 sec
testPreviousCamelCaseWord(org.eclipse.cdt.ui.tests.text.CWordIteratorTest)  Time elapsed: 0.002 sec
testNext1(org.eclipse.cdt.ui.tests.text.CWordIteratorTest)  Time elapsed: 0 sec
testNext2(org.eclipse.cdt.ui.tests.text.CWordIteratorTest)  Time elapsed: 0 sec
testMultiNextLn(org.eclipse.cdt.ui.tests.text.CWordIteratorTest)  Time elapsed: 0 sec
testPreviousLn(org.eclipse.cdt.ui.tests.text.CWordIteratorTest)  Time elapsed: 0 sec
testPrevious1(org.eclipse.cdt.ui.tests.text.CWordIteratorTest)  Time elapsed: 0.001 sec
testPrevious2(org.eclipse.cdt.ui.tests.text.CWordIteratorTest)  Time elapsed: 0 sec
testMultiPreviousLn(org.eclipse.cdt.ui.tests.text.CWordIteratorTest)  Time elapsed: 0 sec
testMultiNextLn2(org.eclipse.cdt.ui.tests.text.CWordIteratorTest)  Time elapsed: 0.001 sec
testNextCamelCaseWord(org.eclipse.cdt.ui.tests.text.CWordIteratorTest)  Time elapsed: 0 sec
testNextLn(org.eclipse.cdt.ui.tests.text.CWordIteratorTest)  Time elapsed: 0 sec
testPreviousParen(org.eclipse.cdt.ui.tests.text.CWordIteratorTest)  Time elapsed: 0.001 sec
testPreviousSpace(org.eclipse.cdt.ui.tests.text.CWordIteratorTest)  Time elapsed: 0 sec
testNextParen(org.eclipse.cdt.ui.tests.text.CWordIteratorTest)  Time elapsed: 0 sec
testNextSpace(org.eclipse.cdt.ui.tests.text.CWordIteratorTest)  Time elapsed: 0 sec
testDependentMethodCall_379626(org.eclipse.cdt.ui.tests.text.SemanticHighlightingTest)  Time elapsed: 1.342 sec
testQualifiedEnum_485709(org.eclipse.cdt.ui.tests.text.SemanticHighlightingTest)  Time elapsed: 1.049 sec
testHighlightingInsideAlignmentSpecifier_451082(org.eclipse.cdt.ui.tests.text.SemanticHighlightingTest)  Time elapsed: 1.12 sec
testOverrideInMacroExpansion_486683a(org.eclipse.cdt.ui.tests.text.SemanticHighlightingTest)  Time elapsed: 1.125 sec
testOverrideInMacroExpansion_486683b(org.eclipse.cdt.ui.tests.text.SemanticHighlightingTest)  Time elapsed: 1.056 sec
testLocalVariableInLambdaCapture_486679(org.eclipse.cdt.ui.tests.text.SemanticHighlightingTest)  Time elapsed: 0.813 sec
testMethodNameInsideMacro_486682(org.eclipse.cdt.ui.tests.text.SemanticHighlightingTest)  Time elapsed: 1.238 sec
testInheritingConstructor_484898(org.eclipse.cdt.ui.tests.text.SemanticHighlightingTest)  Time elapsed: 1.076 sec
testVariousHighlightings(org.eclipse.cdt.ui.tests.text.SemanticHighlightingTest)  Time elapsed: 1.831 sec
testVariableTemplates_486672(org.eclipse.cdt.ui.tests.text.SemanticHighlightingTest)  Time elapsed: 1.27 sec
testCStructureName_451772(org.eclipse.cdt.ui.tests.text.SemanticHighlightingTest)  Time elapsed: 1.81 sec
testAliasTemplates_416748(org.eclipse.cdt.ui.tests.text.SemanticHighlightingTest)  Time elapsed: 0.931 sec
testNPE_458317(org.eclipse.cdt.ui.tests.text.SemanticHighlightingTest)  Time elapsed: 1.261 sec
testVariablePassedByNonconstRef_487764a(org.eclipse.cdt.ui.tests.text.SemanticHighlightingTest)  Time elapsed: 1.057 sec
testVariablePassedByNonconstRef_487764b(org.eclipse.cdt.ui.tests.text.SemanticHighlightingTest)  Time elapsed: 1.081 sec
testOverloadedOperatorInMacroExpansion_371839(org.eclipse.cdt.ui.tests.text.SemanticHighlightingTest)  Time elapsed: 1.063 sec
testDependentEnum_486688(org.eclipse.cdt.ui.tests.text.SemanticHighlightingTest)  Time elapsed: 0.916 sec
testLexicalColoringInsideMacroExpansion_490415(org.eclipse.cdt.ui.tests.text.SemanticHighlightingTest)  Time elapsed: 2.14 sec
testLexicalColoringInsideMacroExpansion_496696(org.eclipse.cdt.ui.tests.text.SemanticHighlightingTest)  Time elapsed: 1.062 sec
testUserDefinedLiteralSuffix_484617(org.eclipse.cdt.ui.tests.text.SemanticHighlightingTest)  Time elapsed: 0.883 sec
testRecursion_491834(org.eclipse.cdt.ui.tests.text.SemanticHighlightingTest)  Time elapsed: 1.547 sec
testInactiveCodePositions(org.eclipse.cdt.ui.tests.text.InactiveCodeHighlightingTest)  Time elapsed: 0.755 sec
testHeaderNoSpaceBetween(org.eclipse.cdt.ui.tests.text.CHeaderRuleTest)  Time elapsed: 0.001 sec
testBooleanLogic(org.eclipse.cdt.ui.tests.text.CHeaderRuleTest)  Time elapsed: 0 sec
testHeaderExtraSpacesBefore(org.eclipse.cdt.ui.tests.text.CHeaderRuleTest)  Time elapsed: 0 sec
testHeader2(org.eclipse.cdt.ui.tests.text.CHeaderRuleTest)  Time elapsed: 0 sec
testHeaderExtraSpacesBetween(org.eclipse.cdt.ui.tests.text.CHeaderRuleTest)  Time elapsed: 0 sec
testHeader(org.eclipse.cdt.ui.tests.text.CHeaderRuleTest)  Time elapsed: 0 sec
testVariableDeclaration(org.eclipse.cdt.ui.tests.text.CHeaderRuleTest)  Time elapsed: 0 sec
testHeaderIncludeNext(org.eclipse.cdt.ui.tests.text.CHeaderRuleTest)  Time elapsed: 0 sec
testNonNumbers(org.eclipse.cdt.ui.tests.text.NumberRuleTest)  Time elapsed: 0.001 sec
testBug163691(org.eclipse.cdt.ui.tests.text.NumberRuleTest)  Time elapsed: 0 sec
testIntegers(org.eclipse.cdt.ui.tests.text.NumberRuleTest)  Time elapsed: 0 sec
testFloats(org.eclipse.cdt.ui.tests.text.NumberRuleTest)  Time elapsed: 0 sec
testAngleBracketsAsPairsMultiline(org.eclipse.cdt.ui.tests.text.PairMatcherTest)  Time elapsed: 0.001 sec
testAngleBracketsAsPairsNested(org.eclipse.cdt.ui.tests.text.PairMatcherTest)  Time elapsed: 0 sec
testBeforeClosingMatch(org.eclipse.cdt.ui.tests.text.PairMatcherTest)  Time elapsed: 0 sec
testAfterOpeningMatch(org.eclipse.cdt.ui.tests.text.PairMatcherTest)  Time elapsed: 0 sec
testDoubleClosingAngleBrackets_Bug335702(org.eclipse.cdt.ui.tests.text.PairMatcherTest)  Time elapsed: 0 sec
testAngleBracketsAsPairs(org.eclipse.cdt.ui.tests.text.PairMatcherTest)  Time elapsed: 0 sec
testBeforeClosingMatchWithNL(org.eclipse.cdt.ui.tests.text.PairMatcherTest)  Time elapsed: 0 sec
testAngleBracketsAsPairs2(org.eclipse.cdt.ui.tests.text.PairMatcherTest)  Time elapsed: 0 sec
testBeforeOpeningMatch(org.eclipse.cdt.ui.tests.text.PairMatcherTest)  Time elapsed: 0 sec
testBeforeClosingMatchWithNLAndSingleLineComment(org.eclipse.cdt.ui.tests.text.PairMatcherTest)  Time elapsed: 0 sec
testAfterClosingMatchWithNL(org.eclipse.cdt.ui.tests.text.PairMatcherTest)  Time elapsed: 0 sec
testAngleBracketsAsOperators(org.eclipse.cdt.ui.tests.text.PairMatcherTest)  Time elapsed: 0 sec
testAfterClosingMatchWithNLAndSingleLineComment(org.eclipse.cdt.ui.tests.text.PairMatcherTest)  Time elapsed: 0 sec
testAfterClosingMatch(org.eclipse.cdt.ui.tests.text.PairMatcherTest)  Time elapsed: 0 sec
testMarkEnumeratorOccurrences(org.eclipse.cdt.ui.tests.text.MarkOccurrenceTest)  Time elapsed: 1.558 sec
testMarkOperatorOccurrences(org.eclipse.cdt.ui.tests.text.MarkOccurrenceTest)  Time elapsed: 1.626 sec
testMarkDestructorOccurrences(org.eclipse.cdt.ui.tests.text.MarkOccurrenceTest)  Time elapsed: 1.505 sec
testMarkTypeOccurrences2(org.eclipse.cdt.ui.tests.text.MarkOccurrenceTest)  Time elapsed: 1.417 sec
testMarkTypeOccurrences3(org.eclipse.cdt.ui.tests.text.MarkOccurrenceTest)  Time elapsed: 1.608 sec
testMarkMethodOccurrences2(org.eclipse.cdt.ui.tests.text.MarkOccurrenceTest)  Time elapsed: 1.498 sec
testMarkMethodOccurrences(org.eclipse.cdt.ui.tests.text.MarkOccurrenceTest)  Time elapsed: 1.752 sec
testMarkNamespaceOccurrences(org.eclipse.cdt.ui.tests.text.MarkOccurrenceTest)  Time elapsed: 1.537 sec
testMarkMacroOccurrences(org.eclipse.cdt.ui.tests.text.MarkOccurrenceTest)  Time elapsed: 1.382 sec
testMarkConstructorOccurrences(org.eclipse.cdt.ui.tests.text.MarkOccurrenceTest)  Time elapsed: 1.442 sec
testMarkTemplateIdOccurrences(org.eclipse.cdt.ui.tests.text.MarkOccurrenceTest)  Time elapsed: 1.432 sec
testMarkLabelOccurrences(org.eclipse.cdt.ui.tests.text.MarkOccurrenceTest)  Time elapsed: 1.487 sec
testMarkNamespaceVariableOccurrences(org.eclipse.cdt.ui.tests.text.MarkOccurrenceTest)  Time elapsed: 1.509 sec
testNoOccurrencesIfDisabled(org.eclipse.cdt.ui.tests.text.MarkOccurrenceTest)  Time elapsed: 1.386 sec
testMarkTypedefOccurrences(org.eclipse.cdt.ui.tests.text.MarkOccurrenceTest)  Time elapsed: 1.504 sec
testMarkLocalOccurrences(org.eclipse.cdt.ui.tests.text.MarkOccurrenceTest)  Time elapsed: 1.435 sec
testMarkReferencedLabel(org.eclipse.cdt.ui.tests.text.MarkOccurrenceTest)  Time elapsed: 1.448 sec
testMarkTypeOccurrences(org.eclipse.cdt.ui.tests.text.MarkOccurrenceTest)  Time elapsed: 1.458 sec
testMarkFieldOccurrences2(org.eclipse.cdt.ui.tests.text.MarkOccurrenceTest)  Time elapsed: 1.473 sec
testMarkOccurrencesAfterEditorReuse(org.eclipse.cdt.ui.tests.text.MarkOccurrenceTest)  Time elapsed: 1.93 sec
testMarkTemplateParameterOccurrences(org.eclipse.cdt.ui.tests.text.MarkOccurrenceTest)  Time elapsed: 1.453 sec
testMarkLabelReference(org.eclipse.cdt.ui.tests.text.MarkOccurrenceTest)  Time elapsed: 1.501 sec
testMarkFieldOccurrences(org.eclipse.cdt.ui.tests.text.MarkOccurrenceTest)  Time elapsed: 1.54 sec
testMarkEmptyMacroOccurrences(org.eclipse.cdt.ui.tests.text.MarkOccurrenceTest)  Time elapsed: 1.468 sec
testMarkClassTemplateOccurrences(org.eclipse.cdt.ui.tests.text.MarkOccurrenceTest)  Time elapsed: 1.445 sec
testToggleFolding_Bug186729(org.eclipse.cdt.ui.tests.text.FoldingTest)  Time elapsed: 0.88 sec
testInitialFolding(org.eclipse.cdt.ui.tests.text.FoldingTest)  Time elapsed: 0.847 sec
testToggleFoldingNoASTRequired(org.eclipse.cdt.ui.tests.text.FoldingTest)  Time elapsed: 0.842 sec
testNonFileEFSResource_Bug278632(org.eclipse.cdt.ui.tests.text.BasicCEditorTest)  Time elapsed: 0.242 sec
testScalabilityDialogNotDismissedInadvertently_417909(org.eclipse.cdt.ui.tests.text.BasicCEditorTest)  Time elapsed: 0.872 sec
testEditExternalTranslationUnitUsingFileStore(org.eclipse.cdt.ui.tests.text.BasicCEditorTest)  Time elapsed: 2.62 sec
testLeakingInstanceAfterClose(org.eclipse.cdt.ui.tests.text.BasicCEditorTest)  Time elapsed: 1.244 sec
testEditNewTranslationUnit(org.eclipse.cdt.ui.tests.text.BasicCEditorTest)  Time elapsed: 10.522 sec
testEditTranslationUnit(org.eclipse.cdt.ui.tests.text.BasicCEditorTest)  Time elapsed: 2.432 sec
testEditExternalTranslationUnit(org.eclipse.cdt.ui.tests.text.BasicCEditorTest)  Time elapsed: 2.363 sec
testEditInNonCProject(org.eclipse.cdt.ui.tests.text.BasicCEditorTest)  Time elapsed: 0.97 sec
testSyntaxHighlighting_Bug180433(org.eclipse.cdt.ui.tests.text.BasicCEditorTest)  Time elapsed: 0.773 sec
testHyperlinksCKeywords(org.eclipse.cdt.ui.tests.text.HyperlinkTest)  Time elapsed: 0.698 sec
testHyperlinksCpp(org.eclipse.cdt.ui.tests.text.HyperlinkTest)  Time elapsed: 0.774 sec
testHyperlinksInactiveCode(org.eclipse.cdt.ui.tests.text.HyperlinkTest)  Time elapsed: 0.625 sec
testHyperlinksCppWithoutAST(org.eclipse.cdt.ui.tests.text.HyperlinkTest)  Time elapsed: 0.77 sec
testBasic(org.eclipse.cdt.ui.tests.text.CWordFinderTest)  Time elapsed: 0.038 sec
testFindWord(org.eclipse.cdt.ui.tests.text.CWordFinderTest)  Time elapsed: 0.001 sec
testFindWordOnDocumentStart_Bug193461(org.eclipse.cdt.ui.tests.text.CWordFinderTest)  Time elapsed: 0 sec
testStructureCreatorNodeSizes(org.eclipse.cdt.ui.tests.text.CStructureCreatorTest)  Time elapsed: 0.103 sec
testStructureCreatorNodeTypes(org.eclipse.cdt.ui.tests.text.CStructureCreatorTest)  Time elapsed: 0.019 sec
testCommentLastCharacterNoEOL(org.eclipse.cdt.ui.tests.text.AddBlockCommentTest)  Time elapsed: 0.329 sec
testCommentCppComment(org.eclipse.cdt.ui.tests.text.AddBlockCommentTest)  Time elapsed: 0.312 sec
testCommentSpecialPartition(org.eclipse.cdt.ui.tests.text.AddBlockCommentTest)  Time elapsed: 0.335 sec
testCommentCommentNoScrewUp(org.eclipse.cdt.ui.tests.text.AddBlockCommentTest)  Time elapsed: 0.333 sec
testCommentExactlyOneLine(org.eclipse.cdt.ui.tests.text.AddBlockCommentTest)  Time elapsed: 0.34 sec
testCommentEndOfFileNoLoopingPlease(org.eclipse.cdt.ui.tests.text.AddBlockCommentTest)  Time elapsed: 0.383 sec
testCommentSpecialPartitionExtra(org.eclipse.cdt.ui.tests.text.AddBlockCommentTest)  Time elapsed: 0.381 sec
testCommentLastCppCommentNoEOL(org.eclipse.cdt.ui.tests.text.AddBlockCommentTest)  Time elapsed: 0.358 sec
testCommentPartialLines1(org.eclipse.cdt.ui.tests.text.AddBlockCommentTest)  Time elapsed: 0.429 sec
testCommentPartialLines2(org.eclipse.cdt.ui.tests.text.AddBlockCommentTest)  Time elapsed: 0.443 sec
testCommentMergeUp(org.eclipse.cdt.ui.tests.text.AddBlockCommentTest)  Time elapsed: 0.361 sec
testCommentTwoOrMoreLines(org.eclipse.cdt.ui.tests.text.AddBlockCommentTest)  Time elapsed: 0.303 sec
testCommentMergeComments(org.eclipse.cdt.ui.tests.text.AddBlockCommentTest)  Time elapsed: 0.332 sec
testCommentMergeDown(org.eclipse.cdt.ui.tests.text.AddBlockCommentTest)  Time elapsed: 0.337 sec
testMixedEOLs(org.eclipse.cdt.ui.tests.text.AddBlockCommentTest)  Time elapsed: 0.348 sec
testCommentPlain(org.eclipse.cdt.ui.tests.text.AddBlockCommentTest)  Time elapsed: 0.348 sec
testCommentPreprocessorFirstLine(org.eclipse.cdt.ui.tests.text.AddBlockCommentTest)  Time elapsed: 0.324 sec
testCommentFirstCharacterInFile(org.eclipse.cdt.ui.tests.text.AddBlockCommentTest)  Time elapsed: 0.368 sec
testUncommentEndOfFile(org.eclipse.cdt.ui.tests.text.RemoveBlockCommentTest)  Time elapsed: 0.474 sec
testUncommentPreprocessorFirstLine(org.eclipse.cdt.ui.tests.text.RemoveBlockCommentTest)  Time elapsed: 0.418 sec
testUncommentExactlyOneLineNoLoopingPlease(org.eclipse.cdt.ui.tests.text.RemoveBlockCommentTest)  Time elapsed: 0.327 sec
testUncommentConnectedComments(org.eclipse.cdt.ui.tests.text.RemoveBlockCommentTest)  Time elapsed: 0.316 sec
testUncommentPlain(org.eclipse.cdt.ui.tests.text.RemoveBlockCommentTest)  Time elapsed: 0.314 sec
testLeftBorderOut(org.eclipse.cdt.ui.tests.text.RemoveBlockCommentTest)  Time elapsed: 0.32 sec
testRightBorderIn(org.eclipse.cdt.ui.tests.text.RemoveBlockCommentTest)  Time elapsed: 0.316 sec
testUncommentTwoOrMoreLines(org.eclipse.cdt.ui.tests.text.RemoveBlockCommentTest)  Time elapsed: 0.322 sec
testUncommentFirstCharacterInFile(org.eclipse.cdt.ui.tests.text.RemoveBlockCommentTest)  Time elapsed: 0.29 sec
testUncommentSpecialPartitionExtra(org.eclipse.cdt.ui.tests.text.RemoveBlockCommentTest)  Time elapsed: 0.322 sec
testRightBorderOut(org.eclipse.cdt.ui.tests.text.RemoveBlockCommentTest)  Time elapsed: 0.308 sec
testUncommentPartialLines1(org.eclipse.cdt.ui.tests.text.RemoveBlockCommentTest)  Time elapsed: 0.371 sec
testUncommentPartialLines2(org.eclipse.cdt.ui.tests.text.RemoveBlockCommentTest)  Time elapsed: 0.336 sec
testUncommentSpecialPartition(org.eclipse.cdt.ui.tests.text.RemoveBlockCommentTest)  Time elapsed: 0.305 sec
testUncommentCppComment(org.eclipse.cdt.ui.tests.text.RemoveBlockCommentTest)  Time elapsed: 0.318 sec
testLeftBorderIn(org.eclipse.cdt.ui.tests.text.RemoveBlockCommentTest)  Time elapsed: 0.309 sec
testMixedEOLs(org.eclipse.cdt.ui.tests.text.RemoveBlockCommentTest)  Time elapsed: 0.395 sec
testSortLinesMixed(org.eclipse.cdt.ui.tests.text.SortLinesTest)  Time elapsed: 0.309 sec
testSortLinesCommentsOnly(org.eclipse.cdt.ui.tests.text.SortLinesTest)  Time elapsed: 0.035 sec
testUnresolvedName(org.eclipse.cdt.ui.tests.text.AddIncludeTest)  Time elapsed: 0.472 sec
testEnumerator_307738(org.eclipse.cdt.ui.tests.text.AddIncludeTest)  Time elapsed: 0.372 sec
testMacro(org.eclipse.cdt.ui.tests.text.AddIncludeTest)  Time elapsed: 0.358 sec
testInsertionPoint_301780(org.eclipse.cdt.ui.tests.text.AddIncludeTest)  Time elapsed: 0.376 sec
testInsertionPoint_435340(org.eclipse.cdt.ui.tests.text.AddIncludeTest)  Time elapsed: 0.463 sec
testVariableType(org.eclipse.cdt.ui.tests.text.AddIncludeTest)  Time elapsed: 0.4 sec
testTemplate_306670(org.eclipse.cdt.ui.tests.text.AddIncludeTest)  Time elapsed: 0.445 sec
testResolvedName(org.eclipse.cdt.ui.tests.text.AddIncludeTest)  Time elapsed: 0.412 sec
testOverloadedFunction(org.eclipse.cdt.ui.tests.text.AddIncludeTest)  Time elapsed: 0.411 sec
testGroupedNamespaces(org.eclipse.cdt.ui.tests.outline.BasicOutlineTest)  Time elapsed: 2.029 sec
testGroupedMembers(org.eclipse.cdt.ui.tests.outline.BasicOutlineTest)  Time elapsed: 1.711 sec
testSimpleOutlineContent(org.eclipse.cdt.ui.tests.outline.BasicOutlineTest)  Time elapsed: 1.236 sec
testGroupedMembersInGroupedNamespaces(org.eclipse.cdt.ui.tests.outline.BasicOutlineTest)  Time elapsed: 1.743 sec
testGroupedMembersInNamespace(org.eclipse.cdt.ui.tests.outline.BasicOutlineTest)  Time elapsed: 1.732 sec
testSyncPopulation(org.eclipse.cdt.ui.tests.viewsupport.AsyncViewerTest)  Time elapsed: 0.204 sec
testAsyncPopulation(org.eclipse.cdt.ui.tests.viewsupport.AsyncViewerTest)  Time elapsed: 2.03 sec
testSyncPopulationEx(org.eclipse.cdt.ui.tests.viewsupport.AsyncViewerTest)  Time elapsed: 0.06 sec
testRecompute(org.eclipse.cdt.ui.tests.viewsupport.AsyncViewerTest)  Time elapsed: 1.281 sec
testAsyncPopulationEx(org.eclipse.cdt.ui.tests.viewsupport.AsyncViewerTest)  Time elapsed: 2.078 sec
testStaticFunctionsCpp(org.eclipse.cdt.ui.tests.callhierarchy.BasicCallHierarchyTest)  Time elapsed: 4.022 sec
testEnumeratorCpp(org.eclipse.cdt.ui.tests.callhierarchy.BasicCallHierarchyTest)  Time elapsed: 1.103 sec
testAnonymousStructMembersC_156671(org.eclipse.cdt.ui.tests.callhierarchy.BasicCallHierarchyTest)  Time elapsed: 1.288 sec
testFunctionsWithParamsC_175267(org.eclipse.cdt.ui.tests.callhierarchy.BasicCallHierarchyTest)  Time elapsed: 1.367 sec
testStaticFunctionsC(org.eclipse.cdt.ui.tests.callhierarchy.BasicCallHierarchyTest)  Time elapsed: 3.683 sec
testAnonymousEnumeratorCpp_156671(org.eclipse.cdt.ui.tests.callhierarchy.BasicCallHierarchyTest)  Time elapsed: 1.082 sec
testAnonymousStructMembersCpp_156671(org.eclipse.cdt.ui.tests.callhierarchy.BasicCallHierarchyTest)  Time elapsed: 1.258 sec
testFunctionsC(org.eclipse.cdt.ui.tests.callhierarchy.BasicCallHierarchyTest)  Time elapsed: 1.204 sec
testAnonymousUnionMembersC_156671(org.eclipse.cdt.ui.tests.callhierarchy.BasicCallHierarchyTest)  Time elapsed: 1.219 sec
testAnonymousUnionMembersCpp_156671(org.eclipse.cdt.ui.tests.callhierarchy.BasicCallHierarchyTest)  Time elapsed: 1.327 sec
testStructMembersCpp(org.eclipse.cdt.ui.tests.callhierarchy.BasicCallHierarchyTest)  Time elapsed: 1.541 sec
testVariablesCpp(org.eclipse.cdt.ui.tests.callhierarchy.BasicCallHierarchyTest)  Time elapsed: 1.23 sec
testFunctionsCpp(org.eclipse.cdt.ui.tests.callhierarchy.BasicCallHierarchyTest)  Time elapsed: 1.202 sec
testEnumeratorC(org.eclipse.cdt.ui.tests.callhierarchy.BasicCallHierarchyTest)  Time elapsed: 1.172 sec
testAnonymousEnumeratorC_156671(org.eclipse.cdt.ui.tests.callhierarchy.BasicCallHierarchyTest)  Time elapsed: 1.178 sec
testVariablesC(org.eclipse.cdt.ui.tests.callhierarchy.BasicCallHierarchyTest)  Time elapsed: 1.26 sec
testStructMembersC(org.eclipse.cdt.ui.tests.callhierarchy.BasicCallHierarchyTest)  Time elapsed: 1.55 sec
testFunctionsWithParamsCpp(org.eclipse.cdt.ui.tests.callhierarchy.BasicCallHierarchyTest)  Time elapsed: 1.21 sec
testUnionMembersC(org.eclipse.cdt.ui.tests.callhierarchy.BasicCallHierarchyTest)  Time elapsed: 1.554 sec
testUnionMembersCpp(org.eclipse.cdt.ui.tests.callhierarchy.BasicCallHierarchyTest)  Time elapsed: 1.589 sec
testStaticMethods(org.eclipse.cdt.ui.tests.callhierarchy.BasicCppCallHierarchyTest)  Time elapsed: 1.677 sec
testNamespacePart2_156519(org.eclipse.cdt.ui.tests.callhierarchy.BasicCppCallHierarchyTest)  Time elapsed: 0.946 sec
testMethods(org.eclipse.cdt.ui.tests.callhierarchy.BasicCppCallHierarchyTest)  Time elapsed: 1.677 sec
testDestructor_156669(org.eclipse.cdt.ui.tests.callhierarchy.BasicCppCallHierarchyTest)  Time elapsed: 0.9 sec
testFields(org.eclipse.cdt.ui.tests.callhierarchy.BasicCppCallHierarchyTest)  Time elapsed: 1.632 sec
testAutomaticConstructor_156668(org.eclipse.cdt.ui.tests.callhierarchy.BasicCppCallHierarchyTest)  Time elapsed: 0.848 sec
testNamespace(org.eclipse.cdt.ui.tests.callhierarchy.BasicCppCallHierarchyTest)  Time elapsed: 1.532 sec
testConstructor(org.eclipse.cdt.ui.tests.callhierarchy.BasicCppCallHierarchyTest)  Time elapsed: 0.861 sec
_testAutomaticDestructor_156668(org.eclipse.cdt.ui.tests.callhierarchy.BasicCppCallHierarchyTest)  Time elapsed: 9.063 sec
testCIntVarInitializer(org.eclipse.cdt.ui.tests.callhierarchy.InitializersInCallHierarchyTest)  Time elapsed: 0.84 sec
testMethodsInMultipleFiles(org.eclipse.cdt.ui.tests.callhierarchy.CppCallHierarchyTest)  Time elapsed: 1.927 sec
testTemplates(org.eclipse.cdt.ui.tests.callhierarchy.CppCallHierarchyTest)  Time elapsed: 6.467 sec
testClosures_316307(org.eclipse.cdt.ui.tests.callhierarchy.CppCallHierarchyTest)  Time elapsed: 1.797 sec
testCPPCallsC(org.eclipse.cdt.ui.tests.callhierarchy.CppCallHierarchyTest)  Time elapsed: 3.784 sec
testMultipleImplsForMethod(org.eclipse.cdt.ui.tests.callhierarchy.CppCallHierarchyTest)  Time elapsed: 1.937 sec
testMethods(org.eclipse.cdt.ui.tests.callhierarchy.CppCallHierarchyTest)  Time elapsed: 1.442 sec
testReverseMultipleImplsForMethod(org.eclipse.cdt.ui.tests.callhierarchy.CppCallHierarchyTest)  Time elapsed: 2.018 sec
testCCallsCPP(org.eclipse.cdt.ui.tests.callhierarchy.CppCallHierarchyTest)  Time elapsed: 3.713 sec
testMethodsInMultipleFiles(org.eclipse.cdt.ui.tests.callhierarchy.CallHierarchyAcrossProjectsTest)  Time elapsed: 1.971 sec
testMultipleImplsForMethod(org.eclipse.cdt.ui.tests.callhierarchy.CallHierarchyAcrossProjectsTest)  Time elapsed: 1.972 sec
testMethods(org.eclipse.cdt.ui.tests.callhierarchy.CallHierarchyAcrossProjectsTest)  Time elapsed: 1.348 sec
testReverseMultipleImplsForMethod(org.eclipse.cdt.ui.tests.callhierarchy.CallHierarchyAcrossProjectsTest)  Time elapsed: 2.266 sec
testCallHierarchyFromOutlineView_183941(org.eclipse.cdt.ui.tests.callhierarchy.CallHierarchyBugs)  Time elapsed: 1.948 sec
testReversePolyMorphicMethodCalls_156689(org.eclipse.cdt.ui.tests.callhierarchy.CallHierarchyBugs)  Time elapsed: 2.027 sec
testPolyMorphicMethodCalls_156689(org.eclipse.cdt.ui.tests.callhierarchy.CallHierarchyBugs)  Time elapsed: 5.278 sec
testMethodInstance_Bug240599(org.eclipse.cdt.ui.tests.callhierarchy.CallHierarchyBugs)  Time elapsed: 1.896 sec
testMultiLanguageWithPrototype_260262(org.eclipse.cdt.ui.tests.callhierarchy.CallHierarchyBugs)  Time elapsed: 1.858 sec
testUnnamedNamespace_283679(org.eclipse.cdt.ui.tests.callhierarchy.CallHierarchyBugs)  Time elapsed: 1.896 sec
testCallsToFromVirtualMethod_246064(org.eclipse.cdt.ui.tests.callhierarchy.CallHierarchyBugs)  Time elapsed: 1.888 sec
testCallHierarchyFromOutlineViewAmbiguous_183941(org.eclipse.cdt.ui.tests.callhierarchy.CallHierarchyBugs)  Time elapsed: 1.725 sec
testCallsToInstanceofSpecializedTemplate_361999(org.eclipse.cdt.ui.tests.callhierarchy.CallHierarchyBugs)  Time elapsed: 1.976 sec
testMultiplePolyMorphicMethodCalls_244987(org.eclipse.cdt.ui.tests.callhierarchy.CallHierarchyBugs)  Time elapsed: 1.97 sec
testMultiLanguageWithInlinedfunc_260262(org.eclipse.cdt.ui.tests.callhierarchy.CallHierarchyBugs)  Time elapsed: 1.854 sec
testMacrosHidingCall_249801(org.eclipse.cdt.ui.tests.callhierarchy.CallHierarchyBugs)  Time elapsed: 0.987 sec
testEnumCPP(org.eclipse.cdt.ui.tests.typehierarchy.CTypeHierarchyTest)  Time elapsed: 1.446 sec
testEnumCFromMember(org.eclipse.cdt.ui.tests.typehierarchy.CTypeHierarchyTest)  Time elapsed: 1.364 sec
testUnionCFromMember(org.eclipse.cdt.ui.tests.typehierarchy.CTypeHierarchyTest)  Time elapsed: 0.924 sec
testEnumC(org.eclipse.cdt.ui.tests.typehierarchy.CTypeHierarchyTest)  Time elapsed: 1.257 sec
[...]
testFileCreationFromImplToHeader(org.eclipse.cdt.ui.tests.refactoring.togglefunction.ToggleRefactoringTest)  Time elapsed: 0.042 sec
testClassToHeaderTopCommentOrder(org.eclipse.cdt.ui.tests.refactoring.togglefunction.ToggleRefactoringTest)  Time elapsed: 0.041 sec
testToggleFunctionWithTemplateReturnType_399931(org.eclipse.cdt.ui.tests.refactoring.togglefunction.ToggleRefactoringTest)  Time elapsed: 0.04 sec
testImplToHeaderBodyComment(org.eclipse.cdt.ui.tests.refactoring.togglefunction.ToggleRefactoringTest)  Time elapsed: 0.043 sec
testTestMissingParameterNames(org.eclipse.cdt.ui.tests.refactoring.togglefunction.ToggleRefactoringTest)  Time elapsed: 0.045 sec
testToggleMemberFunctionOfPartialSpecializationMultiplePointers_399931(org.eclipse.cdt.ui.tests.refactoring.togglefunction.ToggleRefactoringTest)  Time elapsed: 0.043 sec
testTestRightBorderSelection(org.eclipse.cdt.ui.tests.refactoring.togglefunction.ToggleRefactoringTest)  Time elapsed: 0.034 sec
testFunctionWithMacroReference_399215(org.eclipse.cdt.ui.tests.refactoring.togglefunction.ToggleRefactoringTest)  Time elapsed: 0.055 sec
testTestNestedClassInHeaderToImplementation(org.eclipse.cdt.ui.tests.refactoring.togglefunction.ToggleRefactoringTest)  Time elapsed: 0.055 sec
testTestQualifiedNameToggle(org.eclipse.cdt.ui.tests.refactoring.togglefunction.ToggleRefactoringTest)  Time elapsed: 0.024 sec
testTestMultipleTryCatchFromInImplementationToClass(org.eclipse.cdt.ui.tests.refactoring.togglefunction.ToggleRefactoringTest)  Time elapsed: 0.046 sec
testToggleFunctionWithScopedTypedefReturntypeFromTemplate_399931(org.eclipse.cdt.ui.tests.refactoring.togglefunction.ToggleRefactoringTest)  Time elapsed: 0.029 sec
testTestSimpleNamespaceInHeaderToImplementationWithinNamespaceDefinition(org.eclipse.cdt.ui.tests.refactoring.togglefunction.ToggleRefactoringTest)  Time elapsed: 0.049 sec
testTestRemoveVirtualSpecifierFromClassToInheader(org.eclipse.cdt.ui.tests.refactoring.togglefunction.ToggleRefactoringTest)  Time elapsed: 0.045 sec
testFunctionInNestedNamespaceToHeader_464102(org.eclipse.cdt.ui.tests.refactoring.togglefunction.ToggleRefactoringTest)  Time elapsed: 0.043 sec
testTestDefaultParameterInitializerInHeaderToImplementation(org.eclipse.cdt.ui.tests.refactoring.togglefunction.ToggleRefactoringTest)  Time elapsed: 0.046 sec
testImplToHeaderTopCommentWithoutDeclaration(org.eclipse.cdt.ui.tests.refactoring.togglefunction.ToggleRefactoringTest)  Time elapsed: 0.053 sec
testTestOverlappingSelection(org.eclipse.cdt.ui.tests.refactoring.togglefunction.ToggleRefactoringTest)  Time elapsed: 0.052 sec
testTestLeftBorderSelection(org.eclipse.cdt.ui.tests.refactoring.togglefunction.ToggleRefactoringTest)  Time elapsed: 0.045 sec
testTestDefaultParameterInitializerInImplementationToClass(org.eclipse.cdt.ui.tests.refactoring.togglefunction.ToggleRefactoringTest)  Time elapsed: 0.051 sec
testTestCorrectTemplateOrderingInHeaderToInClass(org.eclipse.cdt.ui.tests.refactoring.togglefunction.ToggleRefactoringTest)  Time elapsed: 0.054 sec
testHeaderToClassTryCatchComment(org.eclipse.cdt.ui.tests.refactoring.togglefunction.ToggleRefactoringTest)  Time elapsed: 0.052 sec
testTestCorrectTemplateOrderingInClassToInHeader(org.eclipse.cdt.ui.tests.refactoring.togglefunction.ToggleRefactoringTest)  Time elapsed: 0.065 sec
testTestConstructorToggleInImplementationToClass(org.eclipse.cdt.ui.tests.refactoring.togglefunction.ToggleRefactoringTest)  Time elapsed: 0.063 sec
testToggleWithTemplateQualifierInReturnType_399931(org.eclipse.cdt.ui.tests.refactoring.togglefunction.ToggleRefactoringTest)  Time elapsed: 0.045 sec
testTestBodySelection(org.eclipse.cdt.ui.tests.refactoring.togglefunction.ToggleRefactoringTest)  Time elapsed: 0.035 sec
testTestMultipledefinitions(org.eclipse.cdt.ui.tests.refactoring.togglefunction.ToggleRefactoringTest)  Time elapsed: 0.031 sec
testHeaderToClassBodyComment1(org.eclipse.cdt.ui.tests.refactoring.togglefunction.ToggleRefactoringTest)  Time elapsed: 0.034 sec
testFunctionInNestedNamespaceToSource_464102(org.eclipse.cdt.ui.tests.refactoring.togglefunction.ToggleRefactoringTest)  Time elapsed: 0.04 sec
testToggleFunctionFromNestedTemplate_399931(org.eclipse.cdt.ui.tests.refactoring.togglefunction.ToggleRefactoringTest)  Time elapsed: 0.053 sec
testClassToHeaderTemplateTopComment(org.eclipse.cdt.ui.tests.refactoring.togglefunction.ToggleRefactoringTest)  Time elapsed: 0.049 sec
testTestVirtualSpecifierFromInHeaderToImplementation(org.eclipse.cdt.ui.tests.refactoring.togglefunction.ToggleRefactoringTest)  Time elapsed: 0.055 sec
testTestSimpleFunctionInClassToInHeader(org.eclipse.cdt.ui.tests.refactoring.togglefunction.ToggleRefactoringTest)  Time elapsed: 0.04 sec
testTestMultipleDeclarations(org.eclipse.cdt.ui.tests.refactoring.togglefunction.ToggleRefactoringTest)  Time elapsed: 0.032 sec
testToggleWithTemplateArgumentDependentQualifierInReturnType_399931(org.eclipse.cdt.ui.tests.refactoring.togglefunction.ToggleRefactoringTest)  Time elapsed: 0.049 sec
testTestConstructorToggleInClassToInHeader(org.eclipse.cdt.ui.tests.refactoring.togglefunction.ToggleRefactoringTest)  Time elapsed: 0.033 sec
testHeaderToClassRetainTopComments(org.eclipse.cdt.ui.tests.refactoring.togglefunction.ToggleRefactoringTest)  Time elapsed: 0.034 sec
testTestBodySelectionWithConfusingName(org.eclipse.cdt.ui.tests.refactoring.togglefunction.ToggleRefactoringTest)  Time elapsed: 0.035 sec
testImplToHeaderTryCatchComment(org.eclipse.cdt.ui.tests.refactoring.togglefunction.ToggleRefactoringTest)  Time elapsed: 0.038 sec
testQualifiedFunctionInNestedNamespaceToSource_464102(org.eclipse.cdt.ui.tests.refactoring.togglefunction.ToggleRefactoringTest)  Time elapsed: 0.044 sec
testTestDefaultParameterInitializerInClassToInHeader(org.eclipse.cdt.ui.tests.refactoring.togglefunction.ToggleRefactoringTest)  Time elapsed: 0.045 sec
testTestFreeFunctionToggleFromHeaderToImplementation(org.eclipse.cdt.ui.tests.refactoring.togglefunction.ToggleRefactoringTest)  Time elapsed: 0.053 sec
testHeaderToImplTryCatchComment(org.eclipse.cdt.ui.tests.refactoring.togglefunction.ToggleRefactoringTest)  Time elapsed: 0.07 sec
testToggleFunctionWithTypedefReturntypeToHeader_399217(org.eclipse.cdt.ui.tests.refactoring.togglefunction.ToggleRefactoringTest)  Time elapsed: 0.056 sec
testTestCorrectOrderingInHeaderToImplementation(org.eclipse.cdt.ui.tests.refactoring.togglefunction.ToggleRefactoringTest)  Time elapsed: 0.068 sec
testTestSimpleNamespaceInHeaderToImplementationWithNamespaceDefinitionInImplementation(org.eclipse.cdt.ui.tests.refactoring.togglefunction.ToggleRefactoringTest)  Time elapsed: 0.053 sec
testQualifiedFunctionInRecurringNestedNamespaceToSourceWithInnerNamespace_464102(org.eclipse.cdt.ui.tests.refactoring.togglefunction.ToggleRefactoringTest)  Time elapsed: 0.074 sec
testToggleMemberFunctionOfPartialSpecializationWithTwoParameters_399931(org.eclipse.cdt.ui.tests.refactoring.togglefunction.ToggleRefactoringTest)  Time elapsed: 0.036 sec
testClassToHeaderTrailingMultipleCommentsInTryBlock(org.eclipse.cdt.ui.tests.refactoring.togglefunction.ToggleRefactoringTest)  Time elapsed: 0.039 sec
testFileFromHeaderToImpl(org.eclipse.cdt.ui.tests.refactoring.togglefunction.ToggleRefactoringCTest)  Time elapsed: 0.059 sec
testToggleCFunction(org.eclipse.cdt.ui.tests.refactoring.togglefunction.ToggleRefactoringCTest)  Time elapsed: 0.04 sec
testGetFilenameWithoutExtension1(org.eclipse.cdt.ui.tests.refactoring.togglefunction.ToggleNodeHelperTest)  Time elapsed: 0 sec
testGetFilenameWithoutExtension2(org.eclipse.cdt.ui.tests.refactoring.togglefunction.ToggleNodeHelperTest)  Time elapsed: 0 sec
testOptionalMap(org.eclipse.cdt.ui.tests.refactoring.includes.IncludeMapTest)  Time elapsed: 0 sec
testOptionalCyclicMap(org.eclipse.cdt.ui.tests.refactoring.includes.IncludeMapTest)  Time elapsed: 0 sec
testUnconditionalCyclicMap(org.eclipse.cdt.ui.tests.refactoring.includes.IncludeMapTest)  Time elapsed: 0 sec
testUpconditionalMap(org.eclipse.cdt.ui.tests.refactoring.includes.IncludeMapTest)  Time elapsed: 0 sec
testConstructorCall(org.eclipse.cdt.ui.tests.refactoring.includes.BindingClassifierTest)  Time elapsed: 0.075 sec
testVariableReference(org.eclipse.cdt.ui.tests.refactoring.includes.BindingClassifierTest)  Time elapsed: 0.029 sec
testMethodCall_488349(org.eclipse.cdt.ui.tests.refactoring.includes.BindingClassifierTest)  Time elapsed: 0.029 sec
testBaseClause_421398(org.eclipse.cdt.ui.tests.refactoring.includes.BindingClassifierTest)  Time elapsed: 0.028 sec
testIdentityMacro_487972(org.eclipse.cdt.ui.tests.refactoring.includes.BindingClassifierTest)  Time elapsed: 0.029 sec
testClassMember(org.eclipse.cdt.ui.tests.refactoring.includes.BindingClassifierTest)  Time elapsed: 0.032 sec
testMethodCall(org.eclipse.cdt.ui.tests.refactoring.includes.BindingClassifierTest)  Time elapsed: 0.028 sec
testFunctionCallWithTypeConversion_1(org.eclipse.cdt.ui.tests.refactoring.includes.BindingClassifierTest)  Time elapsed: 0.029 sec
testFunctionCallWithTypeConversion_2(org.eclipse.cdt.ui.tests.refactoring.includes.BindingClassifierTest)  Time elapsed: 0.039 sec
testBaseClass(org.eclipse.cdt.ui.tests.refactoring.includes.BindingClassifierTest)  Time elapsed: 0.039 sec
testFunctionDeclarationWithTypeConversion(org.eclipse.cdt.ui.tests.refactoring.includes.BindingClassifierTest)  Time elapsed: 0.046 sec
testFieldReference_487971(org.eclipse.cdt.ui.tests.refactoring.includes.BindingClassifierTest)  Time elapsed: 0.055 sec
testLambdaExpression(org.eclipse.cdt.ui.tests.refactoring.includes.BindingClassifierTest)  Time elapsed: 0.036 sec
testTemplatesAllowingIncompleteParameterType_1(org.eclipse.cdt.ui.tests.refactoring.includes.BindingClassifierTest)  Time elapsed: 0.047 sec
testTemplatesAllowingIncompleteParameterType_2(org.eclipse.cdt.ui.tests.refactoring.includes.BindingClassifierTest)  Time elapsed: 0.043 sec
testTemplatesAllowingIncompleteParameterType_3(org.eclipse.cdt.ui.tests.refactoring.includes.BindingClassifierTest)  Time elapsed: 0.039 sec
testTemplatesAllowingIncompleteParameterType_4(org.eclipse.cdt.ui.tests.refactoring.includes.BindingClassifierTest)  Time elapsed: 0.038 sec
testTemplatesAllowingIncompleteParameterType_5(org.eclipse.cdt.ui.tests.refactoring.includes.BindingClassifierTest)  Time elapsed: 0.029 sec
testConstructorCallWithTypedef(org.eclipse.cdt.ui.tests.refactoring.includes.BindingClassifierTest)  Time elapsed: 0.029 sec
testOverloadedOperator(org.eclipse.cdt.ui.tests.refactoring.includes.BindingClassifierTest)  Time elapsed: 0.023 sec
testFieldReference(org.eclipse.cdt.ui.tests.refactoring.includes.BindingClassifierTest)  Time elapsed: 0.03 sec
testFunctionCallWithTypedef(org.eclipse.cdt.ui.tests.refactoring.includes.BindingClassifierTest)  Time elapsed: 0.03 sec
testMacro_1(org.eclipse.cdt.ui.tests.refactoring.includes.BindingClassifierTest)  Time elapsed: 0.03 sec
testMacro_2(org.eclipse.cdt.ui.tests.refactoring.includes.BindingClassifierTest)  Time elapsed: 0.029 sec
testMacro_3(org.eclipse.cdt.ui.tests.refactoring.includes.BindingClassifierTest)  Time elapsed: 0.03 sec
testMacro_4(org.eclipse.cdt.ui.tests.refactoring.includes.BindingClassifierTest)  Time elapsed: 0.029 sec
testMacro_5(org.eclipse.cdt.ui.tests.refactoring.includes.BindingClassifierTest)  Time elapsed: 0.029 sec
testMacro_6(org.eclipse.cdt.ui.tests.refactoring.includes.BindingClassifierTest)  Time elapsed: 0.038 sec
testTemplate_1(org.eclipse.cdt.ui.tests.refactoring.includes.BindingClassifierTest)  Time elapsed: 0.138 sec
testTemplate_2(org.eclipse.cdt.ui.tests.refactoring.includes.BindingClassifierTest)  Time elapsed: 0.028 sec
testCallOperator(org.eclipse.cdt.ui.tests.refactoring.includes.BindingClassifierTest)  Time elapsed: 0.038 sec
testSuperClassMethodCall_436656(org.eclipse.cdt.ui.tests.refactoring.includes.BindingClassifierTest)  Time elapsed: 0.03 sec
testClassHierarchy(org.eclipse.cdt.ui.tests.refactoring.includes.BindingClassifierTest)  Time elapsed: 0.03 sec
testMethodDefinition(org.eclipse.cdt.ui.tests.refactoring.includes.BindingClassifierTest)  Time elapsed: 0.032 sec
testInitializerList_506529(org.eclipse.cdt.ui.tests.refactoring.includes.BindingClassifierTest)  Time elapsed: 0.028 sec
testFieldAccess_442841_1(org.eclipse.cdt.ui.tests.refactoring.includes.BindingClassifierTest)  Time elapsed: 0.03 sec
testFieldAccess_442841_2(org.eclipse.cdt.ui.tests.refactoring.includes.BindingClassifierTest)  Time elapsed: 0.033 sec
testNamespaceAlias(org.eclipse.cdt.ui.tests.refactoring.includes.BindingClassifierTest)  Time elapsed: 0.034 sec
testTypedef_1(org.eclipse.cdt.ui.tests.refactoring.includes.BindingClassifierTest)  Time elapsed: 0.033 sec
testTypedef_2(org.eclipse.cdt.ui.tests.refactoring.includes.BindingClassifierTest)  Time elapsed: 0.031 sec
testTypedef_3(org.eclipse.cdt.ui.tests.refactoring.includes.BindingClassifierTest)  Time elapsed: 0.036 sec
testFunctionReturnType_1(org.eclipse.cdt.ui.tests.refactoring.includes.BindingClassifierTest)  Time elapsed: 0.031 sec
testFunctionReturnType_2(org.eclipse.cdt.ui.tests.refactoring.includes.BindingClassifierTest)  Time elapsed: 0.034 sec
testFunctionReturnType_3(org.eclipse.cdt.ui.tests.refactoring.includes.BindingClassifierTest)  Time elapsed: 0.03 sec
testUsingDeclaration(org.eclipse.cdt.ui.tests.refactoring.includes.BindingClassifierTest)  Time elapsed: 0.028 sec
testConstructorChainInitializer(org.eclipse.cdt.ui.tests.refactoring.includes.BindingClassifierTest)  Time elapsed: 0.031 sec
testFunctionCallWithReferenceParameter(org.eclipse.cdt.ui.tests.refactoring.includes.BindingClassifierTest)  Time elapsed: 0.042 sec
testVariableDeclaration(org.eclipse.cdt.ui.tests.refactoring.includes.BindingClassifierTest)  Time elapsed: 0.038 sec
testFunctionCallWithPointerParameter_1(org.eclipse.cdt.ui.tests.refactoring.includes.BindingClassifierTest)  Time elapsed: 0.039 sec
testFunctionCallWithPointerParameter_2(org.eclipse.cdt.ui.tests.refactoring.includes.BindingClassifierTest)  Time elapsed: 0.03 sec
testSymbolToDeclareIsDefinedInIncludedHeader(org.eclipse.cdt.ui.tests.refactoring.includes.IncludeOrganizerTest)  Time elapsed: 0.161 sec
testVariableReference(org.eclipse.cdt.ui.tests.refactoring.includes.IncludeOrganizerTest)  Time elapsed: 0.047 sec
testMethodCall_488349(org.eclipse.cdt.ui.tests.refactoring.includes.IncludeOrganizerTest)  Time elapsed: 0.059 sec
testHeaderExport(org.eclipse.cdt.ui.tests.refactoring.includes.IncludeOrganizerTest)  Time elapsed: 0.062 sec
testIndirectHeaderExport(org.eclipse.cdt.ui.tests.refactoring.includes.IncludeOrganizerTest)  Time elapsed: 0.063 sec
testMacro(org.eclipse.cdt.ui.tests.refactoring.includes.IncludeOrganizerTest)  Time elapsed: 0.037 sec
testExportedSymbol(org.eclipse.cdt.ui.tests.refactoring.includes.IncludeOrganizerTest)  Time elapsed: 0.045 sec
testForwardDeclarations(org.eclipse.cdt.ui.tests.refactoring.includes.IncludeOrganizerTest)  Time elapsed: 0.11 sec
testPrivateHeaders(org.eclipse.cdt.ui.tests.refactoring.includes.IncludeOrganizerTest)  Time elapsed: 0.055 sec
testExistingIncludes(org.eclipse.cdt.ui.tests.refactoring.includes.IncludeOrganizerTest)  Time elapsed: 0.046 sec
testFieldAccess_442841(org.eclipse.cdt.ui.tests.refactoring.includes.IncludeOrganizerTest)  Time elapsed: 0.042 sec
testIncludeGuards(org.eclipse.cdt.ui.tests.refactoring.includes.IncludeOrganizerTest)  Time elapsed: 0.04 sec
testNoExistingIncludes(org.eclipse.cdt.ui.tests.refactoring.includes.IncludeOrganizerTest)  Time elapsed: 0.048 sec
testExistingPartnerIncludeIsNotRemoved(org.eclipse.cdt.ui.tests.refactoring.includes.IncludeOrganizerTest)  Time elapsed: 0.039 sec
testPartnerInclusion(org.eclipse.cdt.ui.tests.refactoring.includes.IncludeOrganizerTest)  Time elapsed: 0.053 sec
testPragmaKeep(org.eclipse.cdt.ui.tests.refactoring.includes.IncludeOrganizerTest)  Time elapsed: 0.053 sec
testPragmaOnce(org.eclipse.cdt.ui.tests.refactoring.includes.IncludeOrganizerTest)  Time elapsed: 0.096 sec
testMethodDefinedInHeader(org.eclipse.cdt.ui.tests.refactoring.includes.IncludeOrganizerTest)  Time elapsed: 0.065 sec
testExistingIncludesNoReordering(org.eclipse.cdt.ui.tests.refactoring.includes.IncludeOrganizerTest)  Time elapsed: 0.052 sec
testGetMatchingFunctions(org.eclipse.cdt.ui.tests.chelp.CHelpTest)  Time elapsed: 0.001 sec
testCHelpBookDescriptors(org.eclipse.cdt.ui.tests.chelp.CHelpTest)  Time elapsed: 0.07 sec
testGetHelpResources(org.eclipse.cdt.ui.tests.chelp.CHelpTest)  Time elapsed: 0.001 sec
testGetFunctionInfo(org.eclipse.cdt.ui.tests.chelp.CHelpTest)  Time elapsed: 0 sec
testCHelpProviderManagerGeneral(org.eclipse.cdt.ui.tests.chelp.CHelpTest)  Time elapsed: 0.07 sec
testEmptyName(org.eclipse.cdt.ui.tests.wizards.classwizard.ClassWizardNameTest)  Time elapsed: 0.344 sec
testAllowedCharacters(org.eclipse.cdt.ui.tests.wizards.classwizard.ClassWizardNameTest)  Time elapsed: 0.001 sec
testStandardKeyword(org.eclipse.cdt.ui.tests.wizards.classwizard.ClassWizardNameTest)  Time elapsed: 0.001 sec
testFirstCharacter(org.eclipse.cdt.ui.tests.wizards.classwizard.ClassWizardNameTest)  Time elapsed: 0.003 sec
testNotValid(org.eclipse.cdt.ui.tests.wizards.settingswizards.SettingsImportExportTest)  Time elapsed: 0.382 sec
testNormalExportImport(org.eclipse.cdt.ui.tests.wizards.settingswizards.SettingsImportExportTest)  Time elapsed: 0.239 sec
testImage(org.eclipse.cdt.ui.tests.misc.CDTSharedImagesTests)  Time elapsed: 0 sec
testVerifyFields(org.eclipse.cdt.ui.tests.misc.CDTSharedImagesTests)  Time elapsed: 0.002 sec
testOverlays(org.eclipse.cdt.ui.tests.misc.CDTSharedImagesTests)  Time elapsed: 0.003 sec
testNoImage(org.eclipse.cdt.ui.tests.misc.CDTSharedImagesTests)  Time elapsed: 0.006 sec
testConcurrentExceptionInLanguageVerifier(org.eclipse.cdt.ui.tests.misc.LanguageVerifierTests)  Time elapsed: 0.002 sec
testFilesWithSameNameInSubdirectory_421544(org.eclipse.cdt.ui.tests.editor.SourceHeaderPartnerFinderTest)  Time elapsed: 0.064 sec
testSharedDefaults(org.eclipse.cdt.ui.tests.templateengine.TestTemplateEngine)  Time elapsed: 0.431 sec
testSingleton(org.eclipse.cdt.ui.tests.templateengine.TestTemplateEngine)  Time elapsed: 0 sec
testPersistTrueIDs(org.eclipse.cdt.ui.tests.templateengine.TestTemplateCore)  Time elapsed: 0.013 sec
testGetAllMissingMacrosInProcesses(org.eclipse.cdt.ui.tests.templateengine.TestTemplateCore)  Time elapsed: 0.001 sec
testValueStoreNotNull(org.eclipse.cdt.ui.tests.templateengine.TestTemplateCore)  Time elapsed: 0.001 sec
testCompareValueStoreWithTemplateDefaluts(org.eclipse.cdt.ui.tests.templateengine.TestValueStore)  Time elapsed: 0 sec
testValueStoreNotNull(org.eclipse.cdt.ui.tests.templateengine.TestValueStore)  Time elapsed: 0 sec
testDeleteBackEndStorage(org.eclipse.cdt.ui.tests.templateengine.TestSharedDefaults)  Time elapsed: 0.005 sec
testAddToBackEndStorage(org.eclipse.cdt.ui.tests.templateengine.TestSharedDefaults)  Time elapsed: 0.002 sec
testUpdateToBackEndStorage(org.eclipse.cdt.ui.tests.templateengine.TestSharedDefaults)  Time elapsed: 0.004 sec
testAddFile(org.eclipse.cdt.ui.tests.templateengine.TestProcesses)  Time elapsed: 0.041 sec
testAddLink(org.eclipse.cdt.ui.tests.templateengine.TestProcesses)  Time elapsed: 0.033 sec
testCreateResourceIdentifier(org.eclipse.cdt.ui.tests.templateengine.TestProcesses)  Time elapsed: 0.029 sec
testCopy(org.eclipse.cdt.ui.tests.templateengine.TestProcesses)  Time elapsed: 0.033 sec
testAddFiles(org.eclipse.cdt.ui.tests.templateengine.TestProcesses)  Time elapsed: 0.021 sec
testAppend(org.eclipse.cdt.ui.tests.templateengine.TestProcesses)  Time elapsed: 0.223 sec
testCreateSourceFolder(org.eclipse.cdt.ui.tests.templateengine.TestProcesses)  Time elapsed: 0.07 sec
testAppendCreate(org.eclipse.cdt.ui.tests.templateengine.TestProcesses)  Time elapsed: 0.034 sec
testBug215283(org.eclipse.cdt.ui.tests.templateengine.TestTemplateEngineBugs)  Time elapsed: 0.001 sec
