<?xml version="1.0" encoding="UTF-8"?>
<testsuite name="org.eclipse.cdt.ui.tests.AutomatedSuite" time="717.891" tests="1735" errors="0" skipped="0" failures="0">
  <properties>
[...]
</properties>
  <testcase name="testBoundaryConditions1" classname="org.eclipse.cdt.ui.tests.text.doctools.CommentOwnerManagerTests" time="0.918"/>
  <testcase name="testBoundaryConditions2" classname="org.eclipse.cdt.ui.tests.text.doctools.CommentOwnerManagerTests" time="0.141"/>
  <testcase name="testWorkspaceRootLevel" classname="org.eclipse.cdt.ui.tests.text.doctools.CommentOwnerManagerTests" time="0.302"/>
  <testcase name="testDocListenerEvents_221109" classname="org.eclipse.cdt.ui.tests.text.doctools.CommentOwnerManagerTests" time="0.174"/>
  <testcase name="testProjectLevel" classname="org.eclipse.cdt.ui.tests.text.doctools.CommentOwnerManagerTests" time="0.311"/>
  <testcase name="testDCOM_BDFG" classname="org.eclipse.cdt.ui.tests.text.doctools.DocCommentHighlightingTest" time="4.956"/>
  <testcase name="testDCOM_PUNC" classname="org.eclipse.cdt.ui.tests.text.doctools.DocCommentHighlightingTest" time="2.919"/>
  <testcase name="testDCOM_ABC" classname="org.eclipse.cdt.ui.tests.text.doctools.DocCommentHighlightingTest" time="2.827"/>
  <testcase name="testDCOM_A" classname="org.eclipse.cdt.ui.tests.text.doctools.DocCommentHighlightingTest" time="2.784"/>
  <testcase name="testDCOM_B" classname="org.eclipse.cdt.ui.tests.text.doctools.DocCommentHighlightingTest" time="2.739"/>
  <testcase name="testDCOM_C" classname="org.eclipse.cdt.ui.tests.text.doctools.DocCommentHighlightingTest" time="2.711"/>
  <testcase name="testAutoDocCommentDestructor" classname="org.eclipse.cdt.ui.tests.text.doctools.doxygen.DoxygenCCommentAutoEditStrategyTest" time="0.134"/>
  <testcase name="testAutoDocCommentContent17_Dec" classname="org.eclipse.cdt.ui.tests.text.doctools.doxygen.DoxygenCCommentAutoEditStrategyTest" time="0.041"/>
  <testcase name="testAutoDocCommentContent11" classname="org.eclipse.cdt.ui.tests.text.doctools.doxygen.DoxygenCCommentAutoEditStrategyTest" time="0.04"/>
  <testcase name="testAutoDocCommentContent13" classname="org.eclipse.cdt.ui.tests.text.doctools.doxygen.DoxygenCCommentAutoEditStrategyTest" time="0.031"/>
  <testcase name="testAutoDocCommentContent14" classname="org.eclipse.cdt.ui.tests.text.doctools.doxygen.DoxygenCCommentAutoEditStrategyTest" time="0.079"/>
  <testcase name="testAutoDocCommentContent15" classname="org.eclipse.cdt.ui.tests.text.doctools.doxygen.DoxygenCCommentAutoEditStrategyTest" time="0.04"/>
  <testcase name="testAutoDocCommentContent17" classname="org.eclipse.cdt.ui.tests.text.doctools.doxygen.DoxygenCCommentAutoEditStrategyTest" time="0.089"/>
  <testcase name="testAutoDocCommentContent18" classname="org.eclipse.cdt.ui.tests.text.doctools.doxygen.DoxygenCCommentAutoEditStrategyTest" time="0.152"/>
  <testcase name="testAutoDocCommentContent19" classname="org.eclipse.cdt.ui.tests.text.doctools.doxygen.DoxygenCCommentAutoEditStrategyTest" time="0.04"/>
  <testcase name="testAutoDocCommentContent20" classname="org.eclipse.cdt.ui.tests.text.doctools.doxygen.DoxygenCCommentAutoEditStrategyTest" time="0.044"/>
  <testcase name="testAutoDocCommentContent9b" classname="org.eclipse.cdt.ui.tests.text.doctools.doxygen.DoxygenCCommentAutoEditStrategyTest" time="0.032"/>
  <testcase name="testAutoDocCommentContent9c" classname="org.eclipse.cdt.ui.tests.text.doctools.doxygen.DoxygenCCommentAutoEditStrategyTest" time="0.039"/>
  <testcase name="testAutoDocCommentContent3_Dec" classname="org.eclipse.cdt.ui.tests.text.doctools.doxygen.DoxygenCCommentAutoEditStrategyTest" time="0.032"/>
  <testcase name="testAutoDocCommentContent4_Dec" classname="org.eclipse.cdt.ui.tests.text.doctools.doxygen.DoxygenCCommentAutoEditStrategyTest" time="0.032"/>
  <testcase name="testAutoDocCommentContent5_Dec" classname="org.eclipse.cdt.ui.tests.text.doctools.doxygen.DoxygenCCommentAutoEditStrategyTest" time="0.018"/>
  <testcase name="testAutoDocCommentContent6_Dec" classname="org.eclipse.cdt.ui.tests.text.doctools.doxygen.DoxygenCCommentAutoEditStrategyTest" time="0.043"/>
  <testcase name="testAutoDocCommentContent7_Dec" classname="org.eclipse.cdt.ui.tests.text.doctools.doxygen.DoxygenCCommentAutoEditStrategyTest" time="0.05"/>
  <testcase name="testAutoDocCommentExternC1" classname="org.eclipse.cdt.ui.tests.text.doctools.doxygen.DoxygenCCommentAutoEditStrategyTest" time="0.044"/>
  <testcase name="testAutoDocCommentExternC2" classname="org.eclipse.cdt.ui.tests.text.doctools.doxygen.DoxygenCCommentAutoEditStrategyTest" time="0.049"/>
  <testcase name="testAutoDocCommentExternC3" classname="org.eclipse.cdt.ui.tests.text.doctools.doxygen.DoxygenCCommentAutoEditStrategyTest" time="0.046"/>
  <testcase name="testAutoDocCommentContent21_238852_a" classname="org.eclipse.cdt.ui.tests.text.doctools.doxygen.DoxygenCCommentAutoEditStrategyTest" time="0.037"/>
  <testcase name="testAutoDocCommentContent21_238852_b" classname="org.eclipse.cdt.ui.tests.text.doctools.doxygen.DoxygenCCommentAutoEditStrategyTest" time="0.036"/>
  <testcase name="testAutoDocCommentContent21_238852_c" classname="org.eclipse.cdt.ui.tests.text.doctools.doxygen.DoxygenCCommentAutoEditStrategyTest" time="0.033"/>
  <testcase name="testAutoDocCommentContent21_238852_d" classname="org.eclipse.cdt.ui.tests.text.doctools.doxygen.DoxygenCCommentAutoEditStrategyTest" time="0.037"/>
  <testcase name="testAutoDocCommentContent1" classname="org.eclipse.cdt.ui.tests.text.doctools.doxygen.DoxygenCCommentAutoEditStrategyTest" time="0.045"/>
  <testcase name="testAutoDocCommentContent2" classname="org.eclipse.cdt.ui.tests.text.doctools.doxygen.DoxygenCCommentAutoEditStrategyTest" time="0.023"/>
  <testcase name="testAutoDocCommentContent3" classname="org.eclipse.cdt.ui.tests.text.doctools.doxygen.DoxygenCCommentAutoEditStrategyTest" time="0.032"/>
  <testcase name="testAutoDocCommentContent4" classname="org.eclipse.cdt.ui.tests.text.doctools.doxygen.DoxygenCCommentAutoEditStrategyTest" time="0.028"/>
  <testcase name="testAutoDocCommentContent5" classname="org.eclipse.cdt.ui.tests.text.doctools.doxygen.DoxygenCCommentAutoEditStrategyTest" time="0.023"/>
  <testcase name="testAutoDocCommentContent6" classname="org.eclipse.cdt.ui.tests.text.doctools.doxygen.DoxygenCCommentAutoEditStrategyTest" time="0.037"/>
  <testcase name="testAutoDocCommentContent7" classname="org.eclipse.cdt.ui.tests.text.doctools.doxygen.DoxygenCCommentAutoEditStrategyTest" time="0.028"/>
  <testcase name="testAutoDocCommentContent8" classname="org.eclipse.cdt.ui.tests.text.doctools.doxygen.DoxygenCCommentAutoEditStrategyTest" time="0.031"/>
  <testcase name="testAutoDocCommentContent9" classname="org.eclipse.cdt.ui.tests.text.doctools.doxygen.DoxygenCCommentAutoEditStrategyTest" time="0.025"/>
  <testcase name="testAutoDocCommentConstructor1" classname="org.eclipse.cdt.ui.tests.text.doctools.doxygen.DoxygenCCommentAutoEditStrategyTest" time="0.035"/>
  <testcase name="testAutoDocCommentConstructor2" classname="org.eclipse.cdt.ui.tests.text.doctools.doxygen.DoxygenCCommentAutoEditStrategyTest" time="0.023"/>
  <testcase name="_testAutoDocCommentContent10" classname="org.eclipse.cdt.ui.tests.text.doctools.doxygen.DoxygenCCommentAutoEditStrategyTest" time="0.029"/>
  <testcase name="_testAutoDocCommentContent16" classname="org.eclipse.cdt.ui.tests.text.doctools.doxygen.DoxygenCCommentAutoEditStrategyTest" time="0.033"/>
  <testcase name="testAutoDocCommentDestructor" classname="org.eclipse.cdt.ui.tests.text.doctools.doxygen.DoxygenCCommentSingleAutoEditStrategyTest" time="0.023"/>
  <testcase name="testAutoDocCommentContent17_Dec" classname="org.eclipse.cdt.ui.tests.text.doctools.doxygen.DoxygenCCommentSingleAutoEditStrategyTest" time="0.033"/>
  <testcase name="testAutoDocCommentContent4b_Dec" classname="org.eclipse.cdt.ui.tests.text.doctools.doxygen.DoxygenCCommentSingleAutoEditStrategyTest" time="0.024"/>
  <testcase name="testAutoDocCommentContent11" classname="org.eclipse.cdt.ui.tests.text.doctools.doxygen.DoxygenCCommentSingleAutoEditStrategyTest" time="0.026"/>
  <testcase name="testAutoDocCommentContent13" classname="org.eclipse.cdt.ui.tests.text.doctools.doxygen.DoxygenCCommentSingleAutoEditStrategyTest" time="0.025"/>
  <testcase name="testAutoDocCommentContent14" classname="org.eclipse.cdt.ui.tests.text.doctools.doxygen.DoxygenCCommentSingleAutoEditStrategyTest" time="0.023"/>
  <testcase name="testAutoDocCommentContent15" classname="org.eclipse.cdt.ui.tests.text.doctools.doxygen.DoxygenCCommentSingleAutoEditStrategyTest" time="0.022"/>
  <testcase name="testAutoDocCommentContent17" classname="org.eclipse.cdt.ui.tests.text.doctools.doxygen.DoxygenCCommentSingleAutoEditStrategyTest" time="0.025"/>
  <testcase name="testAutoDocCommentContent18" classname="org.eclipse.cdt.ui.tests.text.doctools.doxygen.DoxygenCCommentSingleAutoEditStrategyTest" time="0.022"/>
  <testcase name="testAutoDocCommentContent19" classname="org.eclipse.cdt.ui.tests.text.doctools.doxygen.DoxygenCCommentSingleAutoEditStrategyTest" time="0.023"/>
  <testcase name="testAutoDocCommentContent20" classname="org.eclipse.cdt.ui.tests.text.doctools.doxygen.DoxygenCCommentSingleAutoEditStrategyTest" time="0.025"/>
  <testcase name="testAutoDocCommentContent2b" classname="org.eclipse.cdt.ui.tests.text.doctools.doxygen.DoxygenCCommentSingleAutoEditStrategyTest" time="0.023"/>
  <testcase name="testAutoDocCommentContent6b" classname="org.eclipse.cdt.ui.tests.text.doctools.doxygen.DoxygenCCommentSingleAutoEditStrategyTest" time="0.023"/>
  <testcase name="testAutoDocCommentContent7b" classname="org.eclipse.cdt.ui.tests.text.doctools.doxygen.DoxygenCCommentSingleAutoEditStrategyTest" time="0.018"/>
  <testcase name="testAutoDocCommentContent9b" classname="org.eclipse.cdt.ui.tests.text.doctools.doxygen.DoxygenCCommentSingleAutoEditStrategyTest" time="0.058"/>
  <testcase name="testAutoDocCommentContent9c" classname="org.eclipse.cdt.ui.tests.text.doctools.doxygen.DoxygenCCommentSingleAutoEditStrategyTest" time="0.02"/>
  <testcase name="testAutoDocCommentContent9d" classname="org.eclipse.cdt.ui.tests.text.doctools.doxygen.DoxygenCCommentSingleAutoEditStrategyTest" time="0.021"/>
  <testcase name="testAutoDocCommentContent9e" classname="org.eclipse.cdt.ui.tests.text.doctools.doxygen.DoxygenCCommentSingleAutoEditStrategyTest" time="0.036"/>
  <testcase name="testAutoDocCommentContent3_Dec" classname="org.eclipse.cdt.ui.tests.text.doctools.doxygen.DoxygenCCommentSingleAutoEditStrategyTest" time="0.022"/>
  <testcase name="testAutoDocCommentContent4_Dec" classname="org.eclipse.cdt.ui.tests.text.doctools.doxygen.DoxygenCCommentSingleAutoEditStrategyTest" time="0.025"/>
  <testcase name="testAutoDocCommentContent5_Dec" classname="org.eclipse.cdt.ui.tests.text.doctools.doxygen.DoxygenCCommentSingleAutoEditStrategyTest" time="0.025"/>
  <testcase name="testAutoDocCommentContent6_Dec" classname="org.eclipse.cdt.ui.tests.text.doctools.doxygen.DoxygenCCommentSingleAutoEditStrategyTest" time="0.019"/>
  <testcase name="testAutoDocCommentContent7_Dec" classname="org.eclipse.cdt.ui.tests.text.doctools.doxygen.DoxygenCCommentSingleAutoEditStrategyTest" time="0.022"/>
  <testcase name="testAutoDocCommentExternC1" classname="org.eclipse.cdt.ui.tests.text.doctools.doxygen.DoxygenCCommentSingleAutoEditStrategyTest" time="0.025"/>
  <testcase name="testAutoDocCommentExternC2" classname="org.eclipse.cdt.ui.tests.text.doctools.doxygen.DoxygenCCommentSingleAutoEditStrategyTest" time="0.023"/>
  <testcase name="testAutoDocCommentExternC3" classname="org.eclipse.cdt.ui.tests.text.doctools.doxygen.DoxygenCCommentSingleAutoEditStrategyTest" time="0.023"/>
  <testcase name="testAutoDocCommentContent21_238852_a" classname="org.eclipse.cdt.ui.tests.text.doctools.doxygen.DoxygenCCommentSingleAutoEditStrategyTest" time="0.034"/>
  <testcase name="testAutoDocCommentContent21_238852_b" classname="org.eclipse.cdt.ui.tests.text.doctools.doxygen.DoxygenCCommentSingleAutoEditStrategyTest" time="0.022"/>
  <testcase name="testAutoDocCommentContent21_238852_c" classname="org.eclipse.cdt.ui.tests.text.doctools.doxygen.DoxygenCCommentSingleAutoEditStrategyTest" time="0.027"/>
  <testcase name="testAutoDocCommentContent21_238852_d" classname="org.eclipse.cdt.ui.tests.text.doctools.doxygen.DoxygenCCommentSingleAutoEditStrategyTest" time="0.02"/>
  <testcase name="testAutoDocCommentContent1" classname="org.eclipse.cdt.ui.tests.text.doctools.doxygen.DoxygenCCommentSingleAutoEditStrategyTest" time="0.023"/>
  <testcase name="testAutoDocCommentContent2" classname="org.eclipse.cdt.ui.tests.text.doctools.doxygen.DoxygenCCommentSingleAutoEditStrategyTest" time="0.022"/>
  <testcase name="testAutoDocCommentContent3" classname="org.eclipse.cdt.ui.tests.text.doctools.doxygen.DoxygenCCommentSingleAutoEditStrategyTest" time="0.029"/>
  <testcase name="testAutoDocCommentContent4" classname="org.eclipse.cdt.ui.tests.text.doctools.doxygen.DoxygenCCommentSingleAutoEditStrategyTest" time="0.025"/>
  <testcase name="testAutoDocCommentContent5" classname="org.eclipse.cdt.ui.tests.text.doctools.doxygen.DoxygenCCommentSingleAutoEditStrategyTest" time="0.022"/>
  <testcase name="testAutoDocCommentContent6" classname="org.eclipse.cdt.ui.tests.text.doctools.doxygen.DoxygenCCommentSingleAutoEditStrategyTest" time="0.021"/>
  <testcase name="testAutoDocCommentContent7" classname="org.eclipse.cdt.ui.tests.text.doctools.doxygen.DoxygenCCommentSingleAutoEditStrategyTest" time="0.023"/>
  <testcase name="testAutoDocCommentContent8" classname="org.eclipse.cdt.ui.tests.text.doctools.doxygen.DoxygenCCommentSingleAutoEditStrategyTest" time="0.034"/>
  <testcase name="testAutoDocCommentContent9" classname="org.eclipse.cdt.ui.tests.text.doctools.doxygen.DoxygenCCommentSingleAutoEditStrategyTest" time="0.021"/>
  <testcase name="testAutoDocCommentConstructor1" classname="org.eclipse.cdt.ui.tests.text.doctools.doxygen.DoxygenCCommentSingleAutoEditStrategyTest" time="0.028"/>
  <testcase name="testAutoDocCommentConstructor2" classname="org.eclipse.cdt.ui.tests.text.doctools.doxygen.DoxygenCCommentSingleAutoEditStrategyTest" time="0.038"/>
  <testcase name="_testAutoDocCommentContent10" classname="org.eclipse.cdt.ui.tests.text.doctools.doxygen.DoxygenCCommentSingleAutoEditStrategyTest" time="0.028"/>
  <testcase name="_testAutoDocCommentContent16" classname="org.eclipse.cdt.ui.tests.text.doctools.doxygen.DoxygenCCommentSingleAutoEditStrategyTest" time="0.034"/>
  <testcase name="testPerformance" classname="org.eclipse.cdt.ui.tests.text.PartitionTokenScannerTest" time="0.238"/>
  <testcase name="testIntraPartitionChange2" classname="org.eclipse.cdt.ui.tests.text.CPartitionerTest" time="0.005"/>
  <testcase name="testInsertCharacterPartition" classname="org.eclipse.cdt.ui.tests.text.CPartitionerTest" time="0.001"/>
  <testcase name="testEditingPreprocessor" classname="org.eclipse.cdt.ui.tests.text.CPartitionerTest" time="0.001"/>
  <testcase name="testEditing1" classname="org.eclipse.cdt.ui.tests.text.CPartitionerTest" time="0"/>
  <testcase name="testEditing2" classname="org.eclipse.cdt.ui.tests.text.CPartitionerTest" time="0.001"/>
  <testcase name="testEditing3" classname="org.eclipse.cdt.ui.tests.text.CPartitionerTest" time="0"/>
  <testcase name="testEditingString" classname="org.eclipse.cdt.ui.tests.text.CPartitionerTest" time="0.001"/>
  <testcase name="testRawString_Bug352544" classname="org.eclipse.cdt.ui.tests.text.CPartitionerTest" time="0"/>
  <testcase name="testIntraPartitionChange" classname="org.eclipse.cdt.ui.tests.text.CPartitionerTest" time="0"/>
  <testcase name="testEditingCharacter" classname="org.eclipse.cdt.ui.tests.text.CPartitionerTest" time="0.001"/>
  <testcase name="testExtendPartition" classname="org.eclipse.cdt.ui.tests.text.CPartitionerTest" time="0"/>
  <testcase name="testSplitPartition1" classname="org.eclipse.cdt.ui.tests.text.CPartitionerTest" time="0"/>
  <testcase name="testSplitPartition2" classname="org.eclipse.cdt.ui.tests.text.CPartitionerTest" time="0"/>
  <testcase name="testSplitPartition3" classname="org.eclipse.cdt.ui.tests.text.CPartitionerTest" time="0.004"/>
  <testcase name="testInitialPartitioning" classname="org.eclipse.cdt.ui.tests.text.CPartitionerTest" time="0"/>
  <testcase name="testCommentInPreprocessorString" classname="org.eclipse.cdt.ui.tests.text.CPartitionerTest" time="0.001"/>
  <testcase name="testTogglePartition" classname="org.eclipse.cdt.ui.tests.text.CPartitionerTest" time="0"/>
  <testcase name="testJoinPartitions1" classname="org.eclipse.cdt.ui.tests.text.CPartitionerTest" time="0"/>
  <testcase name="testJoinPartitions2" classname="org.eclipse.cdt.ui.tests.text.CPartitionerTest" time="0.001"/>
  <testcase name="testInsertStringPartition" classname="org.eclipse.cdt.ui.tests.text.CPartitionerTest" time="0"/>
  <testcase name="testLineSplicing_Bug124113" classname="org.eclipse.cdt.ui.tests.text.CPartitionerTest" time="0.001"/>
  <testcase name="testRemovePartition1" classname="org.eclipse.cdt.ui.tests.text.CPartitionerTest" time="0"/>
  <testcase name="testRemovePartition2" classname="org.eclipse.cdt.ui.tests.text.CPartitionerTest" time="0"/>
  <testcase name="testInsertNewPartition" classname="org.eclipse.cdt.ui.tests.text.CPartitionerTest" time="0"/>
  <testcase name="testRawString1" classname="org.eclipse.cdt.ui.tests.text.CPartitionerTest" time="0.001"/>
  <testcase name="testRawString2" classname="org.eclipse.cdt.ui.tests.text.CPartitionerTest" time="0"/>
  <testcase name="testRawString3" classname="org.eclipse.cdt.ui.tests.text.CPartitionerTest" time="0.001"/>
  <testcase name="testInsertPreprocessorPartition" classname="org.eclipse.cdt.ui.tests.text.CPartitionerTest" time="0"/>
  <testcase name="testJoinPartition3" classname="org.eclipse.cdt.ui.tests.text.CPartitionerTest" time="0"/>
  <testcase name="testEditingRawString1" classname="org.eclipse.cdt.ui.tests.text.CPartitionerTest" time="0.001"/>
  <testcase name="testEditingRawString2" classname="org.eclipse.cdt.ui.tests.text.CPartitionerTest" time="0.003"/>
  <testcase name="testEditingRawString3" classname="org.eclipse.cdt.ui.tests.text.CPartitionerTest" time="0.001"/>
  <testcase name="testPartitionFinder" classname="org.eclipse.cdt.ui.tests.text.CPartitionerTest" time="0"/>
  <testcase name="testCorruptPartitioning1" classname="org.eclipse.cdt.ui.tests.text.CPartitionerTest" time="0"/>
  <testcase name="testCorruptPartitioning2" classname="org.eclipse.cdt.ui.tests.text.CPartitionerTest" time="0.001"/>
  <testcase name="testCorruptPartitioning3" classname="org.eclipse.cdt.ui.tests.text.CPartitionerTest" time="0"/>
  <testcase name="testString1" classname="org.eclipse.cdt.ui.tests.text.CPartitionerTest" time="0"/>
  <testcase name="testString2" classname="org.eclipse.cdt.ui.tests.text.CPartitionerTest" time="0.001"/>
  <testcase name="testOpenPartition1" classname="org.eclipse.cdt.ui.tests.text.CPartitionerTest" time="0"/>
  <testcase name="testOpenPartition2" classname="org.eclipse.cdt.ui.tests.text.CPartitionerTest" time="0"/>
  <testcase name="testIntraPartitionChange2" classname="org.eclipse.cdt.ui.tests.text.AsmPartitionerTest" time="0.003"/>
  <testcase name="testInsertCharacterPartition" classname="org.eclipse.cdt.ui.tests.text.AsmPartitionerTest" time="0.001"/>
  <testcase name="testEditingPreprocessor" classname="org.eclipse.cdt.ui.tests.text.AsmPartitionerTest" time="0.001"/>
  <testcase name="testEditing1" classname="org.eclipse.cdt.ui.tests.text.AsmPartitionerTest" time="0"/>
  <testcase name="testEditing2" classname="org.eclipse.cdt.ui.tests.text.AsmPartitionerTest" time="0"/>
  <testcase name="testEditing3" classname="org.eclipse.cdt.ui.tests.text.AsmPartitionerTest" time="0.001"/>
  <testcase name="testSingleLineComment_AtSign" classname="org.eclipse.cdt.ui.tests.text.AsmPartitionerTest" time="0"/>
  <testcase name="testEditingString" classname="org.eclipse.cdt.ui.tests.text.AsmPartitionerTest" time="0.001"/>
  <testcase name="testIntraPartitionChange" classname="org.eclipse.cdt.ui.tests.text.AsmPartitionerTest" time="0"/>
  <testcase name="testNoSingleLineComment_Dollar" classname="org.eclipse.cdt.ui.tests.text.AsmPartitionerTest" time="0"/>
  <testcase name="testEditingCharacter" classname="org.eclipse.cdt.ui.tests.text.AsmPartitionerTest" time="0.001"/>
  <testcase name="testSingleLineComment_Hash" classname="org.eclipse.cdt.ui.tests.text.AsmPartitionerTest" time="0"/>
  <testcase name="testSingleLineComment_Star" classname="org.eclipse.cdt.ui.tests.text.AsmPartitionerTest" time="0"/>
  <testcase name="testExtendPartition" classname="org.eclipse.cdt.ui.tests.text.AsmPartitionerTest" time="0.001"/>
  <testcase name="testSplitPartition1" classname="org.eclipse.cdt.ui.tests.text.AsmPartitionerTest" time="0"/>
  <testcase name="testSplitPartition2" classname="org.eclipse.cdt.ui.tests.text.AsmPartitionerTest" time="0"/>
  <testcase name="testSplitPartition3" classname="org.eclipse.cdt.ui.tests.text.AsmPartitionerTest" time="0"/>
  <testcase name="testInitialPartitioning" classname="org.eclipse.cdt.ui.tests.text.AsmPartitionerTest" time="0"/>
  <testcase name="testTogglePartition" classname="org.eclipse.cdt.ui.tests.text.AsmPartitionerTest" time="0"/>
  <testcase name="testJoinPartitions1" classname="org.eclipse.cdt.ui.tests.text.AsmPartitionerTest" time="0"/>
  <testcase name="testJoinPartitions2" classname="org.eclipse.cdt.ui.tests.text.AsmPartitionerTest" time="0.001"/>
  <testcase name="testInsertStringPartition" classname="org.eclipse.cdt.ui.tests.text.AsmPartitionerTest" time="0"/>
  <testcase name="testLineSplicing_Bug124113" classname="org.eclipse.cdt.ui.tests.text.AsmPartitionerTest" time="0"/>
  <testcase name="testRemovePartition1" classname="org.eclipse.cdt.ui.tests.text.AsmPartitionerTest" time="0"/>
  <testcase name="testRemovePartition2" classname="org.eclipse.cdt.ui.tests.text.AsmPartitionerTest" time="0"/>
  <testcase name="testInsertNewPartition" classname="org.eclipse.cdt.ui.tests.text.AsmPartitionerTest" time="0"/>
  <testcase name="testInsertPreprocessorPartition" classname="org.eclipse.cdt.ui.tests.text.AsmPartitionerTest" time="0.001"/>
  <testcase name="testSingleLineComment_Semicolon" classname="org.eclipse.cdt.ui.tests.text.AsmPartitionerTest" time="0"/>
  <testcase name="testJoinPartition3" classname="org.eclipse.cdt.ui.tests.text.AsmPartitionerTest" time="0.001"/>
  <testcase name="testSingleLineComment_CppStyle" classname="org.eclipse.cdt.ui.tests.text.AsmPartitionerTest" time="0"/>
  <testcase name="testPartitionFinder" classname="org.eclipse.cdt.ui.tests.text.AsmPartitionerTest" time="0.001"/>
  <testcase name="testCorruptPartitioning1" classname="org.eclipse.cdt.ui.tests.text.AsmPartitionerTest" time="0"/>
  <testcase name="testCorruptPartitioning2" classname="org.eclipse.cdt.ui.tests.text.AsmPartitionerTest" time="0"/>
  <testcase name="testCorruptPartitioning3" classname="org.eclipse.cdt.ui.tests.text.AsmPartitionerTest" time="0.001"/>
  <testcase name="testOpenPartition1" classname="org.eclipse.cdt.ui.tests.text.AsmPartitionerTest" time="0"/>
  <testcase name="testOpenPartition2" classname="org.eclipse.cdt.ui.tests.text.AsmPartitionerTest" time="0"/>
  <testcase name="testPasteLineCommentAutoIndent" classname="org.eclipse.cdt.ui.tests.text.CAutoIndentTest" time="0.025"/>
  <testcase name="testPasteBlockCommentAutoIndent" classname="org.eclipse.cdt.ui.tests.text.CAutoIndentTest" time="0.003"/>
  <testcase name="testPasteAutoIndent" classname="org.eclipse.cdt.ui.tests.text.CAutoIndentTest" time="0.003"/>
  <testcase name="testTabsAsSpaces_SmartIndentDisabled_Bug242707" classname="org.eclipse.cdt.ui.tests.text.CAutoIndentTest" time="0.008"/>
  <testcase name="testPreprocessorAutoIndent" classname="org.eclipse.cdt.ui.tests.text.CAutoIndentTest" time="0.005"/>
  <testcase name="testBracketWithSemiColonInsertion" classname="org.eclipse.cdt.ui.tests.text.CAutoIndentTest" time="0.056"/>
  <testcase name="testCopyCommentPrefix_Bug327311" classname="org.eclipse.cdt.ui.tests.text.CAutoIndentTest" time="0.002"/>
  <testcase name="testCAutoIndent" classname="org.eclipse.cdt.ui.tests.text.CAutoIndentTest" time="0.006"/>
  <testcase name="testSkipToStatementStartWhitesmiths_Bug311018" classname="org.eclipse.cdt.ui.tests.text.CAutoIndentTest" time="0.003"/>
  <testcase name="testSmartPaste_Bug215310" classname="org.eclipse.cdt.ui.tests.text.CAutoIndentTest" time="0.002"/>
  <testcase name="testBracketIndentForConstructorDefinition_Bug183814" classname="org.eclipse.cdt.ui.tests.text.CAutoIndentTest" time="0.003"/>
  <testcase name="testBracketInsertion" classname="org.eclipse.cdt.ui.tests.text.CAutoIndentTest" time="0.005"/>
  <testcase name="testCCommentAutoIndent" classname="org.eclipse.cdt.ui.tests.text.CAutoIndentTest" time="0.001"/>
  <testcase name="testSmartIndentAfterArrayIndexOperator_Bug291821" classname="org.eclipse.cdt.ui.tests.text.CAutoIndentTest" time="0.003"/>
  <testcase name="testIndentInsideNamespaceDefinition_Bug188007" classname="org.eclipse.cdt.ui.tests.text.CAutoIndentTest" time="0.004"/>
  <testcase name="testSmartPasteWhitesmiths_Bug180531" classname="org.eclipse.cdt.ui.tests.text.CAutoIndentTest" time="0.004"/>
  <testcase name="testDefaultAutoIndent" classname="org.eclipse.cdt.ui.tests.text.CAutoIndentTest" time="0.004"/>
  <testcase name="testAutoIndentDisabled_Bug219923" classname="org.eclipse.cdt.ui.tests.text.CAutoIndentTest" time="0.003"/>
  <testcase name="testIndentation1" classname="org.eclipse.cdt.ui.tests.text.CHeuristicScannerTest" time="0.002"/>
  <testcase name="testIndentation2" classname="org.eclipse.cdt.ui.tests.text.CHeuristicScannerTest" time="0.001"/>
  <testcase name="testIndentation3" classname="org.eclipse.cdt.ui.tests.text.CHeuristicScannerTest" time="0.002"/>
  <testcase name="testIndentation4" classname="org.eclipse.cdt.ui.tests.text.CHeuristicScannerTest" time="0.001"/>
  <testcase name="testIndentation5" classname="org.eclipse.cdt.ui.tests.text.CHeuristicScannerTest" time="0.002"/>
  <testcase name="testIndentation6" classname="org.eclipse.cdt.ui.tests.text.CHeuristicScannerTest" time="0.001"/>
  <testcase name="testIndentation7" classname="org.eclipse.cdt.ui.tests.text.CHeuristicScannerTest" time="0.002"/>
  <testcase name="testIndentation8" classname="org.eclipse.cdt.ui.tests.text.CHeuristicScannerTest" time="0.001"/>
  <testcase name="testIndentation9" classname="org.eclipse.cdt.ui.tests.text.CHeuristicScannerTest" time="0.001"/>
  <testcase name="testIndentation10" classname="org.eclipse.cdt.ui.tests.text.CHeuristicScannerTest" time="0.002"/>
  <testcase name="testIndentation11" classname="org.eclipse.cdt.ui.tests.text.CHeuristicScannerTest" time="0.001"/>
  <testcase name="testIndentation12" classname="org.eclipse.cdt.ui.tests.text.CHeuristicScannerTest" time="0.002"/>
  <testcase name="testIndentation13" classname="org.eclipse.cdt.ui.tests.text.CHeuristicScannerTest" time="0.001"/>
  <testcase name="testIndentation14" classname="org.eclipse.cdt.ui.tests.text.CHeuristicScannerTest" time="0.001"/>
  <testcase name="testIndentation15" classname="org.eclipse.cdt.ui.tests.text.CHeuristicScannerTest" time="0.001"/>
  <testcase name="testIndentation16" classname="org.eclipse.cdt.ui.tests.text.CHeuristicScannerTest" time="0.001"/>
  <testcase name="testIndentation17" classname="org.eclipse.cdt.ui.tests.text.CHeuristicScannerTest" time="0.001"/>
  <testcase name="testIndentation18" classname="org.eclipse.cdt.ui.tests.text.CHeuristicScannerTest" time="0.001"/>
  <testcase name="testIndentation19" classname="org.eclipse.cdt.ui.tests.text.CHeuristicScannerTest" time="0.001"/>
  <testcase name="testIndentation20" classname="org.eclipse.cdt.ui.tests.text.CHeuristicScannerTest" time="0.002"/>
  <testcase name="testIndentation21" classname="org.eclipse.cdt.ui.tests.text.CHeuristicScannerTest" time="0.001"/>
  <testcase name="testIndentation22" classname="org.eclipse.cdt.ui.tests.text.CHeuristicScannerTest" time="0.001"/>
  <testcase name="testIndentation23" classname="org.eclipse.cdt.ui.tests.text.CHeuristicScannerTest" time="0.001"/>
  <testcase name="testIndentation24" classname="org.eclipse.cdt.ui.tests.text.CHeuristicScannerTest" time="0.001"/>
  <testcase name="testIndentation25" classname="org.eclipse.cdt.ui.tests.text.CHeuristicScannerTest" time="0.001"/>
  <testcase name="testIndentation26" classname="org.eclipse.cdt.ui.tests.text.CHeuristicScannerTest" time="0.004"/>
  <testcase name="testIndentation27" classname="org.eclipse.cdt.ui.tests.text.CHeuristicScannerTest" time="0.001"/>
  <testcase name="testIndentation28" classname="org.eclipse.cdt.ui.tests.text.CHeuristicScannerTest" time="0.001"/>
  <testcase name="testIndentation29" classname="org.eclipse.cdt.ui.tests.text.CHeuristicScannerTest" time="0.001"/>
  <testcase name="testIndentation30" classname="org.eclipse.cdt.ui.tests.text.CHeuristicScannerTest" time="0.002"/>
  <testcase name="testIndentation31" classname="org.eclipse.cdt.ui.tests.text.CHeuristicScannerTest" time="0.002"/>
  <testcase name="testIndentation32" classname="org.eclipse.cdt.ui.tests.text.CHeuristicScannerTest" time="0.001"/>
  <testcase name="testIndentation6a" classname="org.eclipse.cdt.ui.tests.text.CHeuristicScannerTest" time="0.001"/>
  <testcase name="testIndentation22a" classname="org.eclipse.cdt.ui.tests.text.CHeuristicScannerTest" time="0.001"/>
  <testcase name="testIndentation22b" classname="org.eclipse.cdt.ui.tests.text.CHeuristicScannerTest" time="0.002"/>
  <testcase name="testListAlignmentMethodDeclaration" classname="org.eclipse.cdt.ui.tests.text.CHeuristicScannerTest" time="0.001"/>
  <testcase name="testBraceAlignmentOfMultilineDeclaration" classname="org.eclipse.cdt.ui.tests.text.CHeuristicScannerTest" time="0.001"/>
  <testcase name="testPrevIndentationUnit10" classname="org.eclipse.cdt.ui.tests.text.CHeuristicScannerTest" time="0.002"/>
  <testcase name="testPrevIndentationUnit11" classname="org.eclipse.cdt.ui.tests.text.CHeuristicScannerTest" time="0.001"/>
  <testcase name="testPrevIndentation1" classname="org.eclipse.cdt.ui.tests.text.CHeuristicScannerTest" time="0.001"/>
  <testcase name="testPrevIndentation2" classname="org.eclipse.cdt.ui.tests.text.CHeuristicScannerTest" time="0.001"/>
  <testcase name="testPrevIndentation3" classname="org.eclipse.cdt.ui.tests.text.CHeuristicScannerTest" time="0.001"/>
  <testcase name="testPrevIndentation4" classname="org.eclipse.cdt.ui.tests.text.CHeuristicScannerTest" time="0.001"/>
  <testcase name="testPrevIndentation5" classname="org.eclipse.cdt.ui.tests.text.CHeuristicScannerTest" time="0.001"/>
  <testcase name="testPrevIndentation6" classname="org.eclipse.cdt.ui.tests.text.CHeuristicScannerTest" time="0.001"/>
  <testcase name="testPrevIndentation7" classname="org.eclipse.cdt.ui.tests.text.CHeuristicScannerTest" time="0.001"/>
  <testcase name="testPrevIndentation8" classname="org.eclipse.cdt.ui.tests.text.CHeuristicScannerTest" time="0.005"/>
  <testcase name="testPrevIndentation9" classname="org.eclipse.cdt.ui.tests.text.CHeuristicScannerTest" time="0.001"/>
  <testcase name="testConditional1" classname="org.eclipse.cdt.ui.tests.text.CHeuristicScannerTest" time="0.001"/>
  <testcase name="testConditional2" classname="org.eclipse.cdt.ui.tests.text.CHeuristicScannerTest" time="0.001"/>
  <testcase name="testListAlignmentArray2" classname="org.eclipse.cdt.ui.tests.text.CHeuristicScannerTest" time="0.005"/>
  <testcase name="testListAlignmentMethodCall" classname="org.eclipse.cdt.ui.tests.text.CHeuristicScannerTest" time="0.001"/>
  <testcase name="testClassInstanceCreationHeuristic" classname="org.eclipse.cdt.ui.tests.text.CHeuristicScannerTest" time="0.002"/>
  <testcase name="testShiftOperator" classname="org.eclipse.cdt.ui.tests.text.CHeuristicScannerTest" time="0.001"/>
  <testcase name="testBlocksInCaseStatements" classname="org.eclipse.cdt.ui.tests.text.CHeuristicScannerTest" time="0.002"/>
  <testcase name="testPrevIndentation10" classname="org.eclipse.cdt.ui.tests.text.CHeuristicScannerTest" time="0.001"/>
  <testcase name="testPrevIndentation11" classname="org.eclipse.cdt.ui.tests.text.CHeuristicScannerTest" time="0.001"/>
  <testcase name="testListAlignmentArray" classname="org.eclipse.cdt.ui.tests.text.CHeuristicScannerTest" time="0.001"/>
  <testcase name="testCompositeTypeDefinitionHeuristic" classname="org.eclipse.cdt.ui.tests.text.CHeuristicScannerTest" time="0.002"/>
  <testcase name="testPrevIndentationUnit1" classname="org.eclipse.cdt.ui.tests.text.CHeuristicScannerTest" time="0.001"/>
  <testcase name="testPrevIndentationUnit2" classname="org.eclipse.cdt.ui.tests.text.CHeuristicScannerTest" time="0.002"/>
  <testcase name="testPrevIndentationUnit4" classname="org.eclipse.cdt.ui.tests.text.CHeuristicScannerTest" time="0.001"/>
  <testcase name="testPrevIndentationUnit5" classname="org.eclipse.cdt.ui.tests.text.CHeuristicScannerTest" time="0.001"/>
  <testcase name="testPrevIndentationUnit6" classname="org.eclipse.cdt.ui.tests.text.CHeuristicScannerTest" time="0.001"/>
  <testcase name="testPrevIndentationUnit7" classname="org.eclipse.cdt.ui.tests.text.CHeuristicScannerTest" time="0.001"/>
  <testcase name="testPrevIndentationUnit8" classname="org.eclipse.cdt.ui.tests.text.CHeuristicScannerTest" time="0.002"/>
  <testcase name="testPrevIndentationUnit9" classname="org.eclipse.cdt.ui.tests.text.CHeuristicScannerTest" time="0.001"/>
  <testcase name="testFieldReferenceHeuristic" classname="org.eclipse.cdt.ui.tests.text.CHeuristicScannerTest" time="0.002"/>
  <testcase name="testMultiplePeerEntry" classname="org.eclipse.cdt.ui.tests.text.BracketInserterTest" time="2.637"/>
  <testcase name="testAngleBrackets" classname="org.eclipse.cdt.ui.tests.text.BracketInserterTest" time="1.914"/>
  <testcase name="testMultipleParenthesisInsertion" classname="org.eclipse.cdt.ui.tests.text.BracketInserterTest" time="1.312"/>
  <testcase name="testPeerEntry" classname="org.eclipse.cdt.ui.tests.text.BracketInserterTest" time="0.812"/>
  <testcase name="testInsertInsideBrackets" classname="org.eclipse.cdt.ui.tests.text.BracketInserterTest" time="0.582"/>
  <testcase name="testInsertClosingQuote" classname="org.eclipse.cdt.ui.tests.text.BracketInserterTest" time="0.571"/>
  <testcase name="testExitOnReturn" classname="org.eclipse.cdt.ui.tests.text.BracketInserterTest" time="1.546"/>
  <testcase name="testExitOnEsc" classname="org.eclipse.cdt.ui.tests.text.BracketInserterTest" time="1.518"/>
  <testcase name="testExitOnTab" classname="org.eclipse.cdt.ui.tests.text.BracketInserterTest" time="2.185"/>
  <testcase name="testNoInsertInsideText" classname="org.eclipse.cdt.ui.tests.text.BracketInserterTest" time="0.636"/>
  <testcase name="testCurlyBraceOutsideParentheses" classname="org.eclipse.cdt.ui.tests.text.BracketInserterTest" time="2.509"/>
  <testcase name="testInsertClosingQuoteInIncludeAtDocumentEnd_Bug309099" classname="org.eclipse.cdt.ui.tests.text.BracketInserterTest" time="2.757"/>
  <testcase name="testAngleBracketsAsOperator" classname="org.eclipse.cdt.ui.tests.text.BracketInserterTest" time="1.406"/>
  <testcase name="testDeletingParenthesis" classname="org.eclipse.cdt.ui.tests.text.BracketInserterTest" time="1.122"/>
  <testcase name="testDeletingMultipleParenthesisInsertion" classname="org.eclipse.cdt.ui.tests.text.BracketInserterTest" time="2.252"/>
  <testcase name="testAngleBracketsInInclude" classname="org.eclipse.cdt.ui.tests.text.BracketInserterTest" time="0.568"/>
  <testcase name="testPreferences" classname="org.eclipse.cdt.ui.tests.text.BracketInserterTest" time="0.579"/>
  <testcase name="testInsertClosingQuoteInMacroDefinition" classname="org.eclipse.cdt.ui.tests.text.BracketInserterTest" time="4.268"/>
  <testcase name="testCurlyBraceInsideParentheses" classname="org.eclipse.cdt.ui.tests.text.BracketInserterTest" time="1.048"/>
  <testcase name="testAngleBrackets_165837" classname="org.eclipse.cdt.ui.tests.text.BracketInserterTest" time="3.887"/>
  <testcase name="testInsertClosingQuoteInInclude" classname="org.eclipse.cdt.ui.tests.text.BracketInserterTest" time="0.781"/>
  <testcase name="testInsertClosingParenthesis" classname="org.eclipse.cdt.ui.tests.text.BracketInserterTest" time="0.592"/>
  <testcase name="testUnchanged" classname="org.eclipse.cdt.ui.tests.text.IndentActionTest" time="0.426"/>
  <testcase name="testComplex" classname="org.eclipse.cdt.ui.tests.text.IndentActionTest" time="0.394"/>
  <testcase name="testSample" classname="org.eclipse.cdt.ui.tests.text.IndentActionTest" time="0.384"/>
  <testcase name="testTemplates" classname="org.eclipse.cdt.ui.tests.text.FormatActionTest" time="0.485"/>
  <testcase name="testBugs" classname="org.eclipse.cdt.ui.tests.text.FormatActionTest" time="0.607"/>
  <testcase name="testPreview" classname="org.eclipse.cdt.ui.tests.text.FormatActionTest" time="0.454"/>
  <testcase name="testComplex" classname="org.eclipse.cdt.ui.tests.text.FormatActionTest" time="0.405"/>
  <testcase name="testSample" classname="org.eclipse.cdt.ui.tests.text.FormatActionTest" time="0.461"/>
  <testcase name="testShiftRight" classname="org.eclipse.cdt.ui.tests.text.ShiftActionTest" time="0.395"/>
  <testcase name="testShiftLeft" classname="org.eclipse.cdt.ui.tests.text.ShiftActionTest" time="0.059"/>
  <testcase name="testTemplateConstructorCall" classname="org.eclipse.cdt.ui.tests.text.CodeFormatterTest" time="0.067"/>
  <testcase name="testArrayInitializer" classname="org.eclipse.cdt.ui.tests.text.CodeFormatterTest" time="0.007"/>
  <testcase name="testCodeCorruptionWithIllegalKeyword_Bug329165" classname="org.eclipse.cdt.ui.tests.text.CodeFormatterTest" time="0.005"/>
  <testcase name="testSpaceAfterCommaInDeclaratorList_Bug234915" classname="org.eclipse.cdt.ui.tests.text.CodeFormatterTest" time="0.004"/>
  <testcase name="testUniversalCharacters_Bug255949" classname="org.eclipse.cdt.ui.tests.text.CodeFormatterTest" time="0.011"/>
  <testcase name="testCppCast_1" classname="org.eclipse.cdt.ui.tests.text.CodeFormatterTest" time="0.007"/>
  <testcase name="testCppCast_2" classname="org.eclipse.cdt.ui.tests.text.CodeFormatterTest" time="0.004"/>
  <testcase name="testInsertSpaceBeforeOpeningParen_Bug190184" classname="org.eclipse.cdt.ui.tests.text.CodeFormatterTest" time="0.004"/>
  <testcase name="testLineWrappingOfInitializerExpression_Bug200961" classname="org.eclipse.cdt.ui.tests.text.CodeFormatterTest" time="0.003"/>
  <testcase name="testMacroFormatting1_Bug241819" classname="org.eclipse.cdt.ui.tests.text.CodeFormatterTest" time="0.005"/>
  <testcase name="testOverloadedLeftShiftChain_Bug373034" classname="org.eclipse.cdt.ui.tests.text.CodeFormatterTest" time="0.08"/>
  <testcase name="testForLoopWrappingAtOpeningBrace" classname="org.eclipse.cdt.ui.tests.text.CodeFormatterTest" time="0.005"/>
  <testcase name="testWhiteSmithsAccessSpecifierIndentation1_Bug204575" classname="org.eclipse.cdt.ui.tests.text.CodeFormatterTest" time="0.004"/>
  <testcase name="testMacroWithinTypedef" classname="org.eclipse.cdt.ui.tests.text.CodeFormatterTest" time="0.007"/>
  <testcase name="testWhitespaceOptionsForExceptionSpecification_Bug243567" classname="org.eclipse.cdt.ui.tests.text.CodeFormatterTest" time="0.005"/>
  <testcase name="testFunctionStyleMacro_1" classname="org.eclipse.cdt.ui.tests.text.CodeFormatterTest" time="0.009"/>
  <testcase name="testFunctionStyleMacro_2" classname="org.eclipse.cdt.ui.tests.text.CodeFormatterTest" time="0.014"/>
  <testcase name="testFunctionStyleMacro_3" classname="org.eclipse.cdt.ui.tests.text.CodeFormatterTest" time="0.009"/>
  <testcase name="testMacroAfterCompoundStatement_Bug356690" classname="org.eclipse.cdt.ui.tests.text.CodeFormatterTest" time="0.008"/>
  <testcase name="testMacroInElseBranch_Bug350689" classname="org.eclipse.cdt.ui.tests.text.CodeFormatterTest" time="0.008"/>
  <testcase name="testMacroDeclaration" classname="org.eclipse.cdt.ui.tests.text.CodeFormatterTest" time="0.005"/>
  <testcase name="testDoubleClosingAngleBrackets_Bug333816" classname="org.eclipse.cdt.ui.tests.text.CodeFormatterTest" time="0.007"/>
  <testcase name="testTryCatchBlock" classname="org.eclipse.cdt.ui.tests.text.CodeFormatterTest" time="0.008"/>
  <testcase name="testConstructorInitializer_1" classname="org.eclipse.cdt.ui.tests.text.CodeFormatterTest" time="0.005"/>
  <testcase name="testConstructorInitializer_2" classname="org.eclipse.cdt.ui.tests.text.CodeFormatterTest" time="0.005"/>
  <testcase name="testPreserveSpaceBetweenNameAnd__attribute__Bug261967" classname="org.eclipse.cdt.ui.tests.text.CodeFormatterTest" time="0.008"/>
  <testcase name="testFormatterProblemsWithTypename_Bug269590" classname="org.eclipse.cdt.ui.tests.text.CodeFormatterTest" time="0.005"/>
  <testcase name="testDesignatedInitializer_Bug314958" classname="org.eclipse.cdt.ui.tests.text.CodeFormatterTest" time="0.018"/>
  <testcase name="testEnum" classname="org.eclipse.cdt.ui.tests.text.CodeFormatterTest" time="0.005"/>
  <testcase name="testUsingDirective" classname="org.eclipse.cdt.ui.tests.text.CodeFormatterTest" time="0.003"/>
  <testcase name="testExpressionInArrayDeclarator_Bug350816" classname="org.eclipse.cdt.ui.tests.text.CodeFormatterTest" time="0.004"/>
  <testcase name="testMacroAsFunctionArguments_Bug253039" classname="org.eclipse.cdt.ui.tests.text.CodeFormatterTest" time="0.004"/>
  <testcase name="testBreakingPrecedence" classname="org.eclipse.cdt.ui.tests.text.CodeFormatterTest" time="0.003"/>
  <testcase name="testCastAsMacro_Bug285901" classname="org.eclipse.cdt.ui.tests.text.CodeFormatterTest" time="0.02"/>
  <testcase name="testNewAndDeleteExpressions" classname="org.eclipse.cdt.ui.tests.text.CodeFormatterTest" time="0.006"/>
  <testcase name="test__attribute__InParameterDecl_Bug206271" classname="org.eclipse.cdt.ui.tests.text.CodeFormatterTest" time="0.004"/>
  <testcase name="testWhiteSmithsAccessSpecifierIndentation3_Bug204575" classname="org.eclipse.cdt.ui.tests.text.CodeFormatterTest" time="0.002"/>
  <testcase name="testFunctionDeclarationFallbackFormat" classname="org.eclipse.cdt.ui.tests.text.CodeFormatterTest" time="0.004"/>
  <testcase name="testFunctionCallWithMultilineStringLiteral" classname="org.eclipse.cdt.ui.tests.text.CodeFormatterTest" time="0.004"/>
  <testcase name="testParenthesizedExpressionInArgumentList_Bug350689" classname="org.eclipse.cdt.ui.tests.text.CodeFormatterTest" time="0.005"/>
  <testcase name="testFunctionTryCatchBlock" classname="org.eclipse.cdt.ui.tests.text.CodeFormatterTest" time="0.007"/>
  <testcase name="testIndentAfterDotE_Bug232739" classname="org.eclipse.cdt.ui.tests.text.CodeFormatterTest" time="0.003"/>
  <testcase name="testConditionalExpression" classname="org.eclipse.cdt.ui.tests.text.CodeFormatterTest" time="0.009"/>
  <testcase name="testWrappingOfTemplateIdAsParameterType_Bug325783" classname="org.eclipse.cdt.ui.tests.text.CodeFormatterTest" time="0.006"/>
  <testcase name="testRangeBasedFor_Bug328472" classname="org.eclipse.cdt.ui.tests.text.CodeFormatterTest" time="0.008"/>
  <testcase name="testFormatGeneratedClass_Bug272006" classname="org.eclipse.cdt.ui.tests.text.CodeFormatterTest" time="0.002"/>
  <testcase name="testForLoopAllman_Bug351399" classname="org.eclipse.cdt.ui.tests.text.CodeFormatterTest" time="0.005"/>
  <testcase name="testFunctionDefinitionWithoutBody" classname="org.eclipse.cdt.ui.tests.text.CodeFormatterTest" time="0.004"/>
  <testcase name="testHandleParsingProblemsInIfCondition_Bug240564" classname="org.eclipse.cdt.ui.tests.text.CodeFormatterTest" time="0.006"/>
  <testcase name="testForWithEmptyExpression_Bug195942" classname="org.eclipse.cdt.ui.tests.text.CodeFormatterTest" time="0.003"/>
  <testcase name="testForWithEmptyExpression_Bug280989" classname="org.eclipse.cdt.ui.tests.text.CodeFormatterTest" time="0.006"/>
  <testcase name="testAlignmentOfClassDefinitionBaseClause1_Bug192656" classname="org.eclipse.cdt.ui.tests.text.CodeFormatterTest" time="0.003"/>
  <testcase name="testPreserveWhitespace2_Bug225326" classname="org.eclipse.cdt.ui.tests.text.CodeFormatterTest" time="0.003"/>
  <testcase name="testMacroAsInitializer_Bug214354" classname="org.eclipse.cdt.ui.tests.text.CodeFormatterTest" time="0.002"/>
  <testcase name="testIndentAfterDotL_Bug232739" classname="org.eclipse.cdt.ui.tests.text.CodeFormatterTest" time="0.003"/>
  <testcase name="testCompoundStatementAsMacro_Bug244928" classname="org.eclipse.cdt.ui.tests.text.CodeFormatterTest" time="0.007"/>
  <testcase name="testControlStatementsAsMacro_Bug290630" classname="org.eclipse.cdt.ui.tests.text.CodeFormatterTest" time="0.009"/>
  <testcase name="testCompoundStatementAsMacroGNU_Bug244928" classname="org.eclipse.cdt.ui.tests.text.CodeFormatterTest" time="0.005"/>
  <testcase name="testEllipsisInFunctionDefinition_Bug350689" classname="org.eclipse.cdt.ui.tests.text.CodeFormatterTest" time="0.005"/>
  <testcase name="testSpaceAfterCommaInDeclaratorList2_Bug234915" classname="org.eclipse.cdt.ui.tests.text.CodeFormatterTest" time="0.003"/>
  <testcase name="testCompositeTypeSpecAsMacro_Bug298592" classname="org.eclipse.cdt.ui.tests.text.CodeFormatterTest" time="0.005"/>
  <testcase name="testAccessSpecifierAsMacro_Bug197494" classname="org.eclipse.cdt.ui.tests.text.CodeFormatterTest" time="0.002"/>
  <testcase name="testDotStarAndArrowStarOperators_Bug257700" classname="org.eclipse.cdt.ui.tests.text.CodeFormatterTest" time="0.005"/>
  <testcase name="testPreserveSpaceInParameterDecl_Bug241967" classname="org.eclipse.cdt.ui.tests.text.CodeFormatterTest" time="0.003"/>
  <testcase name="testFunctionDeclarationTrailingMacro_1" classname="org.eclipse.cdt.ui.tests.text.CodeFormatterTest" time="0.003"/>
  <testcase name="testFunctionDeclarationTrailingMacro_2" classname="org.eclipse.cdt.ui.tests.text.CodeFormatterTest" time="0.005"/>
  <testcase name="testSpaceAfterThrowKeyword_Bug229774" classname="org.eclipse.cdt.ui.tests.text.CodeFormatterTest" time="0.002"/>
  <testcase name="testPreserveSpaceInExternCDeclaration" classname="org.eclipse.cdt.ui.tests.text.CodeFormatterTest" time="0.004"/>
  <testcase name="testKeywordFinal_Bug460551" classname="org.eclipse.cdt.ui.tests.text.CodeFormatterTest" time="0.003"/>
  <testcase name="testForLoopWhitesmiths_Bug351399" classname="org.eclipse.cdt.ui.tests.text.CodeFormatterTest" time="0.005"/>
  <testcase name="testLineCommentAsBlocks1a" classname="org.eclipse.cdt.ui.tests.text.CodeFormatterTest" time="0.004"/>
  <testcase name="testLineCommentAsBlocks1b" classname="org.eclipse.cdt.ui.tests.text.CodeFormatterTest" time="0.006"/>
  <testcase name="testSizeofExpression_Bug195246" classname="org.eclipse.cdt.ui.tests.text.CodeFormatterTest" time="0.002"/>
  <testcase name="testSizeofExpression_Bug201330" classname="org.eclipse.cdt.ui.tests.text.CodeFormatterTest" time="0.002"/>
  <testcase name="testWrappingOfTemplateIdAsParameterType_Bug325783_2" classname="org.eclipse.cdt.ui.tests.text.CodeFormatterTest" time="0.007"/>
  <testcase name="testPreserveWhitespace_Bug225326" classname="org.eclipse.cdt.ui.tests.text.CodeFormatterTest" time="0.002"/>
  <testcase name="testSpaceBetweenParen_Bug217918" classname="org.eclipse.cdt.ui.tests.text.CodeFormatterTest" time="0.004"/>
  <testcase name="testBinaryExpressionInMacro" classname="org.eclipse.cdt.ui.tests.text.CodeFormatterTest" time="0.005"/>
  <testcase name="testWideStringLiteral_Bug292626" classname="org.eclipse.cdt.ui.tests.text.CodeFormatterTest" time="0.005"/>
  <testcase name="testMemberAccess" classname="org.eclipse.cdt.ui.tests.text.CodeFormatterTest" time="0.004"/>
  <testcase name="testMacroWithMultipleDeclarations_Bug242053" classname="org.eclipse.cdt.ui.tests.text.CodeFormatterTest" time="0.004"/>
  <testcase name="testFormatterProblemsWithForeverMacro" classname="org.eclipse.cdt.ui.tests.text.CodeFormatterTest" time="0.006"/>
  <testcase name="testForLoopKnR_Bug351399" classname="org.eclipse.cdt.ui.tests.text.CodeFormatterTest" time="0.006"/>
  <testcase name="testKeepWrappedLines_Bug322776" classname="org.eclipse.cdt.ui.tests.text.CodeFormatterTest" time="0.005"/>
  <testcase name="testAssignment" classname="org.eclipse.cdt.ui.tests.text.CodeFormatterTest" time="0.003"/>
  <testcase name="testTemplateFunctionCall_1" classname="org.eclipse.cdt.ui.tests.text.CodeFormatterTest" time="0.004"/>
  <testcase name="testTemplateFunctionCall_2" classname="org.eclipse.cdt.ui.tests.text.CodeFormatterTest" time="0.003"/>
  <testcase name="testForLoopGNU_Bug351399" classname="org.eclipse.cdt.ui.tests.text.CodeFormatterTest" time="0.006"/>
  <testcase name="testFunctionMacroInInitializerExpression" classname="org.eclipse.cdt.ui.tests.text.CodeFormatterTest" time="0.006"/>
  <testcase name="testLineCommentAsBlocks2" classname="org.eclipse.cdt.ui.tests.text.CodeFormatterTest" time="0.005"/>
  <testcase name="testLineCommentAsBlocks3" classname="org.eclipse.cdt.ui.tests.text.CodeFormatterTest" time="0.005"/>
  <testcase name="testLineCommentAsBlocks4" classname="org.eclipse.cdt.ui.tests.text.CodeFormatterTest" time="0.004"/>
  <testcase name="testLineCommentAsBlocks5" classname="org.eclipse.cdt.ui.tests.text.CodeFormatterTest" time="0.004"/>
  <testcase name="testLineCommentAsBlocks6" classname="org.eclipse.cdt.ui.tests.text.CodeFormatterTest" time="0.005"/>
  <testcase name="testLineCommentAsBlocks7" classname="org.eclipse.cdt.ui.tests.text.CodeFormatterTest" time="0.004"/>
  <testcase name="testLineCommentAsBlocks8" classname="org.eclipse.cdt.ui.tests.text.CodeFormatterTest" time="0.005"/>
  <testcase name="testScannerErrorWithIntegerFollowedByStar_Bug278118" classname="org.eclipse.cdt.ui.tests.text.CodeFormatterTest" time="0.008"/>
  <testcase name="testWhitespaceSurroundingOperators" classname="org.eclipse.cdt.ui.tests.text.CodeFormatterTest" time="0.003"/>
  <testcase name="testMacroAfterElse" classname="org.eclipse.cdt.ui.tests.text.CodeFormatterTest" time="0.005"/>
  <testcase name="testMacroFormatting2_Bug241819" classname="org.eclipse.cdt.ui.tests.text.CodeFormatterTest" time="0.004"/>
  <testcase name="testFormatterRegressions_Bug225858" classname="org.eclipse.cdt.ui.tests.text.CodeFormatterTest" time="0.003"/>
  <testcase name="testFunctionDefinition" classname="org.eclipse.cdt.ui.tests.text.CodeFormatterTest" time="0.003"/>
  <testcase name="testWhiteSmithsAccessSpecifierIndentation2_Bug204575" classname="org.eclipse.cdt.ui.tests.text.CodeFormatterTest" time="0.002"/>
  <testcase name="testLineWrappingOfConstructorCall_Bug237097" classname="org.eclipse.cdt.ui.tests.text.CodeFormatterTest" time="0.01"/>
  <testcase name="testGNUCodingStyleConformance_Bug192764" classname="org.eclipse.cdt.ui.tests.text.CodeFormatterTest" time="0.003"/>
  <testcase name="testIfStatement" classname="org.eclipse.cdt.ui.tests.text.CodeFormatterTest" time="0.004"/>
  <testcase name="testPreserveWhitespaceInParameterDecl_Bug228997" classname="org.eclipse.cdt.ui.tests.text.CodeFormatterTest" time="0.024"/>
  <testcase name="testNestedTemplateParameters_Bug206801" classname="org.eclipse.cdt.ui.tests.text.CodeFormatterTest" time="0.003"/>
  <testcase name="testLineCommentPreserveWhiteSpaceBefore" classname="org.eclipse.cdt.ui.tests.text.CodeFormatterTest" time="0.006"/>
  <testcase name="testNamespaceAlias" classname="org.eclipse.cdt.ui.tests.text.CodeFormatterTest" time="0.003"/>
  <testcase name="testNestedTemplatedArgument_Bug241058" classname="org.eclipse.cdt.ui.tests.text.CodeFormatterTest" time="0.004"/>
  <testcase name="testFunctionDeclaration" classname="org.eclipse.cdt.ui.tests.text.CodeFormatterTest" time="0.006"/>
  <testcase name="testCompoundStatementAsMacro_Temp" classname="org.eclipse.cdt.ui.tests.text.CodeFormatterTest" time="0.006"/>
  <testcase name="testPreserveBlankLineAfterInclude" classname="org.eclipse.cdt.ui.tests.text.CodeFormatterTest" time="0.002"/>
  <testcase name="testConditionalExpressionChain" classname="org.eclipse.cdt.ui.tests.text.CodeFormatterTest" time="0.011"/>
  <testcase name="testIndentConfusionByCastExpression_Bug191021" classname="org.eclipse.cdt.ui.tests.text.CodeFormatterTest" time="0.006"/>
  <testcase name="testPreserveNewlineBetweenTypeAndFunctionDeclarator" classname="org.eclipse.cdt.ui.tests.text.CodeFormatterTest" time="0.004"/>
  <testcase name="testFunctionCall_1" classname="org.eclipse.cdt.ui.tests.text.CodeFormatterTest" time="0.007"/>
  <testcase name="testFunctionCall_2" classname="org.eclipse.cdt.ui.tests.text.CodeFormatterTest" time="0.004"/>
  <testcase name="testFunctionCall_3" classname="org.eclipse.cdt.ui.tests.text.CodeFormatterTest" time="0.004"/>
  <testcase name="testFunctionCall_4" classname="org.eclipse.cdt.ui.tests.text.CodeFormatterTest" time="0.003"/>
  <testcase name="testPlacementNewAsMacro_Bug298593" classname="org.eclipse.cdt.ui.tests.text.CodeFormatterTest" time="0.003"/>
  <testcase name="testUsingDeclaration" classname="org.eclipse.cdt.ui.tests.text.CodeFormatterTest" time="0.003"/>
  <testcase name="testSpaceBetweenTypeAndIdentifier_Bug194603" classname="org.eclipse.cdt.ui.tests.text.CodeFormatterTest" time="0.001"/>
  <testcase name="testStaticCastInInitializer_Bug353974" classname="org.eclipse.cdt.ui.tests.text.CodeFormatterTest" time="0.003"/>
  <testcase name="testKeywordFinalDerivedClass_Bug460551" classname="org.eclipse.cdt.ui.tests.text.CodeFormatterTest" time="0.002"/>
  <testcase name="testMacroAfterComment" classname="org.eclipse.cdt.ui.tests.text.CodeFormatterTest" time="0.005"/>
  <testcase name="testMacroInBinaryExpression_Bug344379" classname="org.eclipse.cdt.ui.tests.text.CodeFormatterTest" time="0.003"/>
  <testcase name="testKeepWrappedLines_Bug322776_2" classname="org.eclipse.cdt.ui.tests.text.CodeFormatterTest" time="0.003"/>
  <testcase name="testPreserveSpaceBetweenPointerModifierAndIdentifier_Bug243056" classname="org.eclipse.cdt.ui.tests.text.CodeFormatterTest" time="0.003"/>
  <testcase name="testLineCommentMinDistanceFromCode" classname="org.eclipse.cdt.ui.tests.text.CodeFormatterTest" time="0.003"/>
  <testcase name="testIndentAfterDotF_Bug232739" classname="org.eclipse.cdt.ui.tests.text.CodeFormatterTest" time="0.002"/>
  <testcase name="testSpaceBetweenDeclSpecAndDeclarator" classname="org.eclipse.cdt.ui.tests.text.CodeFormatterTest" time="0.002"/>
  <testcase name="testAlignmentOfBinaryExpression_Bug325787" classname="org.eclipse.cdt.ui.tests.text.CodeFormatterTest" time="0.003"/>
  <testcase name="testMacroStatement" classname="org.eclipse.cdt.ui.tests.text.CodeFormatterTest" time="0.003"/>
  <testcase name="testSpaceBeforeSemicolonInFor_Bug242232" classname="org.eclipse.cdt.ui.tests.text.CodeFormatterTest" time="0.004"/>
  <testcase name="testAlignmentOfExceptionSpecificationInMethodDeclaration_Bug191980" classname="org.eclipse.cdt.ui.tests.text.CodeFormatterTest" time="0.002"/>
  <testcase name="testMacroArguments" classname="org.eclipse.cdt.ui.tests.text.CodeFormatterTest" time="0.004"/>
  <testcase name="testFunctionCallWithTemplates_Bug357300" classname="org.eclipse.cdt.ui.tests.text.CodeFormatterTest" time="0.004"/>
  <testcase name="testCrLfAfterSingleLineComment_Bug442186" classname="org.eclipse.cdt.ui.tests.text.CodeFormatterTest" time="0.002"/>
  <testcase name="testBracesInMacros_Bug217435" classname="org.eclipse.cdt.ui.tests.text.CodeFormatterTest" time="0.004"/>
  <testcase name="testAlignmentOfClassDefinitionBaseClause2_Bug192656" classname="org.eclipse.cdt.ui.tests.text.CodeFormatterTest" time="0.002"/>
  <testcase name="testOverloadedLeftShiftChain_1" classname="org.eclipse.cdt.ui.tests.text.CodeFormatterTest" time="0.007"/>
  <testcase name="testOverloadedLeftShiftChain_2" classname="org.eclipse.cdt.ui.tests.text.CodeFormatterTest" time="0.007"/>
  <testcase name="testOverloadedLeftShiftChain_3" classname="org.eclipse.cdt.ui.tests.text.CodeFormatterTest" time="0.006"/>
  <testcase name="testOverloadedLeftShiftChain_4" classname="org.eclipse.cdt.ui.tests.text.CodeFormatterTest" time="0.009"/>
  <testcase name="testOverloadedLeftShiftChain_5" classname="org.eclipse.cdt.ui.tests.text.CodeFormatterTest" time="0.007"/>
  <testcase name="testOverloadedLeftShiftChain_6" classname="org.eclipse.cdt.ui.tests.text.CodeFormatterTest" time="0.008"/>
  <testcase name="testOverloadedLeftShiftChain_7" classname="org.eclipse.cdt.ui.tests.text.CodeFormatterTest" time="0.007"/>
  <testcase name="testLineWrappingOfThrowSpecification_Bug200959" classname="org.eclipse.cdt.ui.tests.text.CodeFormatterTest" time="0.001"/>
  <testcase name="testDoWhileInMacro_Bug359658" classname="org.eclipse.cdt.ui.tests.text.CodeFormatterTest" time="0.005"/>
  <testcase name="testSpaceBeforeAndAfterAlternativeLogicalOperator_Bug239461" classname="org.eclipse.cdt.ui.tests.text.CodeFormatterTest" time="0.002"/>
  <testcase name="testBackslashUInPreprocessorDirective_Bug350433" classname="org.eclipse.cdt.ui.tests.text.CodeFormatterTest" time="0.002"/>
  <testcase name="testMacroInSwitch" classname="org.eclipse.cdt.ui.tests.text.CodeFormatterTest" time="0.004"/>
  <testcase name="testPreserveNecessarySpace_Bug250969" classname="org.eclipse.cdt.ui.tests.text.CodeFormatterTest" time="0.004"/>
  <testcase name="testPreserveNecessarySpace_Bug268962" classname="org.eclipse.cdt.ui.tests.text.CodeFormatterTest" time="0.003"/>
  <testcase name="testArrayInitializer" classname="org.eclipse.cdt.ui.tests.text.CIndenterTest" time="0.002"/>
  <testcase name="testIndentationAfterShiftRight_Bug192412" classname="org.eclipse.cdt.ui.tests.text.CIndenterTest" time="0.001"/>
  <testcase name="testStringLiteralAsLastArgument_2_Bug192412" classname="org.eclipse.cdt.ui.tests.text.CIndenterTest" time="0.001"/>
  <testcase name="testCaseBlockAfterCharLiteral_Bug194710" classname="org.eclipse.cdt.ui.tests.text.CIndenterTest" time="0.001"/>
  <testcase name="testWrappedOutputStream" classname="org.eclipse.cdt.ui.tests.text.CIndenterTest" time="0.001"/>
  <testcase name="testWrappedAssignment_3_Bug277624" classname="org.eclipse.cdt.ui.tests.text.CIndenterTest" time="0.001"/>
  <testcase name="testWrappedFor_4_Bug277625" classname="org.eclipse.cdt.ui.tests.text.CIndenterTest" time="0.001"/>
  <testcase name="testBitFields_Bug193298" classname="org.eclipse.cdt.ui.tests.text.CIndenterTest" time="0.001"/>
  <testcase name="testIndentedClass_4_Bug210417" classname="org.eclipse.cdt.ui.tests.text.CIndenterTest" time="0.003"/>
  <testcase name="testIndentationAfterEnumValueAssignment_Bug324031" classname="org.eclipse.cdt.ui.tests.text.CIndenterTest" time="0.001"/>
  <testcase name="testFunctionDeclaration_1" classname="org.eclipse.cdt.ui.tests.text.CIndenterTest" time="0.001"/>
  <testcase name="testFunctionDeclaration_2" classname="org.eclipse.cdt.ui.tests.text.CIndenterTest" time="0.001"/>
  <testcase name="testFunctionDeclaration_3" classname="org.eclipse.cdt.ui.tests.text.CIndenterTest" time="0.001"/>
  <testcase name="testConstructorBody_Bug194586" classname="org.eclipse.cdt.ui.tests.text.CIndenterTest" time="0.001"/>
  <testcase name="testFunctionParameters_1" classname="org.eclipse.cdt.ui.tests.text.CIndenterTest" time="0.002"/>
  <testcase name="testFunctionParameters_2" classname="org.eclipse.cdt.ui.tests.text.CIndenterTest" time="0.001"/>
  <testcase name="testFunctionParameters_3" classname="org.eclipse.cdt.ui.tests.text.CIndenterTest" time="0.001"/>
  <testcase name="testFunctionParameters_4" classname="org.eclipse.cdt.ui.tests.text.CIndenterTest" time="0.001"/>
  <testcase name="testWhiteSmithsAccessSpecifier_1_Bug204575" classname="org.eclipse.cdt.ui.tests.text.CIndenterTest" time="0.002"/>
  <testcase name="testIndentationOfConstructorBodyWithFieldInitializer_Bug298282" classname="org.eclipse.cdt.ui.tests.text.CIndenterTest" time="0.002"/>
  <testcase name="testConstructorBodyWithInitializer_2" classname="org.eclipse.cdt.ui.tests.text.CIndenterTest" time="0.001"/>
  <testcase name="testOperatorMethodBody_1_Bug192412" classname="org.eclipse.cdt.ui.tests.text.CIndenterTest" time="0.001"/>
  <testcase name="testIndentationAfterArrowOperator_Bug192412" classname="org.eclipse.cdt.ui.tests.text.CIndenterTest" time="0.001"/>
  <testcase name="testInitializerLists_Bug194585" classname="org.eclipse.cdt.ui.tests.text.CIndenterTest" time="0.001"/>
  <testcase name="testWrappedFor_1_Bug277625" classname="org.eclipse.cdt.ui.tests.text.CIndenterTest" time="0.001"/>
  <testcase name="testMultilineFunctionCall_Bug380490" classname="org.eclipse.cdt.ui.tests.text.CIndenterTest" time="0.002"/>
  <testcase name="testConstructorBodyWithInitializer_1_Bug194586" classname="org.eclipse.cdt.ui.tests.text.CIndenterTest" time="0.001"/>
  <testcase name="testIndentedClass_1_Bug210417" classname="org.eclipse.cdt.ui.tests.text.CIndenterTest" time="0.002"/>
  <testcase name="testWhiteSmithsAccessSpecifier_3_Bug204575" classname="org.eclipse.cdt.ui.tests.text.CIndenterTest" time="0.003"/>
  <testcase name="testIndentationAfterGreaterOrEquals_Bug192412" classname="org.eclipse.cdt.ui.tests.text.CIndenterTest" time="0.001"/>
  <testcase name="testStringLiteralAsLastArgument_1_Bug192412" classname="org.eclipse.cdt.ui.tests.text.CIndenterTest" time="0"/>
  <testcase name="testClassDeclaration_Bug278713" classname="org.eclipse.cdt.ui.tests.text.CIndenterTest" time="0.002"/>
  <testcase name="testNestedInitializerLists_Bug194585" classname="org.eclipse.cdt.ui.tests.text.CIndenterTest" time="0.001"/>
  <testcase name="testConstructorBodyWithThrow_Bug194586" classname="org.eclipse.cdt.ui.tests.text.CIndenterTest" time="0.001"/>
  <testcase name="testWrappedAssignment_2_Bug277624" classname="org.eclipse.cdt.ui.tests.text.CIndenterTest" time="0.001"/>
  <testcase name="testWrappedDefine" classname="org.eclipse.cdt.ui.tests.text.CIndenterTest" time="0"/>
  <testcase name="testNamespace_1" classname="org.eclipse.cdt.ui.tests.text.CIndenterTest" time="0.001"/>
  <testcase name="testNamespace_2" classname="org.eclipse.cdt.ui.tests.text.CIndenterTest" time="0.001"/>
  <testcase name="testWrappedFor_3_Bug277625" classname="org.eclipse.cdt.ui.tests.text.CIndenterTest" time="0.001"/>
  <testcase name="testWhiteSmithsSwitch_1" classname="org.eclipse.cdt.ui.tests.text.CIndenterTest" time="0.002"/>
  <testcase name="testWhiteSmithsSwitch_2" classname="org.eclipse.cdt.ui.tests.text.CIndenterTest" time="0.002"/>
  <testcase name="testIndentedClass_3_Bug210417" classname="org.eclipse.cdt.ui.tests.text.CIndenterTest" time="0.002"/>
  <testcase name="testIndentationOfEnumeratorDeclWithInitializer_Bug303175" classname="org.eclipse.cdt.ui.tests.text.CIndenterTest" time="0.002"/>
  <testcase name="testBaseClause_Bug383277" classname="org.eclipse.cdt.ui.tests.text.CIndenterTest" time="0.002"/>
  <testcase name="testStringLiteralAsLastArgument_3_Bug192412" classname="org.eclipse.cdt.ui.tests.text.CIndenterTest" time="0"/>
  <testcase name="testIndentationOfConstMethodBody_Bug298282" classname="org.eclipse.cdt.ui.tests.text.CIndenterTest" time="0.002"/>
  <testcase name="testIndentationOfCaseWithSignedConstant_Bug304150" classname="org.eclipse.cdt.ui.tests.text.CIndenterTest" time="0.001"/>
  <testcase name="testConditionalExpression_Bug283970" classname="org.eclipse.cdt.ui.tests.text.CIndenterTest" time="0.002"/>
  <testcase name="testCallOfTemplateFunction" classname="org.eclipse.cdt.ui.tests.text.CIndenterTest" time="0.001"/>
  <testcase name="testIndentationAfterFunctionHeaderWithPointerReturnType_Bug334805" classname="org.eclipse.cdt.ui.tests.text.CIndenterTest" time="0.003"/>
  <testcase name="testIndentationOfTypedefedCompositeType_Bug324031" classname="org.eclipse.cdt.ui.tests.text.CIndenterTest" time="0.002"/>
  <testcase name="testWhiteSmithsAccessSpecifier_2_Bug204575" classname="org.eclipse.cdt.ui.tests.text.CIndenterTest" time="0.001"/>
  <testcase name="testTemplateClass" classname="org.eclipse.cdt.ui.tests.text.CIndenterTest" time="0.001"/>
  <testcase name="testOperatorMethodBody_2_Bug192412" classname="org.eclipse.cdt.ui.tests.text.CIndenterTest" time="0.001"/>
  <testcase name="testIndentationInsideLinkageSpec_Bug299482" classname="org.eclipse.cdt.ui.tests.text.CIndenterTest" time="0.001"/>
  <testcase name="testWrappedAssignment_1_Bug277624" classname="org.eclipse.cdt.ui.tests.text.CIndenterTest" time="0.001"/>
  <testcase name="testWrappedFor_2_Bug277625" classname="org.eclipse.cdt.ui.tests.text.CIndenterTest" time="0.001"/>
  <testcase name="testIndentedClass_2_Bug210417" classname="org.eclipse.cdt.ui.tests.text.CIndenterTest" time="0.002"/>
  <testcase name="testSourroundWithForLoopTemplateDefault" classname="org.eclipse.cdt.ui.tests.text.TemplateFormatterTest" time="0.029"/>
  <testcase name="testForLoopTemplateDefault" classname="org.eclipse.cdt.ui.tests.text.TemplateFormatterTest" time="0.002"/>
  <testcase name="testSourroundWithForLoopTemplateMixedIndent" classname="org.eclipse.cdt.ui.tests.text.TemplateFormatterTest" time="0.002"/>
  <testcase name="testForLoopTemplateMixedIndent" classname="org.eclipse.cdt.ui.tests.text.TemplateFormatterTest" time="0.002"/>
  <testcase name="_testIndentationProblemWithBackslashInComment_Bug274973" classname="org.eclipse.cdt.ui.tests.text.TemplateFormatterTest" time="0.004"/>
  <testcase name="testMultiPreviousLn2" classname="org.eclipse.cdt.ui.tests.text.CBreakIteratorTest" time="0.002"/>
  <testcase name="testPreviousCamelCaseWord" classname="org.eclipse.cdt.ui.tests.text.CBreakIteratorTest" time="0.005"/>
  <testcase name="testNext1" classname="org.eclipse.cdt.ui.tests.text.CBreakIteratorTest" time="0"/>
  <testcase name="testNext2" classname="org.eclipse.cdt.ui.tests.text.CBreakIteratorTest" time="0.001"/>
  <testcase name="testMultiNextLn" classname="org.eclipse.cdt.ui.tests.text.CBreakIteratorTest" time="0"/>
  <testcase name="testPreviousLn" classname="org.eclipse.cdt.ui.tests.text.CBreakIteratorTest" time="0.001"/>
  <testcase name="testPrevious1" classname="org.eclipse.cdt.ui.tests.text.CBreakIteratorTest" time="0"/>
  <testcase name="testPrevious2" classname="org.eclipse.cdt.ui.tests.text.CBreakIteratorTest" time="0.001"/>
  <testcase name="testMultiPreviousLn" classname="org.eclipse.cdt.ui.tests.text.CBreakIteratorTest" time="0.001"/>
  <testcase name="testMultiNextLn2" classname="org.eclipse.cdt.ui.tests.text.CBreakIteratorTest" time="0"/>
  <testcase name="testNextCamelCaseWord" classname="org.eclipse.cdt.ui.tests.text.CBreakIteratorTest" time="0.001"/>
  <testcase name="testNextLn" classname="org.eclipse.cdt.ui.tests.text.CBreakIteratorTest" time="0"/>
  <testcase name="testPreviousParen" classname="org.eclipse.cdt.ui.tests.text.CBreakIteratorTest" time="0.001"/>
  <testcase name="testPreviousSpace" classname="org.eclipse.cdt.ui.tests.text.CBreakIteratorTest" time="0"/>
  <testcase name="testNextParen" classname="org.eclipse.cdt.ui.tests.text.CBreakIteratorTest" time="0.001"/>
  <testcase name="testNextSpace" classname="org.eclipse.cdt.ui.tests.text.CBreakIteratorTest" time="0"/>
  <testcase name="testMultiPreviousLn2" classname="org.eclipse.cdt.ui.tests.text.CWordIteratorTest" time="0.001"/>
  <testcase name="testPreviousCamelCaseWord" classname="org.eclipse.cdt.ui.tests.text.CWordIteratorTest" time="0.002"/>
  <testcase name="testNext1" classname="org.eclipse.cdt.ui.tests.text.CWordIteratorTest" time="0"/>
  <testcase name="testNext2" classname="org.eclipse.cdt.ui.tests.text.CWordIteratorTest" time="0"/>
  <testcase name="testMultiNextLn" classname="org.eclipse.cdt.ui.tests.text.CWordIteratorTest" time="0"/>
  <testcase name="testPreviousLn" classname="org.eclipse.cdt.ui.tests.text.CWordIteratorTest" time="0"/>
  <testcase name="testPrevious1" classname="org.eclipse.cdt.ui.tests.text.CWordIteratorTest" time="0.001"/>
  <testcase name="testPrevious2" classname="org.eclipse.cdt.ui.tests.text.CWordIteratorTest" time="0"/>
  <testcase name="testMultiPreviousLn" classname="org.eclipse.cdt.ui.tests.text.CWordIteratorTest" time="0"/>
  <testcase name="testMultiNextLn2" classname="org.eclipse.cdt.ui.tests.text.CWordIteratorTest" time="0.001"/>
  <testcase name="testNextCamelCaseWord" classname="org.eclipse.cdt.ui.tests.text.CWordIteratorTest" time="0"/>
  <testcase name="testNextLn" classname="org.eclipse.cdt.ui.tests.text.CWordIteratorTest" time="0"/>
  <testcase name="testPreviousParen" classname="org.eclipse.cdt.ui.tests.text.CWordIteratorTest" time="0.001"/>
  <testcase name="testPreviousSpace" classname="org.eclipse.cdt.ui.tests.text.CWordIteratorTest" time="0"/>
  <testcase name="testNextParen" classname="org.eclipse.cdt.ui.tests.text.CWordIteratorTest" time="0"/>
  <testcase name="testNextSpace" classname="org.eclipse.cdt.ui.tests.text.CWordIteratorTest" time="0"/>
  <testcase name="testDependentMethodCall_379626" classname="org.eclipse.cdt.ui.tests.text.SemanticHighlightingTest" time="1.342"/>
  <testcase name="testQualifiedEnum_485709" classname="org.eclipse.cdt.ui.tests.text.SemanticHighlightingTest" time="1.049"/>
  <testcase name="testHighlightingInsideAlignmentSpecifier_451082" classname="org.eclipse.cdt.ui.tests.text.SemanticHighlightingTest" time="1.12"/>
  <testcase name="testOverrideInMacroExpansion_486683a" classname="org.eclipse.cdt.ui.tests.text.SemanticHighlightingTest" time="1.125"/>
  <testcase name="testOverrideInMacroExpansion_486683b" classname="org.eclipse.cdt.ui.tests.text.SemanticHighlightingTest" time="1.056"/>
  <testcase name="testLocalVariableInLambdaCapture_486679" classname="org.eclipse.cdt.ui.tests.text.SemanticHighlightingTest" time="0.813"/>
  <testcase name="testMethodNameInsideMacro_486682" classname="org.eclipse.cdt.ui.tests.text.SemanticHighlightingTest" time="1.238"/>
  <testcase name="testInheritingConstructor_484898" classname="org.eclipse.cdt.ui.tests.text.SemanticHighlightingTest" time="1.076"/>
  <testcase name="testVariousHighlightings" classname="org.eclipse.cdt.ui.tests.text.SemanticHighlightingTest" time="1.831"/>
  <testcase name="testVariableTemplates_486672" classname="org.eclipse.cdt.ui.tests.text.SemanticHighlightingTest" time="1.27"/>
  <testcase name="testCStructureName_451772" classname="org.eclipse.cdt.ui.tests.text.SemanticHighlightingTest" time="1.81"/>
  <testcase name="testAliasTemplates_416748" classname="org.eclipse.cdt.ui.tests.text.SemanticHighlightingTest" time="0.931"/>
  <testcase name="testNPE_458317" classname="org.eclipse.cdt.ui.tests.text.SemanticHighlightingTest" time="1.261"/>
  <testcase name="testVariablePassedByNonconstRef_487764a" classname="org.eclipse.cdt.ui.tests.text.SemanticHighlightingTest" time="1.057"/>
  <testcase name="testVariablePassedByNonconstRef_487764b" classname="org.eclipse.cdt.ui.tests.text.SemanticHighlightingTest" time="1.081"/>
  <testcase name="testOverloadedOperatorInMacroExpansion_371839" classname="org.eclipse.cdt.ui.tests.text.SemanticHighlightingTest" time="1.063"/>
  <testcase name="testDependentEnum_486688" classname="org.eclipse.cdt.ui.tests.text.SemanticHighlightingTest" time="0.916"/>
  <testcase name="testLexicalColoringInsideMacroExpansion_490415" classname="org.eclipse.cdt.ui.tests.text.SemanticHighlightingTest" time="2.14"/>
  <testcase name="testLexicalColoringInsideMacroExpansion_496696" classname="org.eclipse.cdt.ui.tests.text.SemanticHighlightingTest" time="1.062"/>
  <testcase name="testUserDefinedLiteralSuffix_484617" classname="org.eclipse.cdt.ui.tests.text.SemanticHighlightingTest" time="0.883"/>
  <testcase name="testRecursion_491834" classname="org.eclipse.cdt.ui.tests.text.SemanticHighlightingTest" time="1.547"/>
  <testcase name="testInactiveCodePositions" classname="org.eclipse.cdt.ui.tests.text.InactiveCodeHighlightingTest" time="0.755"/>
  <testcase name="testHeaderNoSpaceBetween" classname="org.eclipse.cdt.ui.tests.text.CHeaderRuleTest" time="0.001"/>
  <testcase name="testBooleanLogic" classname="org.eclipse.cdt.ui.tests.text.CHeaderRuleTest" time="0"/>
  <testcase name="testHeaderExtraSpacesBefore" classname="org.eclipse.cdt.ui.tests.text.CHeaderRuleTest" time="0"/>
  <testcase name="testHeader2" classname="org.eclipse.cdt.ui.tests.text.CHeaderRuleTest" time="0"/>
  <testcase name="testHeaderExtraSpacesBetween" classname="org.eclipse.cdt.ui.tests.text.CHeaderRuleTest" time="0"/>
  <testcase name="testHeader" classname="org.eclipse.cdt.ui.tests.text.CHeaderRuleTest" time="0"/>
  <testcase name="testVariableDeclaration" classname="org.eclipse.cdt.ui.tests.text.CHeaderRuleTest" time="0"/>
  <testcase name="testHeaderIncludeNext" classname="org.eclipse.cdt.ui.tests.text.CHeaderRuleTest" time="0"/>
  <testcase name="testNonNumbers" classname="org.eclipse.cdt.ui.tests.text.NumberRuleTest" time="0.001"/>
  <testcase name="testBug163691" classname="org.eclipse.cdt.ui.tests.text.NumberRuleTest" time="0"/>
  <testcase name="testIntegers" classname="org.eclipse.cdt.ui.tests.text.NumberRuleTest" time="0"/>
  <testcase name="testFloats" classname="org.eclipse.cdt.ui.tests.text.NumberRuleTest" time="0"/>
  <testcase name="testAngleBracketsAsPairsMultiline" classname="org.eclipse.cdt.ui.tests.text.PairMatcherTest" time="0.001"/>
  <testcase name="testAngleBracketsAsPairsNested" classname="org.eclipse.cdt.ui.tests.text.PairMatcherTest" time="0"/>
  <testcase name="testBeforeClosingMatch" classname="org.eclipse.cdt.ui.tests.text.PairMatcherTest" time="0"/>
  <testcase name="testAfterOpeningMatch" classname="org.eclipse.cdt.ui.tests.text.PairMatcherTest" time="0"/>
  <testcase name="testDoubleClosingAngleBrackets_Bug335702" classname="org.eclipse.cdt.ui.tests.text.PairMatcherTest" time="0"/>
  <testcase name="testAngleBracketsAsPairs" classname="org.eclipse.cdt.ui.tests.text.PairMatcherTest" time="0"/>
  <testcase name="testBeforeClosingMatchWithNL" classname="org.eclipse.cdt.ui.tests.text.PairMatcherTest" time="0"/>
  <testcase name="testAngleBracketsAsPairs2" classname="org.eclipse.cdt.ui.tests.text.PairMatcherTest" time="0"/>
  <testcase name="testBeforeOpeningMatch" classname="org.eclipse.cdt.ui.tests.text.PairMatcherTest" time="0"/>
  <testcase name="testBeforeClosingMatchWithNLAndSingleLineComment" classname="org.eclipse.cdt.ui.tests.text.PairMatcherTest" time="0"/>
  <testcase name="testAfterClosingMatchWithNL" classname="org.eclipse.cdt.ui.tests.text.PairMatcherTest" time="0"/>
  <testcase name="testAngleBracketsAsOperators" classname="org.eclipse.cdt.ui.tests.text.PairMatcherTest" time="0"/>
  <testcase name="testAfterClosingMatchWithNLAndSingleLineComment" classname="org.eclipse.cdt.ui.tests.text.PairMatcherTest" time="0"/>
  <testcase name="testAfterClosingMatch" classname="org.eclipse.cdt.ui.tests.text.PairMatcherTest" time="0"/>
  <testcase name="testMarkEnumeratorOccurrences" classname="org.eclipse.cdt.ui.tests.text.MarkOccurrenceTest" time="1.558"/>
  <testcase name="testMarkOperatorOccurrences" classname="org.eclipse.cdt.ui.tests.text.MarkOccurrenceTest" time="1.626"/>
  <testcase name="testMarkDestructorOccurrences" classname="org.eclipse.cdt.ui.tests.text.MarkOccurrenceTest" time="1.505"/>
  <testcase name="testMarkTypeOccurrences2" classname="org.eclipse.cdt.ui.tests.text.MarkOccurrenceTest" time="1.417"/>
  <testcase name="testMarkTypeOccurrences3" classname="org.eclipse.cdt.ui.tests.text.MarkOccurrenceTest" time="1.608"/>
  <testcase name="testMarkMethodOccurrences2" classname="org.eclipse.cdt.ui.tests.text.MarkOccurrenceTest" time="1.498"/>
  <testcase name="testMarkMethodOccurrences" classname="org.eclipse.cdt.ui.tests.text.MarkOccurrenceTest" time="1.752"/>
  <testcase name="testMarkNamespaceOccurrences" classname="org.eclipse.cdt.ui.tests.text.MarkOccurrenceTest" time="1.537"/>
  <testcase name="testMarkMacroOccurrences" classname="org.eclipse.cdt.ui.tests.text.MarkOccurrenceTest" time="1.382"/>
  <testcase name="testMarkConstructorOccurrences" classname="org.eclipse.cdt.ui.tests.text.MarkOccurrenceTest" time="1.442"/>
  <testcase name="testMarkTemplateIdOccurrences" classname="org.eclipse.cdt.ui.tests.text.MarkOccurrenceTest" time="1.432"/>
  <testcase name="testMarkLabelOccurrences" classname="org.eclipse.cdt.ui.tests.text.MarkOccurrenceTest" time="1.487"/>
  <testcase name="testMarkNamespaceVariableOccurrences" classname="org.eclipse.cdt.ui.tests.text.MarkOccurrenceTest" time="1.509"/>
  <testcase name="testNoOccurrencesIfDisabled" classname="org.eclipse.cdt.ui.tests.text.MarkOccurrenceTest" time="1.386"/>
  <testcase name="testMarkTypedefOccurrences" classname="org.eclipse.cdt.ui.tests.text.MarkOccurrenceTest" time="1.504"/>
  <testcase name="testMarkLocalOccurrences" classname="org.eclipse.cdt.ui.tests.text.MarkOccurrenceTest" time="1.435"/>
  <testcase name="testMarkReferencedLabel" classname="org.eclipse.cdt.ui.tests.text.MarkOccurrenceTest" time="1.448"/>
  <testcase name="testMarkTypeOccurrences" classname="org.eclipse.cdt.ui.tests.text.MarkOccurrenceTest" time="1.458"/>
  <testcase name="testMarkFieldOccurrences2" classname="org.eclipse.cdt.ui.tests.text.MarkOccurrenceTest" time="1.473"/>
  <testcase name="testMarkOccurrencesAfterEditorReuse" classname="org.eclipse.cdt.ui.tests.text.MarkOccurrenceTest" time="1.93"/>
  <testcase name="testMarkTemplateParameterOccurrences" classname="org.eclipse.cdt.ui.tests.text.MarkOccurrenceTest" time="1.453"/>
  <testcase name="testMarkLabelReference" classname="org.eclipse.cdt.ui.tests.text.MarkOccurrenceTest" time="1.501"/>
  <testcase name="testMarkFieldOccurrences" classname="org.eclipse.cdt.ui.tests.text.MarkOccurrenceTest" time="1.54"/>
  <testcase name="testMarkEmptyMacroOccurrences" classname="org.eclipse.cdt.ui.tests.text.MarkOccurrenceTest" time="1.468"/>
  <testcase name="testMarkClassTemplateOccurrences" classname="org.eclipse.cdt.ui.tests.text.MarkOccurrenceTest" time="1.445"/>
  <testcase name="testToggleFolding_Bug186729" classname="org.eclipse.cdt.ui.tests.text.FoldingTest" time="0.88"/>
  <testcase name="testInitialFolding" classname="org.eclipse.cdt.ui.tests.text.FoldingTest" time="0.847"/>
  <testcase name="testToggleFoldingNoASTRequired" classname="org.eclipse.cdt.ui.tests.text.FoldingTest" time="0.842"/>
  <testcase name="testNonFileEFSResource_Bug278632" classname="org.eclipse.cdt.ui.tests.text.BasicCEditorTest" time="0.242"/>
  <testcase name="testScalabilityDialogNotDismissedInadvertently_417909" classname="org.eclipse.cdt.ui.tests.text.BasicCEditorTest" time="0.872"/>
  <testcase name="testEditExternalTranslationUnitUsingFileStore" classname="org.eclipse.cdt.ui.tests.text.BasicCEditorTest" time="2.62"/>
  <testcase name="testLeakingInstanceAfterClose" classname="org.eclipse.cdt.ui.tests.text.BasicCEditorTest" time="1.244"/>
  <testcase name="testEditNewTranslationUnit" classname="org.eclipse.cdt.ui.tests.text.BasicCEditorTest" time="10.522"/>
  <testcase name="testEditTranslationUnit" classname="org.eclipse.cdt.ui.tests.text.BasicCEditorTest" time="2.432"/>
  <testcase name="testEditExternalTranslationUnit" classname="org.eclipse.cdt.ui.tests.text.BasicCEditorTest" time="2.363"/>
  <testcase name="testEditInNonCProject" classname="org.eclipse.cdt.ui.tests.text.BasicCEditorTest" time="0.97"/>
  <testcase name="testSyntaxHighlighting_Bug180433" classname="org.eclipse.cdt.ui.tests.text.BasicCEditorTest" time="0.773"/>
  <testcase name="testHyperlinksCKeywords" classname="org.eclipse.cdt.ui.tests.text.HyperlinkTest" time="0.698"/>
  <testcase name="testHyperlinksCpp" classname="org.eclipse.cdt.ui.tests.text.HyperlinkTest" time="0.774"/>
  <testcase name="testHyperlinksInactiveCode" classname="org.eclipse.cdt.ui.tests.text.HyperlinkTest" time="0.625"/>
  <testcase name="testHyperlinksCppWithoutAST" classname="org.eclipse.cdt.ui.tests.text.HyperlinkTest" time="0.77"/>
  <testcase name="testBasic" classname="org.eclipse.cdt.ui.tests.text.CWordFinderTest" time="0.038"/>
  <testcase name="testFindWord" classname="org.eclipse.cdt.ui.tests.text.CWordFinderTest" time="0.001"/>
  <testcase name="testFindWordOnDocumentStart_Bug193461" classname="org.eclipse.cdt.ui.tests.text.CWordFinderTest" time="0"/>
[...]
  <testcase name="testTestCorrectTemplateOrderingInHeaderToInClass" classname="org.eclipse.cdt.ui.tests.refactoring.togglefunction.ToggleRefactoringTest" time="0.054"/>
  <testcase name="testHeaderToClassTryCatchComment" classname="org.eclipse.cdt.ui.tests.refactoring.togglefunction.ToggleRefactoringTest" time="0.052"/>
  <testcase name="testTestCorrectTemplateOrderingInClassToInHeader" classname="org.eclipse.cdt.ui.tests.refactoring.togglefunction.ToggleRefactoringTest" time="0.065"/>
  <testcase name="testTestConstructorToggleInImplementationToClass" classname="org.eclipse.cdt.ui.tests.refactoring.togglefunction.ToggleRefactoringTest" time="0.063"/>
  <testcase name="testToggleWithTemplateQualifierInReturnType_399931" classname="org.eclipse.cdt.ui.tests.refactoring.togglefunction.ToggleRefactoringTest" time="0.045"/>
  <testcase name="testTestBodySelection" classname="org.eclipse.cdt.ui.tests.refactoring.togglefunction.ToggleRefactoringTest" time="0.035"/>
  <testcase name="testTestMultipledefinitions" classname="org.eclipse.cdt.ui.tests.refactoring.togglefunction.ToggleRefactoringTest" time="0.031"/>
  <testcase name="testHeaderToClassBodyComment1" classname="org.eclipse.cdt.ui.tests.refactoring.togglefunction.ToggleRefactoringTest" time="0.034"/>
  <testcase name="testFunctionInNestedNamespaceToSource_464102" classname="org.eclipse.cdt.ui.tests.refactoring.togglefunction.ToggleRefactoringTest" time="0.04"/>
  <testcase name="testToggleFunctionFromNestedTemplate_399931" classname="org.eclipse.cdt.ui.tests.refactoring.togglefunction.ToggleRefactoringTest" time="0.053"/>
  <testcase name="testClassToHeaderTemplateTopComment" classname="org.eclipse.cdt.ui.tests.refactoring.togglefunction.ToggleRefactoringTest" time="0.049"/>
  <testcase name="testTestVirtualSpecifierFromInHeaderToImplementation" classname="org.eclipse.cdt.ui.tests.refactoring.togglefunction.ToggleRefactoringTest" time="0.055"/>
  <testcase name="testTestSimpleFunctionInClassToInHeader" classname="org.eclipse.cdt.ui.tests.refactoring.togglefunction.ToggleRefactoringTest" time="0.04"/>
  <testcase name="testTestMultipleDeclarations" classname="org.eclipse.cdt.ui.tests.refactoring.togglefunction.ToggleRefactoringTest" time="0.032"/>
  <testcase name="testToggleWithTemplateArgumentDependentQualifierInReturnType_399931" classname="org.eclipse.cdt.ui.tests.refactoring.togglefunction.ToggleRefactoringTest" time="0.049"/>
  <testcase name="testTestConstructorToggleInClassToInHeader" classname="org.eclipse.cdt.ui.tests.refactoring.togglefunction.ToggleRefactoringTest" time="0.033"/>
  <testcase name="testHeaderToClassRetainTopComments" classname="org.eclipse.cdt.ui.tests.refactoring.togglefunction.ToggleRefactoringTest" time="0.034"/>
  <testcase name="testTestBodySelectionWithConfusingName" classname="org.eclipse.cdt.ui.tests.refactoring.togglefunction.ToggleRefactoringTest" time="0.035"/>
  <testcase name="testImplToHeaderTryCatchComment" classname="org.eclipse.cdt.ui.tests.refactoring.togglefunction.ToggleRefactoringTest" time="0.038"/>
  <testcase name="testQualifiedFunctionInNestedNamespaceToSource_464102" classname="org.eclipse.cdt.ui.tests.refactoring.togglefunction.ToggleRefactoringTest" time="0.044"/>
  <testcase name="testTestDefaultParameterInitializerInClassToInHeader" classname="org.eclipse.cdt.ui.tests.refactoring.togglefunction.ToggleRefactoringTest" time="0.045"/>
  <testcase name="testTestFreeFunctionToggleFromHeaderToImplementation" classname="org.eclipse.cdt.ui.tests.refactoring.togglefunction.ToggleRefactoringTest" time="0.053"/>
  <testcase name="testHeaderToImplTryCatchComment" classname="org.eclipse.cdt.ui.tests.refactoring.togglefunction.ToggleRefactoringTest" time="0.07"/>
  <testcase name="testToggleFunctionWithTypedefReturntypeToHeader_399217" classname="org.eclipse.cdt.ui.tests.refactoring.togglefunction.ToggleRefactoringTest" time="0.056"/>
  <testcase name="testTestCorrectOrderingInHeaderToImplementation" classname="org.eclipse.cdt.ui.tests.refactoring.togglefunction.ToggleRefactoringTest" time="0.068"/>
  <testcase name="testTestSimpleNamespaceInHeaderToImplementationWithNamespaceDefinitionInImplementation" classname="org.eclipse.cdt.ui.tests.refactoring.togglefunction.ToggleRefactoringTest" time="0.053"/>
  <testcase name="testQualifiedFunctionInRecurringNestedNamespaceToSourceWithInnerNamespace_464102" classname="org.eclipse.cdt.ui.tests.refactoring.togglefunction.ToggleRefactoringTest" time="0.074"/>
  <testcase name="testToggleMemberFunctionOfPartialSpecializationWithTwoParameters_399931" classname="org.eclipse.cdt.ui.tests.refactoring.togglefunction.ToggleRefactoringTest" time="0.036"/>
  <testcase name="testClassToHeaderTrailingMultipleCommentsInTryBlock" classname="org.eclipse.cdt.ui.tests.refactoring.togglefunction.ToggleRefactoringTest" time="0.039"/>
  <testcase name="testFileFromHeaderToImpl" classname="org.eclipse.cdt.ui.tests.refactoring.togglefunction.ToggleRefactoringCTest" time="0.059"/>
  <testcase name="testToggleCFunction" classname="org.eclipse.cdt.ui.tests.refactoring.togglefunction.ToggleRefactoringCTest" time="0.04"/>
  <testcase name="testGetFilenameWithoutExtension1" classname="org.eclipse.cdt.ui.tests.refactoring.togglefunction.ToggleNodeHelperTest" time="0"/>
  <testcase name="testGetFilenameWithoutExtension2" classname="org.eclipse.cdt.ui.tests.refactoring.togglefunction.ToggleNodeHelperTest" time="0"/>
  <testcase name="testOptionalMap" classname="org.eclipse.cdt.ui.tests.refactoring.includes.IncludeMapTest" time="0"/>
  <testcase name="testOptionalCyclicMap" classname="org.eclipse.cdt.ui.tests.refactoring.includes.IncludeMapTest" time="0"/>
  <testcase name="testUnconditionalCyclicMap" classname="org.eclipse.cdt.ui.tests.refactoring.includes.IncludeMapTest" time="0"/>
  <testcase name="testUpconditionalMap" classname="org.eclipse.cdt.ui.tests.refactoring.includes.IncludeMapTest" time="0"/>
  <testcase name="testConstructorCall" classname="org.eclipse.cdt.ui.tests.refactoring.includes.BindingClassifierTest" time="0.075"/>
  <testcase name="testVariableReference" classname="org.eclipse.cdt.ui.tests.refactoring.includes.BindingClassifierTest" time="0.029"/>
  <testcase name="testMethodCall_488349" classname="org.eclipse.cdt.ui.tests.refactoring.includes.BindingClassifierTest" time="0.029"/>
  <testcase name="testBaseClause_421398" classname="org.eclipse.cdt.ui.tests.refactoring.includes.BindingClassifierTest" time="0.028"/>
  <testcase name="testIdentityMacro_487972" classname="org.eclipse.cdt.ui.tests.refactoring.includes.BindingClassifierTest" time="0.029"/>
  <testcase name="testClassMember" classname="org.eclipse.cdt.ui.tests.refactoring.includes.BindingClassifierTest" time="0.032"/>
  <testcase name="testMethodCall" classname="org.eclipse.cdt.ui.tests.refactoring.includes.BindingClassifierTest" time="0.028"/>
  <testcase name="testFunctionCallWithTypeConversion_1" classname="org.eclipse.cdt.ui.tests.refactoring.includes.BindingClassifierTest" time="0.029"/>
  <testcase name="testFunctionCallWithTypeConversion_2" classname="org.eclipse.cdt.ui.tests.refactoring.includes.BindingClassifierTest" time="0.039"/>
  <testcase name="testBaseClass" classname="org.eclipse.cdt.ui.tests.refactoring.includes.BindingClassifierTest" time="0.039"/>
  <testcase name="testFunctionDeclarationWithTypeConversion" classname="org.eclipse.cdt.ui.tests.refactoring.includes.BindingClassifierTest" time="0.046"/>
  <testcase name="testFieldReference_487971" classname="org.eclipse.cdt.ui.tests.refactoring.includes.BindingClassifierTest" time="0.055"/>
  <testcase name="testLambdaExpression" classname="org.eclipse.cdt.ui.tests.refactoring.includes.BindingClassifierTest" time="0.036"/>
  <testcase name="testTemplatesAllowingIncompleteParameterType_1" classname="org.eclipse.cdt.ui.tests.refactoring.includes.BindingClassifierTest" time="0.047"/>
  <testcase name="testTemplatesAllowingIncompleteParameterType_2" classname="org.eclipse.cdt.ui.tests.refactoring.includes.BindingClassifierTest" time="0.043"/>
  <testcase name="testTemplatesAllowingIncompleteParameterType_3" classname="org.eclipse.cdt.ui.tests.refactoring.includes.BindingClassifierTest" time="0.039"/>
  <testcase name="testTemplatesAllowingIncompleteParameterType_4" classname="org.eclipse.cdt.ui.tests.refactoring.includes.BindingClassifierTest" time="0.038"/>
  <testcase name="testTemplatesAllowingIncompleteParameterType_5" classname="org.eclipse.cdt.ui.tests.refactoring.includes.BindingClassifierTest" time="0.029"/>
  <testcase name="testConstructorCallWithTypedef" classname="org.eclipse.cdt.ui.tests.refactoring.includes.BindingClassifierTest" time="0.029"/>
  <testcase name="testOverloadedOperator" classname="org.eclipse.cdt.ui.tests.refactoring.includes.BindingClassifierTest" time="0.023"/>
  <testcase name="testFieldReference" classname="org.eclipse.cdt.ui.tests.refactoring.includes.BindingClassifierTest" time="0.03"/>
  <testcase name="testFunctionCallWithTypedef" classname="org.eclipse.cdt.ui.tests.refactoring.includes.BindingClassifierTest" time="0.03"/>
  <testcase name="testMacro_1" classname="org.eclipse.cdt.ui.tests.refactoring.includes.BindingClassifierTest" time="0.03"/>
  <testcase name="testMacro_2" classname="org.eclipse.cdt.ui.tests.refactoring.includes.BindingClassifierTest" time="0.029"/>
  <testcase name="testMacro_3" classname="org.eclipse.cdt.ui.tests.refactoring.includes.BindingClassifierTest" time="0.03"/>
  <testcase name="testMacro_4" classname="org.eclipse.cdt.ui.tests.refactoring.includes.BindingClassifierTest" time="0.029"/>
  <testcase name="testMacro_5" classname="org.eclipse.cdt.ui.tests.refactoring.includes.BindingClassifierTest" time="0.029"/>
  <testcase name="testMacro_6" classname="org.eclipse.cdt.ui.tests.refactoring.includes.BindingClassifierTest" time="0.038"/>
  <testcase name="testTemplate_1" classname="org.eclipse.cdt.ui.tests.refactoring.includes.BindingClassifierTest" time="0.138"/>
  <testcase name="testTemplate_2" classname="org.eclipse.cdt.ui.tests.refactoring.includes.BindingClassifierTest" time="0.028"/>
  <testcase name="testCallOperator" classname="org.eclipse.cdt.ui.tests.refactoring.includes.BindingClassifierTest" time="0.038"/>
  <testcase name="testSuperClassMethodCall_436656" classname="org.eclipse.cdt.ui.tests.refactoring.includes.BindingClassifierTest" time="0.03"/>
  <testcase name="testClassHierarchy" classname="org.eclipse.cdt.ui.tests.refactoring.includes.BindingClassifierTest" time="0.03"/>
  <testcase name="testMethodDefinition" classname="org.eclipse.cdt.ui.tests.refactoring.includes.BindingClassifierTest" time="0.032"/>
  <testcase name="testInitializerList_506529" classname="org.eclipse.cdt.ui.tests.refactoring.includes.BindingClassifierTest" time="0.028"/>
  <testcase name="testFieldAccess_442841_1" classname="org.eclipse.cdt.ui.tests.refactoring.includes.BindingClassifierTest" time="0.03"/>
  <testcase name="testFieldAccess_442841_2" classname="org.eclipse.cdt.ui.tests.refactoring.includes.BindingClassifierTest" time="0.033"/>
  <testcase name="testNamespaceAlias" classname="org.eclipse.cdt.ui.tests.refactoring.includes.BindingClassifierTest" time="0.034"/>
  <testcase name="testTypedef_1" classname="org.eclipse.cdt.ui.tests.refactoring.includes.BindingClassifierTest" time="0.033"/>
  <testcase name="testTypedef_2" classname="org.eclipse.cdt.ui.tests.refactoring.includes.BindingClassifierTest" time="0.031"/>
  <testcase name="testTypedef_3" classname="org.eclipse.cdt.ui.tests.refactoring.includes.BindingClassifierTest" time="0.036"/>
  <testcase name="testFunctionReturnType_1" classname="org.eclipse.cdt.ui.tests.refactoring.includes.BindingClassifierTest" time="0.031"/>
  <testcase name="testFunctionReturnType_2" classname="org.eclipse.cdt.ui.tests.refactoring.includes.BindingClassifierTest" time="0.034"/>
  <testcase name="testFunctionReturnType_3" classname="org.eclipse.cdt.ui.tests.refactoring.includes.BindingClassifierTest" time="0.03"/>
  <testcase name="testUsingDeclaration" classname="org.eclipse.cdt.ui.tests.refactoring.includes.BindingClassifierTest" time="0.028"/>
  <testcase name="testConstructorChainInitializer" classname="org.eclipse.cdt.ui.tests.refactoring.includes.BindingClassifierTest" time="0.031"/>
  <testcase name="testFunctionCallWithReferenceParameter" classname="org.eclipse.cdt.ui.tests.refactoring.includes.BindingClassifierTest" time="0.042"/>
  <testcase name="testVariableDeclaration" classname="org.eclipse.cdt.ui.tests.refactoring.includes.BindingClassifierTest" time="0.038"/>
  <testcase name="testFunctionCallWithPointerParameter_1" classname="org.eclipse.cdt.ui.tests.refactoring.includes.BindingClassifierTest" time="0.039"/>
  <testcase name="testFunctionCallWithPointerParameter_2" classname="org.eclipse.cdt.ui.tests.refactoring.includes.BindingClassifierTest" time="0.03"/>
  <testcase name="testSymbolToDeclareIsDefinedInIncludedHeader" classname="org.eclipse.cdt.ui.tests.refactoring.includes.IncludeOrganizerTest" time="0.161"/>
  <testcase name="testVariableReference" classname="org.eclipse.cdt.ui.tests.refactoring.includes.IncludeOrganizerTest" time="0.047"/>
  <testcase name="testMethodCall_488349" classname="org.eclipse.cdt.ui.tests.refactoring.includes.IncludeOrganizerTest" time="0.059"/>
  <testcase name="testHeaderExport" classname="org.eclipse.cdt.ui.tests.refactoring.includes.IncludeOrganizerTest" time="0.062"/>
  <testcase name="testIndirectHeaderExport" classname="org.eclipse.cdt.ui.tests.refactoring.includes.IncludeOrganizerTest" time="0.063"/>
  <testcase name="testMacro" classname="org.eclipse.cdt.ui.tests.refactoring.includes.IncludeOrganizerTest" time="0.037"/>
  <testcase name="testExportedSymbol" classname="org.eclipse.cdt.ui.tests.refactoring.includes.IncludeOrganizerTest" time="0.045"/>
  <testcase name="testForwardDeclarations" classname="org.eclipse.cdt.ui.tests.refactoring.includes.IncludeOrganizerTest" time="0.11"/>
  <testcase name="testPrivateHeaders" classname="org.eclipse.cdt.ui.tests.refactoring.includes.IncludeOrganizerTest" time="0.055"/>
  <testcase name="testExistingIncludes" classname="org.eclipse.cdt.ui.tests.refactoring.includes.IncludeOrganizerTest" time="0.046"/>
  <testcase name="testFieldAccess_442841" classname="org.eclipse.cdt.ui.tests.refactoring.includes.IncludeOrganizerTest" time="0.042"/>
  <testcase name="testIncludeGuards" classname="org.eclipse.cdt.ui.tests.refactoring.includes.IncludeOrganizerTest" time="0.04"/>
  <testcase name="testNoExistingIncludes" classname="org.eclipse.cdt.ui.tests.refactoring.includes.IncludeOrganizerTest" time="0.048"/>
  <testcase name="testExistingPartnerIncludeIsNotRemoved" classname="org.eclipse.cdt.ui.tests.refactoring.includes.IncludeOrganizerTest" time="0.039"/>
  <testcase name="testPartnerInclusion" classname="org.eclipse.cdt.ui.tests.refactoring.includes.IncludeOrganizerTest" time="0.053"/>
  <testcase name="testPragmaKeep" classname="org.eclipse.cdt.ui.tests.refactoring.includes.IncludeOrganizerTest" time="0.053"/>
  <testcase name="testPragmaOnce" classname="org.eclipse.cdt.ui.tests.refactoring.includes.IncludeOrganizerTest" time="0.096"/>
  <testcase name="testMethodDefinedInHeader" classname="org.eclipse.cdt.ui.tests.refactoring.includes.IncludeOrganizerTest" time="0.065"/>
  <testcase name="testExistingIncludesNoReordering" classname="org.eclipse.cdt.ui.tests.refactoring.includes.IncludeOrganizerTest" time="0.052"/>
  <testcase name="testGetMatchingFunctions" classname="org.eclipse.cdt.ui.tests.chelp.CHelpTest" time="0.001"/>
  <testcase name="testCHelpBookDescriptors" classname="org.eclipse.cdt.ui.tests.chelp.CHelpTest" time="0.07"/>
  <testcase name="testGetHelpResources" classname="org.eclipse.cdt.ui.tests.chelp.CHelpTest" time="0.001"/>
  <testcase name="testGetFunctionInfo" classname="org.eclipse.cdt.ui.tests.chelp.CHelpTest" time="0"/>
  <testcase name="testCHelpProviderManagerGeneral" classname="org.eclipse.cdt.ui.tests.chelp.CHelpTest" time="0.07"/>
  <testcase name="testEmptyName" classname="org.eclipse.cdt.ui.tests.wizards.classwizard.ClassWizardNameTest" time="0.344"/>
  <testcase name="testAllowedCharacters" classname="org.eclipse.cdt.ui.tests.wizards.classwizard.ClassWizardNameTest" time="0.001"/>
  <testcase name="testStandardKeyword" classname="org.eclipse.cdt.ui.tests.wizards.classwizard.ClassWizardNameTest" time="0.001"/>
  <testcase name="testFirstCharacter" classname="org.eclipse.cdt.ui.tests.wizards.classwizard.ClassWizardNameTest" time="0.003"/>
  <testcase name="testNotValid" classname="org.eclipse.cdt.ui.tests.wizards.settingswizards.SettingsImportExportTest" time="0.382"/>
  <testcase name="testNormalExportImport" classname="org.eclipse.cdt.ui.tests.wizards.settingswizards.SettingsImportExportTest" time="0.239"/>
  <testcase name="testImage" classname="org.eclipse.cdt.ui.tests.misc.CDTSharedImagesTests" time="0"/>
  <testcase name="testVerifyFields" classname="org.eclipse.cdt.ui.tests.misc.CDTSharedImagesTests" time="0.002"/>
  <testcase name="testOverlays" classname="org.eclipse.cdt.ui.tests.misc.CDTSharedImagesTests" time="0.003"/>
  <testcase name="testNoImage" classname="org.eclipse.cdt.ui.tests.misc.CDTSharedImagesTests" time="0.006"/>
  <testcase name="testConcurrentExceptionInLanguageVerifier" classname="org.eclipse.cdt.ui.tests.misc.LanguageVerifierTests" time="0.002"/>
  <testcase name="testFilesWithSameNameInSubdirectory_421544" classname="org.eclipse.cdt.ui.tests.editor.SourceHeaderPartnerFinderTest" time="0.064"/>
  <testcase name="testSharedDefaults" classname="org.eclipse.cdt.ui.tests.templateengine.TestTemplateEngine" time="0.431"/>
  <testcase name="testSingleton" classname="org.eclipse.cdt.ui.tests.templateengine.TestTemplateEngine" time="0"/>
  <testcase name="testPersistTrueIDs" classname="org.eclipse.cdt.ui.tests.templateengine.TestTemplateCore" time="0.013"/>
  <testcase name="testGetAllMissingMacrosInProcesses" classname="org.eclipse.cdt.ui.tests.templateengine.TestTemplateCore" time="0.001"/>
  <testcase name="testValueStoreNotNull" classname="org.eclipse.cdt.ui.tests.templateengine.TestTemplateCore" time="0.001"/>
  <testcase name="testCompareValueStoreWithTemplateDefaluts" classname="org.eclipse.cdt.ui.tests.templateengine.TestValueStore" time="0"/>
  <testcase name="testValueStoreNotNull" classname="org.eclipse.cdt.ui.tests.templateengine.TestValueStore" time="0"/>
  <testcase name="testDeleteBackEndStorage" classname="org.eclipse.cdt.ui.tests.templateengine.TestSharedDefaults" time="0.005"/>
  <testcase name="testAddToBackEndStorage" classname="org.eclipse.cdt.ui.tests.templateengine.TestSharedDefaults" time="0.002"/>
  <testcase name="testUpdateToBackEndStorage" classname="org.eclipse.cdt.ui.tests.templateengine.TestSharedDefaults" time="0.004"/>
  <testcase name="testAddFile" classname="org.eclipse.cdt.ui.tests.templateengine.TestProcesses" time="0.041"/>
  <testcase name="testAddLink" classname="org.eclipse.cdt.ui.tests.templateengine.TestProcesses" time="0.033"/>
  <testcase name="testCreateResourceIdentifier" classname="org.eclipse.cdt.ui.tests.templateengine.TestProcesses" time="0.029"/>
  <testcase name="testCopy" classname="org.eclipse.cdt.ui.tests.templateengine.TestProcesses" time="0.033"/>
  <testcase name="testAddFiles" classname="org.eclipse.cdt.ui.tests.templateengine.TestProcesses" time="0.021"/>
  <testcase name="testAppend" classname="org.eclipse.cdt.ui.tests.templateengine.TestProcesses" time="0.223"/>
  <testcase name="testCreateSourceFolder" classname="org.eclipse.cdt.ui.tests.templateengine.TestProcesses" time="0.07"/>
  <testcase name="testAppendCreate" classname="org.eclipse.cdt.ui.tests.templateengine.TestProcesses" time="0.034"/>
  <testcase name="testBug215283" classname="org.eclipse.cdt.ui.tests.templateengine.TestTemplateEngineBugs" time="0.001"/>
</testsuite>