-------------------------------------------------------------------------------
Test set: org.eclipse.cdt.make.ui.tests.AutomatedIntegrationSuite
-------------------------------------------------------------------------------
Tests run: 4, Failures: 0, Errors: 0, Skipped: 0, Time elapsed: 3.193 sec - in org.eclipse.cdt.make.ui.tests.AutomatedIntegrationSuite
testImage(org.eclipse.cdt.make.ui.tests.MakeUIImagesTest)  Time elapsed: 3.081 sec
testVerifyFields(org.eclipse.cdt.make.ui.tests.MakeUIImagesTest)  Time elapsed: 0 sec
testOverlays(org.eclipse.cdt.make.ui.tests.MakeUIImagesTest)  Time elapsed: 0.006 sec
testNoImage(org.eclipse.cdt.make.ui.tests.MakeUIImagesTest)  Time elapsed: 0.044 sec
