-------------------------------------------------------------------------------
Test set: org.eclipse.cdt.managedbuilder.tests.suite.AutomatedIntegrationSuite
-------------------------------------------------------------------------------
Tests run: 217, Failures: 0, Errors: 0, Skipped: 0, Time elapsed: 113.132 sec - in org.eclipse.cdt.managedbuilder.tests.suite.AutomatedIntegrationSuite
testGnu(org.eclipse.cdt.managedbuilder.tests.suite.Preconditions)  Time elapsed: 0.105 sec
testContentTypes(org.eclipse.cdt.managedbuilder.tests.suite.Preconditions)  Time elapsed: 0 sec
testBasicCfgScannerConfigProfileChanges(org.eclipse.cdt.build.core.scannerconfig.tests.CfgScannerConfigProfileManagerTests)  Time elapsed: 7.103 sec
testProcessLine_ParamUnused(org.eclipse.cdt.build.core.scannerconfig.tests.GCCSpecsConsoleParserTest)  Time elapsed: 0.001 sec
testProcessLine_NoArgs(org.eclipse.cdt.build.core.scannerconfig.tests.GCCSpecsConsoleParserTest)  Time elapsed: 0 sec
testProcessLine_EmptyArgList(org.eclipse.cdt.build.core.scannerconfig.tests.GCCSpecsConsoleParserTest)  Time elapsed: 0 sec
testProcessLine_EmptyBody(org.eclipse.cdt.build.core.scannerconfig.tests.GCCSpecsConsoleParserTest)  Time elapsed: 0.001 sec
testProcessLine_ParamSpace(org.eclipse.cdt.build.core.scannerconfig.tests.GCCSpecsConsoleParserTest)  Time elapsed: 0 sec
testProcessLine_Const(org.eclipse.cdt.build.core.scannerconfig.tests.GCCSpecsConsoleParserTest)  Time elapsed: 0 sec
testNulls(org.eclipse.cdt.managedbuilder.language.settings.providers.tests.LanguageSettingsProvidersMBSTest)  Time elapsed: 0.043 sec
testProjectPersistence_Defaults(org.eclipse.cdt.managedbuilder.language.settings.providers.tests.LanguageSettingsProvidersMBSTest)  Time elapsed: 0.736 sec
testGnuToolchainProviders(org.eclipse.cdt.managedbuilder.language.settings.providers.tests.LanguageSettingsProvidersMBSTest)  Time elapsed: 0.619 sec
testProjectPersistence_NoProviders(org.eclipse.cdt.managedbuilder.language.settings.providers.tests.LanguageSettingsProvidersMBSTest)  Time elapsed: 0.675 sec
testEndOfLine(org.eclipse.cdt.managedbuilder.language.settings.providers.tests.GCCBuildCommandParserTest)  Time elapsed: 0.153 sec
testContentType_Mismatch(org.eclipse.cdt.managedbuilder.language.settings.providers.tests.GCCBuildCommandParserTest)  Time elapsed: 0.121 sec
testFileMissing(org.eclipse.cdt.managedbuilder.language.settings.providers.tests.GCCBuildCommandParserTest)  Time elapsed: 0.043 sec
testAbstractBuildCommandParser_SerializeDOM(org.eclipse.cdt.managedbuilder.language.settings.providers.tests.GCCBuildCommandParserTest)  Time elapsed: 0.005 sec
testContentType_FileExtensions(org.eclipse.cdt.managedbuilder.language.settings.providers.tests.GCCBuildCommandParserTest)  Time elapsed: 0.186 sec
testCMacroEntry(org.eclipse.cdt.managedbuilder.language.settings.providers.tests.GCCBuildCommandParserTest)  Time elapsed: 0.125 sec
testEntriesProjectLevel(org.eclipse.cdt.managedbuilder.language.settings.providers.tests.GCCBuildCommandParserTest)  Time elapsed: 0.124 sec
testPathEntry_MappedRemoteFolder(org.eclipse.cdt.managedbuilder.language.settings.providers.tests.GCCBuildCommandParserTest)  Time elapsed: 0.051 sec
testFileAbsolutePath_ProjectLevel_DriveLetter(org.eclipse.cdt.managedbuilder.language.settings.providers.tests.GCCBuildCommandParserTest)  Time elapsed: 0.001 sec
testPathEntry_MappedFolderInReferencedProject(org.eclipse.cdt.managedbuilder.language.settings.providers.tests.GCCBuildCommandParserTest)  Time elapsed: 0.098 sec
testPathEntry_NavigateSymbolicLinkUpAbsolute(org.eclipse.cdt.managedbuilder.language.settings.providers.tests.GCCBuildCommandParserTest)  Time elapsed: 0.176 sec
testOneEntry(org.eclipse.cdt.managedbuilder.language.settings.providers.tests.GCCBuildCommandParserTest)  Time elapsed: 0.12 sec
testCISystemPathEntry(org.eclipse.cdt.managedbuilder.language.settings.providers.tests.GCCBuildCommandParserTest)  Time elapsed: 0.122 sec
testAbstractBuildCommandParser_CloneAndEquals(org.eclipse.cdt.managedbuilder.language.settings.providers.tests.GCCBuildCommandParserTest)  Time elapsed: 0.001 sec
testEntriesFolderLevel(org.eclipse.cdt.managedbuilder.language.settings.providers.tests.GCCBuildCommandParserTest)  Time elapsed: 0.117 sec
testFileAbsolutePath(org.eclipse.cdt.managedbuilder.language.settings.providers.tests.GCCBuildCommandParserTest)  Time elapsed: 0.117 sec
testCMacroEntry_undef(org.eclipse.cdt.managedbuilder.language.settings.providers.tests.GCCBuildCommandParserTest)  Time elapsed: 0.143 sec
testPathEntry_BuildDirDefinedByConfiguration_RelativePath(org.eclipse.cdt.managedbuilder.language.settings.providers.tests.GCCBuildCommandParserTest)  Time elapsed: 0.135 sec
testBoostBjam(org.eclipse.cdt.managedbuilder.language.settings.providers.tests.GCCBuildCommandParserTest)  Time elapsed: 0.126 sec
testPathEntry_FollowCWD(org.eclipse.cdt.managedbuilder.language.settings.providers.tests.GCCBuildCommandParserTest)  Time elapsed: 0.126 sec
testMixedSettingEntries(org.eclipse.cdt.managedbuilder.language.settings.providers.tests.GCCBuildCommandParserTest)  Time elapsed: 0.118 sec
testEntriesFileLevel(org.eclipse.cdt.managedbuilder.language.settings.providers.tests.GCCBuildCommandParserTest)  Time elapsed: 0.122 sec
testPathEntry_Efs(org.eclipse.cdt.managedbuilder.language.settings.providers.tests.GCCBuildCommandParserTest)  Time elapsed: 0.13 sec
testCIncludeFileEntry(org.eclipse.cdt.managedbuilder.language.settings.providers.tests.GCCBuildCommandParserTest)  Time elapsed: 0.027 sec
testCIncludePathEntryFrameworks(org.eclipse.cdt.managedbuilder.language.settings.providers.tests.GCCBuildCommandParserTest)  Time elapsed: 0.122 sec
testLineContinuation(org.eclipse.cdt.managedbuilder.language.settings.providers.tests.GCCBuildCommandParserTest)  Time elapsed: 0.126 sec
testPathEntry_EfsMappedFolder(org.eclipse.cdt.managedbuilder.language.settings.providers.tests.GCCBuildCommandParserTest)  Time elapsed: 0.122 sec
testGccFlavors(org.eclipse.cdt.managedbuilder.language.settings.providers.tests.GCCBuildCommandParserTest)  Time elapsed: 0.133 sec
testFileAbsolutePath_NoProject(org.eclipse.cdt.managedbuilder.language.settings.providers.tests.GCCBuildCommandParserTest)  Time elapsed: 0.138 sec
testAbstractBuildCommandParser_Basic(org.eclipse.cdt.managedbuilder.language.settings.providers.tests.GCCBuildCommandParserTest)  Time elapsed: 0.117 sec
testAbstractBuildCommandParser_Nulls(org.eclipse.cdt.managedbuilder.language.settings.providers.tests.GCCBuildCommandParserTest)  Time elapsed: 0.101 sec
testFileAbsolutePath_ProjectLevel(org.eclipse.cdt.managedbuilder.language.settings.providers.tests.GCCBuildCommandParserTest)  Time elapsed: 0.124 sec
testCIncludePathEntry(org.eclipse.cdt.managedbuilder.language.settings.providers.tests.GCCBuildCommandParserTest)  Time elapsed: 0.117 sec
testCLibraryFileEntry(org.eclipse.cdt.managedbuilder.language.settings.providers.tests.GCCBuildCommandParserTest)  Time elapsed: 0.113 sec
testPathEntry_MappedFolderInProject(org.eclipse.cdt.managedbuilder.language.settings.providers.tests.GCCBuildCommandParserTest)  Time elapsed: 0.129 sec
testPathEntry_DoNotExpandRelativePath(org.eclipse.cdt.managedbuilder.language.settings.providers.tests.GCCBuildCommandParserTest)  Time elapsed: 0.117 sec
testPathEntry_NonExistentCWD_Workspace(org.eclipse.cdt.managedbuilder.language.settings.providers.tests.GCCBuildCommandParserTest)  Time elapsed: 0.116 sec
testPathEntry_NavigateSymbolicLinkUpRelative(org.eclipse.cdt.managedbuilder.language.settings.providers.tests.GCCBuildCommandParserTest)  Time elapsed: 0.117 sec
testEntriesProjectLevelGlobalProvider(org.eclipse.cdt.managedbuilder.language.settings.providers.tests.GCCBuildCommandParserTest)  Time elapsed: 0.101 sec
testFileIgnoreWrongBuildDir(org.eclipse.cdt.managedbuilder.language.settings.providers.tests.GCCBuildCommandParserTest)  Time elapsed: 0.118 sec
testPathEntry_GuessCWD(org.eclipse.cdt.managedbuilder.language.settings.providers.tests.GCCBuildCommandParserTest)  Time elapsed: 0.119 sec
testUpperCase(org.eclipse.cdt.managedbuilder.language.settings.providers.tests.GCCBuildCommandParserTest)  Time elapsed: 0.028 sec
testCLibraryPathEntry(org.eclipse.cdt.managedbuilder.language.settings.providers.tests.GCCBuildCommandParserTest)  Time elapsed: 0.116 sec
testPathEntry_DuplicatePath(org.eclipse.cdt.managedbuilder.language.settings.providers.tests.GCCBuildCommandParserTest)  Time elapsed: 0.112 sec
testPathEntry_DriveLetter(org.eclipse.cdt.managedbuilder.language.settings.providers.tests.GCCBuildCommandParserTest)  Time elapsed: 0.001 sec
testFileAbsolutePath_ProjectLevelGlobalProvider(org.eclipse.cdt.managedbuilder.language.settings.providers.tests.GCCBuildCommandParserTest)  Time elapsed: 0.101 sec
testContentType_None(org.eclipse.cdt.managedbuilder.language.settings.providers.tests.GCCBuildCommandParserTest)  Time elapsed: 0.101 sec
testPathEntry_NonExistentCWD_Filesystem(org.eclipse.cdt.managedbuilder.language.settings.providers.tests.GCCBuildCommandParserTest)  Time elapsed: 0.115 sec
testCMacroFileEntry(org.eclipse.cdt.managedbuilder.language.settings.providers.tests.GCCBuildCommandParserTest)  Time elapsed: 0.018 sec
testAbstractBuildCommandParser_GettersSetters(org.eclipse.cdt.managedbuilder.language.settings.providers.tests.GCCBuildCommandParserTest)  Time elapsed: 0.001 sec
testPathEntry_BuildDirDefinedByConfiguration_AbsolutePath(org.eclipse.cdt.managedbuilder.language.settings.providers.tests.GCCBuildCommandParserTest)  Time elapsed: 0.128 sec
testPathEntry_ExpandRelativePath(org.eclipse.cdt.managedbuilder.language.settings.providers.tests.GCCBuildCommandParserTest)  Time elapsed: 0.117 sec
testPathEntry_MappedFolderInAnotherProject(org.eclipse.cdt.managedbuilder.language.settings.providers.tests.GCCBuildCommandParserTest)  Time elapsed: 0.134 sec
testFileWithSpaces(org.eclipse.cdt.managedbuilder.language.settings.providers.tests.GCCBuildCommandParserTest)  Time elapsed: 0.12 sec
testAbstractBuiltinSpecsDetector_RerunOnCommandArgsChange(org.eclipse.cdt.managedbuilder.language.settings.providers.tests.BuiltinSpecsDetectorTest)  Time elapsed: 0.27 sec
testAbstractBuiltinSpecsDetector_Nulls(org.eclipse.cdt.managedbuilder.language.settings.providers.tests.BuiltinSpecsDetectorTest)  Time elapsed: 0.003 sec
testAbstractBuiltinSpecsDetector_EnvChangesConfiguration_1(org.eclipse.cdt.managedbuilder.language.settings.providers.tests.BuiltinSpecsDetectorTest)  Time elapsed: 0.346 sec
testAbstractBuiltinSpecsDetector_EnvChangesConfiguration_2(org.eclipse.cdt.managedbuilder.language.settings.providers.tests.BuiltinSpecsDetectorTest)  Time elapsed: 0.338 sec
testAbstractBuiltinSpecsDetector_GettersSetters(org.eclipse.cdt.managedbuilder.language.settings.providers.tests.BuiltinSpecsDetectorTest)  Time elapsed: 0.272 sec
testAbstractBuiltinSpecsDetector_GroupSettings(org.eclipse.cdt.managedbuilder.language.settings.providers.tests.BuiltinSpecsDetectorTest)  Time elapsed: 0.001 sec
testAbstractBuiltinSpecsDetector_SerializeEntriesDOM(org.eclipse.cdt.managedbuilder.language.settings.providers.tests.BuiltinSpecsDetectorTest)  Time elapsed: 0.106 sec
testAbstractBuiltinSpecsDetector_SerializeDOM(org.eclipse.cdt.managedbuilder.language.settings.providers.tests.BuiltinSpecsDetectorTest)  Time elapsed: 0.001 sec
testAbstractBuiltinSpecsDetector_CloneAndEquals(org.eclipse.cdt.managedbuilder.language.settings.providers.tests.BuiltinSpecsDetectorTest)  Time elapsed: 0.206 sec
testAbstractBuiltinSpecsDetector_RunGlobal(org.eclipse.cdt.managedbuilder.language.settings.providers.tests.BuiltinSpecsDetectorTest)  Time elapsed: 0.005 sec
testAbstractBuiltinSpecsDetector_CompilerUpgrade_SymbolicLink(org.eclipse.cdt.managedbuilder.language.settings.providers.tests.BuiltinSpecsDetectorTest)  Time elapsed: 0.206 sec
testAbstractBuiltinSpecsDetector_RunConfiguration(org.eclipse.cdt.managedbuilder.language.settings.providers.tests.BuiltinSpecsDetectorTest)  Time elapsed: 0.016 sec
testAbstractBuiltinSpecsDetector_CompilerUpgrade(org.eclipse.cdt.managedbuilder.language.settings.providers.tests.BuiltinSpecsDetectorTest)  Time elapsed: 0.207 sec
testAbstractBuiltinSpecsDetector_EnvChangesGlobal(org.eclipse.cdt.managedbuilder.language.settings.providers.tests.BuiltinSpecsDetectorTest)  Time elapsed: 0.307 sec
testGCCBuiltinSpecsDetector_Macro_Simple(org.eclipse.cdt.managedbuilder.language.settings.providers.tests.GCCBuiltinSpecsDetectorTest)  Time elapsed: 0.007 sec
testGCCBuiltinSpecsDetector_Cygwin_NoProject(org.eclipse.cdt.managedbuilder.language.settings.providers.tests.GCCBuiltinSpecsDetectorTest)  Time elapsed: 0.002 sec
testGCCBuiltinSpecsDetector_Macro_ParamUnused(org.eclipse.cdt.managedbuilder.language.settings.providers.tests.GCCBuiltinSpecsDetectorTest)  Time elapsed: 0.002 sec
testGCCBuiltinSpecsDetector_Macro_ParamSpace(org.eclipse.cdt.managedbuilder.language.settings.providers.tests.GCCBuiltinSpecsDetectorTest)  Time elapsed: 0.002 sec
testGCCBuiltinSpecsDetector_Macro_ArgsNoValue(org.eclipse.cdt.managedbuilder.language.settings.providers.tests.GCCBuiltinSpecsDetectorTest)  Time elapsed: 0.002 sec
testGCCBuiltinSpecsDetector_Includes_Duplicates(org.eclipse.cdt.managedbuilder.language.settings.providers.tests.GCCBuiltinSpecsDetectorTest)  Time elapsed: 0.366 sec
testGCCBuiltinSpecsDetector_Includes_WhiteSpaces(org.eclipse.cdt.managedbuilder.language.settings.providers.tests.GCCBuiltinSpecsDetectorTest)  Time elapsed: 0.004 sec
test_GCCBuiltinSpecsDetector_ResolveModifiedCommand(org.eclipse.cdt.managedbuilder.language.settings.providers.tests.GCCBuiltinSpecsDetectorTest)  Time elapsed: 0.492 sec
testGCCBuiltinSpecsDetector_Macro_Args_WhiteSpaces(org.eclipse.cdt.managedbuilder.language.settings.providers.tests.GCCBuiltinSpecsDetectorTest)  Time elapsed: 0.003 sec
testGCCBuiltinSpecsDetector_ResolvedCommand_Flags(org.eclipse.cdt.managedbuilder.language.settings.providers.tests.GCCBuiltinSpecsDetectorTest)  Time elapsed: 0.003 sec
testGCCBuiltinSpecsDetector_Cygwin_Configuration(org.eclipse.cdt.managedbuilder.language.settings.providers.tests.GCCBuiltinSpecsDetectorTest)  Time elapsed: 0 sec
testGCCBuiltinSpecsDetector_Includes(org.eclipse.cdt.managedbuilder.language.settings.providers.tests.GCCBuiltinSpecsDetectorTest)  Time elapsed: 0.292 sec
testGCCBuiltinSpecsDetector_Macro_NoValue(org.eclipse.cdt.managedbuilder.language.settings.providers.tests.GCCBuiltinSpecsDetectorTest)  Time elapsed: 0.003 sec
testGCCBuiltinSpecsDetector_Includes_SymbolicLinkUp(org.eclipse.cdt.managedbuilder.language.settings.providers.tests.GCCBuiltinSpecsDetectorTest)  Time elapsed: 0.375 sec
testGCCBuiltinSpecsDetector_Macro_EmptyArgList(org.eclipse.cdt.managedbuilder.language.settings.providers.tests.GCCBuiltinSpecsDetectorTest)  Time elapsed: 0.002 sec
testGCCBuiltinSpecsDetector_ResolvedCommand(org.eclipse.cdt.managedbuilder.language.settings.providers.tests.GCCBuiltinSpecsDetectorTest)  Time elapsed: 0.006 sec
testGCCBuiltinSpecsDetector_Macro_WhiteSpaces(org.eclipse.cdt.managedbuilder.language.settings.providers.tests.GCCBuiltinSpecsDetectorTest)  Time elapsed: 0.001 sec
testGCCBuiltinSpecsDetector_Macro_Const(org.eclipse.cdt.managedbuilder.language.settings.providers.tests.GCCBuiltinSpecsDetectorTest)  Time elapsed: 0.009 sec
testDepLibs(org.eclipse.cdt.managedbuilder.core.tests.ManagedBuildDependencyLibsTests)  Time elapsed: 14.02 sec
testDepUObjs(org.eclipse.cdt.managedbuilder.core.tests.ManagedBuildDependencyLibsTests)  Time elapsed: 5.504 sec
testGetArtifactTimeStampEscapeURI_bug377295(org.eclipse.cdt.managedbuilder.core.tests.ManagedBuildDependencyLibsTests)  Time elapsed: 3.752 sec
testExtensions(org.eclipse.cdt.managedbuilder.core.tests.ManagedBuildCoreTests20)  Time elapsed: 0.04 sec
testProjectCreation(org.eclipse.cdt.managedbuilder.core.tests.ManagedBuildCoreTests20)  Time elapsed: 0.067 sec
testConfigurations(org.eclipse.cdt.managedbuilder.core.tests.ManagedBuildCoreTests20)  Time elapsed: 0.093 sec
testConfigurationReset(org.eclipse.cdt.managedbuilder.core.tests.ManagedBuildCoreTests20)  Time elapsed: 0.017 sec
testConfigBuildArtifact(org.eclipse.cdt.managedbuilder.core.tests.ManagedBuildCoreTests20)  Time elapsed: 0.026 sec
testMakeCommandManipulation(org.eclipse.cdt.managedbuilder.core.tests.ManagedBuildCoreTests20)  Time elapsed: 0.013 sec
testScannerInfoInterface(org.eclipse.cdt.managedbuilder.core.tests.ManagedBuildCoreTests20)  Time elapsed: 0.103 sec
testProjectRename(org.eclipse.cdt.managedbuilder.core.tests.ManagedBuildCoreTests20)  Time elapsed: 0.117 sec
testErrorParsers(org.eclipse.cdt.managedbuilder.core.tests.ManagedBuildCoreTests20)  Time elapsed: 0.069 sec
cleanup(org.eclipse.cdt.managedbuilder.core.tests.ManagedBuildCoreTests20)  Time elapsed: 2.305 sec
testLoadManifest(org.eclipse.cdt.managedbuilder.core.tests.ManagedBuildCoreTests)  Time elapsed: 0.001 sec
testTreeOptions(org.eclipse.cdt.managedbuilder.core.tests.ManagedBuildCoreTests)  Time elapsed: 0.002 sec
testOptionsAttributeUseByScannerDiscovery(org.eclipse.cdt.managedbuilder.core.tests.ManagedBuildCoreTests)  Time elapsed: 0 sec
testProjectUpdate12_Update(org.eclipse.cdt.managedbuilder.core.tests.ManagedProjectUpdateTests)  Time elapsed: 1.245 sec
testProjectUpdate20_Update(org.eclipse.cdt.managedbuilder.core.tests.ManagedProjectUpdateTests)  Time elapsed: 0.846 sec
testProjectUpdate21_Update(org.eclipse.cdt.managedbuilder.core.tests.ManagedProjectUpdateTests)  Time elapsed: 0.705 sec
testProjectUpdate21CPP_Update(org.eclipse.cdt.managedbuilder.core.tests.ManagedProjectUpdateTests)  Time elapsed: 1.321 sec
testCustomOptionCommandGenerator(org.eclipse.cdt.managedbuilder.core.tests.ManagedCommandLineGeneratorTest)  Time elapsed: 0.58 sec
testGetCommandLineGenerator(org.eclipse.cdt.managedbuilder.core.tests.ManagedCommandLineGeneratorTest)  Time elapsed: 0 sec
testCustomGenerator(org.eclipse.cdt.managedbuilder.core.tests.ManagedCommandLineGeneratorTest)  Time elapsed: 0.019 sec
testGenerateCommandLineInfoPatterns(org.eclipse.cdt.managedbuilder.core.tests.ManagedCommandLineGeneratorTest)  Time elapsed: 0.001 sec
testDollarValue(org.eclipse.cdt.managedbuilder.core.tests.ManagedCommandLineGeneratorTest)  Time elapsed: 0.462 sec
testGenerateCommandLineInfoParameters(org.eclipse.cdt.managedbuilder.core.tests.ManagedCommandLineGeneratorTest)  Time elapsed: 0.001 sec
testGenerateCommandLineInfoDoublePattern(org.eclipse.cdt.managedbuilder.core.tests.ManagedCommandLineGeneratorTest)  Time elapsed: 0 sec
testResourceConfigurations(org.eclipse.cdt.managedbuilder.core.tests.ResourceBuildCoreTests)  Time elapsed: 1.297 sec
testResourceConfigurationReset(org.eclipse.cdt.managedbuilder.core.tests.ResourceBuildCoreTests)  Time elapsed: 1.329 sec
testSingleFileExe(org.eclipse.cdt.managedbuilder.core.tests.ManagedProject21MakefileTests)  Time elapsed: 0.475 sec
testTwoFileSO(org.eclipse.cdt.managedbuilder.core.tests.ManagedProject21MakefileTests)  Time elapsed: 0.486 sec
testMultiResConfig(org.eclipse.cdt.managedbuilder.core.tests.ManagedProject21MakefileTests)  Time elapsed: 0.646 sec
testLinkedLib(org.eclipse.cdt.managedbuilder.core.tests.ManagedProject21MakefileTests)  Time elapsed: 0.788 sec
testLinkedFolder(org.eclipse.cdt.managedbuilder.core.tests.ManagedProject21MakefileTests)  Time elapsed: 0.638 sec
test30SingleFileExe(org.eclipse.cdt.managedbuilder.core.tests.ManagedProject30MakefileTests)  Time elapsed: 0.523 sec
test30TwoFileSO(org.eclipse.cdt.managedbuilder.core.tests.ManagedProject30MakefileTests)  Time elapsed: 0.55 sec
test30MultiResConfig(org.eclipse.cdt.managedbuilder.core.tests.ManagedProject30MakefileTests)  Time elapsed: 0.655 sec
test30LinkedLib(org.eclipse.cdt.managedbuilder.core.tests.ManagedProject30MakefileTests)  Time elapsed: 0.461 sec
test30LinkedFolder(org.eclipse.cdt.managedbuilder.core.tests.ManagedProject30MakefileTests)  Time elapsed: 0.773 sec
test30CopyandDeploy(org.eclipse.cdt.managedbuilder.core.tests.ManagedProject30MakefileTests)  Time elapsed: 0.514 sec
test30DeleteFile(org.eclipse.cdt.managedbuilder.core.tests.ManagedProject30MakefileTests)  Time elapsed: 0.445 sec
test30NoFilesToBuild(org.eclipse.cdt.managedbuilder.core.tests.ManagedProject30MakefileTests)  Time elapsed: 0.528 sec
testFileWithNoExtension(org.eclipse.cdt.managedbuilder.core.tests.ManagedProject30MakefileTests)  Time elapsed: 0.698 sec
testPreAndPostProcessBuildSteps(org.eclipse.cdt.managedbuilder.core.tests.ManagedProject30MakefileTests)  Time elapsed: 0.499 sec
testResourceCustomBuildStep(org.eclipse.cdt.managedbuilder.core.tests.ManagedProject30MakefileTests)  Time elapsed: 0.613 sec
test30_1(org.eclipse.cdt.managedbuilder.core.tests.ManagedProject30MakefileTests)  Time elapsed: 0.888 sec
test30_2(org.eclipse.cdt.managedbuilder.core.tests.ManagedProject30MakefileTests)  Time elapsed: 0.435 sec
testTopTC(org.eclipse.cdt.managedbuilder.core.tests.ManagedProject30MakefileTests)  Time elapsed: 0.639 sec
CDTFortranTest1(org.eclipse.cdt.managedbuilder.core.tests.ManagedProject30MakefileTests)  Time elapsed: 0.482 sec
CDTFortranTest2(org.eclipse.cdt.managedbuilder.core.tests.ManagedProject30MakefileTests)  Time elapsed: 0.8 sec
TestATO(org.eclipse.cdt.managedbuilder.core.tests.ManagedProject30MakefileTests)  Time elapsed: 0.283 sec
testMacroSupportInBuildDefinitions(org.eclipse.cdt.managedbuilder.core.tests.ManagedProject30MakefileTests)  Time elapsed: 0.225 sec
test40(org.eclipse.cdt.managedbuilder.core.tests.BuildSystem40Tests)  Time elapsed: 3.89 sec
test40_pathconverter(org.eclipse.cdt.managedbuilder.core.tests.BuildSystem40Tests)  Time elapsed: 0.09 sec
testIcons(org.eclipse.cdt.managedbuilder.core.tests.ManagedBuildCoreTests_SharedToolOptions)  Time elapsed: 0.041 sec
testValueHandlers(org.eclipse.cdt.managedbuilder.core.tests.ManagedBuildCoreTests_SharedToolOptions)  Time elapsed: 0 sec
testOptions(org.eclipse.cdt.managedbuilder.core.tests.ManagedBuildCoreTests_SharedToolOptions)  Time elapsed: 0 sec
testConfiguration(org.eclipse.cdt.managedbuilder.core.tests.ManagedBuildCoreTests_SharedToolOptions)  Time elapsed: 0.046 sec
testEnvProvider(org.eclipse.cdt.managedbuilder.core.tests.ManagedBuildEnvironmentTests)  Time elapsed: 0.337 sec
testEnvCWDPWD(org.eclipse.cdt.managedbuilder.core.tests.ManagedBuildEnvironmentTests)  Time elapsed: 0.352 sec
testEnvNotDef(org.eclipse.cdt.managedbuilder.core.tests.ManagedBuildEnvironmentTests)  Time elapsed: 0.337 sec
testEnvGetParams(org.eclipse.cdt.managedbuilder.core.tests.ManagedBuildEnvironmentTests)  Time elapsed: 0.314 sec
testMacroResolveExceptions(org.eclipse.cdt.managedbuilder.core.tests.ManagedBuildMacrosTests)  Time elapsed: 0.887 sec
testMacroOptL(org.eclipse.cdt.managedbuilder.core.tests.ManagedBuildMacrosTests)  Time elapsed: 0.289 sec
testIsSupported(org.eclipse.cdt.managedbuilder.core.tests.ManagedBuildTCSupportedTest)  Time elapsed: 0.284 sec
testProjectConverterConvenienceRoutines(org.eclipse.cdt.managedbuilder.core.tests.MultiVersionSupportTests)  Time elapsed: 0.023 sec
testConfigurationNameProvider(org.eclipse.cdt.managedbuilder.core.tests.MultiVersionSupportTests)  Time elapsed: 0.04 sec
testConfigurationDescription(org.eclipse.cdt.managedbuilder.core.tests.MultiVersionSupportTests)  Time elapsed: 0.031 sec
testVersionInfo(org.eclipse.cdt.managedbuilder.core.tests.MultiVersionSupportTests)  Time elapsed: 0.039 sec
testVersionsSupportedAttribute(org.eclipse.cdt.managedbuilder.core.tests.MultiVersionSupportTests)  Time elapsed: 0.039 sec
testToolChainConversion_CDT21(org.eclipse.cdt.managedbuilder.core.tests.MultiVersionSupportTests)  Time elapsed: 0.663 sec
testProjectConversion(org.eclipse.cdt.managedbuilder.core.tests.MultiVersionSupportTests)  Time elapsed: 0.29 sec
testEnablement(org.eclipse.cdt.managedbuilder.core.tests.OptionEnablementTests)  Time elapsed: 0.661 sec
testEnablement_Bug250686(org.eclipse.cdt.managedbuilder.core.tests.OptionEnablementTests)  Time elapsed: 0.515 sec
testEnablement(org.eclipse.cdt.managedbuilder.core.tests.OptionCategoryEnablementTests)  Time elapsed: 0.56 sec
test1DepCalc2(org.eclipse.cdt.managedbuilder.core.tests.ManagedBuildDependencyCalculatorTests)  Time elapsed: 1.282 sec
test1DepCalc3(org.eclipse.cdt.managedbuilder.core.tests.ManagedBuildDependencyCalculatorTests)  Time elapsed: 0.806 sec
test1DepCalcPreBuild(org.eclipse.cdt.managedbuilder.core.tests.ManagedBuildDependencyCalculatorTests)  Time elapsed: 0.61 sec
testDesTest30_2_asm_only(org.eclipse.cdt.managedbuilder.core.tests.BuildDescriptionModelTests)  Time elapsed: 0.55 sec
testDesRebuildStateWithCustomBuildStep(org.eclipse.cdt.managedbuilder.core.tests.BuildDescriptionModelTests)  Time elapsed: 0.62 sec
testDes_gnu30_exe_deps(org.eclipse.cdt.managedbuilder.core.tests.BuildDescriptionModelTests)  Time elapsed: 5.668 sec
testDesTest30_1(org.eclipse.cdt.managedbuilder.core.tests.BuildDescriptionModelTests)  Time elapsed: 0.31 sec
testDesTest30_2(org.eclipse.cdt.managedbuilder.core.tests.BuildDescriptionModelTests)  Time elapsed: 0.516 sec
testDesDesTest30_2_cpp_only(org.eclipse.cdt.managedbuilder.core.tests.BuildDescriptionModelTests)  Time elapsed: 0.451 sec
testDes_gnu30_exe(org.eclipse.cdt.managedbuilder.core.tests.BuildDescriptionModelTests)  Time elapsed: 0.585 sec
testDes_gnu30_exe_objsInProj(org.eclipse.cdt.managedbuilder.core.tests.BuildDescriptionModelTests)  Time elapsed: 0.585 sec
testDesRebuildStateInDescription(org.eclipse.cdt.managedbuilder.core.tests.BuildDescriptionModelTests)  Time elapsed: 0.542 sec
testDesRcbs(org.eclipse.cdt.managedbuilder.core.tests.BuildDescriptionModelTests)  Time elapsed: 0.427 sec
testDesAddlInVar(org.eclipse.cdt.managedbuilder.core.tests.BuildDescriptionModelTests)  Time elapsed: 0.549 sec
testDesRcCfg(org.eclipse.cdt.managedbuilder.core.tests.BuildDescriptionModelTests)  Time elapsed: 0.402 sec
testDesRebuildState(org.eclipse.cdt.managedbuilder.core.tests.BuildDescriptionModelTests)  Time elapsed: 1.063 sec
testDesAddlInVarUserObjs(org.eclipse.cdt.managedbuilder.core.tests.BuildDescriptionModelTests)  Time elapsed: 0.495 sec
testDes_Model(org.eclipse.cdt.managedbuilder.core.tests.BuildDescriptionModelTests)  Time elapsed: 0.451 sec
testDesTestgnu21_exe(org.eclipse.cdt.managedbuilder.core.tests.BuildDescriptionModelTests)  Time elapsed: 0.401 sec
testDesTest30_2_empty(org.eclipse.cdt.managedbuilder.core.tests.BuildDescriptionModelTests)  Time elapsed: 0.445 sec
testPathConversionInProject(org.eclipse.cdt.managedbuilder.core.tests.PathConverterTest)  Time elapsed: 0.489 sec
testPathConverterConfigurations(org.eclipse.cdt.managedbuilder.core.tests.PathConverterTest)  Time elapsed: 0.001 sec
testNewManagedProject(org.eclipse.cdt.managedbuilder.templateengine.tests.TestProcesses)  Time elapsed: 1.417 sec
testSetMBSStringListOptionValues(org.eclipse.cdt.managedbuilder.templateengine.tests.TestProcesses)  Time elapsed: 1.106 sec
testExcludeResources(org.eclipse.cdt.managedbuilder.templateengine.tests.TestProcesses)  Time elapsed: 0.861 sec
testSetMBSBooleanOptionValue(org.eclipse.cdt.managedbuilder.templateengine.tests.TestProcesses)  Time elapsed: 0.782 sec
testAppendToMBSStringListOptionValues(org.eclipse.cdt.managedbuilder.templateengine.tests.TestProcesses)  Time elapsed: 1.476 sec
testAppendToMBSStringOptionValue(org.eclipse.cdt.managedbuilder.templateengine.tests.TestProcesses)  Time elapsed: 0.829 sec
testSetMBSStringOptionValue(org.eclipse.cdt.managedbuilder.templateengine.tests.TestProcesses)  Time elapsed: 0.775 sec
testCreateIncludeFolder(org.eclipse.cdt.managedbuilder.templateengine.tests.TestProcesses)  Time elapsed: 0.823 sec
test3xStdMakeProject(org.eclipse.cdt.projectmodel.tests.BackwardCompatiblityTests)  Time elapsed: 0.105 sec
testTooManyConfigurations(org.eclipse.cdt.projectmodel.tests.CProjectDescriptionSerializationTests)  Time elapsed: 4.385 sec
testPersistentProperties(org.eclipse.cdt.projectmodel.tests.CProjectDescriptionSerializationTests)  Time elapsed: 1.054 sec
testResetDefaultSetings_Bug298590(org.eclipse.cdt.projectmodel.tests.CProjectDescriptionSerializationTests)  Time elapsed: 0.379 sec
testOptions(org.eclipse.cdt.projectmodel.tests.OptionStringListValueTests)  Time elapsed: 0.035 sec
testCfgDesEntries(org.eclipse.cdt.projectmodel.tests.OptionStringListValueTests)  Time elapsed: 0.282 sec
testLibFiles(org.eclipse.cdt.projectmodel.tests.OptionStringListValueTests)  Time elapsed: 0.035 sec
testCompulsiveSerialization_Bug340219(org.eclipse.cdt.projectmodel.tests.ProjectModelTests)  Time elapsed: 0.372 sec
testSourceEntries(org.eclipse.cdt.projectmodel.tests.ProjectModelTests)  Time elapsed: 0.314 sec
testActiveCfg(org.eclipse.cdt.projectmodel.tests.ProjectModelTests)  Time elapsed: 0.15 sec
testDescription(org.eclipse.cdt.projectmodel.tests.ProjectModelTests)  Time elapsed: 0.656 sec
testMacroEntries(org.eclipse.cdt.projectmodel.tests.ProjectModelTests)  Time elapsed: 0.148 sec
testBuildAfterSourcefileDelete(org.eclipse.cdt.managedbuilder.core.regressions.Bug_303953)  Time elapsed: 1.039 sec
