-------------------------------------------------------------------------------
Test set: org.eclipse.cdt.codan.checkers.ui.quickfix.AutomatedIntegrationSuite
-------------------------------------------------------------------------------
Tests run: 4, Failures: 0, Errors: 0, Skipped: 0, Time elapsed: 0.976 sec - in org.eclipse.cdt.codan.checkers.ui.quickfix.AutomatedIntegrationSuite
isApplicableForUnresolvableMarker(org.eclipse.cdt.codan.checkers.ui.quickfix.QuickFixCreateNewClassTest)  Time elapsed: 0.009 sec
isApplicableForResolvableMarker(org.eclipse.cdt.codan.checkers.ui.quickfix.QuickFixCreateNewClassTest)  Time elapsed: 0.002 sec
isApplicableForResolvableMarkerWithCLinkageResolutionCoreException(org.eclipse.cdt.codan.checkers.ui.quickfix.QuickFixCreateNewClassTest)  Time elapsed: 0.01 sec
isNotApplicableForResolvableMarkerWithCLinkage(org.eclipse.cdt.codan.checkers.ui.quickfix.QuickFixCreateNewClassTest)  Time elapsed: 0.001 sec
