-------------------------------------------------------------------------------
Test set: org.eclipse.cdt.tests.dsf.gdb.tests.AutomatedSuite
-------------------------------------------------------------------------------
Tests run: 571, Failures: 0, Errors: 0, Skipped: 571, Time elapsed: 1.724 sec - in org.eclipse.cdt.tests.dsf.gdb.tests.AutomatedSuite
updateBreakpoint_ModifyCondition[gdb.7.12](org.eclipse.cdt.tests.dsf.gdb.tests.MIBreakpointsTest) skipped
insertBreakpoint_InvalidFileNamePending[gdb.7.12](org.eclipse.cdt.tests.dsf.gdb.tests.MIBreakpointsTest) skipped
removeBreakpoint_InvalidBreakpoint[gdb.7.12](org.eclipse.cdt.tests.dsf.gdb.tests.MIBreakpointsTest) skipped
insertInvalidBreakpoint_WhileTargetRunning[gdb.7.12](org.eclipse.cdt.tests.dsf.gdb.tests.MIBreakpointsTest) skipped
breakpointHit_LineNumber[gdb.7.12](org.eclipse.cdt.tests.dsf.gdb.tests.MIBreakpointsTest) skipped
insertBreakpoint_Duplicate[gdb.7.12](org.eclipse.cdt.tests.dsf.gdb.tests.MIBreakpointsTest) skipped
insertBreakpoint_Address[gdb.7.12](org.eclipse.cdt.tests.dsf.gdb.tests.MIBreakpointsTest) skipped
insertBreakpoint_FunctionName[gdb.7.12](org.eclipse.cdt.tests.dsf.gdb.tests.MIBreakpointsTest) skipped
insertBreakpoint_InvalidFunctionName[gdb.7.12](org.eclipse.cdt.tests.dsf.gdb.tests.MIBreakpointsTest) skipped
breakpointHit_WatchpointOutOfScope[gdb.7.12](org.eclipse.cdt.tests.dsf.gdb.tests.MIBreakpointsTest) skipped
updateWatchpoint_ModifyCondition[gdb.7.12](org.eclipse.cdt.tests.dsf.gdb.tests.MIBreakpointsTest) skipped
updateBreakpoint_Enable_WhileTargetRunning[gdb.7.12](org.eclipse.cdt.tests.dsf.gdb.tests.MIBreakpointsTest) skipped
updateBreakpoint_AfterRestart[gdb.7.12](org.eclipse.cdt.tests.dsf.gdb.tests.MIBreakpointsTest) skipped
insertWatchpoint_Read[gdb.7.12](org.eclipse.cdt.tests.dsf.gdb.tests.MIBreakpointsTest) skipped
breakpointHit_UpdatedCount[gdb.7.12](org.eclipse.cdt.tests.dsf.gdb.tests.MIBreakpointsTest) skipped
updateBreakpoint_InvalidBreakpoint[gdb.7.12](org.eclipse.cdt.tests.dsf.gdb.tests.MIBreakpointsTest) skipped
insertBreakpoint_LineNumber[gdb.7.12](org.eclipse.cdt.tests.dsf.gdb.tests.MIBreakpointsTest) skipped
insertWatchpoint_Access[gdb.7.12](org.eclipse.cdt.tests.dsf.gdb.tests.MIBreakpointsTest) skipped
updateBreakpoint_ModifyCount_WhileTargetRunning[gdb.7.12](org.eclipse.cdt.tests.dsf.gdb.tests.MIBreakpointsTest) skipped
insertBreakpoint_InvalidContext[gdb.7.12](org.eclipse.cdt.tests.dsf.gdb.tests.MIBreakpointsTest) skipped
insertBreakpoint_InvalidFunctionNamePending[gdb.7.12](org.eclipse.cdt.tests.dsf.gdb.tests.MIBreakpointsTest) skipped
updateBreakpoint_AddCount[gdb.7.12](org.eclipse.cdt.tests.dsf.gdb.tests.MIBreakpointsTest) skipped
breakpointHit_WriteWatchpoint[gdb.7.12](org.eclipse.cdt.tests.dsf.gdb.tests.MIBreakpointsTest) skipped
breakpointHit_Function[gdb.7.12](org.eclipse.cdt.tests.dsf.gdb.tests.MIBreakpointsTest) skipped
breakpointHit_AccessWatchpoint[gdb.7.12](org.eclipse.cdt.tests.dsf.gdb.tests.MIBreakpointsTest) skipped
insertBreakpoint_Disabled[gdb.7.12](org.eclipse.cdt.tests.dsf.gdb.tests.MIBreakpointsTest) skipped
breakpointHit_Condition[gdb.7.12](org.eclipse.cdt.tests.dsf.gdb.tests.MIBreakpointsTest) skipped
insertBreakpoint_InvalidFileName[gdb.7.12](org.eclipse.cdt.tests.dsf.gdb.tests.MIBreakpointsTest) skipped
breakpointHit_Count[gdb.7.12](org.eclipse.cdt.tests.dsf.gdb.tests.MIBreakpointsTest) skipped
insertBreakpoint_InvalidLineNumberPending[gdb.7.12](org.eclipse.cdt.tests.dsf.gdb.tests.MIBreakpointsTest) skipped
insertBreakpoint_Condition[gdb.7.12](org.eclipse.cdt.tests.dsf.gdb.tests.MIBreakpointsTest) skipped
breakpointHit_watchpointUpdateCondition[gdb.7.12](org.eclipse.cdt.tests.dsf.gdb.tests.MIBreakpointsTest) skipped
updateBreakpoint_AddCondition[gdb.7.12](org.eclipse.cdt.tests.dsf.gdb.tests.MIBreakpointsTest) skipped
updateBreakpoint_Enable[gdb.7.12](org.eclipse.cdt.tests.dsf.gdb.tests.MIBreakpointsTest) skipped
insertInvalidBreakpoint_WhileTargetRunningPending[gdb.7.12](org.eclipse.cdt.tests.dsf.gdb.tests.MIBreakpointsTest) skipped
breakpointHit_watchpointUpdateCount[gdb.7.12](org.eclipse.cdt.tests.dsf.gdb.tests.MIBreakpointsTest) skipped
insertBreakpoint_InvalidLineNumber[gdb.7.12](org.eclipse.cdt.tests.dsf.gdb.tests.MIBreakpointsTest) skipped
updateBreakpoint_RemoveCondition[gdb.7.12](org.eclipse.cdt.tests.dsf.gdb.tests.MIBreakpointsTest) skipped
updateBreakpoint_ModifyCount[gdb.7.12](org.eclipse.cdt.tests.dsf.gdb.tests.MIBreakpointsTest) skipped
insertBreakpoint_WhileTargetRunning[gdb.7.12](org.eclipse.cdt.tests.dsf.gdb.tests.MIBreakpointsTest) skipped
removeBreakpoint_MixedCase[gdb.7.12](org.eclipse.cdt.tests.dsf.gdb.tests.MIBreakpointsTest) skipped
updateBreakpoint_Disable[gdb.7.12](org.eclipse.cdt.tests.dsf.gdb.tests.MIBreakpointsTest) skipped
insertBreakpoint_MultipleBreakpoints[gdb.7.12](org.eclipse.cdt.tests.dsf.gdb.tests.MIBreakpointsTest) skipped
updateWatchpoint_RemoveCondition[gdb.7.12](org.eclipse.cdt.tests.dsf.gdb.tests.MIBreakpointsTest) skipped
updateBreakpoint_ModifyCondition_WhileTargetRunning[gdb.7.12](org.eclipse.cdt.tests.dsf.gdb.tests.MIBreakpointsTest) skipped
insertBreakpoint_InvalidAddress[gdb.7.12](org.eclipse.cdt.tests.dsf.gdb.tests.MIBreakpointsTest) skipped
removeBreakpoint_WhileTargetRunning[gdb.7.12](org.eclipse.cdt.tests.dsf.gdb.tests.MIBreakpointsTest) skipped
updateBreakpoint_Disable_WhileTargetRunning[gdb.7.12](org.eclipse.cdt.tests.dsf.gdb.tests.MIBreakpointsTest) skipped
insertWatchpoint_Write[gdb.7.12](org.eclipse.cdt.tests.dsf.gdb.tests.MIBreakpointsTest) skipped
insertBreakpoint_IgnoreCnt[gdb.7.12](org.eclipse.cdt.tests.dsf.gdb.tests.MIBreakpointsTest) skipped
updateBreakpoint_RemoveCount[gdb.7.12](org.eclipse.cdt.tests.dsf.gdb.tests.MIBreakpointsTest) skipped
breakpointHit_ReadWatchpoint[gdb.7.12](org.eclipse.cdt.tests.dsf.gdb.tests.MIBreakpointsTest) skipped
breakpointHit_UpdatedCondition[gdb.7.12](org.eclipse.cdt.tests.dsf.gdb.tests.MIBreakpointsTest) skipped
updateWatchpoint_AddCondition[gdb.7.12](org.eclipse.cdt.tests.dsf.gdb.tests.MIBreakpointsTest) skipped
removeBreakpoint_SimpleCase[gdb.7.12](org.eclipse.cdt.tests.dsf.gdb.tests.MIBreakpointsTest) skipped
insertWatchpoint_WhileTargetRunning[gdb.7.12](org.eclipse.cdt.tests.dsf.gdb.tests.MIBreakpointsTest) skipped
updateCatchpoint_ModifyCondition[gdb.7.12](org.eclipse.cdt.tests.dsf.gdb.tests.MICatchpointsTest) skipped
updateCatchpoint_WhileTargetRunning1[gdb.7.12](org.eclipse.cdt.tests.dsf.gdb.tests.MICatchpointsTest) skipped
updateCatchpoint_WhileTargetRunning2[gdb.7.12](org.eclipse.cdt.tests.dsf.gdb.tests.MICatchpointsTest) skipped
insertCatchpoint_Simple[gdb.7.12](org.eclipse.cdt.tests.dsf.gdb.tests.MICatchpointsTest) skipped
updateCatchpoint_AddCondition[gdb.7.12](org.eclipse.cdt.tests.dsf.gdb.tests.MICatchpointsTest) skipped
removeCatchpoint_SimpleCase[gdb.7.12](org.eclipse.cdt.tests.dsf.gdb.tests.MICatchpointsTest) skipped
updateCatchpoint_ModifyCount[gdb.7.12](org.eclipse.cdt.tests.dsf.gdb.tests.MICatchpointsTest) skipped
removeCatchpoint_WhileTargetRunning1[gdb.7.12](org.eclipse.cdt.tests.dsf.gdb.tests.MICatchpointsTest) skipped
removeCatchpoint_WhileTargetRunning2[gdb.7.12](org.eclipse.cdt.tests.dsf.gdb.tests.MICatchpointsTest) skipped
insertCatchpoint_Condition[gdb.7.12](org.eclipse.cdt.tests.dsf.gdb.tests.MICatchpointsTest) skipped
removeCatchpoint_InvalidBreakpoint[gdb.7.12](org.eclipse.cdt.tests.dsf.gdb.tests.MICatchpointsTest) skipped
insertCatchpoint_InvalidContext[gdb.7.12](org.eclipse.cdt.tests.dsf.gdb.tests.MICatchpointsTest) skipped
updateCatchpoint_RemoveCount[gdb.7.12](org.eclipse.cdt.tests.dsf.gdb.tests.MICatchpointsTest) skipped
catchpointConversions[gdb.7.12](org.eclipse.cdt.tests.dsf.gdb.tests.MICatchpointsTest) skipped
updateCatchpoint_Disable[gdb.7.12](org.eclipse.cdt.tests.dsf.gdb.tests.MICatchpointsTest) skipped
updateCatchpoint_AddCount[gdb.7.12](org.eclipse.cdt.tests.dsf.gdb.tests.MICatchpointsTest) skipped
removeCatchpoint_MixedOrder[gdb.7.12](org.eclipse.cdt.tests.dsf.gdb.tests.MICatchpointsTest) skipped
insertCatchpoint_IgnoreCnt[gdb.7.12](org.eclipse.cdt.tests.dsf.gdb.tests.MICatchpointsTest) skipped
updateCatchpoint_RemoveCondition[gdb.7.12](org.eclipse.cdt.tests.dsf.gdb.tests.MICatchpointsTest) skipped
insertCatchpoint_WhileTargetRunning[gdb.7.12](org.eclipse.cdt.tests.dsf.gdb.tests.MICatchpointsTest) skipped
insertCatchpoint_Duplicate[gdb.7.12](org.eclipse.cdt.tests.dsf.gdb.tests.MICatchpointsTest) skipped
insertCatchpoint_MultipleCatchpoints[gdb.7.12](org.eclipse.cdt.tests.dsf.gdb.tests.MICatchpointsTest) skipped
resolveTargetRegisterGroup[gdb.7.12](org.eclipse.cdt.tests.dsf.gdb.tests.MIRegistersTest) skipped
frameSpecificValues[gdb.7.12](org.eclipse.cdt.tests.dsf.gdb.tests.MIRegistersTest) skipped
canNotEditRootRegisterGroup[gdb.7.12](org.eclipse.cdt.tests.dsf.gdb.tests.MIRegistersTest) skipped
getRegisterGroupsData[gdb.7.12](org.eclipse.cdt.tests.dsf.gdb.tests.MIRegistersTest) skipped
canRestoreRegisterGroups[gdb.7.12](org.eclipse.cdt.tests.dsf.gdb.tests.MIRegistersTest) skipped
writeRegisterFromUserGroup[gdb.7.12](org.eclipse.cdt.tests.dsf.gdb.tests.MIRegistersTest) skipped
resolveTargetRegistersLength[gdb.7.12](org.eclipse.cdt.tests.dsf.gdb.tests.MIRegistersTest) skipped
writeRegisterBinaryFormat[gdb.7.12](org.eclipse.cdt.tests.dsf.gdb.tests.MIRegistersTest) skipped
writeRegisterOctalFormat[gdb.7.12](org.eclipse.cdt.tests.dsf.gdb.tests.MIRegistersTest) skipped
canEditRegisterGroup[gdb.7.12](org.eclipse.cdt.tests.dsf.gdb.tests.MIRegistersTest) skipped
restoreRegisterGroups[gdb.7.12](org.eclipse.cdt.tests.dsf.gdb.tests.MIRegistersTest) skipped
canNotEditUnknownRegisterGroup[gdb.7.12](org.eclipse.cdt.tests.dsf.gdb.tests.MIRegistersTest) skipped
writeRegisterNaturalFormat[gdb.7.12](org.eclipse.cdt.tests.dsf.gdb.tests.MIRegistersTest) skipped
getModelDataForRegisterDataValueInDifferentNumberFormats[gdb.7.12](org.eclipse.cdt.tests.dsf.gdb.tests.MIRegistersTest) skipped
removeRegisterGroups[gdb.7.12](org.eclipse.cdt.tests.dsf.gdb.tests.MIRegistersTest) skipped
editRegisterGroup[gdb.7.12](org.eclipse.cdt.tests.dsf.gdb.tests.MIRegistersTest) skipped
getRegisters[gdb.7.12](org.eclipse.cdt.tests.dsf.gdb.tests.MIRegistersTest) skipped
writeRegisterHEXFormat[gdb.7.12](org.eclipse.cdt.tests.dsf.gdb.tests.MIRegistersTest) skipped
canAddRegisterGroup[gdb.7.12](org.eclipse.cdt.tests.dsf.gdb.tests.MIRegistersTest) skipped
canRemoveRegisterGroup[gdb.7.12](org.eclipse.cdt.tests.dsf.gdb.tests.MIRegistersTest) skipped
compareRegisterForMultipleExecutionContexts[gdb.7.12](org.eclipse.cdt.tests.dsf.gdb.tests.MIRegistersTest) skipped
addRegisterGroups[gdb.7.12](org.eclipse.cdt.tests.dsf.gdb.tests.MIRegistersTest) skipped
saveAndReadRegisterGroupData[gdb.7.12](org.eclipse.cdt.tests.dsf.gdb.tests.MIRegistersTest) skipped
removeRegisterGroupsWithRoot[gdb.7.12](org.eclipse.cdt.tests.dsf.gdb.tests.MIRegistersTest) skipped
getRegisterNames[gdb.7.12](org.eclipse.cdt.tests.dsf.gdb.tests.MIRegistersTest) skipped
testDisplayAsArrayWithPartition[gdb.7.12](org.eclipse.cdt.tests.dsf.gdb.tests.MIExpressionsTest) skipped
testLargeDoubleArray[gdb.7.12](org.eclipse.cdt.tests.dsf.gdb.tests.MIExpressionsTest) skipped
testChildren[gdb.7.12](org.eclipse.cdt.tests.dsf.gdb.tests.MIExpressionsTest) skipped
testDeleteChildren[gdb.7.12](org.eclipse.cdt.tests.dsf.gdb.tests.MIExpressionsTest) skipped
testCastToTypeOfArray[gdb.7.12](org.eclipse.cdt.tests.dsf.gdb.tests.MIExpressionsTest) skipped
testSubBlock[gdb.7.12](org.eclipse.cdt.tests.dsf.gdb.tests.MIExpressionsTest) skipped
testWriteCache[gdb.7.12](org.eclipse.cdt.tests.dsf.gdb.tests.MIExpressionsTest) skipped
testGlobalVariables[gdb.7.12](org.eclipse.cdt.tests.dsf.gdb.tests.MIExpressionsTest) skipped
testThreadContext[gdb.7.12](org.eclipse.cdt.tests.dsf.gdb.tests.MIExpressionsTest) skipped
testCastToType[gdb.7.12](org.eclipse.cdt.tests.dsf.gdb.tests.MIExpressionsTest) skipped
testDisplayComplexReturnValueForStepReturn[gdb.7.12](org.eclipse.cdt.tests.dsf.gdb.tests.MIExpressionsTest) skipped
testUpdateIssue[gdb.7.12](org.eclipse.cdt.tests.dsf.gdb.tests.MIExpressionsTest) skipped
testDisplaySimpleReturnValueForStepReturn[gdb.7.12](org.eclipse.cdt.tests.dsf.gdb.tests.MIExpressionsTest) skipped
testWriteVariable[gdb.7.12](org.eclipse.cdt.tests.dsf.gdb.tests.MIExpressionsTest) skipped
testChildrenCount[gdb.7.12](org.eclipse.cdt.tests.dsf.gdb.tests.MIExpressionsTest) skipped
testRTTI[gdb.7.12](org.eclipse.cdt.tests.dsf.gdb.tests.MIExpressionsTest) skipped
testNamingSameDepth[gdb.7.12](org.eclipse.cdt.tests.dsf.gdb.tests.MIExpressionsTest) skipped
testChildNamingSameMethod[gdb.7.12](org.eclipse.cdt.tests.dsf.gdb.tests.MIExpressionsTest) skipped
testSmallDoubleArray[gdb.7.12](org.eclipse.cdt.tests.dsf.gdb.tests.MIExpressionsTest) skipped
testHasChildrenInExpressionData[gdb.7.12](org.eclipse.cdt.tests.dsf.gdb.tests.MIExpressionsTest) skipped
testNoReturnValueForEmptyStepReturn[gdb.7.12](org.eclipse.cdt.tests.dsf.gdb.tests.MIExpressionsTest) skipped
testDisplayAsArrayAndCastToType[gdb.7.12](org.eclipse.cdt.tests.dsf.gdb.tests.MIExpressionsTest) skipped
testDisplayAsArray[gdb.7.12](org.eclipse.cdt.tests.dsf.gdb.tests.MIExpressionsTest) skipped
testUpdateGDBBug[gdb.7.12](org.eclipse.cdt.tests.dsf.gdb.tests.MIExpressionsTest) skipped
testUpdateIssue2[gdb.7.12](org.eclipse.cdt.tests.dsf.gdb.tests.MIExpressionsTest) skipped
testNamingSameMethod[gdb.7.12](org.eclipse.cdt.tests.dsf.gdb.tests.MIExpressionsTest) skipped
testLiteralIntegerExpressions[gdb.7.12](org.eclipse.cdt.tests.dsf.gdb.tests.MIExpressionsTest) skipped
testConcurrentReadWriteChildren[gdb.7.12](org.eclipse.cdt.tests.dsf.gdb.tests.MIExpressionsTest) skipped
testDisplayAsArrayAndCastToTypeWithPartition[gdb.7.12](org.eclipse.cdt.tests.dsf.gdb.tests.MIExpressionsTest) skipped
testConcurrentReadWrite[gdb.7.12](org.eclipse.cdt.tests.dsf.gdb.tests.MIExpressionsTest) skipped
testConcurrentReadAndUpdateChild[gdb.7.12](org.eclipse.cdt.tests.dsf.gdb.tests.MIExpressionsTest) skipped
testExplicitChildCreation[gdb.7.12](org.eclipse.cdt.tests.dsf.gdb.tests.MIExpressionsTest) skipped
testConcurrentUpdateOutOfScopeChildThenParent[gdb.7.12](org.eclipse.cdt.tests.dsf.gdb.tests.MIExpressionsTest) skipped
testCanWrite[gdb.7.12](org.eclipse.cdt.tests.dsf.gdb.tests.MIExpressionsTest) skipped
testExistingChild[gdb.7.12](org.eclipse.cdt.tests.dsf.gdb.tests.MIExpressionsTest) skipped
testLiteralFloatingPointExpressions[gdb.7.12](org.eclipse.cdt.tests.dsf.gdb.tests.MIExpressionsTest) skipped
testUpdateOfPointer[gdb.7.12](org.eclipse.cdt.tests.dsf.gdb.tests.MIExpressionsTest) skipped
testArrays[gdb.7.12](org.eclipse.cdt.tests.dsf.gdb.tests.MIExpressionsTest) skipped
testConcurrentReadChildrenCount[gdb.7.12](org.eclipse.cdt.tests.dsf.gdb.tests.MIExpressionsTest) skipped
testLocalVariables[gdb.7.12](org.eclipse.cdt.tests.dsf.gdb.tests.MIExpressionsTest) skipped
testUpdatingChildren[gdb.7.12](org.eclipse.cdt.tests.dsf.gdb.tests.MIExpressionsTest) skipped
testExprAddress[gdb.7.12](org.eclipse.cdt.tests.dsf.gdb.tests.MIExpressionsTest) skipped
testDeleteChildren_7_3[gdb.7.12](org.eclipse.cdt.tests.dsf.gdb.tests.MIExpressionsTest) skipped
testRTTI_7_5[gdb.7.12](org.eclipse.cdt.tests.dsf.gdb.tests.MIExpressionsTest) skipped
testCanWriteLValue[gdb.7.12](org.eclipse.cdt.tests.dsf.gdb.tests.MIExpressionsTest) skipped
testWriteErrorFormat[gdb.7.12](org.eclipse.cdt.tests.dsf.gdb.tests.MIExpressionsTest) skipped
testBaseChildrenBug[gdb.7.12](org.eclipse.cdt.tests.dsf.gdb.tests.MIExpressionsTest) skipped
testConcurrentReadChildren[gdb.7.12](org.eclipse.cdt.tests.dsf.gdb.tests.MIExpressionsTest) skipped
testNestedBaseChildrenBug[gdb.7.12](org.eclipse.cdt.tests.dsf.gdb.tests.MIExpressionsTest) skipped
testConcurrentReads[gdb.7.12](org.eclipse.cdt.tests.dsf.gdb.tests.MIExpressionsTest) skipped
testCastToTypeWithPartition[gdb.7.12](org.eclipse.cdt.tests.dsf.gdb.tests.MIExpressionsTest) skipped
testSourceDefaultGdbInit[gdb.7.12](org.eclipse.cdt.tests.dsf.gdb.tests.LaunchConfigurationAndRestartTest) skipped
testClearingAndSettingEnvironment[gdb.7.12](org.eclipse.cdt.tests.dsf.gdb.tests.LaunchConfigurationAndRestartTest) skipped
testSettingEnvironmentRestart[gdb.7.12](org.eclipse.cdt.tests.dsf.gdb.tests.LaunchConfigurationAndRestartTest) skipped
testExitCodeSet[gdb.7.12](org.eclipse.cdt.tests.dsf.gdb.tests.LaunchConfigurationAndRestartTest) skipped
testStopAtOtherWithReverseRestart[gdb.7.12](org.eclipse.cdt.tests.dsf.gdb.tests.LaunchConfigurationAndRestartTest) skipped
testNoStopAtMainWithReverse[gdb.7.12](org.eclipse.cdt.tests.dsf.gdb.tests.LaunchConfigurationAndRestartTest) skipped
testNoStopAtMainRestart[gdb.7.12](org.eclipse.cdt.tests.dsf.gdb.tests.LaunchConfigurationAndRestartTest) skipped
testClearingEnvironmentRestart[gdb.7.12](org.eclipse.cdt.tests.dsf.gdb.tests.LaunchConfigurationAndRestartTest) skipped
testSettingWorkingDirectory[gdb.7.12](org.eclipse.cdt.tests.dsf.gdb.tests.LaunchConfigurationAndRestartTest) skipped
testClearingAndSettingEnvironmentRestart[gdb.7.12](org.eclipse.cdt.tests.dsf.gdb.tests.LaunchConfigurationAndRestartTest) skipped
testClearingEnvironment[gdb.7.12](org.eclipse.cdt.tests.dsf.gdb.tests.LaunchConfigurationAndRestartTest) skipped
testSourceInvalidGdbInit[gdb.7.12](org.eclipse.cdt.tests.dsf.gdb.tests.LaunchConfigurationAndRestartTest) skipped
testSettingArgumentsRestart[gdb.7.12](org.eclipse.cdt.tests.dsf.gdb.tests.LaunchConfigurationAndRestartTest) skipped
testSourceGdbInitRestart[gdb.7.12](org.eclipse.cdt.tests.dsf.gdb.tests.LaunchConfigurationAndRestartTest) skipped
testStopAtMainWithReverse[gdb.7.12](org.eclipse.cdt.tests.dsf.gdb.tests.LaunchConfigurationAndRestartTest) skipped
testNoStopAtMain[gdb.7.12](org.eclipse.cdt.tests.dsf.gdb.tests.LaunchConfigurationAndRestartTest) skipped
testStopAtMainRestart[gdb.7.12](org.eclipse.cdt.tests.dsf.gdb.tests.LaunchConfigurationAndRestartTest) skipped
testStopAtMainWithReverseRestart[gdb.7.12](org.eclipse.cdt.tests.dsf.gdb.tests.LaunchConfigurationAndRestartTest) skipped
testSettingEnvironment[gdb.7.12](org.eclipse.cdt.tests.dsf.gdb.tests.LaunchConfigurationAndRestartTest) skipped
testSettingArguments[gdb.7.12](org.eclipse.cdt.tests.dsf.gdb.tests.LaunchConfigurationAndRestartTest) skipped
testNoStopAtMainWithReverseRestart[gdb.7.12](org.eclipse.cdt.tests.dsf.gdb.tests.LaunchConfigurationAndRestartTest) skipped
testStopAtOther[gdb.7.12](org.eclipse.cdt.tests.dsf.gdb.tests.LaunchConfigurationAndRestartTest) skipped
testPendingBreakpointSetting[gdb.7.12](org.eclipse.cdt.tests.dsf.gdb.tests.LaunchConfigurationAndRestartTest) skipped
testStopAtMain[gdb.7.12](org.eclipse.cdt.tests.dsf.gdb.tests.LaunchConfigurationAndRestartTest) skipped
testSourceGdbInit[gdb.7.12](org.eclipse.cdt.tests.dsf.gdb.tests.LaunchConfigurationAndRestartTest) skipped
testStopAtOtherWithReverse[gdb.7.12](org.eclipse.cdt.tests.dsf.gdb.tests.LaunchConfigurationAndRestartTest) skipped
testStopAtOtherRestart[gdb.7.12](org.eclipse.cdt.tests.dsf.gdb.tests.LaunchConfigurationAndRestartTest) skipped
sourceSubstituteBreakpointsAC[gdb.7.12](org.eclipse.cdt.tests.dsf.gdb.tests.SourceLookupTest) skipped
sourceSubstituteBreakpointsAN[gdb.7.12](org.eclipse.cdt.tests.dsf.gdb.tests.SourceLookupTest) skipped
sourceSubstituteBreakpointsRC[gdb.7.12](org.eclipse.cdt.tests.dsf.gdb.tests.SourceLookupTest) skipped
sourceSubstituteBreakpointsRN[gdb.7.12](org.eclipse.cdt.tests.dsf.gdb.tests.SourceLookupTest) skipped
sourceMappingBreakpointsAC[gdb.7.12](org.eclipse.cdt.tests.dsf.gdb.tests.SourceLookupTest) skipped
sourceMappingBreakpointsAN[gdb.7.12](org.eclipse.cdt.tests.dsf.gdb.tests.SourceLookupTest) skipped
sourceMappingBreakpointsRC[gdb.7.12](org.eclipse.cdt.tests.dsf.gdb.tests.SourceLookupTest) skipped
sourceMappingBreakpointsRN[gdb.7.12](org.eclipse.cdt.tests.dsf.gdb.tests.SourceLookupTest) skipped
sourceMappingAC[gdb.7.12](org.eclipse.cdt.tests.dsf.gdb.tests.SourceLookupTest) skipped
sourceMappingAN[gdb.7.12](org.eclipse.cdt.tests.dsf.gdb.tests.SourceLookupTest) skipped
sourceMappingRC[gdb.7.12](org.eclipse.cdt.tests.dsf.gdb.tests.SourceLookupTest) skipped
sourceMappingRN[gdb.7.12](org.eclipse.cdt.tests.dsf.gdb.tests.SourceLookupTest) skipped
sourceFinderSubstituteAC_TerminatedLaunch[gdb.7.12](org.eclipse.cdt.tests.dsf.gdb.tests.SourceLookupTest) skipped
sourceFinderMappingAC_CommonLocator[gdb.7.12](org.eclipse.cdt.tests.dsf.gdb.tests.SourceLookupTest) skipped
sourceFinderMappingAC_LaunchConfig[gdb.7.12](org.eclipse.cdt.tests.dsf.gdb.tests.SourceLookupTest) skipped
sourceFinderMappingAC_TerminatedLaunch[gdb.7.12](org.eclipse.cdt.tests.dsf.gdb.tests.SourceLookupTest) skipped
sourceFinderMappingAC_ActiveLaunch[gdb.7.12](org.eclipse.cdt.tests.dsf.gdb.tests.SourceLookupTest) skipped
sourceMappingChanges[gdb.7.12](org.eclipse.cdt.tests.dsf.gdb.tests.SourceLookupTest) skipped
sourceSubstituteChanges[gdb.7.12](org.eclipse.cdt.tests.dsf.gdb.tests.SourceLookupTest) skipped
sourceFinderSubstituteAC_LaunchConfig[gdb.7.12](org.eclipse.cdt.tests.dsf.gdb.tests.SourceLookupTest) skipped
sourceSubstituteAdded[gdb.7.12](org.eclipse.cdt.tests.dsf.gdb.tests.SourceLookupTest) skipped
sourceFinderSubstituteAC_ActiveLaunch[gdb.7.12](org.eclipse.cdt.tests.dsf.gdb.tests.SourceLookupTest) skipped
sourceSubstituteAC[gdb.7.12](org.eclipse.cdt.tests.dsf.gdb.tests.SourceLookupTest) skipped
sourceSubstituteAN[gdb.7.12](org.eclipse.cdt.tests.dsf.gdb.tests.SourceLookupTest) skipped
sourceSubstituteRC[gdb.7.12](org.eclipse.cdt.tests.dsf.gdb.tests.SourceLookupTest) skipped
sourceSubstituteRN[gdb.7.12](org.eclipse.cdt.tests.dsf.gdb.tests.SourceLookupTest) skipped
twoLaunchesTerminate[gdb.7.12](org.eclipse.cdt.tests.dsf.gdb.tests.SourceLookupTest) skipped
sourceFinderSubstituteAC_CommonLocator[gdb.7.12](org.eclipse.cdt.tests.dsf.gdb.tests.SourceLookupTest) skipped
sourceFinder[gdb.7.12](org.eclipse.cdt.tests.dsf.gdb.tests.SourceLookupTest) skipped
defaultSourceLookup[gdb.7.12](org.eclipse.cdt.tests.dsf.gdb.tests.SourceLookupTest) skipped
sourceMappingAdded[gdb.7.12](org.eclipse.cdt.tests.dsf.gdb.tests.SourceLookupTest) skipped
directorySource[gdb.7.12](org.eclipse.cdt.tests.dsf.gdb.tests.SourceLookupTest) skipped
noExplicitSourceContainers[gdb.7.12](org.eclipse.cdt.tests.dsf.gdb.tests.SourceLookupTest) skipped
twoMappersSecondValid[gdb.7.12](org.eclipse.cdt.tests.dsf.gdb.tests.SourceLookupTest) skipped
twoMappersFirstValid[gdb.7.12](org.eclipse.cdt.tests.dsf.gdb.tests.SourceLookupTest) skipped
atDoubleMethodShalowCall[gdb.7.12](org.eclipse.cdt.tests.dsf.gdb.tests.StepIntoSelectionTest) skipped
atLaterLineSkipBreakpoints[gdb.7.12](org.eclipse.cdt.tests.dsf.gdb.tests.StepIntoSelectionTest) skipped
atDoubleMethodDeepCall[gdb.7.12](org.eclipse.cdt.tests.dsf.gdb.tests.StepIntoSelectionTest) skipped
atDoubleMethodStopAtBreakpoint[gdb.7.12](org.eclipse.cdt.tests.dsf.gdb.tests.StepIntoSelectionTest) skipped
atDoubleMethodSkipBreakpoint[gdb.7.12](org.eclipse.cdt.tests.dsf.gdb.tests.StepIntoSelectionTest) skipped
atLaterLineThatIsNotHit[gdb.7.12](org.eclipse.cdt.tests.dsf.gdb.tests.StepIntoSelectionTest) skipped
recursiveMethod[gdb.7.12](org.eclipse.cdt.tests.dsf.gdb.tests.StepIntoSelectionTest) skipped
atDoubleMethodStopAtBreakpointFunctionEntry[gdb.7.12](org.eclipse.cdt.tests.dsf.gdb.tests.StepIntoSelectionTest) skipped
atLaterLine[gdb.7.12](org.eclipse.cdt.tests.dsf.gdb.tests.StepIntoSelectionTest) skipped
diffMethodByArgsNumber2[gdb.7.12](org.eclipse.cdt.tests.dsf.gdb.tests.StepIntoSelectionTest) skipped
atSameLine[gdb.7.12](org.eclipse.cdt.tests.dsf.gdb.tests.StepIntoSelectionTest) skipped
diffMethodByArgsNumber[gdb.7.12](org.eclipse.cdt.tests.dsf.gdb.tests.StepIntoSelectionTest) skipped
atLaterLineOnDifferentFile[gdb.7.12](org.eclipse.cdt.tests.dsf.gdb.tests.StepIntoSelectionTest) skipped
atDoubleMethodSkipBreakpointFunctionEntry[gdb.7.12](org.eclipse.cdt.tests.dsf.gdb.tests.StepIntoSelectionTest) skipped
atLaterLineStopAtBreakpoint[gdb.7.12](org.eclipse.cdt.tests.dsf.gdb.tests.StepIntoSelectionTest) skipped
atPreviousLine[gdb.7.12](org.eclipse.cdt.tests.dsf.gdb.tests.StepIntoSelectionTest) skipped
terminateWhileTargetRunningKillGDB[gdb.7.12](org.eclipse.cdt.tests.dsf.gdb.tests.OperationsWhileTargetIsRunningTest) skipped
restartWhileTargetRunningGDBAlive[gdb.7.12](org.eclipse.cdt.tests.dsf.gdb.tests.OperationsWhileTargetIsRunningTest) skipped
detachWhileTargetRunningKillGDB[gdb.7.12](org.eclipse.cdt.tests.dsf.gdb.tests.OperationsWhileTargetIsRunningTest) skipped
restartWhileTargetRunningKillGDB[gdb.7.12](org.eclipse.cdt.tests.dsf.gdb.tests.OperationsWhileTargetIsRunningTest) skipped
terminateWhileTargetRunningKeepGDBAlive[gdb.7.12](org.eclipse.cdt.tests.dsf.gdb.tests.OperationsWhileTargetIsRunningTest) skipped
detachWhileTargetRunningGDBAlive[gdb.7.12](org.eclipse.cdt.tests.dsf.gdb.tests.OperationsWhileTargetIsRunningTest) skipped
getModelDataForThread[gdb.7.12](org.eclipse.cdt.tests.dsf.gdb.tests.MIRunControlTest) skipped
getModelDataForThreadWhenStep[gdb.7.12](org.eclipse.cdt.tests.dsf.gdb.tests.MIRunControlTest) skipped
getExecutionContexts[gdb.7.12](org.eclipse.cdt.tests.dsf.gdb.tests.MIRunControlTest) skipped
resume[gdb.7.12](org.eclipse.cdt.tests.dsf.gdb.tests.MIRunControlTest) skipped
runToLine[gdb.7.12](org.eclipse.cdt.tests.dsf.gdb.tests.MIRunControlTest) skipped
getExecutionContext[gdb.7.12](org.eclipse.cdt.tests.dsf.gdb.tests.MIRunControlTest) skipped
resumeContainerContext[gdb.7.12](org.eclipse.cdt.tests.dsf.gdb.tests.MIRunControlTest) skipped
getExecutionContextsForInvalidContainerDMC[gdb.7.12](org.eclipse.cdt.tests.dsf.gdb.tests.MIRunControlTest) skipped
cacheAfterContainerSuspendEvent[gdb.7.12](org.eclipse.cdt.tests.dsf.gdb.tests.MIRunControlTest) skipped
interruptRunningTarget[gdb.7.12](org.eclipse.cdt.tests.dsf.gdb.tests.MIRunControlTest) skipped
getModelDataForThreadWhenBreakpoint[gdb.7.12](org.eclipse.cdt.tests.dsf.gdb.tests.MIRunControlTest) skipped
getModelDataForContainer[gdb.7.12](org.eclipse.cdt.tests.dsf.gdb.tests.MIRunControlTest) skipped
executeSingleStepSingleOpWhileTargetRunning[gdb.7.12](org.eclipse.cdt.tests.dsf.gdb.tests.MIRunControlTargetAvailableTest) skipped
executeMultiStepSingleOpWhileTargetRunning[gdb.7.12](org.eclipse.cdt.tests.dsf.gdb.tests.MIRunControlTargetAvailableTest) skipped
executeSingleStepSingleOpWhileTargetStopped[gdb.7.12](org.eclipse.cdt.tests.dsf.gdb.tests.MIRunControlTargetAvailableTest) skipped
executeSingleStepConcurrentAndDependentOpWhileTargetRunning[gdb.7.12](org.eclipse.cdt.tests.dsf.gdb.tests.MIRunControlTargetAvailableTest) skipped
executeMultiStepSingleOpWhileTargetStopped[gdb.7.12](org.eclipse.cdt.tests.dsf.gdb.tests.MIRunControlTargetAvailableTest) skipped
executeSingleStepConcurrentButDelayedOpWhileTargetRunning[gdb.7.12](org.eclipse.cdt.tests.dsf.gdb.tests.MIRunControlTargetAvailableTest) skipped
executeMultiStepSingleOpWhileTargetRunningWithError[gdb.7.12](org.eclipse.cdt.tests.dsf.gdb.tests.MIRunControlTargetAvailableTest) skipped
executeSingleStepConcurrentOpWhileTargetRunning[gdb.7.12](org.eclipse.cdt.tests.dsf.gdb.tests.MIRunControlTargetAvailableTest) skipped
executeSingleStepConcurrentAndDependentOpWhileTargetStopped[gdb.7.12](org.eclipse.cdt.tests.dsf.gdb.tests.MIRunControlTargetAvailableTest) skipped
executeSingleStepConcurrentButDelayedOpWhileTargetStopped[gdb.7.12](org.eclipse.cdt.tests.dsf.gdb.tests.MIRunControlTargetAvailableTest) skipped
executeSingleStepConcurrentOpWhileTargetStopped[gdb.7.12](org.eclipse.cdt.tests.dsf.gdb.tests.MIRunControlTargetAvailableTest) skipped
executeMultiStepSingleOpWhileTargetStoppedWithError[gdb.7.12](org.eclipse.cdt.tests.dsf.gdb.tests.MIRunControlTargetAvailableTest) skipped
testMatchArrayWithSingleLetterRange[gdb.7.12](org.eclipse.cdt.tests.dsf.gdb.tests.GDBPatternMatchingExpressionsTest) skipped
testMatchSingleLocal[gdb.7.12](org.eclipse.cdt.tests.dsf.gdb.tests.GDBPatternMatchingExpressionsTest) skipped
testMatchArraysWithCommaSeparatedIndices[gdb.7.12](org.eclipse.cdt.tests.dsf.gdb.tests.GDBPatternMatchingExpressionsTest) skipped
testMatchVarWithQuestionMark[gdb.7.12](org.eclipse.cdt.tests.dsf.gdb.tests.GDBPatternMatchingExpressionsTest) skipped
testGroupSubExprRange[gdb.7.12](org.eclipse.cdt.tests.dsf.gdb.tests.GDBPatternMatchingExpressionsTest) skipped
testMatchArrayWithSingleNumberRange[gdb.7.12](org.eclipse.cdt.tests.dsf.gdb.tests.GDBPatternMatchingExpressionsTest) skipped
testGroupExpressionAddressData[gdb.7.12](org.eclipse.cdt.tests.dsf.gdb.tests.GDBPatternMatchingExpressionsTest) skipped
testGroupOneLocalMatchedLocals[gdb.7.12](org.eclipse.cdt.tests.dsf.gdb.tests.GDBPatternMatchingExpressionsTest) skipped
testMatchAllLocalsOtherFrame[gdb.7.12](org.eclipse.cdt.tests.dsf.gdb.tests.GDBPatternMatchingExpressionsTest) skipped
testMatchSingleReg[gdb.7.12](org.eclipse.cdt.tests.dsf.gdb.tests.GDBPatternMatchingExpressionsTest) skipped
testMatchArraysWithCommaSeparatedOverlappingRanges[gdb.7.12](org.eclipse.cdt.tests.dsf.gdb.tests.GDBPatternMatchingExpressionsTest) skipped
testGroupAllLocalsAllRegs[gdb.7.12](org.eclipse.cdt.tests.dsf.gdb.tests.GDBPatternMatchingExpressionsTest) skipped
testGroupExpressionData[gdb.7.12](org.eclipse.cdt.tests.dsf.gdb.tests.GDBPatternMatchingExpressionsTest) skipped
testSemiColonSeparation[gdb.7.12](org.eclipse.cdt.tests.dsf.gdb.tests.GDBPatternMatchingExpressionsTest) skipped
testExpressionWithCommand[gdb.7.12](org.eclipse.cdt.tests.dsf.gdb.tests.GDBPatternMatchingExpressionsTest) skipped
testMatchRegWithOneDigitRange[gdb.7.12](org.eclipse.cdt.tests.dsf.gdb.tests.GDBPatternMatchingExpressionsTest) skipped
testMatchRegWithLetterRange[gdb.7.12](org.eclipse.cdt.tests.dsf.gdb.tests.GDBPatternMatchingExpressionsTest) skipped
testSingleReg[gdb.7.12](org.eclipse.cdt.tests.dsf.gdb.tests.GDBPatternMatchingExpressionsTest) skipped
testMatchArraysWithCommaSeparatedUnsortedRanges[gdb.7.12](org.eclipse.cdt.tests.dsf.gdb.tests.GDBPatternMatchingExpressionsTest) skipped
testGroupGetSubExpressions[gdb.7.12](org.eclipse.cdt.tests.dsf.gdb.tests.GDBPatternMatchingExpressionsTest) skipped
testMatchNonArrayWithNumberRange[gdb.7.12](org.eclipse.cdt.tests.dsf.gdb.tests.GDBPatternMatchingExpressionsTest) skipped
testMatchAllLocals[gdb.7.12](org.eclipse.cdt.tests.dsf.gdb.tests.GDBPatternMatchingExpressionsTest) skipped
testMatchRegWithNumberRange[gdb.7.12](org.eclipse.cdt.tests.dsf.gdb.tests.GDBPatternMatchingExpressionsTest) skipped
testGroupExpressionNotModifiable[gdb.7.12](org.eclipse.cdt.tests.dsf.gdb.tests.GDBPatternMatchingExpressionsTest) skipped
testGroupExpressionAvailableFormats[gdb.7.12](org.eclipse.cdt.tests.dsf.gdb.tests.GDBPatternMatchingExpressionsTest) skipped
testMatchRegWithQuestionMark[gdb.7.12](org.eclipse.cdt.tests.dsf.gdb.tests.GDBPatternMatchingExpressionsTest) skipped
testGroupSemiColonEmptyTerm[gdb.7.12](org.eclipse.cdt.tests.dsf.gdb.tests.GDBPatternMatchingExpressionsTest) skipped
testMultiplyReg[gdb.7.12](org.eclipse.cdt.tests.dsf.gdb.tests.GDBPatternMatchingExpressionsTest) skipped
testMultiplyVar[gdb.7.12](org.eclipse.cdt.tests.dsf.gdb.tests.GDBPatternMatchingExpressionsTest) skipped
testVarWithConditionalOperator[gdb.7.12](org.eclipse.cdt.tests.dsf.gdb.tests.GDBPatternMatchingExpressionsTest) skipped
testArrayWithSubtraction[gdb.7.12](org.eclipse.cdt.tests.dsf.gdb.tests.GDBPatternMatchingExpressionsTest) skipped
testMatchRegWithStar[gdb.7.12](org.eclipse.cdt.tests.dsf.gdb.tests.GDBPatternMatchingExpressionsTest) skipped
testGroupOneLocalAllReg[gdb.7.12](org.eclipse.cdt.tests.dsf.gdb.tests.GDBPatternMatchingExpressionsTest) skipped
testMatchArraysWithCommaSeparatedNumberRanges[gdb.7.12](org.eclipse.cdt.tests.dsf.gdb.tests.GDBPatternMatchingExpressionsTest) skipped
testUniqueWhenOverlapLocal[gdb.7.12](org.eclipse.cdt.tests.dsf.gdb.tests.GDBPatternMatchingExpressionsTest) skipped
testSeparatlySorted[gdb.7.12](org.eclipse.cdt.tests.dsf.gdb.tests.GDBPatternMatchingExpressionsTest) skipped
testMatchRegWithComplexLetterRange[gdb.7.12](org.eclipse.cdt.tests.dsf.gdb.tests.GDBPatternMatchingExpressionsTest) skipped
testExtraSpaces[gdb.7.12](org.eclipse.cdt.tests.dsf.gdb.tests.GDBPatternMatchingExpressionsTest) skipped
testMatchArrayWithLetterRange2[gdb.7.12](org.eclipse.cdt.tests.dsf.gdb.tests.GDBPatternMatchingExpressionsTest) skipped
testMatchAllArraysAndNumberRange[gdb.7.12](org.eclipse.cdt.tests.dsf.gdb.tests.GDBPatternMatchingExpressionsTest) skipped
testMatchArrayWithSameNumberRange[gdb.7.12](org.eclipse.cdt.tests.dsf.gdb.tests.GDBPatternMatchingExpressionsTest) skipped
testRegWithConditionalOperator[gdb.7.12](org.eclipse.cdt.tests.dsf.gdb.tests.GDBPatternMatchingExpressionsTest) skipped
testMatchArraysWithCommaSeparatedInvalidRanges[gdb.7.12](org.eclipse.cdt.tests.dsf.gdb.tests.GDBPatternMatchingExpressionsTest) skipped
testMatchArrayWithLetterRange[gdb.7.12](org.eclipse.cdt.tests.dsf.gdb.tests.GDBPatternMatchingExpressionsTest) skipped
testMatchVarWithStarBefore[gdb.7.12](org.eclipse.cdt.tests.dsf.gdb.tests.GDBPatternMatchingExpressionsTest) skipped
testMatchArrayWithQuestionMarkAndNumberRange[gdb.7.12](org.eclipse.cdt.tests.dsf.gdb.tests.GDBPatternMatchingExpressionsTest) skipped
testSortedAllReg[gdb.7.12](org.eclipse.cdt.tests.dsf.gdb.tests.GDBPatternMatchingExpressionsTest) skipped
testMatchArrayWithInvalidNumberRange[gdb.7.12](org.eclipse.cdt.tests.dsf.gdb.tests.GDBPatternMatchingExpressionsTest) skipped
testUniqueWhenOverlapReg[gdb.7.12](org.eclipse.cdt.tests.dsf.gdb.tests.GDBPatternMatchingExpressionsTest) skipped
testMatchAllRegs[gdb.7.12](org.eclipse.cdt.tests.dsf.gdb.tests.GDBPatternMatchingExpressionsTest) skipped
testMatchArrayWithNumberRange[gdb.7.12](org.eclipse.cdt.tests.dsf.gdb.tests.GDBPatternMatchingExpressionsTest) skipped
testDerefVar[gdb.7.12](org.eclipse.cdt.tests.dsf.gdb.tests.GDBPatternMatchingExpressionsTest) skipped
testMatchRegWithOneLetterRange[gdb.7.12](org.eclipse.cdt.tests.dsf.gdb.tests.GDBPatternMatchingExpressionsTest) skipped
testGroupAllRegsAllLocals[gdb.7.12](org.eclipse.cdt.tests.dsf.gdb.tests.GDBPatternMatchingExpressionsTest) skipped
testMatchVarWithStarAfter[gdb.7.12](org.eclipse.cdt.tests.dsf.gdb.tests.GDBPatternMatchingExpressionsTest) skipped
testArraySorting[gdb.7.12](org.eclipse.cdt.tests.dsf.gdb.tests.GDBPatternMatchingExpressionsTest) skipped
testSingleLocal[gdb.7.12](org.eclipse.cdt.tests.dsf.gdb.tests.GDBPatternMatchingExpressionsTest) skipped
testSortedAllLocals[gdb.7.12](org.eclipse.cdt.tests.dsf.gdb.tests.GDBPatternMatchingExpressionsTest) skipped
testMatchArrayWithWildCardAndNumberRange[gdb.7.12](org.eclipse.cdt.tests.dsf.gdb.tests.GDBPatternMatchingExpressionsTest) skipped
testGroupExpressionValue[gdb.7.12](org.eclipse.cdt.tests.dsf.gdb.tests.GDBPatternMatchingExpressionsTest) skipped
testStateProcessTwoThreadsStoppedAndRunning[gdb.7.12](org.eclipse.cdt.tests.dsf.gdb.tests.nonstop.GDBMultiNonStopRunControlTest) skipped
testResumeOneThreadStopped[gdb.7.12](org.eclipse.cdt.tests.dsf.gdb.tests.nonstop.GDBMultiNonStopRunControlTest) skipped
testSuspendProcessThreadsTwoThreadsStopped[gdb.7.12](org.eclipse.cdt.tests.dsf.gdb.tests.nonstop.GDBMultiNonStopRunControlTest) skipped
testStepProcessThreadNotImplemented[gdb.7.12](org.eclipse.cdt.tests.dsf.gdb.tests.nonstop.GDBMultiNonStopRunControlTest) skipped
testStateProcessThreadsTwoThreadsStoppedAndRunning[gdb.7.12](org.eclipse.cdt.tests.dsf.gdb.tests.nonstop.GDBMultiNonStopRunControlTest) skipped
testStateOneThreadStopped[gdb.7.12](org.eclipse.cdt.tests.dsf.gdb.tests.nonstop.GDBMultiNonStopRunControlTest) skipped
testSuspendProcessTwoThreadsStoppedAndRunning[gdb.7.12](org.eclipse.cdt.tests.dsf.gdb.tests.nonstop.GDBMultiNonStopRunControlTest) skipped
testSuspendTwoThreadsRunningSuspendOne[gdb.7.12](org.eclipse.cdt.tests.dsf.gdb.tests.nonstop.GDBMultiNonStopRunControlTest) skipped
testSuspendTwoThreadsRunningSuspendTwo[gdb.7.12](org.eclipse.cdt.tests.dsf.gdb.tests.nonstop.GDBMultiNonStopRunControlTest) skipped
testSuspendProcessTwoThreadsStopped[gdb.7.12](org.eclipse.cdt.tests.dsf.gdb.tests.nonstop.GDBMultiNonStopRunControlTest) skipped
testSuspendProcessThreadOneThreadStopped[gdb.7.12](org.eclipse.cdt.tests.dsf.gdb.tests.nonstop.GDBMultiNonStopRunControlTest) skipped
testSuspendProcessThreadsTwoThreadsStoppedAndRunning[gdb.7.12](org.eclipse.cdt.tests.dsf.gdb.tests.nonstop.GDBMultiNonStopRunControlTest) skipped
testStateProcessThreadOneThreadRunning[gdb.7.12](org.eclipse.cdt.tests.dsf.gdb.tests.nonstop.GDBMultiNonStopRunControlTest) skipped
testResumeProcessOneThreadRunning[gdb.7.12](org.eclipse.cdt.tests.dsf.gdb.tests.nonstop.GDBMultiNonStopRunControlTest) skipped
testStateProcessThreadTwoThreadsStoppedAndRunning_1[gdb.7.12](org.eclipse.cdt.tests.dsf.gdb.tests.nonstop.GDBMultiNonStopRunControlTest) skipped
testStateProcessThreadTwoThreadsStoppedAndRunning_2[gdb.7.12](org.eclipse.cdt.tests.dsf.gdb.tests.nonstop.GDBMultiNonStopRunControlTest) skipped
testSuspendProcessThreadTwoThreadsStoppedAndRunning_1[gdb.7.12](org.eclipse.cdt.tests.dsf.gdb.tests.nonstop.GDBMultiNonStopRunControlTest) skipped
testSuspendProcessThreadTwoThreadsStoppedAndRunning_2[gdb.7.12](org.eclipse.cdt.tests.dsf.gdb.tests.nonstop.GDBMultiNonStopRunControlTest) skipped
testStateProcessOneThreadRunning[gdb.7.12](org.eclipse.cdt.tests.dsf.gdb.tests.nonstop.GDBMultiNonStopRunControlTest) skipped
testStateProcessThreadsTwoThreadsRunning[gdb.7.12](org.eclipse.cdt.tests.dsf.gdb.tests.nonstop.GDBMultiNonStopRunControlTest) skipped
testStepProcessNotImplemented[gdb.7.12](org.eclipse.cdt.tests.dsf.gdb.tests.nonstop.GDBMultiNonStopRunControlTest) skipped
testSuspendProcessThreadTwoThreadsRunning[gdb.7.12](org.eclipse.cdt.tests.dsf.gdb.tests.nonstop.GDBMultiNonStopRunControlTest) skipped
testSuspendOneThreadRunning[gdb.7.12](org.eclipse.cdt.tests.dsf.gdb.tests.nonstop.GDBMultiNonStopRunControlTest) skipped
testResumeProcessThreadOneThreadRunning[gdb.7.12](org.eclipse.cdt.tests.dsf.gdb.tests.nonstop.GDBMultiNonStopRunControlTest) skipped
testResumeTwoThreadsStoppedAndRunning[gdb.7.12](org.eclipse.cdt.tests.dsf.gdb.tests.nonstop.GDBMultiNonStopRunControlTest) skipped
testResumeTwoThreadsStoppedResumeOne[gdb.7.12](org.eclipse.cdt.tests.dsf.gdb.tests.nonstop.GDBMultiNonStopRunControlTest) skipped
testResumeTwoThreadsStoppedResumeTwo[gdb.7.12](org.eclipse.cdt.tests.dsf.gdb.tests.nonstop.GDBMultiNonStopRunControlTest) skipped
testStateProcessThreadOneThreadStopped[gdb.7.12](org.eclipse.cdt.tests.dsf.gdb.tests.nonstop.GDBMultiNonStopRunControlTest) skipped
testResumeProcessOneThreadStopped[gdb.7.12](org.eclipse.cdt.tests.dsf.gdb.tests.nonstop.GDBMultiNonStopRunControlTest) skipped
testResumeProcessTwoThreadsStoppedAndRunning[gdb.7.12](org.eclipse.cdt.tests.dsf.gdb.tests.nonstop.GDBMultiNonStopRunControlTest) skipped
testStateProcessOneThreadStopped[gdb.7.12](org.eclipse.cdt.tests.dsf.gdb.tests.nonstop.GDBMultiNonStopRunControlTest) skipped
testStateProcessThreadsTwoThreadsStopped[gdb.7.12](org.eclipse.cdt.tests.dsf.gdb.tests.nonstop.GDBMultiNonStopRunControlTest) skipped
testResumeProcessThreadTwoThreadsRunning[gdb.7.12](org.eclipse.cdt.tests.dsf.gdb.tests.nonstop.GDBMultiNonStopRunControlTest) skipped
testStateTwoThreadsRunning[gdb.7.12](org.eclipse.cdt.tests.dsf.gdb.tests.nonstop.GDBMultiNonStopRunControlTest) skipped
testResumeProcessThreadsTwoThreadsStoppedAndRunning[gdb.7.12](org.eclipse.cdt.tests.dsf.gdb.tests.nonstop.GDBMultiNonStopRunControlTest) skipped
testSuspendProcessThreadTwoThreadsStopped[gdb.7.12](org.eclipse.cdt.tests.dsf.gdb.tests.nonstop.GDBMultiNonStopRunControlTest) skipped
testSuspendOneThreadStopped[gdb.7.12](org.eclipse.cdt.tests.dsf.gdb.tests.nonstop.GDBMultiNonStopRunControlTest) skipped
testResumeProcessThreadOneThreadStopped[gdb.7.12](org.eclipse.cdt.tests.dsf.gdb.tests.nonstop.GDBMultiNonStopRunControlTest) skipped
testSuspendProcessOneThreadRunning[gdb.7.12](org.eclipse.cdt.tests.dsf.gdb.tests.nonstop.GDBMultiNonStopRunControlTest) skipped
testStateProcessTwoThreadsRunning[gdb.7.12](org.eclipse.cdt.tests.dsf.gdb.tests.nonstop.GDBMultiNonStopRunControlTest) skipped
testResumeTwoThreadsRunning[gdb.7.12](org.eclipse.cdt.tests.dsf.gdb.tests.nonstop.GDBMultiNonStopRunControlTest) skipped
testSuspendTwoThreadsStopped[gdb.7.12](org.eclipse.cdt.tests.dsf.gdb.tests.nonstop.GDBMultiNonStopRunControlTest) skipped
testResumeProcessThreadTwoThreadsStopped[gdb.7.12](org.eclipse.cdt.tests.dsf.gdb.tests.nonstop.GDBMultiNonStopRunControlTest) skipped
testStateTwoThreadsStoppedAndRunning[gdb.7.12](org.eclipse.cdt.tests.dsf.gdb.tests.nonstop.GDBMultiNonStopRunControlTest) skipped
testStateTwoThreadsStopped[gdb.7.12](org.eclipse.cdt.tests.dsf.gdb.tests.nonstop.GDBMultiNonStopRunControlTest) skipped
testStateProcessThreadTwoThreadsRunning[gdb.7.12](org.eclipse.cdt.tests.dsf.gdb.tests.nonstop.GDBMultiNonStopRunControlTest) skipped
testSuspendProcessOneThreadStopped[gdb.7.12](org.eclipse.cdt.tests.dsf.gdb.tests.nonstop.GDBMultiNonStopRunControlTest) skipped
testResumeProcessTwoThreadsRunning[gdb.7.12](org.eclipse.cdt.tests.dsf.gdb.tests.nonstop.GDBMultiNonStopRunControlTest) skipped
testResumeProcessThreadsTwoThreadsRunning[gdb.7.12](org.eclipse.cdt.tests.dsf.gdb.tests.nonstop.GDBMultiNonStopRunControlTest) skipped
testStepNotImplemented[gdb.7.12](org.eclipse.cdt.tests.dsf.gdb.tests.nonstop.GDBMultiNonStopRunControlTest) skipped
testSuspendTwoThreadsStoppedAndRunning[gdb.7.12](org.eclipse.cdt.tests.dsf.gdb.tests.nonstop.GDBMultiNonStopRunControlTest) skipped
testStateProcessTwoThreadsStopped[gdb.7.12](org.eclipse.cdt.tests.dsf.gdb.tests.nonstop.GDBMultiNonStopRunControlTest) skipped
testResumeOneThreadRunning[gdb.7.12](org.eclipse.cdt.tests.dsf.gdb.tests.nonstop.GDBMultiNonStopRunControlTest) skipped
testSuspendProcessThreadsTwoThreadsRunning[gdb.7.12](org.eclipse.cdt.tests.dsf.gdb.tests.nonstop.GDBMultiNonStopRunControlTest) skipped
testStateOneThreadRunning[gdb.7.12](org.eclipse.cdt.tests.dsf.gdb.tests.nonstop.GDBMultiNonStopRunControlTest) skipped
testResumeProcessThreadTwoThreadsStoppedAndRunning_1[gdb.7.12](org.eclipse.cdt.tests.dsf.gdb.tests.nonstop.GDBMultiNonStopRunControlTest) skipped
testResumeProcessThreadTwoThreadsStoppedAndRunning_2[gdb.7.12](org.eclipse.cdt.tests.dsf.gdb.tests.nonstop.GDBMultiNonStopRunControlTest) skipped
testSuspendProcessTwoThreadsRunning[gdb.7.12](org.eclipse.cdt.tests.dsf.gdb.tests.nonstop.GDBMultiNonStopRunControlTest) skipped
testStateProcessThreadTwoThreadsStopped[gdb.7.12](org.eclipse.cdt.tests.dsf.gdb.tests.nonstop.GDBMultiNonStopRunControlTest) skipped
testSuspendProcessThreadOneThreadRunning[gdb.7.12](org.eclipse.cdt.tests.dsf.gdb.tests.nonstop.GDBMultiNonStopRunControlTest) skipped
testResumeProcessTwoThreadsStopped[gdb.7.12](org.eclipse.cdt.tests.dsf.gdb.tests.nonstop.GDBMultiNonStopRunControlTest) skipped
testResumeProcessThreadsTwoThreadsStopped[gdb.7.12](org.eclipse.cdt.tests.dsf.gdb.tests.nonstop.GDBMultiNonStopRunControlTest) skipped
testAccessWatchpoints[gdb.7.12](org.eclipse.cdt.tests.dsf.gdb.tests.GDBConsoleBreakpointsTest) skipped
testValidFunctionBreakpoints[gdb.7.12](org.eclipse.cdt.tests.dsf.gdb.tests.GDBConsoleBreakpointsTest) skipped
testInvalidFunctionBreakpoints[gdb.7.12](org.eclipse.cdt.tests.dsf.gdb.tests.GDBConsoleBreakpointsTest) skipped
testAddressBreakpointsAtZeroAddress[gdb.7.12](org.eclipse.cdt.tests.dsf.gdb.tests.GDBConsoleBreakpointsTest) skipped
testValidAddressBreakpoints[gdb.7.12](org.eclipse.cdt.tests.dsf.gdb.tests.GDBConsoleBreakpointsTest) skipped
testInvalidLineBreakpoints[gdb.7.12](org.eclipse.cdt.tests.dsf.gdb.tests.GDBConsoleBreakpointsTest) skipped
testWriteWatchpoints[gdb.7.12](org.eclipse.cdt.tests.dsf.gdb.tests.GDBConsoleBreakpointsTest) skipped
testValidLineBreakpoints[gdb.7.12](org.eclipse.cdt.tests.dsf.gdb.tests.GDBConsoleBreakpointsTest) skipped
testReadWatchpoints[gdb.7.12](org.eclipse.cdt.tests.dsf.gdb.tests.GDBConsoleBreakpointsTest) skipped
checknothing[gdb.7.12](org.eclipse.cdt.tests.dsf.gdb.tests.nonstop.MIRunControlNonStopTargetAvailableTest) skipped
executeSingleStepSingleOpWhileTargetRunning[gdb.7.12](org.eclipse.cdt.tests.dsf.gdb.tests.nonstop.MIRunControlNonStopTargetAvailableTest) skipped
executeMultiStepSingleOpWhileTargetRunning[gdb.7.12](org.eclipse.cdt.tests.dsf.gdb.tests.nonstop.MIRunControlNonStopTargetAvailableTest) skipped
executeSingleStepSingleOpWhileTargetStopped[gdb.7.12](org.eclipse.cdt.tests.dsf.gdb.tests.nonstop.MIRunControlNonStopTargetAvailableTest) skipped
executeSingleStepConcurrentAndDependentOpWhileTargetRunning[gdb.7.12](org.eclipse.cdt.tests.dsf.gdb.tests.nonstop.MIRunControlNonStopTargetAvailableTest) skipped
executeMultiStepSingleOpWhileTargetStopped[gdb.7.12](org.eclipse.cdt.tests.dsf.gdb.tests.nonstop.MIRunControlNonStopTargetAvailableTest) skipped
executeSingleStepConcurrentButDelayedOpWhileTargetRunning[gdb.7.12](org.eclipse.cdt.tests.dsf.gdb.tests.nonstop.MIRunControlNonStopTargetAvailableTest) skipped
executeMultiStepSingleOpWhileTargetRunningWithError[gdb.7.12](org.eclipse.cdt.tests.dsf.gdb.tests.nonstop.MIRunControlNonStopTargetAvailableTest) skipped
executeSingleStepConcurrentOpWhileTargetRunning[gdb.7.12](org.eclipse.cdt.tests.dsf.gdb.tests.nonstop.MIRunControlNonStopTargetAvailableTest) skipped
executeSingleStepConcurrentAndDependentOpWhileTargetStopped[gdb.7.12](org.eclipse.cdt.tests.dsf.gdb.tests.nonstop.MIRunControlNonStopTargetAvailableTest) skipped
executeSingleStepConcurrentButDelayedOpWhileTargetStopped[gdb.7.12](org.eclipse.cdt.tests.dsf.gdb.tests.nonstop.MIRunControlNonStopTargetAvailableTest) skipped
executeSingleStepConcurrentOpWhileTargetStopped[gdb.7.12](org.eclipse.cdt.tests.dsf.gdb.tests.nonstop.MIRunControlNonStopTargetAvailableTest) skipped
executeMultiStepSingleOpWhileTargetStoppedWithError[gdb.7.12](org.eclipse.cdt.tests.dsf.gdb.tests.nonstop.MIRunControlNonStopTargetAvailableTest) skipped
testDisplayAsArrayWithPartition[gdb.7.12](org.eclipse.cdt.tests.dsf.gdb.tests.nonstop.MIExpressionsNonStopTest) skipped
testLargeDoubleArray[gdb.7.12](org.eclipse.cdt.tests.dsf.gdb.tests.nonstop.MIExpressionsNonStopTest) skipped
testChildren[gdb.7.12](org.eclipse.cdt.tests.dsf.gdb.tests.nonstop.MIExpressionsNonStopTest) skipped
testDeleteChildren[gdb.7.12](org.eclipse.cdt.tests.dsf.gdb.tests.nonstop.MIExpressionsNonStopTest) skipped
testCastToTypeOfArray[gdb.7.12](org.eclipse.cdt.tests.dsf.gdb.tests.nonstop.MIExpressionsNonStopTest) skipped
testSubBlock[gdb.7.12](org.eclipse.cdt.tests.dsf.gdb.tests.nonstop.MIExpressionsNonStopTest) skipped
testWriteCache[gdb.7.12](org.eclipse.cdt.tests.dsf.gdb.tests.nonstop.MIExpressionsNonStopTest) skipped
testGlobalVariables[gdb.7.12](org.eclipse.cdt.tests.dsf.gdb.tests.nonstop.MIExpressionsNonStopTest) skipped
testThreadContext[gdb.7.12](org.eclipse.cdt.tests.dsf.gdb.tests.nonstop.MIExpressionsNonStopTest) skipped
testCastToType[gdb.7.12](org.eclipse.cdt.tests.dsf.gdb.tests.nonstop.MIExpressionsNonStopTest) skipped
testDisplayComplexReturnValueForStepReturn[gdb.7.12](org.eclipse.cdt.tests.dsf.gdb.tests.nonstop.MIExpressionsNonStopTest) skipped
testUpdateIssue[gdb.7.12](org.eclipse.cdt.tests.dsf.gdb.tests.nonstop.MIExpressionsNonStopTest) skipped
testDisplaySimpleReturnValueForStepReturn[gdb.7.12](org.eclipse.cdt.tests.dsf.gdb.tests.nonstop.MIExpressionsNonStopTest) skipped
testWriteVariable[gdb.7.12](org.eclipse.cdt.tests.dsf.gdb.tests.nonstop.MIExpressionsNonStopTest) skipped
testChildrenCount[gdb.7.12](org.eclipse.cdt.tests.dsf.gdb.tests.nonstop.MIExpressionsNonStopTest) skipped
testRTTI[gdb.7.12](org.eclipse.cdt.tests.dsf.gdb.tests.nonstop.MIExpressionsNonStopTest) skipped
testNamingSameDepth[gdb.7.12](org.eclipse.cdt.tests.dsf.gdb.tests.nonstop.MIExpressionsNonStopTest) skipped
testChildNamingSameMethod[gdb.7.12](org.eclipse.cdt.tests.dsf.gdb.tests.nonstop.MIExpressionsNonStopTest) skipped
testSmallDoubleArray[gdb.7.12](org.eclipse.cdt.tests.dsf.gdb.tests.nonstop.MIExpressionsNonStopTest) skipped
testHasChildrenInExpressionData[gdb.7.12](org.eclipse.cdt.tests.dsf.gdb.tests.nonstop.MIExpressionsNonStopTest) skipped
testNoReturnValueForEmptyStepReturn[gdb.7.12](org.eclipse.cdt.tests.dsf.gdb.tests.nonstop.MIExpressionsNonStopTest) skipped
testDisplayAsArrayAndCastToType[gdb.7.12](org.eclipse.cdt.tests.dsf.gdb.tests.nonstop.MIExpressionsNonStopTest) skipped
testDisplayAsArray[gdb.7.12](org.eclipse.cdt.tests.dsf.gdb.tests.nonstop.MIExpressionsNonStopTest) skipped
testUpdateGDBBug[gdb.7.12](org.eclipse.cdt.tests.dsf.gdb.tests.nonstop.MIExpressionsNonStopTest) skipped
testUpdateIssue2[gdb.7.12](org.eclipse.cdt.tests.dsf.gdb.tests.nonstop.MIExpressionsNonStopTest) skipped
testNamingSameMethod[gdb.7.12](org.eclipse.cdt.tests.dsf.gdb.tests.nonstop.MIExpressionsNonStopTest) skipped
testLiteralIntegerExpressions[gdb.7.12](org.eclipse.cdt.tests.dsf.gdb.tests.nonstop.MIExpressionsNonStopTest) skipped
testConcurrentReadWriteChildren[gdb.7.12](org.eclipse.cdt.tests.dsf.gdb.tests.nonstop.MIExpressionsNonStopTest) skipped
testDisplayAsArrayAndCastToTypeWithPartition[gdb.7.12](org.eclipse.cdt.tests.dsf.gdb.tests.nonstop.MIExpressionsNonStopTest) skipped
testConcurrentReadWrite[gdb.7.12](org.eclipse.cdt.tests.dsf.gdb.tests.nonstop.MIExpressionsNonStopTest) skipped
testConcurrentReadAndUpdateChild[gdb.7.12](org.eclipse.cdt.tests.dsf.gdb.tests.nonstop.MIExpressionsNonStopTest) skipped
testExplicitChildCreation[gdb.7.12](org.eclipse.cdt.tests.dsf.gdb.tests.nonstop.MIExpressionsNonStopTest) skipped
testConcurrentUpdateOutOfScopeChildThenParent[gdb.7.12](org.eclipse.cdt.tests.dsf.gdb.tests.nonstop.MIExpressionsNonStopTest) skipped
testCanWrite[gdb.7.12](org.eclipse.cdt.tests.dsf.gdb.tests.nonstop.MIExpressionsNonStopTest) skipped
testExistingChild[gdb.7.12](org.eclipse.cdt.tests.dsf.gdb.tests.nonstop.MIExpressionsNonStopTest) skipped
testLiteralFloatingPointExpressions[gdb.7.12](org.eclipse.cdt.tests.dsf.gdb.tests.nonstop.MIExpressionsNonStopTest) skipped
testUpdateOfPointer[gdb.7.12](org.eclipse.cdt.tests.dsf.gdb.tests.nonstop.MIExpressionsNonStopTest) skipped
testArrays[gdb.7.12](org.eclipse.cdt.tests.dsf.gdb.tests.nonstop.MIExpressionsNonStopTest) skipped
testConcurrentReadChildrenCount[gdb.7.12](org.eclipse.cdt.tests.dsf.gdb.tests.nonstop.MIExpressionsNonStopTest) skipped
testLocalVariables[gdb.7.12](org.eclipse.cdt.tests.dsf.gdb.tests.nonstop.MIExpressionsNonStopTest) skipped
testUpdatingChildren[gdb.7.12](org.eclipse.cdt.tests.dsf.gdb.tests.nonstop.MIExpressionsNonStopTest) skipped
testExprAddress[gdb.7.12](org.eclipse.cdt.tests.dsf.gdb.tests.nonstop.MIExpressionsNonStopTest) skipped
testDeleteChildren_7_3[gdb.7.12](org.eclipse.cdt.tests.dsf.gdb.tests.nonstop.MIExpressionsNonStopTest) skipped
testRTTI_7_5[gdb.7.12](org.eclipse.cdt.tests.dsf.gdb.tests.nonstop.MIExpressionsNonStopTest) skipped
testCanWriteLValue[gdb.7.12](org.eclipse.cdt.tests.dsf.gdb.tests.nonstop.MIExpressionsNonStopTest) skipped
testWriteErrorFormat[gdb.7.12](org.eclipse.cdt.tests.dsf.gdb.tests.nonstop.MIExpressionsNonStopTest) skipped
testBaseChildrenBug[gdb.7.12](org.eclipse.cdt.tests.dsf.gdb.tests.nonstop.MIExpressionsNonStopTest) skipped
testConcurrentReadChildren[gdb.7.12](org.eclipse.cdt.tests.dsf.gdb.tests.nonstop.MIExpressionsNonStopTest) skipped
testNestedBaseChildrenBug[gdb.7.12](org.eclipse.cdt.tests.dsf.gdb.tests.nonstop.MIExpressionsNonStopTest) skipped
testConcurrentReads[gdb.7.12](org.eclipse.cdt.tests.dsf.gdb.tests.nonstop.MIExpressionsNonStopTest) skipped
testCastToTypeWithPartition[gdb.7.12](org.eclipse.cdt.tests.dsf.gdb.tests.nonstop.MIExpressionsNonStopTest) skipped
checknothing[gdb.7.12](org.eclipse.cdt.tests.dsf.gdb.tests.nonstop.OperationsWhileTargetIsRunningNonStopTest) skipped
terminateWhileTargetRunningKillGDB[gdb.7.12](org.eclipse.cdt.tests.dsf.gdb.tests.nonstop.OperationsWhileTargetIsRunningNonStopTest) skipped
restartWhileTargetRunningGDBAlive[gdb.7.12](org.eclipse.cdt.tests.dsf.gdb.tests.nonstop.OperationsWhileTargetIsRunningNonStopTest) skipped
detachWhileTargetRunningKillGDB[gdb.7.12](org.eclipse.cdt.tests.dsf.gdb.tests.nonstop.OperationsWhileTargetIsRunningNonStopTest) skipped
restartWhileTargetRunningKillGDB[gdb.7.12](org.eclipse.cdt.tests.dsf.gdb.tests.nonstop.OperationsWhileTargetIsRunningNonStopTest) skipped
terminateWhileTargetRunningKeepGDBAlive[gdb.7.12](org.eclipse.cdt.tests.dsf.gdb.tests.nonstop.OperationsWhileTargetIsRunningNonStopTest) skipped
detachWhileTargetRunningGDBAlive[gdb.7.12](org.eclipse.cdt.tests.dsf.gdb.tests.nonstop.OperationsWhileTargetIsRunningNonStopTest) skipped
checknothing[gdb.7.12](org.eclipse.cdt.tests.dsf.gdb.tests.nonstop.StepIntoSelectionNonStopTest) skipped
atDoubleMethodShalowCall[gdb.7.12](org.eclipse.cdt.tests.dsf.gdb.tests.nonstop.StepIntoSelectionNonStopTest) skipped
atLaterLineSkipBreakpoints[gdb.7.12](org.eclipse.cdt.tests.dsf.gdb.tests.nonstop.StepIntoSelectionNonStopTest) skipped
atDoubleMethodDeepCall[gdb.7.12](org.eclipse.cdt.tests.dsf.gdb.tests.nonstop.StepIntoSelectionNonStopTest) skipped
atDoubleMethodStopAtBreakpoint[gdb.7.12](org.eclipse.cdt.tests.dsf.gdb.tests.nonstop.StepIntoSelectionNonStopTest) skipped
atDoubleMethodSkipBreakpoint[gdb.7.12](org.eclipse.cdt.tests.dsf.gdb.tests.nonstop.StepIntoSelectionNonStopTest) skipped
atLaterLineThatIsNotHit[gdb.7.12](org.eclipse.cdt.tests.dsf.gdb.tests.nonstop.StepIntoSelectionNonStopTest) skipped
recursiveMethod[gdb.7.12](org.eclipse.cdt.tests.dsf.gdb.tests.nonstop.StepIntoSelectionNonStopTest) skipped
atDoubleMethodStopAtBreakpointFunctionEntry[gdb.7.12](org.eclipse.cdt.tests.dsf.gdb.tests.nonstop.StepIntoSelectionNonStopTest) skipped
atLaterLine[gdb.7.12](org.eclipse.cdt.tests.dsf.gdb.tests.nonstop.StepIntoSelectionNonStopTest) skipped
diffMethodByArgsNumber2[gdb.7.12](org.eclipse.cdt.tests.dsf.gdb.tests.nonstop.StepIntoSelectionNonStopTest) skipped
atSameLine[gdb.7.12](org.eclipse.cdt.tests.dsf.gdb.tests.nonstop.StepIntoSelectionNonStopTest) skipped
diffMethodByArgsNumber[gdb.7.12](org.eclipse.cdt.tests.dsf.gdb.tests.nonstop.StepIntoSelectionNonStopTest) skipped
atLaterLineOnDifferentFile[gdb.7.12](org.eclipse.cdt.tests.dsf.gdb.tests.nonstop.StepIntoSelectionNonStopTest) skipped
atDoubleMethodSkipBreakpointFunctionEntry[gdb.7.12](org.eclipse.cdt.tests.dsf.gdb.tests.nonstop.StepIntoSelectionNonStopTest) skipped
atLaterLineStopAtBreakpoint[gdb.7.12](org.eclipse.cdt.tests.dsf.gdb.tests.nonstop.StepIntoSelectionNonStopTest) skipped
atPreviousLine[gdb.7.12](org.eclipse.cdt.tests.dsf.gdb.tests.nonstop.StepIntoSelectionNonStopTest) skipped
tracepointActions[gdb.7.12](org.eclipse.cdt.tests.dsf.gdb.tests.GDBRemoteTracepointsTest) skipped
enableTracepoints[gdb.7.12](org.eclipse.cdt.tests.dsf.gdb.tests.GDBRemoteTracepointsTest) skipped
checkTraceInitialStatus[gdb.7.12](org.eclipse.cdt.tests.dsf.gdb.tests.GDBRemoteTracepointsTest) skipped
tracepointActionsWithCollectStrings[gdb.7.12](org.eclipse.cdt.tests.dsf.gdb.tests.GDBRemoteTracepointsTest) skipped
disableTracepoints[gdb.7.12](org.eclipse.cdt.tests.dsf.gdb.tests.GDBRemoteTracepointsTest) skipped
createTracepointEnabledWithCommandsConditionPasscount[gdb.7.12](org.eclipse.cdt.tests.dsf.gdb.tests.GDBRemoteTracepointsTest) skipped
createTracepointDisabledWithCommandsConditionPasscount[gdb.7.12](org.eclipse.cdt.tests.dsf.gdb.tests.GDBRemoteTracepointsTest) skipped
createTracepointDisabled[gdb.7.12](org.eclipse.cdt.tests.dsf.gdb.tests.GDBRemoteTracepointsTest) skipped
createTracepointWithPasscount[gdb.7.12](org.eclipse.cdt.tests.dsf.gdb.tests.GDBRemoteTracepointsTest) skipped
createTracepointWithCondition[gdb.7.12](org.eclipse.cdt.tests.dsf.gdb.tests.GDBRemoteTracepointsTest) skipped
createTracepointWithMultipleCommands[gdb.7.12](org.eclipse.cdt.tests.dsf.gdb.tests.GDBRemoteTracepointsTest) skipped
deleteTracepoints[gdb.7.12](org.eclipse.cdt.tests.dsf.gdb.tests.GDBRemoteTracepointsTest) skipped
tracepointPasscount[gdb.7.12](org.eclipse.cdt.tests.dsf.gdb.tests.GDBRemoteTracepointsTest) skipped
tracepointCondition[gdb.7.12](org.eclipse.cdt.tests.dsf.gdb.tests.GDBRemoteTracepointsTest) skipped
createTracepoints[gdb.7.12](org.eclipse.cdt.tests.dsf.gdb.tests.GDBRemoteTracepointsTest) skipped
createTracepointWithCommand[gdb.7.12](org.eclipse.cdt.tests.dsf.gdb.tests.GDBRemoteTracepointsTest) skipped
testCreateTraceFile[gdb.7.12](org.eclipse.cdt.tests.dsf.gdb.tests.TraceFileTest) skipped
testTraceFile[gdb.7.12](org.eclipse.cdt.tests.dsf.gdb.tests.TraceFileTest) skipped
testTraceFileWithExistingTracepoints[gdb.7.12](org.eclipse.cdt.tests.dsf.gdb.tests.TraceFileTest) skipped
testEnableRecord[gdb.7.12](org.eclipse.cdt.tests.dsf.gdb.tests.GDBConsoleSynchronizingTest) skipped
testSettingVariableWithSet[gdb.7.12](org.eclipse.cdt.tests.dsf.gdb.tests.GDBConsoleSynchronizingTest) skipped
testSettingVariableWithPrint[gdb.7.12](org.eclipse.cdt.tests.dsf.gdb.tests.GDBConsoleSynchronizingTest) skipped
testSettingMemory[gdb.7.12](org.eclipse.cdt.tests.dsf.gdb.tests.GDBConsoleSynchronizingTest) skipped
testDisableRecord[gdb.7.12](org.eclipse.cdt.tests.dsf.gdb.tests.GDBConsoleSynchronizingTest) skipped
testSettingVariableWithSetWithMemory[gdb.7.12](org.eclipse.cdt.tests.dsf.gdb.tests.GDBConsoleSynchronizingTest) skipped
writePatternVaryingAddress[gdb.7.12](org.eclipse.cdt.tests.dsf.gdb.tests.MIMemoryTest) skipped
fillWithInvalidCount[gdb.7.12](org.eclipse.cdt.tests.dsf.gdb.tests.MIMemoryTest) skipped
readCharVaryingBaseAddress[gdb.7.12](org.eclipse.cdt.tests.dsf.gdb.tests.MIMemoryTest) skipped
readWithInvalidWordSize[gdb.7.12](org.eclipse.cdt.tests.dsf.gdb.tests.MIMemoryTest) skipped
writeWithInvalidWordSize[gdb.7.12](org.eclipse.cdt.tests.dsf.gdb.tests.MIMemoryTest) skipped
writeWithInvalidAddress[gdb.7.12](org.eclipse.cdt.tests.dsf.gdb.tests.MIMemoryTest) skipped
writeWithNullContext[gdb.7.12](org.eclipse.cdt.tests.dsf.gdb.tests.MIMemoryTest) skipped
readCharArray[gdb.7.12](org.eclipse.cdt.tests.dsf.gdb.tests.MIMemoryTest) skipped
fillWithInvalidWordSize[gdb.7.12](org.eclipse.cdt.tests.dsf.gdb.tests.MIMemoryTest) skipped
readWithInvalidAddress[gdb.7.12](org.eclipse.cdt.tests.dsf.gdb.tests.MIMemoryTest) skipped
writeCharArray[gdb.7.12](org.eclipse.cdt.tests.dsf.gdb.tests.MIMemoryTest) skipped
asynchronousReadWrite[gdb.7.12](org.eclipse.cdt.tests.dsf.gdb.tests.MIMemoryTest) skipped
writeWithInvalidBuffer[gdb.7.12](org.eclipse.cdt.tests.dsf.gdb.tests.MIMemoryTest) skipped
writePatternVaryingOffset[gdb.7.12](org.eclipse.cdt.tests.dsf.gdb.tests.MIMemoryTest) skipped
fillWithNullContext[gdb.7.12](org.eclipse.cdt.tests.dsf.gdb.tests.MIMemoryTest) skipped
writeWithInvalidCount[gdb.7.12](org.eclipse.cdt.tests.dsf.gdb.tests.MIMemoryTest) skipped
readCharVaryingOffset[gdb.7.12](org.eclipse.cdt.tests.dsf.gdb.tests.MIMemoryTest) skipped
readWithInvalidCount[gdb.7.12](org.eclipse.cdt.tests.dsf.gdb.tests.MIMemoryTest) skipped
readWithNullContext[gdb.7.12](org.eclipse.cdt.tests.dsf.gdb.tests.MIMemoryTest) skipped
writeCharVaryingAddress[gdb.7.12](org.eclipse.cdt.tests.dsf.gdb.tests.MIMemoryTest) skipped
fillWithInvalidAddress[gdb.7.12](org.eclipse.cdt.tests.dsf.gdb.tests.MIMemoryTest) skipped
writePatternCountTimes[gdb.7.12](org.eclipse.cdt.tests.dsf.gdb.tests.MIMemoryTest) skipped
writeCharVaryingOffset[gdb.7.12](org.eclipse.cdt.tests.dsf.gdb.tests.MIMemoryTest) skipped
fillWithInvalidPattern[gdb.7.12](org.eclipse.cdt.tests.dsf.gdb.tests.MIMemoryTest) skipped
memoryCacheRead[gdb.7.12](org.eclipse.cdt.tests.dsf.gdb.tests.MIMemoryTest) skipped
readMixedWithValidAddress[gdb.7.12](org.eclipse.cdt.tests.dsf.gdb.tests.MIDisassemblyTest) skipped
readWithInvalidLineNumber[gdb.7.12](org.eclipse.cdt.tests.dsf.gdb.tests.MIDisassemblyTest) skipped
readMixedWithLineCount[gdb.7.12](org.eclipse.cdt.tests.dsf.gdb.tests.MIDisassemblyTest) skipped
readWithValidAddress[gdb.7.12](org.eclipse.cdt.tests.dsf.gdb.tests.MIDisassemblyTest) skipped
readWithNullAddress[gdb.7.12](org.eclipse.cdt.tests.dsf.gdb.tests.MIDisassemblyTest) skipped
readWithValidFilename[gdb.7.12](org.eclipse.cdt.tests.dsf.gdb.tests.MIDisassemblyTest) skipped
readWithInvalidAddress[gdb.7.12](org.eclipse.cdt.tests.dsf.gdb.tests.MIDisassemblyTest) skipped
readWithLineCount[gdb.7.12](org.eclipse.cdt.tests.dsf.gdb.tests.MIDisassemblyTest) skipped
readWithNullContext[gdb.7.12](org.eclipse.cdt.tests.dsf.gdb.tests.MIDisassemblyTest) skipped
readWithInvalidFilename[gdb.7.12](org.eclipse.cdt.tests.dsf.gdb.tests.MIDisassemblyTest) skipped
getThreadData[gdb.7.12](org.eclipse.cdt.tests.dsf.gdb.tests.GDBProcessesTest) skipped
getProcessData[gdb.7.12](org.eclipse.cdt.tests.dsf.gdb.tests.GDBProcessesTest) skipped
testRelativeCoreFilePathMissing[gdb.7.12](org.eclipse.cdt.tests.dsf.gdb.tests.PostMortemCoreTest) skipped
testAbsoluteInitialPath[gdb.7.12](org.eclipse.cdt.tests.dsf.gdb.tests.PostMortemCoreTest) skipped
testAbsoluteCoreFilePath[gdb.7.12](org.eclipse.cdt.tests.dsf.gdb.tests.PostMortemCoreTest) skipped
testRelativeCoreFilePathInvalid[gdb.7.12](org.eclipse.cdt.tests.dsf.gdb.tests.PostMortemCoreTest) skipped
testLiteralIntegerExpressions[gdb.7.12](org.eclipse.cdt.tests.dsf.gdb.tests.PostMortemCoreTest) skipped
testCoreFilePathWithVariable[gdb.7.12](org.eclipse.cdt.tests.dsf.gdb.tests.PostMortemCoreTest) skipped
testAbsoluteCoreFilePathMissing[gdb.7.12](org.eclipse.cdt.tests.dsf.gdb.tests.PostMortemCoreTest) skipped
testLiteralFloatingPointExpressions[gdb.7.12](org.eclipse.cdt.tests.dsf.gdb.tests.PostMortemCoreTest) skipped
testEmptyInitialPath[gdb.7.12](org.eclipse.cdt.tests.dsf.gdb.tests.PostMortemCoreTest) skipped
readMemoryArray[gdb.7.12](org.eclipse.cdt.tests.dsf.gdb.tests.PostMortemCoreTest) skipped
testRelativeInitialPath[gdb.7.12](org.eclipse.cdt.tests.dsf.gdb.tests.PostMortemCoreTest) skipped
testLocalVariables[gdb.7.12](org.eclipse.cdt.tests.dsf.gdb.tests.PostMortemCoreTest) skipped
testInitialPathWithVariable[gdb.7.12](org.eclipse.cdt.tests.dsf.gdb.tests.PostMortemCoreTest) skipped
testAbsoluteInitialPathInvalid[gdb.7.12](org.eclipse.cdt.tests.dsf.gdb.tests.PostMortemCoreTest) skipped
testAbsoluteCoreFilePathInvalid[gdb.7.12](org.eclipse.cdt.tests.dsf.gdb.tests.PostMortemCoreTest) skipped
testRelativeCoreFilePath[gdb.7.12](org.eclipse.cdt.tests.dsf.gdb.tests.PostMortemCoreTest) skipped
testRelativeInitialPathInvalid[gdb.7.12](org.eclipse.cdt.tests.dsf.gdb.tests.PostMortemCoreTest) skipped
commandTimedOutDuringLaunch[gdb.7.12](org.eclipse.cdt.tests.dsf.gdb.tests.CommandTimeoutTest) skipped
commandTimedOutDuringSession[gdb.7.12](org.eclipse.cdt.tests.dsf.gdb.tests.CommandTimeoutTest) skipped
testGdbSyncServiceCanSwitchGDBThread[gdb.7.12](org.eclipse.cdt.tests.dsf.gdb.tests.nonstop.ThreadStackFrameSyncTest) skipped
testChangingCurrentThreadCLINotification[gdb.7.12](org.eclipse.cdt.tests.dsf.gdb.tests.nonstop.ThreadStackFrameSyncTest) skipped
testGdbSyncServiceCanSwitchGDBStackFrame[gdb.7.12](org.eclipse.cdt.tests.dsf.gdb.tests.nonstop.ThreadStackFrameSyncTest) skipped
testChangingCurrentFrameCLINotification[gdb.7.12](org.eclipse.cdt.tests.dsf.gdb.tests.nonstop.ThreadStackFrameSyncTest) skipped
testSettingArgumentsWithTabs[gdb.7.12](org.eclipse.cdt.tests.dsf.gdb.tests.CommandLineArgsTest) skipped
testSettingArgumentsWithQuotes[gdb.7.12](org.eclipse.cdt.tests.dsf.gdb.tests.CommandLineArgsTest) skipped
testSettingArgumentsWithSymbols[gdb.7.12](org.eclipse.cdt.tests.dsf.gdb.tests.CommandLineArgsTest) skipped
testSettingArguments[gdb.7.12](org.eclipse.cdt.tests.dsf.gdb.tests.CommandLineArgsTest) skipped
testSettingArgumentsWithSpecialSymbols[gdb.7.12](org.eclipse.cdt.tests.dsf.gdb.tests.CommandLineArgsTest) skipped
