<?xml version="1.0" encoding="UTF-8"?>
<testsuite name="org.eclipse.cdt.tests.dsf.gdb.tests.AutomatedSuite" time="0" tests="571" errors="0" skipped="571" failures="0">
  <properties>
[...]
</properties>
  <testcase name="updateBreakpoint_ModifyCondition[gdb.7.12]" classname="org.eclipse.cdt.tests.dsf.gdb.tests.MIBreakpointsTest" time="0">
    <skipped/>
  </testcase>
  <testcase name="insertBreakpoint_InvalidFileNamePending[gdb.7.12]" classname="org.eclipse.cdt.tests.dsf.gdb.tests.MIBreakpointsTest" time="0">
    <skipped/>
  </testcase>
  <testcase name="removeBreakpoint_InvalidBreakpoint[gdb.7.12]" classname="org.eclipse.cdt.tests.dsf.gdb.tests.MIBreakpointsTest" time="0">
    <skipped/>
  </testcase>
  <testcase name="insertInvalidBreakpoint_WhileTargetRunning[gdb.7.12]" classname="org.eclipse.cdt.tests.dsf.gdb.tests.MIBreakpointsTest" time="0">
    <skipped/>
  </testcase>
  <testcase name="breakpointHit_LineNumber[gdb.7.12]" classname="org.eclipse.cdt.tests.dsf.gdb.tests.MIBreakpointsTest" time="0">
    <skipped/>
  </testcase>
  <testcase name="insertBreakpoint_Duplicate[gdb.7.12]" classname="org.eclipse.cdt.tests.dsf.gdb.tests.MIBreakpointsTest" time="0">
    <skipped/>
  </testcase>
  <testcase name="insertBreakpoint_Address[gdb.7.12]" classname="org.eclipse.cdt.tests.dsf.gdb.tests.MIBreakpointsTest" time="0">
    <skipped/>
  </testcase>
  <testcase name="insertBreakpoint_FunctionName[gdb.7.12]" classname="org.eclipse.cdt.tests.dsf.gdb.tests.MIBreakpointsTest" time="0">
    <skipped/>
  </testcase>
  <testcase name="insertBreakpoint_InvalidFunctionName[gdb.7.12]" classname="org.eclipse.cdt.tests.dsf.gdb.tests.MIBreakpointsTest" time="0">
    <skipped/>
  </testcase>
  <testcase name="breakpointHit_WatchpointOutOfScope[gdb.7.12]" classname="org.eclipse.cdt.tests.dsf.gdb.tests.MIBreakpointsTest" time="0">
    <skipped message="All GDBs seem to have a bug in this situation"/>
  </testcase>
  <testcase name="updateWatchpoint_ModifyCondition[gdb.7.12]" classname="org.eclipse.cdt.tests.dsf.gdb.tests.MIBreakpointsTest" time="0">
    <skipped/>
  </testcase>
  <testcase name="updateBreakpoint_Enable_WhileTargetRunning[gdb.7.12]" classname="org.eclipse.cdt.tests.dsf.gdb.tests.MIBreakpointsTest" time="0">
    <skipped/>
  </testcase>
  <testcase name="updateBreakpoint_AfterRestart[gdb.7.12]" classname="org.eclipse.cdt.tests.dsf.gdb.tests.MIBreakpointsTest" time="0">
    <skipped/>
  </testcase>
  <testcase name="insertWatchpoint_Read[gdb.7.12]" classname="org.eclipse.cdt.tests.dsf.gdb.tests.MIBreakpointsTest" time="0">
    <skipped/>
  </testcase>
  <testcase name="breakpointHit_UpdatedCount[gdb.7.12]" classname="org.eclipse.cdt.tests.dsf.gdb.tests.MIBreakpointsTest" time="0">
    <skipped/>
  </testcase>
  <testcase name="updateBreakpoint_InvalidBreakpoint[gdb.7.12]" classname="org.eclipse.cdt.tests.dsf.gdb.tests.MIBreakpointsTest" time="0">
    <skipped/>
  </testcase>
  <testcase name="insertBreakpoint_LineNumber[gdb.7.12]" classname="org.eclipse.cdt.tests.dsf.gdb.tests.MIBreakpointsTest" time="0">
    <skipped/>
  </testcase>
  <testcase name="insertWatchpoint_Access[gdb.7.12]" classname="org.eclipse.cdt.tests.dsf.gdb.tests.MIBreakpointsTest" time="0">
    <skipped/>
  </testcase>
  <testcase name="updateBreakpoint_ModifyCount_WhileTargetRunning[gdb.7.12]" classname="org.eclipse.cdt.tests.dsf.gdb.tests.MIBreakpointsTest" time="0">
    <skipped/>
  </testcase>
  <testcase name="insertBreakpoint_InvalidContext[gdb.7.12]" classname="org.eclipse.cdt.tests.dsf.gdb.tests.MIBreakpointsTest" time="0">
    <skipped/>
  </testcase>
  <testcase name="insertBreakpoint_InvalidFunctionNamePending[gdb.7.12]" classname="org.eclipse.cdt.tests.dsf.gdb.tests.MIBreakpointsTest" time="0">
    <skipped/>
  </testcase>
  <testcase name="updateBreakpoint_AddCount[gdb.7.12]" classname="org.eclipse.cdt.tests.dsf.gdb.tests.MIBreakpointsTest" time="0">
    <skipped/>
  </testcase>
  <testcase name="breakpointHit_WriteWatchpoint[gdb.7.12]" classname="org.eclipse.cdt.tests.dsf.gdb.tests.MIBreakpointsTest" time="0">
    <skipped/>
  </testcase>
  <testcase name="breakpointHit_Function[gdb.7.12]" classname="org.eclipse.cdt.tests.dsf.gdb.tests.MIBreakpointsTest" time="0">
    <skipped/>
  </testcase>
  <testcase name="breakpointHit_AccessWatchpoint[gdb.7.12]" classname="org.eclipse.cdt.tests.dsf.gdb.tests.MIBreakpointsTest" time="0">
    <skipped/>
  </testcase>
  <testcase name="insertBreakpoint_Disabled[gdb.7.12]" classname="org.eclipse.cdt.tests.dsf.gdb.tests.MIBreakpointsTest" time="0">
    <skipped/>
  </testcase>
  <testcase name="breakpointHit_Condition[gdb.7.12]" classname="org.eclipse.cdt.tests.dsf.gdb.tests.MIBreakpointsTest" time="0">
    <skipped/>
  </testcase>
  <testcase name="insertBreakpoint_InvalidFileName[gdb.7.12]" classname="org.eclipse.cdt.tests.dsf.gdb.tests.MIBreakpointsTest" time="0">
    <skipped/>
  </testcase>
  <testcase name="breakpointHit_Count[gdb.7.12]" classname="org.eclipse.cdt.tests.dsf.gdb.tests.MIBreakpointsTest" time="0">
    <skipped/>
  </testcase>
  <testcase name="insertBreakpoint_InvalidLineNumberPending[gdb.7.12]" classname="org.eclipse.cdt.tests.dsf.gdb.tests.MIBreakpointsTest" time="0">
    <skipped/>
  </testcase>
  <testcase name="insertBreakpoint_Condition[gdb.7.12]" classname="org.eclipse.cdt.tests.dsf.gdb.tests.MIBreakpointsTest" time="0">
    <skipped/>
  </testcase>
  <testcase name="breakpointHit_watchpointUpdateCondition[gdb.7.12]" classname="org.eclipse.cdt.tests.dsf.gdb.tests.MIBreakpointsTest" time="0">
    <skipped/>
  </testcase>
  <testcase name="updateBreakpoint_AddCondition[gdb.7.12]" classname="org.eclipse.cdt.tests.dsf.gdb.tests.MIBreakpointsTest" time="0">
    <skipped/>
  </testcase>
  <testcase name="updateBreakpoint_Enable[gdb.7.12]" classname="org.eclipse.cdt.tests.dsf.gdb.tests.MIBreakpointsTest" time="0">
    <skipped/>
  </testcase>
  <testcase name="insertInvalidBreakpoint_WhileTargetRunningPending[gdb.7.12]" classname="org.eclipse.cdt.tests.dsf.gdb.tests.MIBreakpointsTest" time="0">
    <skipped/>
  </testcase>
  <testcase name="breakpointHit_watchpointUpdateCount[gdb.7.12]" classname="org.eclipse.cdt.tests.dsf.gdb.tests.MIBreakpointsTest" time="0">
    <skipped/>
  </testcase>
  <testcase name="insertBreakpoint_InvalidLineNumber[gdb.7.12]" classname="org.eclipse.cdt.tests.dsf.gdb.tests.MIBreakpointsTest" time="0">
    <skipped/>
  </testcase>
  <testcase name="updateBreakpoint_RemoveCondition[gdb.7.12]" classname="org.eclipse.cdt.tests.dsf.gdb.tests.MIBreakpointsTest" time="0">
    <skipped/>
  </testcase>
  <testcase name="updateBreakpoint_ModifyCount[gdb.7.12]" classname="org.eclipse.cdt.tests.dsf.gdb.tests.MIBreakpointsTest" time="0">
    <skipped/>
  </testcase>
  <testcase name="insertBreakpoint_WhileTargetRunning[gdb.7.12]" classname="org.eclipse.cdt.tests.dsf.gdb.tests.MIBreakpointsTest" time="0">
    <skipped/>
  </testcase>
  <testcase name="removeBreakpoint_MixedCase[gdb.7.12]" classname="org.eclipse.cdt.tests.dsf.gdb.tests.MIBreakpointsTest" time="0">
    <skipped/>
  </testcase>
  <testcase name="updateBreakpoint_Disable[gdb.7.12]" classname="org.eclipse.cdt.tests.dsf.gdb.tests.MIBreakpointsTest" time="0">
    <skipped/>
  </testcase>
  <testcase name="insertBreakpoint_MultipleBreakpoints[gdb.7.12]" classname="org.eclipse.cdt.tests.dsf.gdb.tests.MIBreakpointsTest" time="0">
    <skipped/>
  </testcase>
  <testcase name="updateWatchpoint_RemoveCondition[gdb.7.12]" classname="org.eclipse.cdt.tests.dsf.gdb.tests.MIBreakpointsTest" time="0">
    <skipped/>
  </testcase>
  <testcase name="updateBreakpoint_ModifyCondition_WhileTargetRunning[gdb.7.12]" classname="org.eclipse.cdt.tests.dsf.gdb.tests.MIBreakpointsTest" time="0">
    <skipped/>
  </testcase>
  <testcase name="insertBreakpoint_InvalidAddress[gdb.7.12]" classname="org.eclipse.cdt.tests.dsf.gdb.tests.MIBreakpointsTest" time="0">
    <skipped/>
  </testcase>
  <testcase name="removeBreakpoint_WhileTargetRunning[gdb.7.12]" classname="org.eclipse.cdt.tests.dsf.gdb.tests.MIBreakpointsTest" time="0">
    <skipped/>
  </testcase>
  <testcase name="updateBreakpoint_Disable_WhileTargetRunning[gdb.7.12]" classname="org.eclipse.cdt.tests.dsf.gdb.tests.MIBreakpointsTest" time="0">
    <skipped/>
  </testcase>
  <testcase name="insertWatchpoint_Write[gdb.7.12]" classname="org.eclipse.cdt.tests.dsf.gdb.tests.MIBreakpointsTest" time="0">
    <skipped/>
  </testcase>
  <testcase name="insertBreakpoint_IgnoreCnt[gdb.7.12]" classname="org.eclipse.cdt.tests.dsf.gdb.tests.MIBreakpointsTest" time="0">
    <skipped/>
  </testcase>
  <testcase name="updateBreakpoint_RemoveCount[gdb.7.12]" classname="org.eclipse.cdt.tests.dsf.gdb.tests.MIBreakpointsTest" time="0">
    <skipped/>
  </testcase>
  <testcase name="breakpointHit_ReadWatchpoint[gdb.7.12]" classname="org.eclipse.cdt.tests.dsf.gdb.tests.MIBreakpointsTest" time="0">
    <skipped/>
  </testcase>
  <testcase name="breakpointHit_UpdatedCondition[gdb.7.12]" classname="org.eclipse.cdt.tests.dsf.gdb.tests.MIBreakpointsTest" time="0">
    <skipped/>
  </testcase>
  <testcase name="updateWatchpoint_AddCondition[gdb.7.12]" classname="org.eclipse.cdt.tests.dsf.gdb.tests.MIBreakpointsTest" time="0">
    <skipped/>
  </testcase>
  <testcase name="removeBreakpoint_SimpleCase[gdb.7.12]" classname="org.eclipse.cdt.tests.dsf.gdb.tests.MIBreakpointsTest" time="0">
    <skipped/>
  </testcase>
  <testcase name="insertWatchpoint_WhileTargetRunning[gdb.7.12]" classname="org.eclipse.cdt.tests.dsf.gdb.tests.MIBreakpointsTest" time="0">
    <skipped message="Not supported because the frame where we stop does not contain the expression"/>
  </testcase>
  <testcase name="updateCatchpoint_ModifyCondition[gdb.7.12]" classname="org.eclipse.cdt.tests.dsf.gdb.tests.MICatchpointsTest" time="0">
    <skipped/>
  </testcase>
  <testcase name="updateCatchpoint_WhileTargetRunning1[gdb.7.12]" classname="org.eclipse.cdt.tests.dsf.gdb.tests.MICatchpointsTest" time="0">
    <skipped/>
  </testcase>
  <testcase name="updateCatchpoint_WhileTargetRunning2[gdb.7.12]" classname="org.eclipse.cdt.tests.dsf.gdb.tests.MICatchpointsTest" time="0">
    <skipped/>
  </testcase>
  <testcase name="insertCatchpoint_Simple[gdb.7.12]" classname="org.eclipse.cdt.tests.dsf.gdb.tests.MICatchpointsTest" time="0">
    <skipped/>
  </testcase>
  <testcase name="updateCatchpoint_AddCondition[gdb.7.12]" classname="org.eclipse.cdt.tests.dsf.gdb.tests.MICatchpointsTest" time="0">
    <skipped/>
  </testcase>
  <testcase name="removeCatchpoint_SimpleCase[gdb.7.12]" classname="org.eclipse.cdt.tests.dsf.gdb.tests.MICatchpointsTest" time="0">
    <skipped/>
  </testcase>
  <testcase name="updateCatchpoint_ModifyCount[gdb.7.12]" classname="org.eclipse.cdt.tests.dsf.gdb.tests.MICatchpointsTest" time="0">
    <skipped/>
  </testcase>
  <testcase name="removeCatchpoint_WhileTargetRunning1[gdb.7.12]" classname="org.eclipse.cdt.tests.dsf.gdb.tests.MICatchpointsTest" time="0">
    <skipped/>
  </testcase>
  <testcase name="removeCatchpoint_WhileTargetRunning2[gdb.7.12]" classname="org.eclipse.cdt.tests.dsf.gdb.tests.MICatchpointsTest" time="0">
    <skipped/>
  </testcase>
  <testcase name="insertCatchpoint_Condition[gdb.7.12]" classname="org.eclipse.cdt.tests.dsf.gdb.tests.MICatchpointsTest" time="0">
    <skipped/>
  </testcase>
  <testcase name="removeCatchpoint_InvalidBreakpoint[gdb.7.12]" classname="org.eclipse.cdt.tests.dsf.gdb.tests.MICatchpointsTest" time="0">
    <skipped/>
  </testcase>
  <testcase name="insertCatchpoint_InvalidContext[gdb.7.12]" classname="org.eclipse.cdt.tests.dsf.gdb.tests.MICatchpointsTest" time="0">
    <skipped/>
  </testcase>
  <testcase name="updateCatchpoint_RemoveCount[gdb.7.12]" classname="org.eclipse.cdt.tests.dsf.gdb.tests.MICatchpointsTest" time="0">
    <skipped/>
  </testcase>
  <testcase name="catchpointConversions[gdb.7.12]" classname="org.eclipse.cdt.tests.dsf.gdb.tests.MICatchpointsTest" time="0">
    <skipped/>
  </testcase>
  <testcase name="updateCatchpoint_Disable[gdb.7.12]" classname="org.eclipse.cdt.tests.dsf.gdb.tests.MICatchpointsTest" time="0">
    <skipped/>
  </testcase>
  <testcase name="updateCatchpoint_AddCount[gdb.7.12]" classname="org.eclipse.cdt.tests.dsf.gdb.tests.MICatchpointsTest" time="0">
    <skipped/>
  </testcase>
  <testcase name="removeCatchpoint_MixedOrder[gdb.7.12]" classname="org.eclipse.cdt.tests.dsf.gdb.tests.MICatchpointsTest" time="0">
    <skipped/>
  </testcase>
  <testcase name="insertCatchpoint_IgnoreCnt[gdb.7.12]" classname="org.eclipse.cdt.tests.dsf.gdb.tests.MICatchpointsTest" time="0">
    <skipped/>
  </testcase>
  <testcase name="updateCatchpoint_RemoveCondition[gdb.7.12]" classname="org.eclipse.cdt.tests.dsf.gdb.tests.MICatchpointsTest" time="0">
    <skipped/>
  </testcase>
  <testcase name="insertCatchpoint_WhileTargetRunning[gdb.7.12]" classname="org.eclipse.cdt.tests.dsf.gdb.tests.MICatchpointsTest" time="0">
    <skipped/>
  </testcase>
  <testcase name="insertCatchpoint_Duplicate[gdb.7.12]" classname="org.eclipse.cdt.tests.dsf.gdb.tests.MICatchpointsTest" time="0">
    <skipped/>
  </testcase>
  <testcase name="insertCatchpoint_MultipleCatchpoints[gdb.7.12]" classname="org.eclipse.cdt.tests.dsf.gdb.tests.MICatchpointsTest" time="0">
    <skipped/>
  </testcase>
  <testcase name="resolveTargetRegisterGroup[gdb.7.12]" classname="org.eclipse.cdt.tests.dsf.gdb.tests.MIRegistersTest" time="0">
    <skipped/>
  </testcase>
  <testcase name="frameSpecificValues[gdb.7.12]" classname="org.eclipse.cdt.tests.dsf.gdb.tests.MIRegistersTest" time="0">
    <skipped/>
  </testcase>
  <testcase name="canNotEditRootRegisterGroup[gdb.7.12]" classname="org.eclipse.cdt.tests.dsf.gdb.tests.MIRegistersTest" time="0">
    <skipped/>
  </testcase>
  <testcase name="getRegisterGroupsData[gdb.7.12]" classname="org.eclipse.cdt.tests.dsf.gdb.tests.MIRegistersTest" time="0">
    <skipped/>
  </testcase>
  <testcase name="canRestoreRegisterGroups[gdb.7.12]" classname="org.eclipse.cdt.tests.dsf.gdb.tests.MIRegistersTest" time="0">
    <skipped/>
  </testcase>
  <testcase name="writeRegisterFromUserGroup[gdb.7.12]" classname="org.eclipse.cdt.tests.dsf.gdb.tests.MIRegistersTest" time="0">
    <skipped/>
  </testcase>
  <testcase name="resolveTargetRegistersLength[gdb.7.12]" classname="org.eclipse.cdt.tests.dsf.gdb.tests.MIRegistersTest" time="0">
    <skipped/>
  </testcase>
  <testcase name="writeRegisterBinaryFormat[gdb.7.12]" classname="org.eclipse.cdt.tests.dsf.gdb.tests.MIRegistersTest" time="0">
    <skipped/>
  </testcase>
  <testcase name="writeRegisterOctalFormat[gdb.7.12]" classname="org.eclipse.cdt.tests.dsf.gdb.tests.MIRegistersTest" time="0">
    <skipped/>
  </testcase>
  <testcase name="canEditRegisterGroup[gdb.7.12]" classname="org.eclipse.cdt.tests.dsf.gdb.tests.MIRegistersTest" time="0">
    <skipped/>
  </testcase>
  <testcase name="restoreRegisterGroups[gdb.7.12]" classname="org.eclipse.cdt.tests.dsf.gdb.tests.MIRegistersTest" time="0">
    <skipped/>
  </testcase>
  <testcase name="canNotEditUnknownRegisterGroup[gdb.7.12]" classname="org.eclipse.cdt.tests.dsf.gdb.tests.MIRegistersTest" time="0">
    <skipped/>
  </testcase>
  <testcase name="writeRegisterNaturalFormat[gdb.7.12]" classname="org.eclipse.cdt.tests.dsf.gdb.tests.MIRegistersTest" time="0">
    <skipped/>
  </testcase>
  <testcase name="getModelDataForRegisterDataValueInDifferentNumberFormats[gdb.7.12]" classname="org.eclipse.cdt.tests.dsf.gdb.tests.MIRegistersTest" time="0">
    <skipped/>
  </testcase>
  <testcase name="removeRegisterGroups[gdb.7.12]" classname="org.eclipse.cdt.tests.dsf.gdb.tests.MIRegistersTest" time="0">
    <skipped/>
  </testcase>
  <testcase name="editRegisterGroup[gdb.7.12]" classname="org.eclipse.cdt.tests.dsf.gdb.tests.MIRegistersTest" time="0">
    <skipped/>
  </testcase>
  <testcase name="getRegisters[gdb.7.12]" classname="org.eclipse.cdt.tests.dsf.gdb.tests.MIRegistersTest" time="0">
    <skipped/>
  </testcase>
  <testcase name="writeRegisterHEXFormat[gdb.7.12]" classname="org.eclipse.cdt.tests.dsf.gdb.tests.MIRegistersTest" time="0">
    <skipped/>
  </testcase>
  <testcase name="canAddRegisterGroup[gdb.7.12]" classname="org.eclipse.cdt.tests.dsf.gdb.tests.MIRegistersTest" time="0">
    <skipped/>
  </testcase>
  <testcase name="canRemoveRegisterGroup[gdb.7.12]" classname="org.eclipse.cdt.tests.dsf.gdb.tests.MIRegistersTest" time="0">
    <skipped/>
  </testcase>
  <testcase name="compareRegisterForMultipleExecutionContexts[gdb.7.12]" classname="org.eclipse.cdt.tests.dsf.gdb.tests.MIRegistersTest" time="0">
    <skipped/>
  </testcase>
  <testcase name="addRegisterGroups[gdb.7.12]" classname="org.eclipse.cdt.tests.dsf.gdb.tests.MIRegistersTest" time="0">
    <skipped/>
  </testcase>
  <testcase name="saveAndReadRegisterGroupData[gdb.7.12]" classname="org.eclipse.cdt.tests.dsf.gdb.tests.MIRegistersTest" time="0">
    <skipped/>
  </testcase>
  <testcase name="removeRegisterGroupsWithRoot[gdb.7.12]" classname="org.eclipse.cdt.tests.dsf.gdb.tests.MIRegistersTest" time="0">
    <skipped/>
  </testcase>
  <testcase name="getRegisterNames[gdb.7.12]" classname="org.eclipse.cdt.tests.dsf.gdb.tests.MIRegistersTest" time="0">
    <skipped/>
  </testcase>
  <testcase name="testDisplayAsArrayWithPartition[gdb.7.12]" classname="org.eclipse.cdt.tests.dsf.gdb.tests.MIExpressionsTest" time="0">
    <skipped/>
  </testcase>
  <testcase name="testLargeDoubleArray[gdb.7.12]" classname="org.eclipse.cdt.tests.dsf.gdb.tests.MIExpressionsTest" time="0">
    <skipped/>
  </testcase>
  <testcase name="testChildren[gdb.7.12]" classname="org.eclipse.cdt.tests.dsf.gdb.tests.MIExpressionsTest" time="0">
    <skipped/>
  </testcase>
  <testcase name="testDeleteChildren[gdb.7.12]" classname="org.eclipse.cdt.tests.dsf.gdb.tests.MIExpressionsTest" time="0">
    <skipped/>
  </testcase>
  <testcase name="testCastToTypeOfArray[gdb.7.12]" classname="org.eclipse.cdt.tests.dsf.gdb.tests.MIExpressionsTest" time="0">
    <skipped/>
  </testcase>
  <testcase name="testSubBlock[gdb.7.12]" classname="org.eclipse.cdt.tests.dsf.gdb.tests.MIExpressionsTest" time="0">
    <skipped message="Sublocks do not work with GDB"/>
  </testcase>
  <testcase name="testWriteCache[gdb.7.12]" classname="org.eclipse.cdt.tests.dsf.gdb.tests.MIExpressionsTest" time="0">
    <skipped/>
  </testcase>
  <testcase name="testGlobalVariables[gdb.7.12]" classname="org.eclipse.cdt.tests.dsf.gdb.tests.MIExpressionsTest" time="0">
    <skipped/>
  </testcase>
  <testcase name="testThreadContext[gdb.7.12]" classname="org.eclipse.cdt.tests.dsf.gdb.tests.MIExpressionsTest" time="0">
    <skipped/>
  </testcase>
  <testcase name="testCastToType[gdb.7.12]" classname="org.eclipse.cdt.tests.dsf.gdb.tests.MIExpressionsTest" time="0">
    <skipped/>
  </testcase>
  <testcase name="testDisplayComplexReturnValueForStepReturn[gdb.7.12]" classname="org.eclipse.cdt.tests.dsf.gdb.tests.MIExpressionsTest" time="0">
    <skipped/>
  </testcase>
  <testcase name="testUpdateIssue[gdb.7.12]" classname="org.eclipse.cdt.tests.dsf.gdb.tests.MIExpressionsTest" time="0">
    <skipped/>
  </testcase>
  <testcase name="testDisplaySimpleReturnValueForStepReturn[gdb.7.12]" classname="org.eclipse.cdt.tests.dsf.gdb.tests.MIExpressionsTest" time="0">
    <skipped/>
  </testcase>
  <testcase name="testWriteVariable[gdb.7.12]" classname="org.eclipse.cdt.tests.dsf.gdb.tests.MIExpressionsTest" time="0">
    <skipped/>
  </testcase>
  <testcase name="testChildrenCount[gdb.7.12]" classname="org.eclipse.cdt.tests.dsf.gdb.tests.MIExpressionsTest" time="0">
    <skipped/>
  </testcase>
  <testcase name="testRTTI[gdb.7.12]" classname="org.eclipse.cdt.tests.dsf.gdb.tests.MIExpressionsTest" time="0">
    <skipped/>
  </testcase>
  <testcase name="testNamingSameDepth[gdb.7.12]" classname="org.eclipse.cdt.tests.dsf.gdb.tests.MIExpressionsTest" time="0">
    <skipped/>
  </testcase>
  <testcase name="testChildNamingSameMethod[gdb.7.12]" classname="org.eclipse.cdt.tests.dsf.gdb.tests.MIExpressionsTest" time="0">
    <skipped/>
  </testcase>
  <testcase name="testSmallDoubleArray[gdb.7.12]" classname="org.eclipse.cdt.tests.dsf.gdb.tests.MIExpressionsTest" time="0">
    <skipped/>
  </testcase>
  <testcase name="testHasChildrenInExpressionData[gdb.7.12]" classname="org.eclipse.cdt.tests.dsf.gdb.tests.MIExpressionsTest" time="0">
    <skipped/>
  </testcase>
  <testcase name="testNoReturnValueForEmptyStepReturn[gdb.7.12]" classname="org.eclipse.cdt.tests.dsf.gdb.tests.MIExpressionsTest" time="0">
    <skipped/>
  </testcase>
  <testcase name="testDisplayAsArrayAndCastToType[gdb.7.12]" classname="org.eclipse.cdt.tests.dsf.gdb.tests.MIExpressionsTest" time="0">
    <skipped/>
  </testcase>
  <testcase name="testDisplayAsArray[gdb.7.12]" classname="org.eclipse.cdt.tests.dsf.gdb.tests.MIExpressionsTest" time="0">
    <skipped/>
  </testcase>
  <testcase name="testUpdateGDBBug[gdb.7.12]" classname="org.eclipse.cdt.tests.dsf.gdb.tests.MIExpressionsTest" time="0">
    <skipped/>
  </testcase>
  <testcase name="testUpdateIssue2[gdb.7.12]" classname="org.eclipse.cdt.tests.dsf.gdb.tests.MIExpressionsTest" time="0">
    <skipped/>
  </testcase>
  <testcase name="testNamingSameMethod[gdb.7.12]" classname="org.eclipse.cdt.tests.dsf.gdb.tests.MIExpressionsTest" time="0">
    <skipped/>
  </testcase>
  <testcase name="testLiteralIntegerExpressions[gdb.7.12]" classname="org.eclipse.cdt.tests.dsf.gdb.tests.MIExpressionsTest" time="0">
    <skipped/>
  </testcase>
  <testcase name="testConcurrentReadWriteChildren[gdb.7.12]" classname="org.eclipse.cdt.tests.dsf.gdb.tests.MIExpressionsTest" time="0">
    <skipped/>
  </testcase>
  <testcase name="testDisplayAsArrayAndCastToTypeWithPartition[gdb.7.12]" classname="org.eclipse.cdt.tests.dsf.gdb.tests.MIExpressionsTest" time="0">
    <skipped/>
  </testcase>
  <testcase name="testConcurrentReadWrite[gdb.7.12]" classname="org.eclipse.cdt.tests.dsf.gdb.tests.MIExpressionsTest" time="0">
    <skipped/>
  </testcase>
  <testcase name="testConcurrentReadAndUpdateChild[gdb.7.12]" classname="org.eclipse.cdt.tests.dsf.gdb.tests.MIExpressionsTest" time="0">
    <skipped/>
  </testcase>
  <testcase name="testExplicitChildCreation[gdb.7.12]" classname="org.eclipse.cdt.tests.dsf.gdb.tests.MIExpressionsTest" time="0">
    <skipped/>
  </testcase>
  <testcase name="testConcurrentUpdateOutOfScopeChildThenParent[gdb.7.12]" classname="org.eclipse.cdt.tests.dsf.gdb.tests.MIExpressionsTest" time="0">
    <skipped/>
  </testcase>
  <testcase name="testCanWrite[gdb.7.12]" classname="org.eclipse.cdt.tests.dsf.gdb.tests.MIExpressionsTest" time="0">
    <skipped/>
  </testcase>
  <testcase name="testExistingChild[gdb.7.12]" classname="org.eclipse.cdt.tests.dsf.gdb.tests.MIExpressionsTest" time="0">
    <skipped/>
  </testcase>
  <testcase name="testLiteralFloatingPointExpressions[gdb.7.12]" classname="org.eclipse.cdt.tests.dsf.gdb.tests.MIExpressionsTest" time="0">
    <skipped/>
  </testcase>
  <testcase name="testUpdateOfPointer[gdb.7.12]" classname="org.eclipse.cdt.tests.dsf.gdb.tests.MIExpressionsTest" time="0">
    <skipped/>
  </testcase>
  <testcase name="testArrays[gdb.7.12]" classname="org.eclipse.cdt.tests.dsf.gdb.tests.MIExpressionsTest" time="0">
    <skipped/>
  </testcase>
  <testcase name="testConcurrentReadChildrenCount[gdb.7.12]" classname="org.eclipse.cdt.tests.dsf.gdb.tests.MIExpressionsTest" time="0">
    <skipped/>
  </testcase>
  <testcase name="testLocalVariables[gdb.7.12]" classname="org.eclipse.cdt.tests.dsf.gdb.tests.MIExpressionsTest" time="0">
    <skipped/>
  </testcase>
  <testcase name="testUpdatingChildren[gdb.7.12]" classname="org.eclipse.cdt.tests.dsf.gdb.tests.MIExpressionsTest" time="0">
    <skipped/>
  </testcase>
  <testcase name="testExprAddress[gdb.7.12]" classname="org.eclipse.cdt.tests.dsf.gdb.tests.MIExpressionsTest" time="0">
    <skipped/>
  </testcase>
  <testcase name="testDeleteChildren_7_3[gdb.7.12]" classname="org.eclipse.cdt.tests.dsf.gdb.tests.MIExpressionsTest" time="0">
    <skipped/>
  </testcase>
  <testcase name="testRTTI_7_5[gdb.7.12]" classname="org.eclipse.cdt.tests.dsf.gdb.tests.MIExpressionsTest" time="0">
    <skipped/>
  </testcase>
  <testcase name="testCanWriteLValue[gdb.7.12]" classname="org.eclipse.cdt.tests.dsf.gdb.tests.MIExpressionsTest" time="0">
    <skipped/>
  </testcase>
  <testcase name="testWriteErrorFormat[gdb.7.12]" classname="org.eclipse.cdt.tests.dsf.gdb.tests.MIExpressionsTest" time="0">
    <skipped/>
  </testcase>
  <testcase name="testBaseChildrenBug[gdb.7.12]" classname="org.eclipse.cdt.tests.dsf.gdb.tests.MIExpressionsTest" time="0">
    <skipped/>
  </testcase>
  <testcase name="testConcurrentReadChildren[gdb.7.12]" classname="org.eclipse.cdt.tests.dsf.gdb.tests.MIExpressionsTest" time="0">
    <skipped/>
  </testcase>
  <testcase name="testNestedBaseChildrenBug[gdb.7.12]" classname="org.eclipse.cdt.tests.dsf.gdb.tests.MIExpressionsTest" time="0">
    <skipped/>
  </testcase>
  <testcase name="testConcurrentReads[gdb.7.12]" classname="org.eclipse.cdt.tests.dsf.gdb.tests.MIExpressionsTest" time="0">
    <skipped/>
  </testcase>
  <testcase name="testCastToTypeWithPartition[gdb.7.12]" classname="org.eclipse.cdt.tests.dsf.gdb.tests.MIExpressionsTest" time="0">
    <skipped/>
  </testcase>
  <testcase name="testSourceDefaultGdbInit[gdb.7.12]" classname="org.eclipse.cdt.tests.dsf.gdb.tests.LaunchConfigurationAndRestartTest" time="0">
    <skipped/>
  </testcase>
  <testcase name="testClearingAndSettingEnvironment[gdb.7.12]" classname="org.eclipse.cdt.tests.dsf.gdb.tests.LaunchConfigurationAndRestartTest" time="0">
    <skipped/>
  </testcase>
  <testcase name="testSettingEnvironmentRestart[gdb.7.12]" classname="org.eclipse.cdt.tests.dsf.gdb.tests.LaunchConfigurationAndRestartTest" time="0">
    <skipped/>
  </testcase>
  <testcase name="testExitCodeSet[gdb.7.12]" classname="org.eclipse.cdt.tests.dsf.gdb.tests.LaunchConfigurationAndRestartTest" time="0">
    <skipped/>
  </testcase>
  <testcase name="testStopAtOtherWithReverseRestart[gdb.7.12]" classname="org.eclipse.cdt.tests.dsf.gdb.tests.LaunchConfigurationAndRestartTest" time="0">
    <skipped message="Fails. Investigate what it needs to wait for."/>
  </testcase>
  <testcase name="testNoStopAtMainWithReverse[gdb.7.12]" classname="org.eclipse.cdt.tests.dsf.gdb.tests.LaunchConfigurationAndRestartTest" time="0">
    <skipped message="TODO: this is not working because it does not insert the breakpoint propertly"/>
  </testcase>
  <testcase name="testNoStopAtMainRestart[gdb.7.12]" classname="org.eclipse.cdt.tests.dsf.gdb.tests.LaunchConfigurationAndRestartTest" time="0">
    <skipped/>
  </testcase>
  <testcase name="testClearingEnvironmentRestart[gdb.7.12]" classname="org.eclipse.cdt.tests.dsf.gdb.tests.LaunchConfigurationAndRestartTest" time="0">
    <skipped/>
  </testcase>
  <testcase name="testSettingWorkingDirectory[gdb.7.12]" classname="org.eclipse.cdt.tests.dsf.gdb.tests.LaunchConfigurationAndRestartTest" time="0">
    <skipped/>
  </testcase>
  <testcase name="testClearingAndSettingEnvironmentRestart[gdb.7.12]" classname="org.eclipse.cdt.tests.dsf.gdb.tests.LaunchConfigurationAndRestartTest" time="0">
    <skipped/>
  </testcase>
  <testcase name="testClearingEnvironment[gdb.7.12]" classname="org.eclipse.cdt.tests.dsf.gdb.tests.LaunchConfigurationAndRestartTest" time="0">
    <skipped/>
  </testcase>
  <testcase name="testSourceInvalidGdbInit[gdb.7.12]" classname="org.eclipse.cdt.tests.dsf.gdb.tests.LaunchConfigurationAndRestartTest" time="0">
    <skipped/>
  </testcase>
  <testcase name="testSettingArgumentsRestart[gdb.7.12]" classname="org.eclipse.cdt.tests.dsf.gdb.tests.LaunchConfigurationAndRestartTest" time="0">
    <skipped/>
  </testcase>
  <testcase name="testSourceGdbInitRestart[gdb.7.12]" classname="org.eclipse.cdt.tests.dsf.gdb.tests.LaunchConfigurationAndRestartTest" time="0">
    <skipped/>
  </testcase>
  <testcase name="testStopAtMainWithReverse[gdb.7.12]" classname="org.eclipse.cdt.tests.dsf.gdb.tests.LaunchConfigurationAndRestartTest" time="0">
    <skipped/>
  </testcase>
  <testcase name="testNoStopAtMain[gdb.7.12]" classname="org.eclipse.cdt.tests.dsf.gdb.tests.LaunchConfigurationAndRestartTest" time="0">
    <skipped/>
  </testcase>
  <testcase name="testStopAtMainRestart[gdb.7.12]" classname="org.eclipse.cdt.tests.dsf.gdb.tests.LaunchConfigurationAndRestartTest" time="0">
    <skipped/>
  </testcase>
  <testcase name="testStopAtMainWithReverseRestart[gdb.7.12]" classname="org.eclipse.cdt.tests.dsf.gdb.tests.LaunchConfigurationAndRestartTest" time="0">
    <skipped/>
  </testcase>
  <testcase name="testSettingEnvironment[gdb.7.12]" classname="org.eclipse.cdt.tests.dsf.gdb.tests.LaunchConfigurationAndRestartTest" time="0">
    <skipped/>
  </testcase>
  <testcase name="testSettingArguments[gdb.7.12]" classname="org.eclipse.cdt.tests.dsf.gdb.tests.LaunchConfigurationAndRestartTest" time="0">
    <skipped/>
  </testcase>
  <testcase name="testNoStopAtMainWithReverseRestart[gdb.7.12]" classname="org.eclipse.cdt.tests.dsf.gdb.tests.LaunchConfigurationAndRestartTest" time="0">
    <skipped/>
  </testcase>
  <testcase name="testStopAtOther[gdb.7.12]" classname="org.eclipse.cdt.tests.dsf.gdb.tests.LaunchConfigurationAndRestartTest" time="0">
    <skipped/>
  </testcase>
  <testcase name="testPendingBreakpointSetting[gdb.7.12]" classname="org.eclipse.cdt.tests.dsf.gdb.tests.LaunchConfigurationAndRestartTest" time="0">
    <skipped/>
  </testcase>
  <testcase name="testStopAtMain[gdb.7.12]" classname="org.eclipse.cdt.tests.dsf.gdb.tests.LaunchConfigurationAndRestartTest" time="0">
    <skipped/>
  </testcase>
  <testcase name="testSourceGdbInit[gdb.7.12]" classname="org.eclipse.cdt.tests.dsf.gdb.tests.LaunchConfigurationAndRestartTest" time="0">
    <skipped/>
  </testcase>
  <testcase name="testStopAtOtherWithReverse[gdb.7.12]" classname="org.eclipse.cdt.tests.dsf.gdb.tests.LaunchConfigurationAndRestartTest" time="0">
    <skipped/>
  </testcase>
  <testcase name="testStopAtOtherRestart[gdb.7.12]" classname="org.eclipse.cdt.tests.dsf.gdb.tests.LaunchConfigurationAndRestartTest" time="0">
    <skipped/>
  </testcase>
  <testcase name="sourceSubstituteBreakpointsAC[gdb.7.12]" classname="org.eclipse.cdt.tests.dsf.gdb.tests.SourceLookupTest" time="0">
    <skipped/>
  </testcase>
  <testcase name="sourceSubstituteBreakpointsAN[gdb.7.12]" classname="org.eclipse.cdt.tests.dsf.gdb.tests.SourceLookupTest" time="0">
    <skipped/>
  </testcase>
  <testcase name="sourceSubstituteBreakpointsRC[gdb.7.12]" classname="org.eclipse.cdt.tests.dsf.gdb.tests.SourceLookupTest" time="0">
    <skipped/>
  </testcase>
  <testcase name="sourceSubstituteBreakpointsRN[gdb.7.12]" classname="org.eclipse.cdt.tests.dsf.gdb.tests.SourceLookupTest" time="0">
    <skipped/>
  </testcase>
  <testcase name="sourceMappingBreakpointsAC[gdb.7.12]" classname="org.eclipse.cdt.tests.dsf.gdb.tests.SourceLookupTest" time="0">
    <skipped/>
  </testcase>
  <testcase name="sourceMappingBreakpointsAN[gdb.7.12]" classname="org.eclipse.cdt.tests.dsf.gdb.tests.SourceLookupTest" time="0">
    <skipped message="Not supported because GDB does not handle non-canonical paths. See Bug 477057"/>
  </testcase>
  <testcase name="sourceMappingBreakpointsRC[gdb.7.12]" classname="org.eclipse.cdt.tests.dsf.gdb.tests.SourceLookupTest" time="0">
    <skipped/>
  </testcase>
  <testcase name="sourceMappingBreakpointsRN[gdb.7.12]" classname="org.eclipse.cdt.tests.dsf.gdb.tests.SourceLookupTest" time="0">
    <skipped message="Not supported because GDB does not handle non-canonical paths. See Bug 477057"/>
  </testcase>
  <testcase name="sourceMappingAC[gdb.7.12]" classname="org.eclipse.cdt.tests.dsf.gdb.tests.SourceLookupTest" time="0">
    <skipped/>
  </testcase>
  <testcase name="sourceMappingAN[gdb.7.12]" classname="org.eclipse.cdt.tests.dsf.gdb.tests.SourceLookupTest" time="0">
    <skipped/>
  </testcase>
  <testcase name="sourceMappingRC[gdb.7.12]" classname="org.eclipse.cdt.tests.dsf.gdb.tests.SourceLookupTest" time="0">
    <skipped/>
  </testcase>
  <testcase name="sourceMappingRN[gdb.7.12]" classname="org.eclipse.cdt.tests.dsf.gdb.tests.SourceLookupTest" time="0">
    <skipped/>
  </testcase>
  <testcase name="sourceFinderSubstituteAC_TerminatedLaunch[gdb.7.12]" classname="org.eclipse.cdt.tests.dsf.gdb.tests.SourceLookupTest" time="0">
    <skipped/>
  </testcase>
  <testcase name="sourceFinderMappingAC_CommonLocator[gdb.7.12]" classname="org.eclipse.cdt.tests.dsf.gdb.tests.SourceLookupTest" time="0">
    <skipped/>
  </testcase>
  <testcase name="sourceFinderMappingAC_LaunchConfig[gdb.7.12]" classname="org.eclipse.cdt.tests.dsf.gdb.tests.SourceLookupTest" time="0">
    <skipped/>
  </testcase>
  <testcase name="sourceFinderMappingAC_TerminatedLaunch[gdb.7.12]" classname="org.eclipse.cdt.tests.dsf.gdb.tests.SourceLookupTest" time="0">
    <skipped/>
  </testcase>
  <testcase name="sourceFinderMappingAC_ActiveLaunch[gdb.7.12]" classname="org.eclipse.cdt.tests.dsf.gdb.tests.SourceLookupTest" time="0">
    <skipped/>
  </testcase>
  <testcase name="sourceMappingChanges[gdb.7.12]" classname="org.eclipse.cdt.tests.dsf.gdb.tests.SourceLookupTest" time="0">
    <skipped/>
  </testcase>
  <testcase name="sourceSubstituteChanges[gdb.7.12]" classname="org.eclipse.cdt.tests.dsf.gdb.tests.SourceLookupTest" time="0">
    <skipped/>
  </testcase>
  <testcase name="sourceFinderSubstituteAC_LaunchConfig[gdb.7.12]" classname="org.eclipse.cdt.tests.dsf.gdb.tests.SourceLookupTest" time="0">
    <skipped/>
  </testcase>
  <testcase name="sourceSubstituteAdded[gdb.7.12]" classname="org.eclipse.cdt.tests.dsf.gdb.tests.SourceLookupTest" time="0">
    <skipped/>
  </testcase>
  <testcase name="sourceFinderSubstituteAC_ActiveLaunch[gdb.7.12]" classname="org.eclipse.cdt.tests.dsf.gdb.tests.SourceLookupTest" time="0">
    <skipped/>
  </testcase>
  <testcase name="sourceSubstituteAC[gdb.7.12]" classname="org.eclipse.cdt.tests.dsf.gdb.tests.SourceLookupTest" time="0">
    <skipped/>
  </testcase>
  <testcase name="sourceSubstituteAN[gdb.7.12]" classname="org.eclipse.cdt.tests.dsf.gdb.tests.SourceLookupTest" time="0">
    <skipped/>
  </testcase>
  <testcase name="sourceSubstituteRC[gdb.7.12]" classname="org.eclipse.cdt.tests.dsf.gdb.tests.SourceLookupTest" time="0">
    <skipped/>
  </testcase>
  <testcase name="sourceSubstituteRN[gdb.7.12]" classname="org.eclipse.cdt.tests.dsf.gdb.tests.SourceLookupTest" time="0">
    <skipped/>
  </testcase>
  <testcase name="twoLaunchesTerminate[gdb.7.12]" classname="org.eclipse.cdt.tests.dsf.gdb.tests.SourceLookupTest" time="0">
    <skipped/>
  </testcase>
  <testcase name="sourceFinderSubstituteAC_CommonLocator[gdb.7.12]" classname="org.eclipse.cdt.tests.dsf.gdb.tests.SourceLookupTest" time="0">
    <skipped/>
  </testcase>
  <testcase name="sourceFinder[gdb.7.12]" classname="org.eclipse.cdt.tests.dsf.gdb.tests.SourceLookupTest" time="0">
    <skipped/>
  </testcase>
  <testcase name="defaultSourceLookup[gdb.7.12]" classname="org.eclipse.cdt.tests.dsf.gdb.tests.SourceLookupTest" time="0">
    <skipped/>
  </testcase>
  <testcase name="sourceMappingAdded[gdb.7.12]" classname="org.eclipse.cdt.tests.dsf.gdb.tests.SourceLookupTest" time="0">
    <skipped/>
  </testcase>
  <testcase name="directorySource[gdb.7.12]" classname="org.eclipse.cdt.tests.dsf.gdb.tests.SourceLookupTest" time="0">
    <skipped/>
  </testcase>
  <testcase name="noExplicitSourceContainers[gdb.7.12]" classname="org.eclipse.cdt.tests.dsf.gdb.tests.SourceLookupTest" time="0">
    <skipped/>
  </testcase>
  <testcase name="twoMappersSecondValid[gdb.7.12]" classname="org.eclipse.cdt.tests.dsf.gdb.tests.SourceLookupTest" time="0">
    <skipped/>
  </testcase>
  <testcase name="twoMappersFirstValid[gdb.7.12]" classname="org.eclipse.cdt.tests.dsf.gdb.tests.SourceLookupTest" time="0">
    <skipped/>
  </testcase>
  <testcase name="atDoubleMethodShalowCall[gdb.7.12]" classname="org.eclipse.cdt.tests.dsf.gdb.tests.StepIntoSelectionTest" time="0">
    <skipped/>
  </testcase>
  <testcase name="atLaterLineSkipBreakpoints[gdb.7.12]" classname="org.eclipse.cdt.tests.dsf.gdb.tests.StepIntoSelectionTest" time="0">
    <skipped/>
  </testcase>
  <testcase name="atDoubleMethodDeepCall[gdb.7.12]" classname="org.eclipse.cdt.tests.dsf.gdb.tests.StepIntoSelectionTest" time="0">
    <skipped/>
  </testcase>
  <testcase name="atDoubleMethodStopAtBreakpoint[gdb.7.12]" classname="org.eclipse.cdt.tests.dsf.gdb.tests.StepIntoSelectionTest" time="0">
    <skipped/>
  </testcase>
  <testcase name="atDoubleMethodSkipBreakpoint[gdb.7.12]" classname="org.eclipse.cdt.tests.dsf.gdb.tests.StepIntoSelectionTest" time="0">
    <skipped/>
  </testcase>
  <testcase name="atLaterLineThatIsNotHit[gdb.7.12]" classname="org.eclipse.cdt.tests.dsf.gdb.tests.StepIntoSelectionTest" time="0">
    <skipped/>
  </testcase>
  <testcase name="recursiveMethod[gdb.7.12]" classname="org.eclipse.cdt.tests.dsf.gdb.tests.StepIntoSelectionTest" time="0">
    <skipped/>
  </testcase>
  <testcase name="atDoubleMethodStopAtBreakpointFunctionEntry[gdb.7.12]" classname="org.eclipse.cdt.tests.dsf.gdb.tests.StepIntoSelectionTest" time="0">
    <skipped/>
  </testcase>
  <testcase name="atLaterLine[gdb.7.12]" classname="org.eclipse.cdt.tests.dsf.gdb.tests.StepIntoSelectionTest" time="0">
    <skipped/>
  </testcase>
  <testcase name="diffMethodByArgsNumber2[gdb.7.12]" classname="org.eclipse.cdt.tests.dsf.gdb.tests.StepIntoSelectionTest" time="0">
    <skipped/>
  </testcase>
  <testcase name="atSameLine[gdb.7.12]" classname="org.eclipse.cdt.tests.dsf.gdb.tests.StepIntoSelectionTest" time="0">
    <skipped/>
  </testcase>
  <testcase name="diffMethodByArgsNumber[gdb.7.12]" classname="org.eclipse.cdt.tests.dsf.gdb.tests.StepIntoSelectionTest" time="0">
    <skipped/>
  </testcase>
  <testcase name="atLaterLineOnDifferentFile[gdb.7.12]" classname="org.eclipse.cdt.tests.dsf.gdb.tests.StepIntoSelectionTest" time="0">
    <skipped/>
  </testcase>
  <testcase name="atDoubleMethodSkipBreakpointFunctionEntry[gdb.7.12]" classname="org.eclipse.cdt.tests.dsf.gdb.tests.StepIntoSelectionTest" time="0">
    <skipped/>
  </testcase>
  <testcase name="atLaterLineStopAtBreakpoint[gdb.7.12]" classname="org.eclipse.cdt.tests.dsf.gdb.tests.StepIntoSelectionTest" time="0">
    <skipped/>
  </testcase>
  <testcase name="atPreviousLine[gdb.7.12]" classname="org.eclipse.cdt.tests.dsf.gdb.tests.StepIntoSelectionTest" time="0">
    <skipped/>
  </testcase>
  <testcase name="terminateWhileTargetRunningKillGDB[gdb.7.12]" classname="org.eclipse.cdt.tests.dsf.gdb.tests.OperationsWhileTargetIsRunningTest" time="0">
    <skipped/>
  </testcase>
  <testcase name="restartWhileTargetRunningGDBAlive[gdb.7.12]" classname="org.eclipse.cdt.tests.dsf.gdb.tests.OperationsWhileTargetIsRunningTest" time="0">
    <skipped/>
  </testcase>
  <testcase name="detachWhileTargetRunningKillGDB[gdb.7.12]" classname="org.eclipse.cdt.tests.dsf.gdb.tests.OperationsWhileTargetIsRunningTest" time="0">
    <skipped/>
  </testcase>
  <testcase name="restartWhileTargetRunningKillGDB[gdb.7.12]" classname="org.eclipse.cdt.tests.dsf.gdb.tests.OperationsWhileTargetIsRunningTest" time="0">
    <skipped/>
  </testcase>
  <testcase name="terminateWhileTargetRunningKeepGDBAlive[gdb.7.12]" classname="org.eclipse.cdt.tests.dsf.gdb.tests.OperationsWhileTargetIsRunningTest" time="0">
    <skipped/>
  </testcase>
  <testcase name="detachWhileTargetRunningGDBAlive[gdb.7.12]" classname="org.eclipse.cdt.tests.dsf.gdb.tests.OperationsWhileTargetIsRunningTest" time="0">
    <skipped/>
  </testcase>
  <testcase name="getModelDataForThread[gdb.7.12]" classname="org.eclipse.cdt.tests.dsf.gdb.tests.MIRunControlTest" time="0">
    <skipped/>
  </testcase>
  <testcase name="getModelDataForThreadWhenStep[gdb.7.12]" classname="org.eclipse.cdt.tests.dsf.gdb.tests.MIRunControlTest" time="0">
    <skipped/>
  </testcase>
  <testcase name="getExecutionContexts[gdb.7.12]" classname="org.eclipse.cdt.tests.dsf.gdb.tests.MIRunControlTest" time="0">
    <skipped/>
  </testcase>
  <testcase name="resume[gdb.7.12]" classname="org.eclipse.cdt.tests.dsf.gdb.tests.MIRunControlTest" time="0">
    <skipped/>
  </testcase>
  <testcase name="runToLine[gdb.7.12]" classname="org.eclipse.cdt.tests.dsf.gdb.tests.MIRunControlTest" time="0">
    <skipped/>
  </testcase>
  <testcase name="getExecutionContext[gdb.7.12]" classname="org.eclipse.cdt.tests.dsf.gdb.tests.MIRunControlTest" time="0">
    <skipped/>
  </testcase>
  <testcase name="resumeContainerContext[gdb.7.12]" classname="org.eclipse.cdt.tests.dsf.gdb.tests.MIRunControlTest" time="0">
    <skipped/>
  </testcase>
  <testcase name="getExecutionContextsForInvalidContainerDMC[gdb.7.12]" classname="org.eclipse.cdt.tests.dsf.gdb.tests.MIRunControlTest" time="0">
    <skipped/>
  </testcase>
  <testcase name="cacheAfterContainerSuspendEvent[gdb.7.12]" classname="org.eclipse.cdt.tests.dsf.gdb.tests.MIRunControlTest" time="0">
    <skipped/>
  </testcase>
  <testcase name="interruptRunningTarget[gdb.7.12]" classname="org.eclipse.cdt.tests.dsf.gdb.tests.MIRunControlTest" time="0">
    <skipped/>
  </testcase>
  <testcase name="getModelDataForThreadWhenBreakpoint[gdb.7.12]" classname="org.eclipse.cdt.tests.dsf.gdb.tests.MIRunControlTest" time="0">
    <skipped/>
  </testcase>
  <testcase name="getModelDataForContainer[gdb.7.12]" classname="org.eclipse.cdt.tests.dsf.gdb.tests.MIRunControlTest" time="0">
    <skipped/>
  </testcase>
  <testcase name="executeSingleStepSingleOpWhileTargetRunning[gdb.7.12]" classname="org.eclipse.cdt.tests.dsf.gdb.tests.MIRunControlTargetAvailableTest" time="0">
    <skipped/>
  </testcase>
  <testcase name="executeMultiStepSingleOpWhileTargetRunning[gdb.7.12]" classname="org.eclipse.cdt.tests.dsf.gdb.tests.MIRunControlTargetAvailableTest" time="0">
    <skipped/>
  </testcase>
  <testcase name="executeSingleStepSingleOpWhileTargetStopped[gdb.7.12]" classname="org.eclipse.cdt.tests.dsf.gdb.tests.MIRunControlTargetAvailableTest" time="0">
    <skipped/>
  </testcase>
  <testcase name="executeSingleStepConcurrentAndDependentOpWhileTargetRunning[gdb.7.12]" classname="org.eclipse.cdt.tests.dsf.gdb.tests.MIRunControlTargetAvailableTest" time="0">
    <skipped/>
  </testcase>
  <testcase name="executeMultiStepSingleOpWhileTargetStopped[gdb.7.12]" classname="org.eclipse.cdt.tests.dsf.gdb.tests.MIRunControlTargetAvailableTest" time="0">
    <skipped/>
  </testcase>
  <testcase name="executeSingleStepConcurrentButDelayedOpWhileTargetRunning[gdb.7.12]" classname="org.eclipse.cdt.tests.dsf.gdb.tests.MIRunControlTargetAvailableTest" time="0">
    <skipped/>
  </testcase>
  <testcase name="executeMultiStepSingleOpWhileTargetRunningWithError[gdb.7.12]" classname="org.eclipse.cdt.tests.dsf.gdb.tests.MIRunControlTargetAvailableTest" time="0">
    <skipped/>
  </testcase>
  <testcase name="executeSingleStepConcurrentOpWhileTargetRunning[gdb.7.12]" classname="org.eclipse.cdt.tests.dsf.gdb.tests.MIRunControlTargetAvailableTest" time="0">
    <skipped/>
  </testcase>
  <testcase name="executeSingleStepConcurrentAndDependentOpWhileTargetStopped[gdb.7.12]" classname="org.eclipse.cdt.tests.dsf.gdb.tests.MIRunControlTargetAvailableTest" time="0">
    <skipped/>
  </testcase>
  <testcase name="executeSingleStepConcurrentButDelayedOpWhileTargetStopped[gdb.7.12]" classname="org.eclipse.cdt.tests.dsf.gdb.tests.MIRunControlTargetAvailableTest" time="0">
    <skipped/>
  </testcase>
  <testcase name="executeSingleStepConcurrentOpWhileTargetStopped[gdb.7.12]" classname="org.eclipse.cdt.tests.dsf.gdb.tests.MIRunControlTargetAvailableTest" time="0">
    <skipped/>
  </testcase>
  <testcase name="executeMultiStepSingleOpWhileTargetStoppedWithError[gdb.7.12]" classname="org.eclipse.cdt.tests.dsf.gdb.tests.MIRunControlTargetAvailableTest" time="0">
    <skipped/>
  </testcase>
  <testcase name="testMatchArrayWithSingleLetterRange[gdb.7.12]" classname="org.eclipse.cdt.tests.dsf.gdb.tests.GDBPatternMatchingExpressionsTest" time="0">
    <skipped/>
  </testcase>
  <testcase name="testMatchSingleLocal[gdb.7.12]" classname="org.eclipse.cdt.tests.dsf.gdb.tests.GDBPatternMatchingExpressionsTest" time="0">
    <skipped/>
  </testcase>
  <testcase name="testMatchArraysWithCommaSeparatedIndices[gdb.7.12]" classname="org.eclipse.cdt.tests.dsf.gdb.tests.GDBPatternMatchingExpressionsTest" time="0">
    <skipped/>
  </testcase>
  <testcase name="testMatchVarWithQuestionMark[gdb.7.12]" classname="org.eclipse.cdt.tests.dsf.gdb.tests.GDBPatternMatchingExpressionsTest" time="0">
    <skipped/>
  </testcase>
  <testcase name="testGroupSubExprRange[gdb.7.12]" classname="org.eclipse.cdt.tests.dsf.gdb.tests.GDBPatternMatchingExpressionsTest" time="0">
    <skipped/>
  </testcase>
  <testcase name="testMatchArrayWithSingleNumberRange[gdb.7.12]" classname="org.eclipse.cdt.tests.dsf.gdb.tests.GDBPatternMatchingExpressionsTest" time="0">
    <skipped/>
  </testcase>
  <testcase name="testGroupExpressionAddressData[gdb.7.12]" classname="org.eclipse.cdt.tests.dsf.gdb.tests.GDBPatternMatchingExpressionsTest" time="0">
    <skipped/>
  </testcase>
  <testcase name="testGroupOneLocalMatchedLocals[gdb.7.12]" classname="org.eclipse.cdt.tests.dsf.gdb.tests.GDBPatternMatchingExpressionsTest" time="0">
    <skipped/>
  </testcase>
  <testcase name="testMatchAllLocalsOtherFrame[gdb.7.12]" classname="org.eclipse.cdt.tests.dsf.gdb.tests.GDBPatternMatchingExpressionsTest" time="0">
    <skipped/>
  </testcase>
  <testcase name="testMatchSingleReg[gdb.7.12]" classname="org.eclipse.cdt.tests.dsf.gdb.tests.GDBPatternMatchingExpressionsTest" time="0">
    <skipped/>
  </testcase>
  <testcase name="testMatchArraysWithCommaSeparatedOverlappingRanges[gdb.7.12]" classname="org.eclipse.cdt.tests.dsf.gdb.tests.GDBPatternMatchingExpressionsTest" time="0">
    <skipped/>
  </testcase>
  <testcase name="testGroupAllLocalsAllRegs[gdb.7.12]" classname="org.eclipse.cdt.tests.dsf.gdb.tests.GDBPatternMatchingExpressionsTest" time="0">
    <skipped/>
  </testcase>
  <testcase name="testGroupExpressionData[gdb.7.12]" classname="org.eclipse.cdt.tests.dsf.gdb.tests.GDBPatternMatchingExpressionsTest" time="0">
    <skipped/>
  </testcase>
  <testcase name="testSemiColonSeparation[gdb.7.12]" classname="org.eclipse.cdt.tests.dsf.gdb.tests.GDBPatternMatchingExpressionsTest" time="0">
    <skipped/>
  </testcase>
  <testcase name="testExpressionWithCommand[gdb.7.12]" classname="org.eclipse.cdt.tests.dsf.gdb.tests.GDBPatternMatchingExpressionsTest" time="0">
    <skipped/>
  </testcase>
  <testcase name="testMatchRegWithOneDigitRange[gdb.7.12]" classname="org.eclipse.cdt.tests.dsf.gdb.tests.GDBPatternMatchingExpressionsTest" time="0">
    <skipped/>
  </testcase>
  <testcase name="testMatchRegWithLetterRange[gdb.7.12]" classname="org.eclipse.cdt.tests.dsf.gdb.tests.GDBPatternMatchingExpressionsTest" time="0">
    <skipped/>
  </testcase>
  <testcase name="testSingleReg[gdb.7.12]" classname="org.eclipse.cdt.tests.dsf.gdb.tests.GDBPatternMatchingExpressionsTest" time="0">
    <skipped/>
  </testcase>
  <testcase name="testMatchArraysWithCommaSeparatedUnsortedRanges[gdb.7.12]" classname="org.eclipse.cdt.tests.dsf.gdb.tests.GDBPatternMatchingExpressionsTest" time="0">
    <skipped/>
  </testcase>
  <testcase name="testGroupGetSubExpressions[gdb.7.12]" classname="org.eclipse.cdt.tests.dsf.gdb.tests.GDBPatternMatchingExpressionsTest" time="0">
    <skipped/>
  </testcase>
  <testcase name="testMatchNonArrayWithNumberRange[gdb.7.12]" classname="org.eclipse.cdt.tests.dsf.gdb.tests.GDBPatternMatchingExpressionsTest" time="0">
    <skipped/>
  </testcase>
  <testcase name="testMatchAllLocals[gdb.7.12]" classname="org.eclipse.cdt.tests.dsf.gdb.tests.GDBPatternMatchingExpressionsTest" time="0">
    <skipped/>
  </testcase>
  <testcase name="testMatchRegWithNumberRange[gdb.7.12]" classname="org.eclipse.cdt.tests.dsf.gdb.tests.GDBPatternMatchingExpressionsTest" time="0">
    <skipped/>
  </testcase>
  <testcase name="testGroupExpressionNotModifiable[gdb.7.12]" classname="org.eclipse.cdt.tests.dsf.gdb.tests.GDBPatternMatchingExpressionsTest" time="0">
    <skipped/>
  </testcase>
  <testcase name="testGroupExpressionAvailableFormats[gdb.7.12]" classname="org.eclipse.cdt.tests.dsf.gdb.tests.GDBPatternMatchingExpressionsTest" time="0">
    <skipped/>
  </testcase>
  <testcase name="testMatchRegWithQuestionMark[gdb.7.12]" classname="org.eclipse.cdt.tests.dsf.gdb.tests.GDBPatternMatchingExpressionsTest" time="0">
    <skipped/>
  </testcase>
  <testcase name="testGroupSemiColonEmptyTerm[gdb.7.12]" classname="org.eclipse.cdt.tests.dsf.gdb.tests.GDBPatternMatchingExpressionsTest" time="0">
    <skipped/>
  </testcase>
  <testcase name="testMultiplyReg[gdb.7.12]" classname="org.eclipse.cdt.tests.dsf.gdb.tests.GDBPatternMatchingExpressionsTest" time="0">
    <skipped/>
  </testcase>
  <testcase name="testMultiplyVar[gdb.7.12]" classname="org.eclipse.cdt.tests.dsf.gdb.tests.GDBPatternMatchingExpressionsTest" time="0">
    <skipped/>
  </testcase>
  <testcase name="testVarWithConditionalOperator[gdb.7.12]" classname="org.eclipse.cdt.tests.dsf.gdb.tests.GDBPatternMatchingExpressionsTest" time="0">
    <skipped/>
  </testcase>
  <testcase name="testArrayWithSubtraction[gdb.7.12]" classname="org.eclipse.cdt.tests.dsf.gdb.tests.GDBPatternMatchingExpressionsTest" time="0">
    <skipped/>
  </testcase>
  <testcase name="testMatchRegWithStar[gdb.7.12]" classname="org.eclipse.cdt.tests.dsf.gdb.tests.GDBPatternMatchingExpressionsTest" time="0">
    <skipped/>
  </testcase>
  <testcase name="testGroupOneLocalAllReg[gdb.7.12]" classname="org.eclipse.cdt.tests.dsf.gdb.tests.GDBPatternMatchingExpressionsTest" time="0">
    <skipped/>
  </testcase>
  <testcase name="testMatchArraysWithCommaSeparatedNumberRanges[gdb.7.12]" classname="org.eclipse.cdt.tests.dsf.gdb.tests.GDBPatternMatchingExpressionsTest" time="0">
    <skipped/>
  </testcase>
  <testcase name="testUniqueWhenOverlapLocal[gdb.7.12]" classname="org.eclipse.cdt.tests.dsf.gdb.tests.GDBPatternMatchingExpressionsTest" time="0">
    <skipped/>
  </testcase>
  <testcase name="testSeparatlySorted[gdb.7.12]" classname="org.eclipse.cdt.tests.dsf.gdb.tests.GDBPatternMatchingExpressionsTest" time="0">
    <skipped/>
  </testcase>
  <testcase name="testMatchRegWithComplexLetterRange[gdb.7.12]" classname="org.eclipse.cdt.tests.dsf.gdb.tests.GDBPatternMatchingExpressionsTest" time="0">
    <skipped/>
  </testcase>
  <testcase name="testExtraSpaces[gdb.7.12]" classname="org.eclipse.cdt.tests.dsf.gdb.tests.GDBPatternMatchingExpressionsTest" time="0">
    <skipped/>
  </testcase>
  <testcase name="testMatchArrayWithLetterRange2[gdb.7.12]" classname="org.eclipse.cdt.tests.dsf.gdb.tests.GDBPatternMatchingExpressionsTest" time="0">
    <skipped/>
  </testcase>
  <testcase name="testMatchAllArraysAndNumberRange[gdb.7.12]" classname="org.eclipse.cdt.tests.dsf.gdb.tests.GDBPatternMatchingExpressionsTest" time="0">
    <skipped/>
  </testcase>
  <testcase name="testMatchArrayWithSameNumberRange[gdb.7.12]" classname="org.eclipse.cdt.tests.dsf.gdb.tests.GDBPatternMatchingExpressionsTest" time="0">
    <skipped/>
  </testcase>
  <testcase name="testRegWithConditionalOperator[gdb.7.12]" classname="org.eclipse.cdt.tests.dsf.gdb.tests.GDBPatternMatchingExpressionsTest" time="0">
    <skipped/>
  </testcase>
  <testcase name="testMatchArraysWithCommaSeparatedInvalidRanges[gdb.7.12]" classname="org.eclipse.cdt.tests.dsf.gdb.tests.GDBPatternMatchingExpressionsTest" time="0">
    <skipped/>
  </testcase>
  <testcase name="testMatchArrayWithLetterRange[gdb.7.12]" classname="org.eclipse.cdt.tests.dsf.gdb.tests.GDBPatternMatchingExpressionsTest" time="0">
    <skipped/>
  </testcase>
  <testcase name="testMatchVarWithStarBefore[gdb.7.12]" classname="org.eclipse.cdt.tests.dsf.gdb.tests.GDBPatternMatchingExpressionsTest" time="0">
    <skipped/>
  </testcase>
  <testcase name="testMatchArrayWithQuestionMarkAndNumberRange[gdb.7.12]" classname="org.eclipse.cdt.tests.dsf.gdb.tests.GDBPatternMatchingExpressionsTest" time="0">
    <skipped/>
  </testcase>
  <testcase name="testSortedAllReg[gdb.7.12]" classname="org.eclipse.cdt.tests.dsf.gdb.tests.GDBPatternMatchingExpressionsTest" time="0">
    <skipped/>
  </testcase>
  <testcase name="testMatchArrayWithInvalidNumberRange[gdb.7.12]" classname="org.eclipse.cdt.tests.dsf.gdb.tests.GDBPatternMatchingExpressionsTest" time="0">
    <skipped/>
  </testcase>
  <testcase name="testUniqueWhenOverlapReg[gdb.7.12]" classname="org.eclipse.cdt.tests.dsf.gdb.tests.GDBPatternMatchingExpressionsTest" time="0">
    <skipped/>
  </testcase>
  <testcase name="testMatchAllRegs[gdb.7.12]" classname="org.eclipse.cdt.tests.dsf.gdb.tests.GDBPatternMatchingExpressionsTest" time="0">
    <skipped/>
  </testcase>
  <testcase name="testMatchArrayWithNumberRange[gdb.7.12]" classname="org.eclipse.cdt.tests.dsf.gdb.tests.GDBPatternMatchingExpressionsTest" time="0">
    <skipped/>
  </testcase>
  <testcase name="testDerefVar[gdb.7.12]" classname="org.eclipse.cdt.tests.dsf.gdb.tests.GDBPatternMatchingExpressionsTest" time="0">
    <skipped/>
  </testcase>
  <testcase name="testMatchRegWithOneLetterRange[gdb.7.12]" classname="org.eclipse.cdt.tests.dsf.gdb.tests.GDBPatternMatchingExpressionsTest" time="0">
    <skipped/>
  </testcase>
  <testcase name="testGroupAllRegsAllLocals[gdb.7.12]" classname="org.eclipse.cdt.tests.dsf.gdb.tests.GDBPatternMatchingExpressionsTest" time="0">
    <skipped/>
  </testcase>
  <testcase name="testMatchVarWithStarAfter[gdb.7.12]" classname="org.eclipse.cdt.tests.dsf.gdb.tests.GDBPatternMatchingExpressionsTest" time="0">
    <skipped/>
  </testcase>
  <testcase name="testArraySorting[gdb.7.12]" classname="org.eclipse.cdt.tests.dsf.gdb.tests.GDBPatternMatchingExpressionsTest" time="0">
    <skipped/>
  </testcase>
  <testcase name="testSingleLocal[gdb.7.12]" classname="org.eclipse.cdt.tests.dsf.gdb.tests.GDBPatternMatchingExpressionsTest" time="0">
    <skipped/>
  </testcase>
  <testcase name="testSortedAllLocals[gdb.7.12]" classname="org.eclipse.cdt.tests.dsf.gdb.tests.GDBPatternMatchingExpressionsTest" time="0">
    <skipped/>
  </testcase>
  <testcase name="testMatchArrayWithWildCardAndNumberRange[gdb.7.12]" classname="org.eclipse.cdt.tests.dsf.gdb.tests.GDBPatternMatchingExpressionsTest" time="0">
    <skipped/>
  </testcase>
  <testcase name="testGroupExpressionValue[gdb.7.12]" classname="org.eclipse.cdt.tests.dsf.gdb.tests.GDBPatternMatchingExpressionsTest" time="0">
    <skipped/>
  </testcase>
  <testcase name="testStateProcessTwoThreadsStoppedAndRunning[gdb.7.12]" classname="org.eclipse.cdt.tests.dsf.gdb.tests.nonstop.GDBMultiNonStopRunControlTest" time="0">
    <skipped/>
  </testcase>
  <testcase name="testResumeOneThreadStopped[gdb.7.12]" classname="org.eclipse.cdt.tests.dsf.gdb.tests.nonstop.GDBMultiNonStopRunControlTest" time="0">
    <skipped/>
  </testcase>
  <testcase name="testSuspendProcessThreadsTwoThreadsStopped[gdb.7.12]" classname="org.eclipse.cdt.tests.dsf.gdb.tests.nonstop.GDBMultiNonStopRunControlTest" time="0">
    <skipped/>
  </testcase>
  <testcase name="testStepProcessThreadNotImplemented[gdb.7.12]" classname="org.eclipse.cdt.tests.dsf.gdb.tests.nonstop.GDBMultiNonStopRunControlTest" time="0">
    <skipped/>
  </testcase>
  <testcase name="testStateProcessThreadsTwoThreadsStoppedAndRunning[gdb.7.12]" classname="org.eclipse.cdt.tests.dsf.gdb.tests.nonstop.GDBMultiNonStopRunControlTest" time="0">
    <skipped/>
  </testcase>
  <testcase name="testStateOneThreadStopped[gdb.7.12]" classname="org.eclipse.cdt.tests.dsf.gdb.tests.nonstop.GDBMultiNonStopRunControlTest" time="0">
    <skipped/>
  </testcase>
  <testcase name="testSuspendProcessTwoThreadsStoppedAndRunning[gdb.7.12]" classname="org.eclipse.cdt.tests.dsf.gdb.tests.nonstop.GDBMultiNonStopRunControlTest" time="0">
    <skipped/>
  </testcase>
  <testcase name="testSuspendTwoThreadsRunningSuspendOne[gdb.7.12]" classname="org.eclipse.cdt.tests.dsf.gdb.tests.nonstop.GDBMultiNonStopRunControlTest" time="0">
    <skipped/>
  </testcase>
  <testcase name="testSuspendTwoThreadsRunningSuspendTwo[gdb.7.12]" classname="org.eclipse.cdt.tests.dsf.gdb.tests.nonstop.GDBMultiNonStopRunControlTest" time="0">
    <skipped/>
  </testcase>
  <testcase name="testSuspendProcessTwoThreadsStopped[gdb.7.12]" classname="org.eclipse.cdt.tests.dsf.gdb.tests.nonstop.GDBMultiNonStopRunControlTest" time="0">
    <skipped/>
  </testcase>
  <testcase name="testSuspendProcessThreadOneThreadStopped[gdb.7.12]" classname="org.eclipse.cdt.tests.dsf.gdb.tests.nonstop.GDBMultiNonStopRunControlTest" time="0">
    <skipped/>
  </testcase>
  <testcase name="testSuspendProcessThreadsTwoThreadsStoppedAndRunning[gdb.7.12]" classname="org.eclipse.cdt.tests.dsf.gdb.tests.nonstop.GDBMultiNonStopRunControlTest" time="0">
    <skipped/>
  </testcase>
  <testcase name="testStateProcessThreadOneThreadRunning[gdb.7.12]" classname="org.eclipse.cdt.tests.dsf.gdb.tests.nonstop.GDBMultiNonStopRunControlTest" time="0">
    <skipped/>
  </testcase>
  <testcase name="testResumeProcessOneThreadRunning[gdb.7.12]" classname="org.eclipse.cdt.tests.dsf.gdb.tests.nonstop.GDBMultiNonStopRunControlTest" time="0">
    <skipped/>
  </testcase>
  <testcase name="testStateProcessThreadTwoThreadsStoppedAndRunning_1[gdb.7.12]" classname="org.eclipse.cdt.tests.dsf.gdb.tests.nonstop.GDBMultiNonStopRunControlTest" time="0">
    <skipped/>
  </testcase>
  <testcase name="testStateProcessThreadTwoThreadsStoppedAndRunning_2[gdb.7.12]" classname="org.eclipse.cdt.tests.dsf.gdb.tests.nonstop.GDBMultiNonStopRunControlTest" time="0">
    <skipped/>
  </testcase>
  <testcase name="testSuspendProcessThreadTwoThreadsStoppedAndRunning_1[gdb.7.12]" classname="org.eclipse.cdt.tests.dsf.gdb.tests.nonstop.GDBMultiNonStopRunControlTest" time="0">
    <skipped/>
  </testcase>
  <testcase name="testSuspendProcessThreadTwoThreadsStoppedAndRunning_2[gdb.7.12]" classname="org.eclipse.cdt.tests.dsf.gdb.tests.nonstop.GDBMultiNonStopRunControlTest" time="0">
    <skipped/>
  </testcase>
  <testcase name="testStateProcessOneThreadRunning[gdb.7.12]" classname="org.eclipse.cdt.tests.dsf.gdb.tests.nonstop.GDBMultiNonStopRunControlTest" time="0">
    <skipped/>
  </testcase>
  <testcase name="testStateProcessThreadsTwoThreadsRunning[gdb.7.12]" classname="org.eclipse.cdt.tests.dsf.gdb.tests.nonstop.GDBMultiNonStopRunControlTest" time="0">
    <skipped/>
  </testcase>
  <testcase name="testStepProcessNotImplemented[gdb.7.12]" classname="org.eclipse.cdt.tests.dsf.gdb.tests.nonstop.GDBMultiNonStopRunControlTest" time="0">
    <skipped/>
  </testcase>
  <testcase name="testSuspendProcessThreadTwoThreadsRunning[gdb.7.12]" classname="org.eclipse.cdt.tests.dsf.gdb.tests.nonstop.GDBMultiNonStopRunControlTest" time="0">
    <skipped/>
  </testcase>
  <testcase name="testSuspendOneThreadRunning[gdb.7.12]" classname="org.eclipse.cdt.tests.dsf.gdb.tests.nonstop.GDBMultiNonStopRunControlTest" time="0">
    <skipped/>
  </testcase>
  <testcase name="testResumeProcessThreadOneThreadRunning[gdb.7.12]" classname="org.eclipse.cdt.tests.dsf.gdb.tests.nonstop.GDBMultiNonStopRunControlTest" time="0">
    <skipped/>
  </testcase>
  <testcase name="testResumeTwoThreadsStoppedAndRunning[gdb.7.12]" classname="org.eclipse.cdt.tests.dsf.gdb.tests.nonstop.GDBMultiNonStopRunControlTest" time="0">
    <skipped/>
  </testcase>
  <testcase name="testResumeTwoThreadsStoppedResumeOne[gdb.7.12]" classname="org.eclipse.cdt.tests.dsf.gdb.tests.nonstop.GDBMultiNonStopRunControlTest" time="0">
    <skipped/>
  </testcase>
  <testcase name="testResumeTwoThreadsStoppedResumeTwo[gdb.7.12]" classname="org.eclipse.cdt.tests.dsf.gdb.tests.nonstop.GDBMultiNonStopRunControlTest" time="0">
    <skipped/>
  </testcase>
  <testcase name="testStateProcessThreadOneThreadStopped[gdb.7.12]" classname="org.eclipse.cdt.tests.dsf.gdb.tests.nonstop.GDBMultiNonStopRunControlTest" time="0">
    <skipped/>
  </testcase>
  <testcase name="testResumeProcessOneThreadStopped[gdb.7.12]" classname="org.eclipse.cdt.tests.dsf.gdb.tests.nonstop.GDBMultiNonStopRunControlTest" time="0">
    <skipped/>
  </testcase>
  <testcase name="testResumeProcessTwoThreadsStoppedAndRunning[gdb.7.12]" classname="org.eclipse.cdt.tests.dsf.gdb.tests.nonstop.GDBMultiNonStopRunControlTest" time="0">
    <skipped/>
  </testcase>
  <testcase name="testStateProcessOneThreadStopped[gdb.7.12]" classname="org.eclipse.cdt.tests.dsf.gdb.tests.nonstop.GDBMultiNonStopRunControlTest" time="0">
    <skipped/>
  </testcase>
  <testcase name="testStateProcessThreadsTwoThreadsStopped[gdb.7.12]" classname="org.eclipse.cdt.tests.dsf.gdb.tests.nonstop.GDBMultiNonStopRunControlTest" time="0">
    <skipped/>
  </testcase>
  <testcase name="testResumeProcessThreadTwoThreadsRunning[gdb.7.12]" classname="org.eclipse.cdt.tests.dsf.gdb.tests.nonstop.GDBMultiNonStopRunControlTest" time="0">
    <skipped/>
  </testcase>
  <testcase name="testStateTwoThreadsRunning[gdb.7.12]" classname="org.eclipse.cdt.tests.dsf.gdb.tests.nonstop.GDBMultiNonStopRunControlTest" time="0">
    <skipped/>
  </testcase>
  <testcase name="testResumeProcessThreadsTwoThreadsStoppedAndRunning[gdb.7.12]" classname="org.eclipse.cdt.tests.dsf.gdb.tests.nonstop.GDBMultiNonStopRunControlTest" time="0">
    <skipped/>
  </testcase>
  <testcase name="testSuspendProcessThreadTwoThreadsStopped[gdb.7.12]" classname="org.eclipse.cdt.tests.dsf.gdb.tests.nonstop.GDBMultiNonStopRunControlTest" time="0">
    <skipped/>
  </testcase>
  <testcase name="testSuspendOneThreadStopped[gdb.7.12]" classname="org.eclipse.cdt.tests.dsf.gdb.tests.nonstop.GDBMultiNonStopRunControlTest" time="0">
    <skipped/>
  </testcase>
  <testcase name="testResumeProcessThreadOneThreadStopped[gdb.7.12]" classname="org.eclipse.cdt.tests.dsf.gdb.tests.nonstop.GDBMultiNonStopRunControlTest" time="0">
    <skipped/>
  </testcase>
  <testcase name="testSuspendProcessOneThreadRunning[gdb.7.12]" classname="org.eclipse.cdt.tests.dsf.gdb.tests.nonstop.GDBMultiNonStopRunControlTest" time="0">
    <skipped/>
  </testcase>
  <testcase name="testStateProcessTwoThreadsRunning[gdb.7.12]" classname="org.eclipse.cdt.tests.dsf.gdb.tests.nonstop.GDBMultiNonStopRunControlTest" time="0">
    <skipped/>
  </testcase>
  <testcase name="testResumeTwoThreadsRunning[gdb.7.12]" classname="org.eclipse.cdt.tests.dsf.gdb.tests.nonstop.GDBMultiNonStopRunControlTest" time="0">
    <skipped/>
  </testcase>
  <testcase name="testSuspendTwoThreadsStopped[gdb.7.12]" classname="org.eclipse.cdt.tests.dsf.gdb.tests.nonstop.GDBMultiNonStopRunControlTest" time="0">
    <skipped/>
  </testcase>
  <testcase name="testResumeProcessThreadTwoThreadsStopped[gdb.7.12]" classname="org.eclipse.cdt.tests.dsf.gdb.tests.nonstop.GDBMultiNonStopRunControlTest" time="0">
    <skipped/>
  </testcase>
  <testcase name="testStateTwoThreadsStoppedAndRunning[gdb.7.12]" classname="org.eclipse.cdt.tests.dsf.gdb.tests.nonstop.GDBMultiNonStopRunControlTest" time="0">
    <skipped/>
  </testcase>
  <testcase name="testStateTwoThreadsStopped[gdb.7.12]" classname="org.eclipse.cdt.tests.dsf.gdb.tests.nonstop.GDBMultiNonStopRunControlTest" time="0">
    <skipped/>
  </testcase>
  <testcase name="testStateProcessThreadTwoThreadsRunning[gdb.7.12]" classname="org.eclipse.cdt.tests.dsf.gdb.tests.nonstop.GDBMultiNonStopRunControlTest" time="0">
    <skipped/>
  </testcase>
  <testcase name="testSuspendProcessOneThreadStopped[gdb.7.12]" classname="org.eclipse.cdt.tests.dsf.gdb.tests.nonstop.GDBMultiNonStopRunControlTest" time="0">
    <skipped/>
  </testcase>
  <testcase name="testResumeProcessTwoThreadsRunning[gdb.7.12]" classname="org.eclipse.cdt.tests.dsf.gdb.tests.nonstop.GDBMultiNonStopRunControlTest" time="0">
    <skipped/>
  </testcase>
  <testcase name="testResumeProcessThreadsTwoThreadsRunning[gdb.7.12]" classname="org.eclipse.cdt.tests.dsf.gdb.tests.nonstop.GDBMultiNonStopRunControlTest" time="0">
    <skipped/>
  </testcase>
  <testcase name="testStepNotImplemented[gdb.7.12]" classname="org.eclipse.cdt.tests.dsf.gdb.tests.nonstop.GDBMultiNonStopRunControlTest" time="0">
    <skipped/>
  </testcase>
  <testcase name="testSuspendTwoThreadsStoppedAndRunning[gdb.7.12]" classname="org.eclipse.cdt.tests.dsf.gdb.tests.nonstop.GDBMultiNonStopRunControlTest" time="0">
    <skipped/>
  </testcase>
  <testcase name="testStateProcessTwoThreadsStopped[gdb.7.12]" classname="org.eclipse.cdt.tests.dsf.gdb.tests.nonstop.GDBMultiNonStopRunControlTest" time="0">
    <skipped/>
  </testcase>
  <testcase name="testResumeOneThreadRunning[gdb.7.12]" classname="org.eclipse.cdt.tests.dsf.gdb.tests.nonstop.GDBMultiNonStopRunControlTest" time="0">
    <skipped/>
  </testcase>
  <testcase name="testSuspendProcessThreadsTwoThreadsRunning[gdb.7.12]" classname="org.eclipse.cdt.tests.dsf.gdb.tests.nonstop.GDBMultiNonStopRunControlTest" time="0">
    <skipped/>
  </testcase>
  <testcase name="testStateOneThreadRunning[gdb.7.12]" classname="org.eclipse.cdt.tests.dsf.gdb.tests.nonstop.GDBMultiNonStopRunControlTest" time="0">
    <skipped/>
  </testcase>
  <testcase name="testResumeProcessThreadTwoThreadsStoppedAndRunning_1[gdb.7.12]" classname="org.eclipse.cdt.tests.dsf.gdb.tests.nonstop.GDBMultiNonStopRunControlTest" time="0">
    <skipped/>
  </testcase>
  <testcase name="testResumeProcessThreadTwoThreadsStoppedAndRunning_2[gdb.7.12]" classname="org.eclipse.cdt.tests.dsf.gdb.tests.nonstop.GDBMultiNonStopRunControlTest" time="0">
    <skipped/>
  </testcase>
  <testcase name="testSuspendProcessTwoThreadsRunning[gdb.7.12]" classname="org.eclipse.cdt.tests.dsf.gdb.tests.nonstop.GDBMultiNonStopRunControlTest" time="0">
    <skipped/>
  </testcase>
  <testcase name="testStateProcessThreadTwoThreadsStopped[gdb.7.12]" classname="org.eclipse.cdt.tests.dsf.gdb.tests.nonstop.GDBMultiNonStopRunControlTest" time="0">
    <skipped/>
  </testcase>
  <testcase name="testSuspendProcessThreadOneThreadRunning[gdb.7.12]" classname="org.eclipse.cdt.tests.dsf.gdb.tests.nonstop.GDBMultiNonStopRunControlTest" time="0">
    <skipped/>
  </testcase>
  <testcase name="testResumeProcessTwoThreadsStopped[gdb.7.12]" classname="org.eclipse.cdt.tests.dsf.gdb.tests.nonstop.GDBMultiNonStopRunControlTest" time="0">
    <skipped/>
  </testcase>
  <testcase name="testResumeProcessThreadsTwoThreadsStopped[gdb.7.12]" classname="org.eclipse.cdt.tests.dsf.gdb.tests.nonstop.GDBMultiNonStopRunControlTest" time="0">
    <skipped/>
  </testcase>
  <testcase name="testAccessWatchpoints[gdb.7.12]" classname="org.eclipse.cdt.tests.dsf.gdb.tests.GDBConsoleBreakpointsTest" time="0">
    <skipped/>
  </testcase>
  <testcase name="testValidFunctionBreakpoints[gdb.7.12]" classname="org.eclipse.cdt.tests.dsf.gdb.tests.GDBConsoleBreakpointsTest" time="0">
    <skipped/>
  </testcase>
  <testcase name="testInvalidFunctionBreakpoints[gdb.7.12]" classname="org.eclipse.cdt.tests.dsf.gdb.tests.GDBConsoleBreakpointsTest" time="0">
    <skipped/>
  </testcase>
  <testcase name="testAddressBreakpointsAtZeroAddress[gdb.7.12]" classname="org.eclipse.cdt.tests.dsf.gdb.tests.GDBConsoleBreakpointsTest" time="0">
    <skipped/>
  </testcase>
  <testcase name="testValidAddressBreakpoints[gdb.7.12]" classname="org.eclipse.cdt.tests.dsf.gdb.tests.GDBConsoleBreakpointsTest" time="0">
    <skipped/>
  </testcase>
  <testcase name="testInvalidLineBreakpoints[gdb.7.12]" classname="org.eclipse.cdt.tests.dsf.gdb.tests.GDBConsoleBreakpointsTest" time="0">
    <skipped/>
  </testcase>
  <testcase name="testWriteWatchpoints[gdb.7.12]" classname="org.eclipse.cdt.tests.dsf.gdb.tests.GDBConsoleBreakpointsTest" time="0">
    <skipped/>
  </testcase>
  <testcase name="testValidLineBreakpoints[gdb.7.12]" classname="org.eclipse.cdt.tests.dsf.gdb.tests.GDBConsoleBreakpointsTest" time="0">
    <skipped/>
  </testcase>
  <testcase name="testReadWatchpoints[gdb.7.12]" classname="org.eclipse.cdt.tests.dsf.gdb.tests.GDBConsoleBreakpointsTest" time="0">
    <skipped/>
  </testcase>
  <testcase name="checknothing[gdb.7.12]" classname="org.eclipse.cdt.tests.dsf.gdb.tests.nonstop.MIRunControlNonStopTargetAvailableTest" time="0">
    <skipped/>
  </testcase>
  <testcase name="executeSingleStepSingleOpWhileTargetRunning[gdb.7.12]" classname="org.eclipse.cdt.tests.dsf.gdb.tests.nonstop.MIRunControlNonStopTargetAvailableTest" time="0">
    <skipped/>
  </testcase>
  <testcase name="executeMultiStepSingleOpWhileTargetRunning[gdb.7.12]" classname="org.eclipse.cdt.tests.dsf.gdb.tests.nonstop.MIRunControlNonStopTargetAvailableTest" time="0">
    <skipped/>
  </testcase>
  <testcase name="executeSingleStepSingleOpWhileTargetStopped[gdb.7.12]" classname="org.eclipse.cdt.tests.dsf.gdb.tests.nonstop.MIRunControlNonStopTargetAvailableTest" time="0">
    <skipped/>
  </testcase>
  <testcase name="executeSingleStepConcurrentAndDependentOpWhileTargetRunning[gdb.7.12]" classname="org.eclipse.cdt.tests.dsf.gdb.tests.nonstop.MIRunControlNonStopTargetAvailableTest" time="0">
    <skipped/>
  </testcase>
  <testcase name="executeMultiStepSingleOpWhileTargetStopped[gdb.7.12]" classname="org.eclipse.cdt.tests.dsf.gdb.tests.nonstop.MIRunControlNonStopTargetAvailableTest" time="0">
    <skipped/>
  </testcase>
  <testcase name="executeSingleStepConcurrentButDelayedOpWhileTargetRunning[gdb.7.12]" classname="org.eclipse.cdt.tests.dsf.gdb.tests.nonstop.MIRunControlNonStopTargetAvailableTest" time="0">
    <skipped/>
  </testcase>
  <testcase name="executeMultiStepSingleOpWhileTargetRunningWithError[gdb.7.12]" classname="org.eclipse.cdt.tests.dsf.gdb.tests.nonstop.MIRunControlNonStopTargetAvailableTest" time="0">
    <skipped/>
  </testcase>
  <testcase name="executeSingleStepConcurrentOpWhileTargetRunning[gdb.7.12]" classname="org.eclipse.cdt.tests.dsf.gdb.tests.nonstop.MIRunControlNonStopTargetAvailableTest" time="0">
    <skipped/>
  </testcase>
  <testcase name="executeSingleStepConcurrentAndDependentOpWhileTargetStopped[gdb.7.12]" classname="org.eclipse.cdt.tests.dsf.gdb.tests.nonstop.MIRunControlNonStopTargetAvailableTest" time="0">
    <skipped/>
  </testcase>
  <testcase name="executeSingleStepConcurrentButDelayedOpWhileTargetStopped[gdb.7.12]" classname="org.eclipse.cdt.tests.dsf.gdb.tests.nonstop.MIRunControlNonStopTargetAvailableTest" time="0">
    <skipped/>
  </testcase>
  <testcase name="executeSingleStepConcurrentOpWhileTargetStopped[gdb.7.12]" classname="org.eclipse.cdt.tests.dsf.gdb.tests.nonstop.MIRunControlNonStopTargetAvailableTest" time="0">
    <skipped/>
  </testcase>
  <testcase name="executeMultiStepSingleOpWhileTargetStoppedWithError[gdb.7.12]" classname="org.eclipse.cdt.tests.dsf.gdb.tests.nonstop.MIRunControlNonStopTargetAvailableTest" time="0">
    <skipped/>
  </testcase>
  <testcase name="testDisplayAsArrayWithPartition[gdb.7.12]" classname="org.eclipse.cdt.tests.dsf.gdb.tests.nonstop.MIExpressionsNonStopTest" time="0">
    <skipped/>
  </testcase>
  <testcase name="testLargeDoubleArray[gdb.7.12]" classname="org.eclipse.cdt.tests.dsf.gdb.tests.nonstop.MIExpressionsNonStopTest" time="0">
    <skipped/>
  </testcase>
  <testcase name="testChildren[gdb.7.12]" classname="org.eclipse.cdt.tests.dsf.gdb.tests.nonstop.MIExpressionsNonStopTest" time="0">
    <skipped/>
  </testcase>
  <testcase name="testDeleteChildren[gdb.7.12]" classname="org.eclipse.cdt.tests.dsf.gdb.tests.nonstop.MIExpressionsNonStopTest" time="0">
    <skipped/>
  </testcase>
  <testcase name="testCastToTypeOfArray[gdb.7.12]" classname="org.eclipse.cdt.tests.dsf.gdb.tests.nonstop.MIExpressionsNonStopTest" time="0">
    <skipped/>
  </testcase>
  <testcase name="testSubBlock[gdb.7.12]" classname="org.eclipse.cdt.tests.dsf.gdb.tests.nonstop.MIExpressionsNonStopTest" time="0">
    <skipped message="Sublocks do not work with GDB"/>
  </testcase>
  <testcase name="testWriteCache[gdb.7.12]" classname="org.eclipse.cdt.tests.dsf.gdb.tests.nonstop.MIExpressionsNonStopTest" time="0">
    <skipped/>
  </testcase>
  <testcase name="testGlobalVariables[gdb.7.12]" classname="org.eclipse.cdt.tests.dsf.gdb.tests.nonstop.MIExpressionsNonStopTest" time="0">
    <skipped/>
  </testcase>
  <testcase name="testThreadContext[gdb.7.12]" classname="org.eclipse.cdt.tests.dsf.gdb.tests.nonstop.MIExpressionsNonStopTest" time="0">
    <skipped/>
  </testcase>
  <testcase name="testCastToType[gdb.7.12]" classname="org.eclipse.cdt.tests.dsf.gdb.tests.nonstop.MIExpressionsNonStopTest" time="0">
    <skipped/>
  </testcase>
  <testcase name="testDisplayComplexReturnValueForStepReturn[gdb.7.12]" classname="org.eclipse.cdt.tests.dsf.gdb.tests.nonstop.MIExpressionsNonStopTest" time="0">
    <skipped/>
  </testcase>
  <testcase name="testUpdateIssue[gdb.7.12]" classname="org.eclipse.cdt.tests.dsf.gdb.tests.nonstop.MIExpressionsNonStopTest" time="0">
    <skipped/>
  </testcase>
  <testcase name="testDisplaySimpleReturnValueForStepReturn[gdb.7.12]" classname="org.eclipse.cdt.tests.dsf.gdb.tests.nonstop.MIExpressionsNonStopTest" time="0">
    <skipped/>
  </testcase>
  <testcase name="testWriteVariable[gdb.7.12]" classname="org.eclipse.cdt.tests.dsf.gdb.tests.nonstop.MIExpressionsNonStopTest" time="0">
    <skipped/>
  </testcase>
  <testcase name="testChildrenCount[gdb.7.12]" classname="org.eclipse.cdt.tests.dsf.gdb.tests.nonstop.MIExpressionsNonStopTest" time="0">
    <skipped/>
  </testcase>
  <testcase name="testRTTI[gdb.7.12]" classname="org.eclipse.cdt.tests.dsf.gdb.tests.nonstop.MIExpressionsNonStopTest" time="0">
    <skipped/>
  </testcase>
  <testcase name="testNamingSameDepth[gdb.7.12]" classname="org.eclipse.cdt.tests.dsf.gdb.tests.nonstop.MIExpressionsNonStopTest" time="0">
    <skipped/>
  </testcase>
  <testcase name="testChildNamingSameMethod[gdb.7.12]" classname="org.eclipse.cdt.tests.dsf.gdb.tests.nonstop.MIExpressionsNonStopTest" time="0">
    <skipped/>
  </testcase>
  <testcase name="testSmallDoubleArray[gdb.7.12]" classname="org.eclipse.cdt.tests.dsf.gdb.tests.nonstop.MIExpressionsNonStopTest" time="0">
    <skipped/>
  </testcase>
  <testcase name="testHasChildrenInExpressionData[gdb.7.12]" classname="org.eclipse.cdt.tests.dsf.gdb.tests.nonstop.MIExpressionsNonStopTest" time="0">
    <skipped/>
  </testcase>
  <testcase name="testNoReturnValueForEmptyStepReturn[gdb.7.12]" classname="org.eclipse.cdt.tests.dsf.gdb.tests.nonstop.MIExpressionsNonStopTest" time="0">
    <skipped/>
  </testcase>
  <testcase name="testDisplayAsArrayAndCastToType[gdb.7.12]" classname="org.eclipse.cdt.tests.dsf.gdb.tests.nonstop.MIExpressionsNonStopTest" time="0">
    <skipped/>
  </testcase>
  <testcase name="testDisplayAsArray[gdb.7.12]" classname="org.eclipse.cdt.tests.dsf.gdb.tests.nonstop.MIExpressionsNonStopTest" time="0">
    <skipped/>
  </testcase>
  <testcase name="testUpdateGDBBug[gdb.7.12]" classname="org.eclipse.cdt.tests.dsf.gdb.tests.nonstop.MIExpressionsNonStopTest" time="0">
    <skipped/>
  </testcase>
  <testcase name="testUpdateIssue2[gdb.7.12]" classname="org.eclipse.cdt.tests.dsf.gdb.tests.nonstop.MIExpressionsNonStopTest" time="0">
    <skipped/>
  </testcase>
  <testcase name="testNamingSameMethod[gdb.7.12]" classname="org.eclipse.cdt.tests.dsf.gdb.tests.nonstop.MIExpressionsNonStopTest" time="0">
    <skipped/>
  </testcase>
  <testcase name="testLiteralIntegerExpressions[gdb.7.12]" classname="org.eclipse.cdt.tests.dsf.gdb.tests.nonstop.MIExpressionsNonStopTest" time="0">
    <skipped/>
  </testcase>
  <testcase name="testConcurrentReadWriteChildren[gdb.7.12]" classname="org.eclipse.cdt.tests.dsf.gdb.tests.nonstop.MIExpressionsNonStopTest" time="0">
    <skipped/>
  </testcase>
  <testcase name="testDisplayAsArrayAndCastToTypeWithPartition[gdb.7.12]" classname="org.eclipse.cdt.tests.dsf.gdb.tests.nonstop.MIExpressionsNonStopTest" time="0">
    <skipped/>
  </testcase>
  <testcase name="testConcurrentReadWrite[gdb.7.12]" classname="org.eclipse.cdt.tests.dsf.gdb.tests.nonstop.MIExpressionsNonStopTest" time="0">
    <skipped/>
  </testcase>
  <testcase name="testConcurrentReadAndUpdateChild[gdb.7.12]" classname="org.eclipse.cdt.tests.dsf.gdb.tests.nonstop.MIExpressionsNonStopTest" time="0">
    <skipped/>
  </testcase>
  <testcase name="testExplicitChildCreation[gdb.7.12]" classname="org.eclipse.cdt.tests.dsf.gdb.tests.nonstop.MIExpressionsNonStopTest" time="0">
    <skipped/>
  </testcase>
  <testcase name="testConcurrentUpdateOutOfScopeChildThenParent[gdb.7.12]" classname="org.eclipse.cdt.tests.dsf.gdb.tests.nonstop.MIExpressionsNonStopTest" time="0">
    <skipped/>
  </testcase>
  <testcase name="testCanWrite[gdb.7.12]" classname="org.eclipse.cdt.tests.dsf.gdb.tests.nonstop.MIExpressionsNonStopTest" time="0">
    <skipped/>
  </testcase>
  <testcase name="testExistingChild[gdb.7.12]" classname="org.eclipse.cdt.tests.dsf.gdb.tests.nonstop.MIExpressionsNonStopTest" time="0">
    <skipped/>
  </testcase>
  <testcase name="testLiteralFloatingPointExpressions[gdb.7.12]" classname="org.eclipse.cdt.tests.dsf.gdb.tests.nonstop.MIExpressionsNonStopTest" time="0">
    <skipped/>
  </testcase>
  <testcase name="testUpdateOfPointer[gdb.7.12]" classname="org.eclipse.cdt.tests.dsf.gdb.tests.nonstop.MIExpressionsNonStopTest" time="0">
    <skipped/>
  </testcase>
  <testcase name="testArrays[gdb.7.12]" classname="org.eclipse.cdt.tests.dsf.gdb.tests.nonstop.MIExpressionsNonStopTest" time="0">
    <skipped/>
  </testcase>
  <testcase name="testConcurrentReadChildrenCount[gdb.7.12]" classname="org.eclipse.cdt.tests.dsf.gdb.tests.nonstop.MIExpressionsNonStopTest" time="0">
    <skipped/>
  </testcase>
  <testcase name="testLocalVariables[gdb.7.12]" classname="org.eclipse.cdt.tests.dsf.gdb.tests.nonstop.MIExpressionsNonStopTest" time="0">
    <skipped/>
  </testcase>
  <testcase name="testUpdatingChildren[gdb.7.12]" classname="org.eclipse.cdt.tests.dsf.gdb.tests.nonstop.MIExpressionsNonStopTest" time="0">
    <skipped/>
  </testcase>
  <testcase name="testExprAddress[gdb.7.12]" classname="org.eclipse.cdt.tests.dsf.gdb.tests.nonstop.MIExpressionsNonStopTest" time="0">
    <skipped/>
  </testcase>
  <testcase name="testDeleteChildren_7_3[gdb.7.12]" classname="org.eclipse.cdt.tests.dsf.gdb.tests.nonstop.MIExpressionsNonStopTest" time="0">
    <skipped/>
  </testcase>
  <testcase name="testRTTI_7_5[gdb.7.12]" classname="org.eclipse.cdt.tests.dsf.gdb.tests.nonstop.MIExpressionsNonStopTest" time="0">
    <skipped/>
  </testcase>
  <testcase name="testCanWriteLValue[gdb.7.12]" classname="org.eclipse.cdt.tests.dsf.gdb.tests.nonstop.MIExpressionsNonStopTest" time="0">
    <skipped/>
  </testcase>
  <testcase name="testWriteErrorFormat[gdb.7.12]" classname="org.eclipse.cdt.tests.dsf.gdb.tests.nonstop.MIExpressionsNonStopTest" time="0">
    <skipped/>
  </testcase>
  <testcase name="testBaseChildrenBug[gdb.7.12]" classname="org.eclipse.cdt.tests.dsf.gdb.tests.nonstop.MIExpressionsNonStopTest" time="0">
    <skipped/>
  </testcase>
  <testcase name="testConcurrentReadChildren[gdb.7.12]" classname="org.eclipse.cdt.tests.dsf.gdb.tests.nonstop.MIExpressionsNonStopTest" time="0">
    <skipped/>
  </testcase>
  <testcase name="testNestedBaseChildrenBug[gdb.7.12]" classname="org.eclipse.cdt.tests.dsf.gdb.tests.nonstop.MIExpressionsNonStopTest" time="0">
    <skipped/>
  </testcase>
  <testcase name="testConcurrentReads[gdb.7.12]" classname="org.eclipse.cdt.tests.dsf.gdb.tests.nonstop.MIExpressionsNonStopTest" time="0">
    <skipped/>
  </testcase>
  <testcase name="testCastToTypeWithPartition[gdb.7.12]" classname="org.eclipse.cdt.tests.dsf.gdb.tests.nonstop.MIExpressionsNonStopTest" time="0">
    <skipped/>
  </testcase>
  <testcase name="checknothing[gdb.7.12]" classname="org.eclipse.cdt.tests.dsf.gdb.tests.nonstop.OperationsWhileTargetIsRunningNonStopTest" time="0">
    <skipped/>
  </testcase>
  <testcase name="terminateWhileTargetRunningKillGDB[gdb.7.12]" classname="org.eclipse.cdt.tests.dsf.gdb.tests.nonstop.OperationsWhileTargetIsRunningNonStopTest" time="0">
    <skipped/>
  </testcase>
  <testcase name="restartWhileTargetRunningGDBAlive[gdb.7.12]" classname="org.eclipse.cdt.tests.dsf.gdb.tests.nonstop.OperationsWhileTargetIsRunningNonStopTest" time="0">
    <skipped/>
  </testcase>
  <testcase name="detachWhileTargetRunningKillGDB[gdb.7.12]" classname="org.eclipse.cdt.tests.dsf.gdb.tests.nonstop.OperationsWhileTargetIsRunningNonStopTest" time="0">
    <skipped/>
  </testcase>
  <testcase name="restartWhileTargetRunningKillGDB[gdb.7.12]" classname="org.eclipse.cdt.tests.dsf.gdb.tests.nonstop.OperationsWhileTargetIsRunningNonStopTest" time="0">
    <skipped/>
  </testcase>
  <testcase name="terminateWhileTargetRunningKeepGDBAlive[gdb.7.12]" classname="org.eclipse.cdt.tests.dsf.gdb.tests.nonstop.OperationsWhileTargetIsRunningNonStopTest" time="0">
    <skipped/>
  </testcase>
  <testcase name="detachWhileTargetRunningGDBAlive[gdb.7.12]" classname="org.eclipse.cdt.tests.dsf.gdb.tests.nonstop.OperationsWhileTargetIsRunningNonStopTest" time="0">
    <skipped/>
  </testcase>
  <testcase name="checknothing[gdb.7.12]" classname="org.eclipse.cdt.tests.dsf.gdb.tests.nonstop.StepIntoSelectionNonStopTest" time="0">
    <skipped/>
  </testcase>
  <testcase name="atDoubleMethodShalowCall[gdb.7.12]" classname="org.eclipse.cdt.tests.dsf.gdb.tests.nonstop.StepIntoSelectionNonStopTest" time="0">
    <skipped/>
  </testcase>
  <testcase name="atLaterLineSkipBreakpoints[gdb.7.12]" classname="org.eclipse.cdt.tests.dsf.gdb.tests.nonstop.StepIntoSelectionNonStopTest" time="0">
    <skipped/>
  </testcase>
  <testcase name="atDoubleMethodDeepCall[gdb.7.12]" classname="org.eclipse.cdt.tests.dsf.gdb.tests.nonstop.StepIntoSelectionNonStopTest" time="0">
    <skipped/>
  </testcase>
  <testcase name="atDoubleMethodStopAtBreakpoint[gdb.7.12]" classname="org.eclipse.cdt.tests.dsf.gdb.tests.nonstop.StepIntoSelectionNonStopTest" time="0">
    <skipped/>
  </testcase>
  <testcase name="atDoubleMethodSkipBreakpoint[gdb.7.12]" classname="org.eclipse.cdt.tests.dsf.gdb.tests.nonstop.StepIntoSelectionNonStopTest" time="0">
    <skipped/>
  </testcase>
  <testcase name="atLaterLineThatIsNotHit[gdb.7.12]" classname="org.eclipse.cdt.tests.dsf.gdb.tests.nonstop.StepIntoSelectionNonStopTest" time="0">
    <skipped/>
  </testcase>
  <testcase name="recursiveMethod[gdb.7.12]" classname="org.eclipse.cdt.tests.dsf.gdb.tests.nonstop.StepIntoSelectionNonStopTest" time="0">
    <skipped/>
  </testcase>
  <testcase name="atDoubleMethodStopAtBreakpointFunctionEntry[gdb.7.12]" classname="org.eclipse.cdt.tests.dsf.gdb.tests.nonstop.StepIntoSelectionNonStopTest" time="0">
    <skipped/>
  </testcase>
  <testcase name="atLaterLine[gdb.7.12]" classname="org.eclipse.cdt.tests.dsf.gdb.tests.nonstop.StepIntoSelectionNonStopTest" time="0">
    <skipped/>
  </testcase>
  <testcase name="diffMethodByArgsNumber2[gdb.7.12]" classname="org.eclipse.cdt.tests.dsf.gdb.tests.nonstop.StepIntoSelectionNonStopTest" time="0">
    <skipped/>
  </testcase>
  <testcase name="atSameLine[gdb.7.12]" classname="org.eclipse.cdt.tests.dsf.gdb.tests.nonstop.StepIntoSelectionNonStopTest" time="0">
    <skipped/>
  </testcase>
  <testcase name="diffMethodByArgsNumber[gdb.7.12]" classname="org.eclipse.cdt.tests.dsf.gdb.tests.nonstop.StepIntoSelectionNonStopTest" time="0">
    <skipped/>
  </testcase>
  <testcase name="atLaterLineOnDifferentFile[gdb.7.12]" classname="org.eclipse.cdt.tests.dsf.gdb.tests.nonstop.StepIntoSelectionNonStopTest" time="0">
    <skipped/>
  </testcase>
  <testcase name="atDoubleMethodSkipBreakpointFunctionEntry[gdb.7.12]" classname="org.eclipse.cdt.tests.dsf.gdb.tests.nonstop.StepIntoSelectionNonStopTest" time="0">
    <skipped/>
  </testcase>
  <testcase name="atLaterLineStopAtBreakpoint[gdb.7.12]" classname="org.eclipse.cdt.tests.dsf.gdb.tests.nonstop.StepIntoSelectionNonStopTest" time="0">
    <skipped/>
  </testcase>
  <testcase name="atPreviousLine[gdb.7.12]" classname="org.eclipse.cdt.tests.dsf.gdb.tests.nonstop.StepIntoSelectionNonStopTest" time="0">
    <skipped/>
  </testcase>
  <testcase name="tracepointActions[gdb.7.12]" classname="org.eclipse.cdt.tests.dsf.gdb.tests.GDBRemoteTracepointsTest" time="0">
    <skipped/>
  </testcase>
  <testcase name="enableTracepoints[gdb.7.12]" classname="org.eclipse.cdt.tests.dsf.gdb.tests.GDBRemoteTracepointsTest" time="0">
    <skipped/>
  </testcase>
  <testcase name="checkTraceInitialStatus[gdb.7.12]" classname="org.eclipse.cdt.tests.dsf.gdb.tests.GDBRemoteTracepointsTest" time="0">
    <skipped/>
  </testcase>
  <testcase name="tracepointActionsWithCollectStrings[gdb.7.12]" classname="org.eclipse.cdt.tests.dsf.gdb.tests.GDBRemoteTracepointsTest" time="0">
    <skipped/>
  </testcase>
  <testcase name="disableTracepoints[gdb.7.12]" classname="org.eclipse.cdt.tests.dsf.gdb.tests.GDBRemoteTracepointsTest" time="0">
    <skipped/>
  </testcase>
  <testcase name="createTracepointEnabledWithCommandsConditionPasscount[gdb.7.12]" classname="org.eclipse.cdt.tests.dsf.gdb.tests.GDBRemoteTracepointsTest" time="0">
    <skipped/>
  </testcase>
  <testcase name="createTracepointDisabledWithCommandsConditionPasscount[gdb.7.12]" classname="org.eclipse.cdt.tests.dsf.gdb.tests.GDBRemoteTracepointsTest" time="0">
    <skipped/>
  </testcase>
  <testcase name="createTracepointDisabled[gdb.7.12]" classname="org.eclipse.cdt.tests.dsf.gdb.tests.GDBRemoteTracepointsTest" time="0">
    <skipped/>
  </testcase>
  <testcase name="createTracepointWithPasscount[gdb.7.12]" classname="org.eclipse.cdt.tests.dsf.gdb.tests.GDBRemoteTracepointsTest" time="0">
    <skipped/>
  </testcase>
  <testcase name="createTracepointWithCondition[gdb.7.12]" classname="org.eclipse.cdt.tests.dsf.gdb.tests.GDBRemoteTracepointsTest" time="0">
    <skipped/>
  </testcase>
  <testcase name="createTracepointWithMultipleCommands[gdb.7.12]" classname="org.eclipse.cdt.tests.dsf.gdb.tests.GDBRemoteTracepointsTest" time="0">
    <skipped/>
  </testcase>
  <testcase name="deleteTracepoints[gdb.7.12]" classname="org.eclipse.cdt.tests.dsf.gdb.tests.GDBRemoteTracepointsTest" time="0">
    <skipped/>
  </testcase>
  <testcase name="tracepointPasscount[gdb.7.12]" classname="org.eclipse.cdt.tests.dsf.gdb.tests.GDBRemoteTracepointsTest" time="0">
    <skipped/>
  </testcase>
  <testcase name="tracepointCondition[gdb.7.12]" classname="org.eclipse.cdt.tests.dsf.gdb.tests.GDBRemoteTracepointsTest" time="0">
    <skipped/>
  </testcase>
  <testcase name="createTracepoints[gdb.7.12]" classname="org.eclipse.cdt.tests.dsf.gdb.tests.GDBRemoteTracepointsTest" time="0">
    <skipped/>
  </testcase>
  <testcase name="createTracepointWithCommand[gdb.7.12]" classname="org.eclipse.cdt.tests.dsf.gdb.tests.GDBRemoteTracepointsTest" time="0">
    <skipped/>
  </testcase>
  <testcase name="testCreateTraceFile[gdb.7.12]" classname="org.eclipse.cdt.tests.dsf.gdb.tests.TraceFileTest" time="0">
    <skipped/>
  </testcase>
  <testcase name="testTraceFile[gdb.7.12]" classname="org.eclipse.cdt.tests.dsf.gdb.tests.TraceFileTest" time="0">
    <skipped/>
  </testcase>
  <testcase name="testTraceFileWithExistingTracepoints[gdb.7.12]" classname="org.eclipse.cdt.tests.dsf.gdb.tests.TraceFileTest" time="0">
    <skipped/>
  </testcase>
  <testcase name="testEnableRecord[gdb.7.12]" classname="org.eclipse.cdt.tests.dsf.gdb.tests.GDBConsoleSynchronizingTest" time="0">
    <skipped/>
  </testcase>
  <testcase name="testSettingVariableWithSet[gdb.7.12]" classname="org.eclipse.cdt.tests.dsf.gdb.tests.GDBConsoleSynchronizingTest" time="0">
    <skipped/>
  </testcase>
  <testcase name="testSettingVariableWithPrint[gdb.7.12]" classname="org.eclipse.cdt.tests.dsf.gdb.tests.GDBConsoleSynchronizingTest" time="0">
    <skipped/>
  </testcase>
  <testcase name="testSettingMemory[gdb.7.12]" classname="org.eclipse.cdt.tests.dsf.gdb.tests.GDBConsoleSynchronizingTest" time="0">
    <skipped/>
  </testcase>
  <testcase name="testDisableRecord[gdb.7.12]" classname="org.eclipse.cdt.tests.dsf.gdb.tests.GDBConsoleSynchronizingTest" time="0">
    <skipped/>
  </testcase>
  <testcase name="testSettingVariableWithSetWithMemory[gdb.7.12]" classname="org.eclipse.cdt.tests.dsf.gdb.tests.GDBConsoleSynchronizingTest" time="0">
    <skipped/>
  </testcase>
  <testcase name="writePatternVaryingAddress[gdb.7.12]" classname="org.eclipse.cdt.tests.dsf.gdb.tests.MIMemoryTest" time="0">
    <skipped/>
  </testcase>
  <testcase name="fillWithInvalidCount[gdb.7.12]" classname="org.eclipse.cdt.tests.dsf.gdb.tests.MIMemoryTest" time="0">
    <skipped/>
  </testcase>
  <testcase name="readCharVaryingBaseAddress[gdb.7.12]" classname="org.eclipse.cdt.tests.dsf.gdb.tests.MIMemoryTest" time="0">
    <skipped/>
  </testcase>
  <testcase name="readWithInvalidWordSize[gdb.7.12]" classname="org.eclipse.cdt.tests.dsf.gdb.tests.MIMemoryTest" time="0">
    <skipped/>
  </testcase>
  <testcase name="writeWithInvalidWordSize[gdb.7.12]" classname="org.eclipse.cdt.tests.dsf.gdb.tests.MIMemoryTest" time="0">
    <skipped/>
  </testcase>
  <testcase name="writeWithInvalidAddress[gdb.7.12]" classname="org.eclipse.cdt.tests.dsf.gdb.tests.MIMemoryTest" time="0">
    <skipped/>
  </testcase>
  <testcase name="writeWithNullContext[gdb.7.12]" classname="org.eclipse.cdt.tests.dsf.gdb.tests.MIMemoryTest" time="0">
    <skipped/>
  </testcase>
  <testcase name="readCharArray[gdb.7.12]" classname="org.eclipse.cdt.tests.dsf.gdb.tests.MIMemoryTest" time="0">
    <skipped/>
  </testcase>
  <testcase name="fillWithInvalidWordSize[gdb.7.12]" classname="org.eclipse.cdt.tests.dsf.gdb.tests.MIMemoryTest" time="0">
    <skipped/>
  </testcase>
  <testcase name="readWithInvalidAddress[gdb.7.12]" classname="org.eclipse.cdt.tests.dsf.gdb.tests.MIMemoryTest" time="0">
    <skipped/>
  </testcase>
  <testcase name="writeCharArray[gdb.7.12]" classname="org.eclipse.cdt.tests.dsf.gdb.tests.MIMemoryTest" time="0">
    <skipped/>
  </testcase>
  <testcase name="asynchronousReadWrite[gdb.7.12]" classname="org.eclipse.cdt.tests.dsf.gdb.tests.MIMemoryTest" time="0">
    <skipped/>
  </testcase>
  <testcase name="writeWithInvalidBuffer[gdb.7.12]" classname="org.eclipse.cdt.tests.dsf.gdb.tests.MIMemoryTest" time="0">
    <skipped/>
  </testcase>
  <testcase name="writePatternVaryingOffset[gdb.7.12]" classname="org.eclipse.cdt.tests.dsf.gdb.tests.MIMemoryTest" time="0">
    <skipped/>
  </testcase>
  <testcase name="fillWithNullContext[gdb.7.12]" classname="org.eclipse.cdt.tests.dsf.gdb.tests.MIMemoryTest" time="0">
    <skipped/>
  </testcase>
  <testcase name="writeWithInvalidCount[gdb.7.12]" classname="org.eclipse.cdt.tests.dsf.gdb.tests.MIMemoryTest" time="0">
    <skipped/>
  </testcase>
  <testcase name="readCharVaryingOffset[gdb.7.12]" classname="org.eclipse.cdt.tests.dsf.gdb.tests.MIMemoryTest" time="0">
    <skipped/>
  </testcase>
  <testcase name="readWithInvalidCount[gdb.7.12]" classname="org.eclipse.cdt.tests.dsf.gdb.tests.MIMemoryTest" time="0">
    <skipped/>
  </testcase>
  <testcase name="readWithNullContext[gdb.7.12]" classname="org.eclipse.cdt.tests.dsf.gdb.tests.MIMemoryTest" time="0">
    <skipped/>
  </testcase>
  <testcase name="writeCharVaryingAddress[gdb.7.12]" classname="org.eclipse.cdt.tests.dsf.gdb.tests.MIMemoryTest" time="0">
    <skipped/>
  </testcase>
  <testcase name="fillWithInvalidAddress[gdb.7.12]" classname="org.eclipse.cdt.tests.dsf.gdb.tests.MIMemoryTest" time="0">
    <skipped/>
  </testcase>
  <testcase name="writePatternCountTimes[gdb.7.12]" classname="org.eclipse.cdt.tests.dsf.gdb.tests.MIMemoryTest" time="0">
    <skipped/>
  </testcase>
  <testcase name="writeCharVaryingOffset[gdb.7.12]" classname="org.eclipse.cdt.tests.dsf.gdb.tests.MIMemoryTest" time="0">
    <skipped/>
  </testcase>
  <testcase name="fillWithInvalidPattern[gdb.7.12]" classname="org.eclipse.cdt.tests.dsf.gdb.tests.MIMemoryTest" time="0">
    <skipped/>
  </testcase>
  <testcase name="memoryCacheRead[gdb.7.12]" classname="org.eclipse.cdt.tests.dsf.gdb.tests.MIMemoryTest" time="0">
    <skipped/>
  </testcase>
  <testcase name="readMixedWithValidAddress[gdb.7.12]" classname="org.eclipse.cdt.tests.dsf.gdb.tests.MIDisassemblyTest" time="0">
    <skipped/>
  </testcase>
  <testcase name="readWithInvalidLineNumber[gdb.7.12]" classname="org.eclipse.cdt.tests.dsf.gdb.tests.MIDisassemblyTest" time="0">
    <skipped/>
  </testcase>
  <testcase name="readMixedWithLineCount[gdb.7.12]" classname="org.eclipse.cdt.tests.dsf.gdb.tests.MIDisassemblyTest" time="0">
    <skipped/>
  </testcase>
  <testcase name="readWithValidAddress[gdb.7.12]" classname="org.eclipse.cdt.tests.dsf.gdb.tests.MIDisassemblyTest" time="0">
    <skipped/>
  </testcase>
  <testcase name="readWithNullAddress[gdb.7.12]" classname="org.eclipse.cdt.tests.dsf.gdb.tests.MIDisassemblyTest" time="0">
    <skipped/>
  </testcase>
  <testcase name="readWithValidFilename[gdb.7.12]" classname="org.eclipse.cdt.tests.dsf.gdb.tests.MIDisassemblyTest" time="0">
    <skipped/>
  </testcase>
  <testcase name="readWithInvalidAddress[gdb.7.12]" classname="org.eclipse.cdt.tests.dsf.gdb.tests.MIDisassemblyTest" time="0">
    <skipped/>
  </testcase>
  <testcase name="readWithLineCount[gdb.7.12]" classname="org.eclipse.cdt.tests.dsf.gdb.tests.MIDisassemblyTest" time="0">
    <skipped/>
  </testcase>
  <testcase name="readWithNullContext[gdb.7.12]" classname="org.eclipse.cdt.tests.dsf.gdb.tests.MIDisassemblyTest" time="0">
    <skipped/>
  </testcase>
  <testcase name="readWithInvalidFilename[gdb.7.12]" classname="org.eclipse.cdt.tests.dsf.gdb.tests.MIDisassemblyTest" time="0">
    <skipped/>
  </testcase>
  <testcase name="getThreadData[gdb.7.12]" classname="org.eclipse.cdt.tests.dsf.gdb.tests.GDBProcessesTest" time="0">
    <skipped/>
  </testcase>
  <testcase name="getProcessData[gdb.7.12]" classname="org.eclipse.cdt.tests.dsf.gdb.tests.GDBProcessesTest" time="0">
    <skipped/>
  </testcase>
  <testcase name="testRelativeCoreFilePathMissing[gdb.7.12]" classname="org.eclipse.cdt.tests.dsf.gdb.tests.PostMortemCoreTest" time="0">
    <skipped/>
  </testcase>
  <testcase name="testAbsoluteInitialPath[gdb.7.12]" classname="org.eclipse.cdt.tests.dsf.gdb.tests.PostMortemCoreTest" time="0">
    <skipped message="Can&apos;t test without the UI"/>
  </testcase>
  <testcase name="testAbsoluteCoreFilePath[gdb.7.12]" classname="org.eclipse.cdt.tests.dsf.gdb.tests.PostMortemCoreTest" time="0">
    <skipped/>
  </testcase>
  <testcase name="testRelativeCoreFilePathInvalid[gdb.7.12]" classname="org.eclipse.cdt.tests.dsf.gdb.tests.PostMortemCoreTest" time="0">
    <skipped/>
  </testcase>
  <testcase name="testLiteralIntegerExpressions[gdb.7.12]" classname="org.eclipse.cdt.tests.dsf.gdb.tests.PostMortemCoreTest" time="0">
    <skipped/>
  </testcase>
  <testcase name="testCoreFilePathWithVariable[gdb.7.12]" classname="org.eclipse.cdt.tests.dsf.gdb.tests.PostMortemCoreTest" time="0">
    <skipped/>
  </testcase>
  <testcase name="testAbsoluteCoreFilePathMissing[gdb.7.12]" classname="org.eclipse.cdt.tests.dsf.gdb.tests.PostMortemCoreTest" time="0">
    <skipped/>
  </testcase>
  <testcase name="testLiteralFloatingPointExpressions[gdb.7.12]" classname="org.eclipse.cdt.tests.dsf.gdb.tests.PostMortemCoreTest" time="0">
    <skipped/>
  </testcase>
  <testcase name="testEmptyInitialPath[gdb.7.12]" classname="org.eclipse.cdt.tests.dsf.gdb.tests.PostMortemCoreTest" time="0">
    <skipped message="Can&apos;t test without the UI"/>
  </testcase>
  <testcase name="readMemoryArray[gdb.7.12]" classname="org.eclipse.cdt.tests.dsf.gdb.tests.PostMortemCoreTest" time="0">
    <skipped/>
  </testcase>
  <testcase name="testRelativeInitialPath[gdb.7.12]" classname="org.eclipse.cdt.tests.dsf.gdb.tests.PostMortemCoreTest" time="0">
    <skipped message="Can&apos;t test without the UI"/>
  </testcase>
  <testcase name="testLocalVariables[gdb.7.12]" classname="org.eclipse.cdt.tests.dsf.gdb.tests.PostMortemCoreTest" time="0">
    <skipped/>
  </testcase>
  <testcase name="testInitialPathWithVariable[gdb.7.12]" classname="org.eclipse.cdt.tests.dsf.gdb.tests.PostMortemCoreTest" time="0">
    <skipped message="Can&apos;t test without the UI"/>
  </testcase>
  <testcase name="testAbsoluteInitialPathInvalid[gdb.7.12]" classname="org.eclipse.cdt.tests.dsf.gdb.tests.PostMortemCoreTest" time="0">
    <skipped message="Can&apos;t test without the UI"/>
  </testcase>
  <testcase name="testAbsoluteCoreFilePathInvalid[gdb.7.12]" classname="org.eclipse.cdt.tests.dsf.gdb.tests.PostMortemCoreTest" time="0">
    <skipped/>
  </testcase>
  <testcase name="testRelativeCoreFilePath[gdb.7.12]" classname="org.eclipse.cdt.tests.dsf.gdb.tests.PostMortemCoreTest" time="0">
    <skipped/>
  </testcase>
  <testcase name="testRelativeInitialPathInvalid[gdb.7.12]" classname="org.eclipse.cdt.tests.dsf.gdb.tests.PostMortemCoreTest" time="0">
    <skipped message="Can&apos;t test without the UI"/>
  </testcase>
  <testcase name="commandTimedOutDuringLaunch[gdb.7.12]" classname="org.eclipse.cdt.tests.dsf.gdb.tests.CommandTimeoutTest" time="0">
    <skipped/>
  </testcase>
  <testcase name="commandTimedOutDuringSession[gdb.7.12]" classname="org.eclipse.cdt.tests.dsf.gdb.tests.CommandTimeoutTest" time="0">
    <skipped/>
  </testcase>
  <testcase name="testGdbSyncServiceCanSwitchGDBThread[gdb.7.12]" classname="org.eclipse.cdt.tests.dsf.gdb.tests.nonstop.ThreadStackFrameSyncTest" time="0">
    <skipped/>
  </testcase>
  <testcase name="testChangingCurrentThreadCLINotification[gdb.7.12]" classname="org.eclipse.cdt.tests.dsf.gdb.tests.nonstop.ThreadStackFrameSyncTest" time="0">
    <skipped/>
  </testcase>
  <testcase name="testGdbSyncServiceCanSwitchGDBStackFrame[gdb.7.12]" classname="org.eclipse.cdt.tests.dsf.gdb.tests.nonstop.ThreadStackFrameSyncTest" time="0">
    <skipped/>
  </testcase>
  <testcase name="testChangingCurrentFrameCLINotification[gdb.7.12]" classname="org.eclipse.cdt.tests.dsf.gdb.tests.nonstop.ThreadStackFrameSyncTest" time="0">
    <skipped/>
  </testcase>
  <testcase name="testSettingArgumentsWithTabs[gdb.7.12]" classname="org.eclipse.cdt.tests.dsf.gdb.tests.CommandLineArgsTest" time="0">
    <skipped/>
  </testcase>
  <testcase name="testSettingArgumentsWithQuotes[gdb.7.12]" classname="org.eclipse.cdt.tests.dsf.gdb.tests.CommandLineArgsTest" time="0">
    <skipped/>
  </testcase>
  <testcase name="testSettingArgumentsWithSymbols[gdb.7.12]" classname="org.eclipse.cdt.tests.dsf.gdb.tests.CommandLineArgsTest" time="0">
    <skipped/>
  </testcase>
  <testcase name="testSettingArguments[gdb.7.12]" classname="org.eclipse.cdt.tests.dsf.gdb.tests.CommandLineArgsTest" time="0">
    <skipped/>
  </testcase>
  <testcase name="testSettingArgumentsWithSpecialSymbols[gdb.7.12]" classname="org.eclipse.cdt.tests.dsf.gdb.tests.CommandLineArgsTest" time="0">
    <skipped/>
  </testcase>
</testsuite>