-------------------------------------------------------------------------------
Test set: org.eclipse.cdt.codan.core.test.AutomatedIntegrationSuite
-------------------------------------------------------------------------------
Tests run: 374, Failures: 0, Errors: 0, Skipped: 0, Time elapsed: 22.245 sec - in org.eclipse.cdt.codan.core.test.AutomatedIntegrationSuite
testUnsafeMethodCallException_bug416284(org.eclipse.cdt.codan.core.internal.checkers.AbstractClassInstantiationCheckerTest)  Time elapsed: 1.558 sec
testNotAbstractClassCreationWithDirectConstructorCall(org.eclipse.cdt.codan.core.internal.checkers.AbstractClassInstantiationCheckerTest)  Time elapsed: 0.067 sec
testAbstractClassCreationOnStackWithRefAndPtr(org.eclipse.cdt.codan.core.internal.checkers.AbstractClassInstantiationCheckerTest)  Time elapsed: 0.066 sec
testPureVirtualDestructorOverride_1(org.eclipse.cdt.codan.core.internal.checkers.AbstractClassInstantiationCheckerTest)  Time elapsed: 0.051 sec
testPureVirtualDestructorOverride_2(org.eclipse.cdt.codan.core.internal.checkers.AbstractClassInstantiationCheckerTest)  Time elapsed: 0.054 sec
testAbstractClassBecauseOfBaseClass(org.eclipse.cdt.codan.core.internal.checkers.AbstractClassInstantiationCheckerTest)  Time elapsed: 0.052 sec
testDiamondInheritanceWithOneImplementor_bug351612a(org.eclipse.cdt.codan.core.internal.checkers.AbstractClassInstantiationCheckerTest)  Time elapsed: 0.043 sec
testDiamondInheritanceWithOneImplementor_bug351612b(org.eclipse.cdt.codan.core.internal.checkers.AbstractClassInstantiationCheckerTest)  Time elapsed: 0.042 sec
testDiamondInheritanceWithOneImplementor_bug351612c(org.eclipse.cdt.codan.core.internal.checkers.AbstractClassInstantiationCheckerTest)  Time elapsed: 0.074 sec
testAbstractClassCreationWithNew(org.eclipse.cdt.codan.core.internal.checkers.AbstractClassInstantiationCheckerTest)  Time elapsed: 0.071 sec
testDiamondInheritanceWithOneImplementor_bug419938(org.eclipse.cdt.codan.core.internal.checkers.AbstractClassInstantiationCheckerTest)  Time elapsed: 0.061 sec
testAbstractClassTypedef(org.eclipse.cdt.codan.core.internal.checkers.AbstractClassInstantiationCheckerTest)  Time elapsed: 0.038 sec
testAbstractClassWithAFewVirtualMethods(org.eclipse.cdt.codan.core.internal.checkers.AbstractClassInstantiationCheckerTest)  Time elapsed: 0.039 sec
testAbstractClassFromNamespace(org.eclipse.cdt.codan.core.internal.checkers.AbstractClassInstantiationCheckerTest)  Time elapsed: 0.044 sec
testAbstractClassCreationAsFunctionTemplateParameter(org.eclipse.cdt.codan.core.internal.checkers.AbstractClassInstantiationCheckerTest)  Time elapsed: 0.04 sec
testAbstractClassCreationAsFunctionParameter(org.eclipse.cdt.codan.core.internal.checkers.AbstractClassInstantiationCheckerTest)  Time elapsed: 0.046 sec
testAbstractClassCreationWithDirectConstructorCall(org.eclipse.cdt.codan.core.internal.checkers.AbstractClassInstantiationCheckerTest)  Time elapsed: 0.052 sec
testNotAbstractClassCreationWithNew(org.eclipse.cdt.codan.core.internal.checkers.AbstractClassInstantiationCheckerTest)  Time elapsed: 0.035 sec
testAbstractClassCreationOnStack(org.eclipse.cdt.codan.core.internal.checkers.AbstractClassInstantiationCheckerTest)  Time elapsed: 0.04 sec
testAbstractClassWithVirtualRedefinition(org.eclipse.cdt.codan.core.internal.checkers.AbstractClassInstantiationCheckerTest)  Time elapsed: 0.044 sec
testExternAbstractClassDeclaration(org.eclipse.cdt.codan.core.internal.checkers.AbstractClassInstantiationCheckerTest)  Time elapsed: 0.038 sec
testAbstractClassPointerOrReverenceDeclaration(org.eclipse.cdt.codan.core.internal.checkers.AbstractClassInstantiationCheckerTest)  Time elapsed: 0.045 sec
testUsingDeclarationInDerivedClass_bug414279(org.eclipse.cdt.codan.core.internal.checkers.AbstractClassInstantiationCheckerTest)  Time elapsed: 0.042 sec
testNotAbstractClassCreationOnStack(org.eclipse.cdt.codan.core.internal.checkers.AbstractClassInstantiationCheckerTest)  Time elapsed: 0.048 sec
testMaxInstantiationDepth_430282(org.eclipse.cdt.codan.core.internal.checkers.AbstractClassInstantiationCheckerTest)  Time elapsed: 0.09 sec
test_for(org.eclipse.cdt.codan.core.internal.checkers.AssignmentInConditionCheckerTest)  Time elapsed: 0.111 sec
test_tri(org.eclipse.cdt.codan.core.internal.checkers.AssignmentInConditionCheckerTest)  Time elapsed: 0.038 sec
test_whileMacroSupp(org.eclipse.cdt.codan.core.internal.checkers.AssignmentInConditionCheckerTest)  Time elapsed: 0.054 sec
test3(org.eclipse.cdt.codan.core.internal.checkers.AssignmentInConditionCheckerTest)  Time elapsed: 0.033 sec
test_while2supp(org.eclipse.cdt.codan.core.internal.checkers.AssignmentInConditionCheckerTest)  Time elapsed: 0.034 sec
test_while3supp(org.eclipse.cdt.codan.core.internal.checkers.AssignmentInConditionCheckerTest)  Time elapsed: 0.023 sec
test_whileMacro(org.eclipse.cdt.codan.core.internal.checkers.AssignmentInConditionCheckerTest)  Time elapsed: 0.037 sec
test_basic_params(org.eclipse.cdt.codan.core.internal.checkers.AssignmentInConditionCheckerTest)  Time elapsed: 0.033 sec
test_array(org.eclipse.cdt.codan.core.internal.checkers.AssignmentInConditionCheckerTest)  Time elapsed: 0.043 sec
test_basic(org.eclipse.cdt.codan.core.internal.checkers.AssignmentInConditionCheckerTest)  Time elapsed: 0.03 sec
test_fixed(org.eclipse.cdt.codan.core.internal.checkers.AssignmentInConditionCheckerTest)  Time elapsed: 0.026 sec
test_while(org.eclipse.cdt.codan.core.internal.checkers.AssignmentInConditionCheckerTest)  Time elapsed: 0.04 sec
testNoError_Bug321933(org.eclipse.cdt.codan.core.internal.checkers.AssignmentToItselfCheckerTest)  Time elapsed: 0.05 sec
testSimpleVariableSelfAssignmentError(org.eclipse.cdt.codan.core.internal.checkers.AssignmentToItselfCheckerTest)  Time elapsed: 0.036 sec
testMarkerOffset_Bug486610(org.eclipse.cdt.codan.core.internal.checkers.AssignmentToItselfCheckerTest)  Time elapsed: 0.031 sec
testArraySelfAssignmentError(org.eclipse.cdt.codan.core.internal.checkers.AssignmentToItselfCheckerTest)  Time elapsed: 0.034 sec
testNoErrorConstants(org.eclipse.cdt.codan.core.internal.checkers.AssignmentToItselfCheckerTest)  Time elapsed: 0.027 sec
testNoErrorVariables(org.eclipse.cdt.codan.core.internal.checkers.AssignmentToItselfCheckerTest)  Time elapsed: 0.031 sec
testEmptyLastCaseDefaultBad(org.eclipse.cdt.codan.core.internal.checkers.CaseBreakCheckerTest)  Time elapsed: 0.059 sec
testEmptyCaseOKbreak(org.eclipse.cdt.codan.core.internal.checkers.CaseBreakCheckerTest)  Time elapsed: 0.028 sec
testEmptyLastCaseError(org.eclipse.cdt.codan.core.internal.checkers.CaseBreakCheckerTest)  Time elapsed: 0.036 sec
testGeneral1(org.eclipse.cdt.codan.core.internal.checkers.CaseBreakCheckerTest)  Time elapsed: 0.039 sec
testDifferentComments(org.eclipse.cdt.codan.core.internal.checkers.CaseBreakCheckerTest)  Time elapsed: 0.03 sec
testEmptyCaseWithLoopBreak(org.eclipse.cdt.codan.core.internal.checkers.CaseBreakCheckerTest)  Time elapsed: 0.028 sec
testEmptyLastCaseOKbreak(org.eclipse.cdt.codan.core.internal.checkers.CaseBreakCheckerTest)  Time elapsed: 0.04 sec
testEmptyCaseOKcomment(org.eclipse.cdt.codan.core.internal.checkers.CaseBreakCheckerTest)  Time elapsed: 0.034 sec
testLastCaseOKcomment(org.eclipse.cdt.codan.core.internal.checkers.CaseBreakCheckerTest)  Time elapsed: 0.035 sec
testIfErr(org.eclipse.cdt.codan.core.internal.checkers.CaseBreakCheckerTest)  Time elapsed: 0.031 sec
testIf(org.eclipse.cdt.codan.core.internal.checkers.CaseBreakCheckerTest)  Time elapsed: 0.031 sec
testEmptyLastCaseWithReturn(org.eclipse.cdt.codan.core.internal.checkers.CaseBreakCheckerTest)  Time elapsed: 0.029 sec
testEmptyLastCaseIgnore(org.eclipse.cdt.codan.core.internal.checkers.CaseBreakCheckerTest)  Time elapsed: 0.042 sec
testLastCaseBadCommentNotLast(org.eclipse.cdt.codan.core.internal.checkers.CaseBreakCheckerTest)  Time elapsed: 0.031 sec
testEmptyCaseIgnore(org.eclipse.cdt.codan.core.internal.checkers.CaseBreakCheckerTest)  Time elapsed: 0.032 sec
testEmptyLastCaseTwoSwitches(org.eclipse.cdt.codan.core.internal.checkers.CaseBreakCheckerTest)  Time elapsed: 0.029 sec
testEmptyLastCaseOKcomment(org.eclipse.cdt.codan.core.internal.checkers.CaseBreakCheckerTest)  Time elapsed: 0.031 sec
testLastCaseOKbreak(org.eclipse.cdt.codan.core.internal.checkers.CaseBreakCheckerTest)  Time elapsed: 0.029 sec
testDoubleSemicolon_bug441714(org.eclipse.cdt.codan.core.internal.checkers.CaseBreakCheckerTest)  Time elapsed: 0.027 sec
testNestedSwitches(org.eclipse.cdt.codan.core.internal.checkers.CaseBreakCheckerTest)  Time elapsed: 0.03 sec
testGeneralComments1(org.eclipse.cdt.codan.core.internal.checkers.CaseBreakCheckerTest)  Time elapsed: 0.036 sec
testEmptyCompoundStatement(org.eclipse.cdt.codan.core.internal.checkers.CaseBreakCheckerTest)  Time elapsed: 0.034 sec
testBreakInBraces(org.eclipse.cdt.codan.core.internal.checkers.CaseBreakCheckerTest)  Time elapsed: 0.025 sec
testEmptyLastCaseWithThrow(org.eclipse.cdt.codan.core.internal.checkers.CaseBreakCheckerTest)  Time elapsed: 0.042 sec
testEmptyLastCaseWithContinue(org.eclipse.cdt.codan.core.internal.checkers.CaseBreakCheckerTest)  Time elapsed: 0.031 sec
testEmptyCaseBad(org.eclipse.cdt.codan.core.internal.checkers.CaseBreakCheckerTest)  Time elapsed: 0.031 sec
testInMacro(org.eclipse.cdt.codan.core.internal.checkers.CaseBreakCheckerTest)  Time elapsed: 0.12 sec
testCaseWithCurlyBrackets(org.eclipse.cdt.codan.core.internal.checkers.CaseBreakCheckerTest)  Time elapsed: 0.023 sec
testLastCaseBad(org.eclipse.cdt.codan.core.internal.checkers.CaseBreakCheckerTest)  Time elapsed: 0.027 sec
testLastCaseIgnore(org.eclipse.cdt.codan.core.internal.checkers.CaseBreakCheckerTest)  Time elapsed: 0.023 sec
testEmptyLastCaseBad(org.eclipse.cdt.codan.core.internal.checkers.CaseBreakCheckerTest)  Time elapsed: 0.024 sec
test_int_typedef(org.eclipse.cdt.codan.core.internal.checkers.CatchByReferenceTest)  Time elapsed: 0.031 sec
test_int(org.eclipse.cdt.codan.core.internal.checkers.CatchByReferenceTest)  Time elapsed: 0.028 sec
test_class_point(org.eclipse.cdt.codan.core.internal.checkers.CatchByReferenceTest)  Time elapsed: 0.028 sec
test_class_ref(org.eclipse.cdt.codan.core.internal.checkers.CatchByReferenceTest)  Time elapsed: 0.022 sec
test_class_unknown_on(org.eclipse.cdt.codan.core.internal.checkers.CatchByReferenceTest)  Time elapsed: 0.03 sec
test_class_typedef(org.eclipse.cdt.codan.core.internal.checkers.CatchByReferenceTest)  Time elapsed: 0.019 sec
test_int_typedef2(org.eclipse.cdt.codan.core.internal.checkers.CatchByReferenceTest)  Time elapsed: 0.047 sec
test_class(org.eclipse.cdt.codan.core.internal.checkers.CatchByReferenceTest)  Time elapsed: 0.017 sec
test_class_unknown(org.eclipse.cdt.codan.core.internal.checkers.CatchByReferenceTest)  Time elapsed: 0.018 sec
testNoErrorsOnDeletedConstructor(org.eclipse.cdt.codan.core.internal.checkers.ClassMembersInitializationCheckerTest)  Time elapsed: 0.021 sec
testAssignmentsInConstructorShouldBeChecked(org.eclipse.cdt.codan.core.internal.checkers.ClassMembersInitializationCheckerTest)  Time elapsed: 0.022 sec
testExternalConstructorOfTemplateClassHandling(org.eclipse.cdt.codan.core.internal.checkers.ClassMembersInitializationCheckerTest)  Time elapsed: 0.028 sec
testAssignThisNonLValue_368420(org.eclipse.cdt.codan.core.internal.checkers.ClassMembersInitializationCheckerTest)  Time elapsed: 0.021 sec
testBasicTypesShouldBeInitialized(org.eclipse.cdt.codan.core.internal.checkers.ClassMembersInitializationCheckerTest)  Time elapsed: 0.02 sec
testNoErrorsOnFunctionCallInitialization(org.eclipse.cdt.codan.core.internal.checkers.ClassMembersInitializationCheckerTest)  Time elapsed: 0.029 sec
testTemplateConstructorHandling(org.eclipse.cdt.codan.core.internal.checkers.ClassMembersInitializationCheckerTest)  Time elapsed: 0.024 sec
testExternalTemplateConstructorOfTemplateClassHandling(org.eclipse.cdt.codan.core.internal.checkers.ClassMembersInitializationCheckerTest)  Time elapsed: 0.026 sec
testDefaultConstructor_365498(org.eclipse.cdt.codan.core.internal.checkers.ClassMembersInitializationCheckerTest)  Time elapsed: 0.024 sec
testNoErrorsOnComplexAssignment(org.eclipse.cdt.codan.core.internal.checkers.ClassMembersInitializationCheckerTest)  Time elapsed: 0.03 sec
testAssignThisUnaryExpressions_368420(org.eclipse.cdt.codan.core.internal.checkers.ClassMembersInitializationCheckerTest)  Time elapsed: 0.031 sec
testNestedClassInExternalConstructorHandling(org.eclipse.cdt.codan.core.internal.checkers.ClassMembersInitializationCheckerTest)  Time elapsed: 0.025 sec
testNestedClassWithMethodNamedAsAnotherClassHandling(org.eclipse.cdt.codan.core.internal.checkers.ClassMembersInitializationCheckerTest)  Time elapsed: 0.141 sec
testNoErrorsOnReadingFunctionCall(org.eclipse.cdt.codan.core.internal.checkers.ClassMembersInitializationCheckerTest)  Time elapsed: 0.032 sec
testMethodDeclarationInOtherFile_368419(org.eclipse.cdt.codan.core.internal.checkers.ClassMembersInitializationCheckerTest)  Time elapsed: 0.244 sec
testNestedClassesHandling(org.eclipse.cdt.codan.core.internal.checkers.ClassMembersInitializationCheckerTest)  Time elapsed: 0.028 sec
testErrorOnProtectedConstructor(org.eclipse.cdt.codan.core.internal.checkers.ClassMembersInitializationCheckerTest)  Time elapsed: 0.037 sec
testCheckStructs(org.eclipse.cdt.codan.core.internal.checkers.ClassMembersInitializationCheckerTest)  Time elapsed: 0.031 sec
testAssignmentIsNotInConstructor(org.eclipse.cdt.codan.core.internal.checkers.ClassMembersInitializationCheckerTest)  Time elapsed: 0.035 sec
testSkipUnions(org.eclipse.cdt.codan.core.internal.checkers.ClassMembersInitializationCheckerTest)  Time elapsed: 0.035 sec
testDefaultCopyOrMoveConstructorInTemplate_408303(org.eclipse.cdt.codan.core.internal.checkers.ClassMembersInitializationCheckerTest)  Time elapsed: 0.035 sec
testUsingMethodsInConstructorWithoutPreference(org.eclipse.cdt.codan.core.internal.checkers.ClassMembersInitializationCheckerTest)  Time elapsed: 0.074 sec
testPointersShouldBeInitialized(org.eclipse.cdt.codan.core.internal.checkers.ClassMembersInitializationCheckerTest)  Time elapsed: 0.033 sec
testTemplatePartialSpecialization_368611(org.eclipse.cdt.codan.core.internal.checkers.ClassMembersInitializationCheckerTest)  Time elapsed: 0.064 sec
testUsingConstMethodsInConstructorWithoutPreference(org.eclipse.cdt.codan.core.internal.checkers.ClassMembersInitializationCheckerTest)  Time elapsed: 0.027 sec
testDelegatingConstructor_402607(org.eclipse.cdt.codan.core.internal.checkers.ClassMembersInitializationCheckerTest)  Time elapsed: 0.026 sec
testNonstaticDataMemberInitializer_400673(org.eclipse.cdt.codan.core.internal.checkers.ClassMembersInitializationCheckerTest)  Time elapsed: 0.021 sec
testEnumsShouldBeInitialized(org.eclipse.cdt.codan.core.internal.checkers.ClassMembersInitializationCheckerTest)  Time elapsed: 0.023 sec
testDefaultCopyOrMoveConstructor_395018(org.eclipse.cdt.codan.core.internal.checkers.ClassMembersInitializationCheckerTest)  Time elapsed: 0.022 sec
testNoErrorsOnStaticMembers(org.eclipse.cdt.codan.core.internal.checkers.ClassMembersInitializationCheckerTest)  Time elapsed: 0.026 sec
testBaseClassMemberShouldNotBeTakenIntoAccount(org.eclipse.cdt.codan.core.internal.checkers.ClassMembersInitializationCheckerTest)  Time elapsed: 0.02 sec
testExternalConstructorHandling(org.eclipse.cdt.codan.core.internal.checkers.ClassMembersInitializationCheckerTest)  Time elapsed: 0.039 sec
testExternalTemplateConstructorHandling(org.eclipse.cdt.codan.core.internal.checkers.ClassMembersInitializationCheckerTest)  Time elapsed: 0.019 sec
testNoErrorsIfThereIsNoConstructorsDefined(org.eclipse.cdt.codan.core.internal.checkers.ClassMembersInitializationCheckerTest)  Time elapsed: 0.017 sec
testAssignThis_368420(org.eclipse.cdt.codan.core.internal.checkers.ClassMembersInitializationCheckerTest)  Time elapsed: 0.023 sec
testNestedClassInConstructorHandling(org.eclipse.cdt.codan.core.internal.checkers.ClassMembersInitializationCheckerTest)  Time elapsed: 0.052 sec
testUsingConstMethodsInConstructorWithPreference(org.eclipse.cdt.codan.core.internal.checkers.ClassMembersInitializationCheckerTest)  Time elapsed: 0.025 sec
testAFewConstructorsHandling(org.eclipse.cdt.codan.core.internal.checkers.ClassMembersInitializationCheckerTest)  Time elapsed: 0.027 sec
testNoErrorsIfMemberWasInitializedInOneOfTheIfBranch(org.eclipse.cdt.codan.core.internal.checkers.ClassMembersInitializationCheckerTest)  Time elapsed: 0.033 sec
testInitializationListShouldBeChecked(org.eclipse.cdt.codan.core.internal.checkers.ClassMembersInitializationCheckerTest)  Time elapsed: 0.024 sec
testTemplateConstructorDeclarationOnlyHandling(org.eclipse.cdt.codan.core.internal.checkers.ClassMembersInitializationCheckerTest)  Time elapsed: 0.022 sec
testNoErrorsOnChainInitialization(org.eclipse.cdt.codan.core.internal.checkers.ClassMembersInitializationCheckerTest)  Time elapsed: 0.022 sec
testUsingMethodsInConstructorWithPreference(org.eclipse.cdt.codan.core.internal.checkers.ClassMembersInitializationCheckerTest)  Time elapsed: 0.029 sec
testReferencesShouldBeInitialized(org.eclipse.cdt.codan.core.internal.checkers.ClassMembersInitializationCheckerTest)  Time elapsed: 0.025 sec
testTypedefsShouldBeInitialized(org.eclipse.cdt.codan.core.internal.checkers.ClassMembersInitializationCheckerTest)  Time elapsed: 0.03 sec
testDelegatingConstructorTypedef_402607(org.eclipse.cdt.codan.core.internal.checkers.ClassMembersInitializationCheckerTest)  Time elapsed: 0.027 sec
testAssignThisMultiBinaryExpressions_368420(org.eclipse.cdt.codan.core.internal.checkers.ClassMembersInitializationCheckerTest)  Time elapsed: 0.021 sec
testTemplateClassHandling(org.eclipse.cdt.codan.core.internal.checkers.ClassMembersInitializationCheckerTest)  Time elapsed: 0.03 sec
testRightRight(org.eclipse.cdt.codan.core.internal.checkers.FormatStringCheckerTest)  Time elapsed: 0.026 sec
testRightWrong(org.eclipse.cdt.codan.core.internal.checkers.FormatStringCheckerTest)  Time elapsed: 0.028 sec
testGaurdedRight(org.eclipse.cdt.codan.core.internal.checkers.FormatStringCheckerTest)  Time elapsed: 0.023 sec
testNonglobalBeforeRight(org.eclipse.cdt.codan.core.internal.checkers.FormatStringCheckerTest)  Time elapsed: 0.028 sec
testNonglobalBeforeWrong(org.eclipse.cdt.codan.core.internal.checkers.FormatStringCheckerTest)  Time elapsed: 0.033 sec
testInfiniteSize(org.eclipse.cdt.codan.core.internal.checkers.FormatStringCheckerTest)  Time elapsed: 0.026 sec
testRight(org.eclipse.cdt.codan.core.internal.checkers.FormatStringCheckerTest)  Time elapsed: 0.021 sec
testBase(org.eclipse.cdt.codan.core.internal.checkers.FormatStringCheckerTest)  Time elapsed: 0.021 sec
testWrongInt(org.eclipse.cdt.codan.core.internal.checkers.FormatStringCheckerTest)  Time elapsed: 0.022 sec
testRightInt(org.eclipse.cdt.codan.core.internal.checkers.FormatStringCheckerTest)  Time elapsed: 0.029 sec
testWrongRight(org.eclipse.cdt.codan.core.internal.checkers.FormatStringCheckerTest)  Time elapsed: 0.019 sec
testWrongWrong(org.eclipse.cdt.codan.core.internal.checkers.FormatStringCheckerTest)  Time elapsed: 0.017 sec
testGlobalBeforeWrong(org.eclipse.cdt.codan.core.internal.checkers.FormatStringCheckerTest)  Time elapsed: 0.021 sec
testIntRight(org.eclipse.cdt.codan.core.internal.checkers.FormatStringCheckerTest)  Time elapsed: 0.058 sec
testIntWrong(org.eclipse.cdt.codan.core.internal.checkers.FormatStringCheckerTest)  Time elapsed: 0.048 sec
testNonglobalAfterRight(org.eclipse.cdt.codan.core.internal.checkers.FormatStringCheckerTest)  Time elapsed: 0.023 sec
testNonglobalAfterWrong(org.eclipse.cdt.codan.core.internal.checkers.FormatStringCheckerTest)  Time elapsed: 0.047 sec
testSimple(org.eclipse.cdt.codan.core.internal.checkers.FormatStringCheckerTest)  Time elapsed: 0.021 sec
testNonVirtualDtorInBaseClass(org.eclipse.cdt.codan.core.internal.checkers.NonVirtualDestructorCheckerTest)  Time elapsed: 0.043 sec
testAbstractBaseClass(org.eclipse.cdt.codan.core.internal.checkers.NonVirtualDestructorCheckerTest)  Time elapsed: 0.024 sec
testBug496628_MarkerBounds(org.eclipse.cdt.codan.core.internal.checkers.NonVirtualDestructorCheckerTest)  Time elapsed: 0.027 sec
testVirtualDtorInBaseClass1(org.eclipse.cdt.codan.core.internal.checkers.NonVirtualDestructorCheckerTest)  Time elapsed: 0.027 sec
testVirtualDtorInBaseClass2(org.eclipse.cdt.codan.core.internal.checkers.NonVirtualDestructorCheckerTest)  Time elapsed: 0.021 sec
testVirtualDtorInBaseClass3(org.eclipse.cdt.codan.core.internal.checkers.NonVirtualDestructorCheckerTest)  Time elapsed: 0.025 sec
testBug372009_wrongClassNameInMessage(org.eclipse.cdt.codan.core.internal.checkers.NonVirtualDestructorCheckerTest)  Time elapsed: 0.022 sec
testExplicitDtorInBaseClass(org.eclipse.cdt.codan.core.internal.checkers.NonVirtualDestructorCheckerTest)  Time elapsed: 0.058 sec
testVirtualDtorInClass(org.eclipse.cdt.codan.core.internal.checkers.NonVirtualDestructorCheckerTest)  Time elapsed: 0.024 sec
testBug368446_stackOverflow(org.eclipse.cdt.codan.core.internal.checkers.NonVirtualDestructorCheckerTest)  Time elapsed: 0.028 sec
testBug368446_stackOverflow_indirect(org.eclipse.cdt.codan.core.internal.checkers.NonVirtualDestructorCheckerTest)  Time elapsed: 0.023 sec
testImplicitDtorInBaseClass(org.eclipse.cdt.codan.core.internal.checkers.NonVirtualDestructorCheckerTest)  Time elapsed: 0.023 sec
testPublicVirtualDtorInClass(org.eclipse.cdt.codan.core.internal.checkers.NonVirtualDestructorCheckerTest)  Time elapsed: 0.031 sec
testNonPublicVirtualDtorInClass(org.eclipse.cdt.codan.core.internal.checkers.NonVirtualDestructorCheckerTest)  Time elapsed: 0.021 sec
testPublicNonVirtualDtorCanBeCalledFromFriendClass(org.eclipse.cdt.codan.core.internal.checkers.NonVirtualDestructorCheckerTest)  Time elapsed: 0.028 sec
testImplicitPublicNonVirtualDtorInClass(org.eclipse.cdt.codan.core.internal.checkers.NonVirtualDestructorCheckerTest)  Time elapsed: 0.05 sec
testVariousFieldMethodCombinations_338683(org.eclipse.cdt.codan.core.internal.checkers.ProblemBindingCheckerTest)  Time elapsed: 0.024 sec
testUDLOperatorWithWrongType_484619(org.eclipse.cdt.codan.core.internal.checkers.ProblemBindingCheckerTest)  Time elapsed: 0.024 sec
testImplicitConstructorCall_404774(org.eclipse.cdt.codan.core.internal.checkers.ProblemBindingCheckerTest)  Time elapsed: 0.02 sec
testFieldInFunctionCall_338683(org.eclipse.cdt.codan.core.internal.checkers.ProblemBindingCheckerTest)  Time elapsed: 0.04 sec
testDontUnderlineWholeMacro_341089(org.eclipse.cdt.codan.core.internal.checkers.ProblemBindingCheckerTest)  Time elapsed: 0.022 sec
testNonexistentUDLOperator_484619(org.eclipse.cdt.codan.core.internal.checkers.ProblemBindingCheckerTest)  Time elapsed: 0.023 sec
testReturnInitializerList(org.eclipse.cdt.codan.core.internal.checkers.ReturnCheckerTest)  Time elapsed: 0.02 sec
testVoidLateSpecifiedReturnType_Bug337677(org.eclipse.cdt.codan.core.internal.checkers.ReturnCheckerTest)  Time elapsed: 0.018 sec
testBasicTypeFunction(org.eclipse.cdt.codan.core.internal.checkers.ReturnCheckerTest)  Time elapsed: 0.031 sec
testWhile(org.eclipse.cdt.codan.core.internal.checkers.ReturnCheckerTest)  Time elapsed: 0.02 sec
testVoidFunction(org.eclipse.cdt.codan.core.internal.checkers.ReturnCheckerTest)  Time elapsed: 0.023 sec
testLambda2_Bug332285(org.eclipse.cdt.codan.core.internal.checkers.ReturnCheckerTest)  Time elapsed: 0.017 sec
testLambda_Bug332285(org.eclipse.cdt.codan.core.internal.checkers.ReturnCheckerTest)  Time elapsed: 0.017 sec
testEmptySwitch_455828(org.eclipse.cdt.codan.core.internal.checkers.ReturnCheckerTest)  Time elapsed: 0.017 sec
testTypedefReturnFunction(org.eclipse.cdt.codan.core.internal.checkers.ReturnCheckerTest)  Time elapsed: 0.019 sec
testSelfReferencingVariable_452325(org.eclipse.cdt.codan.core.internal.checkers.ReturnCheckerTest)  Time elapsed: 0.024 sec
testSelfReferencingVariable_479638(org.eclipse.cdt.codan.core.internal.checkers.ReturnCheckerTest)  Time elapsed: 0.208 sec
testFunctionPointerReturnFunction(org.eclipse.cdt.codan.core.internal.checkers.ReturnCheckerTest)  Time elapsed: 0.045 sec
testUserDefinedFunction(org.eclipse.cdt.codan.core.internal.checkers.ReturnCheckerTest)  Time elapsed: 0.03 sec
testDummyFunction(org.eclipse.cdt.codan.core.internal.checkers.ReturnCheckerTest)  Time elapsed: 0.026 sec
testConstructorRetValue(org.eclipse.cdt.codan.core.internal.checkers.ReturnCheckerTest)  Time elapsed: 0.028 sec
testBranches_Bug342906(org.eclipse.cdt.codan.core.internal.checkers.ReturnCheckerTest)  Time elapsed: 0.041 sec
testBranches_Bug343767(org.eclipse.cdt.codan.core.internal.checkers.ReturnCheckerTest)  Time elapsed: 0.029 sec
testGccExtensions(org.eclipse.cdt.codan.core.internal.checkers.ReturnCheckerTest)  Time elapsed: 0.022 sec
testGoto_Bug346559(org.eclipse.cdt.codan.core.internal.checkers.ReturnCheckerTest)  Time elapsed: 0.024 sec
testTryBlock1(org.eclipse.cdt.codan.core.internal.checkers.ReturnCheckerTest)  Time elapsed: 0.022 sec
testTryBlock2(org.eclipse.cdt.codan.core.internal.checkers.ReturnCheckerTest)  Time elapsed: 0.029 sec
testTryBlock3(org.eclipse.cdt.codan.core.internal.checkers.ReturnCheckerTest)  Time elapsed: 0.025 sec
testRetInDeadCodeCase(org.eclipse.cdt.codan.core.internal.checkers.ReturnCheckerTest)  Time elapsed: 0.025 sec
testVoidPointerLateSpecifiedReturnType_Bug337677(org.eclipse.cdt.codan.core.internal.checkers.ReturnCheckerTest)  Time elapsed: 0.049 sec
testConstructor_Bug323602(org.eclipse.cdt.codan.core.internal.checkers.ReturnCheckerTest)  Time elapsed: 0.021 sec
testNoRetInfinitLoop(org.eclipse.cdt.codan.core.internal.checkers.ReturnCheckerTest)  Time elapsed: 0.021 sec
testDoubleSemicolonInSwitchCase_455828(org.eclipse.cdt.codan.core.internal.checkers.ReturnCheckerTest)  Time elapsed: 0.019 sec
testMainFunction(org.eclipse.cdt.codan.core.internal.checkers.ReturnCheckerTest)  Time elapsed: 0.015 sec
testBranchesSwitch_Bug343767a(org.eclipse.cdt.codan.core.internal.checkers.ReturnCheckerTest)  Time elapsed: 0.017 sec
testBranchesSwitch_Bug343767b(org.eclipse.cdt.codan.core.internal.checkers.ReturnCheckerTest)  Time elapsed: 0.016 sec
testBranchesDeadCode_Bug343767(org.eclipse.cdt.codan.core.internal.checkers.ReturnCheckerTest)  Time elapsed: 0.016 sec
testRetInDeadCodeThrow(org.eclipse.cdt.codan.core.internal.checkers.ReturnCheckerTest)  Time elapsed: 0.017 sec
testNoReturn(org.eclipse.cdt.codan.core.internal.checkers.ReturnCheckerTest)  Time elapsed: 0.022 sec
testNextedBlock_Bug345687(org.eclipse.cdt.codan.core.internal.checkers.ReturnCheckerTest)  Time elapsed: 0.016 sec
testNoRetInfinitLoop2(org.eclipse.cdt.codan.core.internal.checkers.ReturnCheckerTest)  Time elapsed: 0.017 sec
testInnerFunction_Bug315525(org.eclipse.cdt.codan.core.internal.checkers.ReturnCheckerTest)  Time elapsed: 0.017 sec
testInnerFunction_Bug316154(org.eclipse.cdt.codan.core.internal.checkers.ReturnCheckerTest)  Time elapsed: 0.047 sec
testRetInDeadCode1(org.eclipse.cdt.codan.core.internal.checkers.ReturnCheckerTest)  Time elapsed: 0.017 sec
testSwitch(org.eclipse.cdt.codan.core.internal.checkers.ReturnCheckerTest)  Time elapsed: 0.02 sec
testNoReturnInDestructor_461538(org.eclipse.cdt.codan.core.internal.checkers.ReturnCheckerTest)  Time elapsed: 0.023 sec
testBranches2_Bug343767(org.eclipse.cdt.codan.core.internal.checkers.ReturnCheckerTest)  Time elapsed: 0.019 sec
testReturnDefineError(org.eclipse.cdt.codan.core.internal.checkers.ReturnStyleCheckerTest)  Time elapsed: 0.019 sec
testReturnValueMultilineError(org.eclipse.cdt.codan.core.internal.checkers.ReturnStyleCheckerTest)  Time elapsed: 0.02 sec
testSimpleReturn(org.eclipse.cdt.codan.core.internal.checkers.ReturnStyleCheckerTest)  Time elapsed: 0.02 sec
testReturnValueMultipleBrackets(org.eclipse.cdt.codan.core.internal.checkers.ReturnStyleCheckerTest)  Time elapsed: 0.019 sec
testSimpleReturnValue(org.eclipse.cdt.codan.core.internal.checkers.ReturnStyleCheckerTest)  Time elapsed: 0.024 sec
testReturnValueMultiline(org.eclipse.cdt.codan.core.internal.checkers.ReturnStyleCheckerTest)  Time elapsed: 0.022 sec
testSimpleReturnMultiLine(org.eclipse.cdt.codan.core.internal.checkers.ReturnStyleCheckerTest)  Time elapsed: 0.023 sec
testReturnValueMultilineMultipleBrackets(org.eclipse.cdt.codan.core.internal.checkers.ReturnStyleCheckerTest)  Time elapsed: 0.023 sec
testReturnDefine(org.eclipse.cdt.codan.core.internal.checkers.ReturnStyleCheckerTest)  Time elapsed: 0.024 sec
testSimpleReturnValueError(org.eclipse.cdt.codan.core.internal.checkers.ReturnStyleCheckerTest)  Time elapsed: 0.027 sec
testGNUExpressionCompoundStmtInside(org.eclipse.cdt.codan.core.internal.checkers.StatementHasNoEffectCheckerTest)  Time elapsed: 0.024 sec
testIdExpression(org.eclipse.cdt.codan.core.internal.checkers.StatementHasNoEffectCheckerTest)  Time elapsed: 0.03 sec
testForTestExpression(org.eclipse.cdt.codan.core.internal.checkers.StatementHasNoEffectCheckerTest)  Time elapsed: 0.028 sec
test2FilesUnaryExpression(org.eclipse.cdt.codan.core.internal.checkers.StatementHasNoEffectCheckerTest)  Time elapsed: 0.075 sec
testMessage(org.eclipse.cdt.codan.core.internal.checkers.StatementHasNoEffectCheckerTest)  Time elapsed: 0.026 sec
testGNUExpressionCompoundStmtFalsePositives(org.eclipse.cdt.codan.core.internal.checkers.StatementHasNoEffectCheckerTest)  Time elapsed: 0.02 sec
testOverloadedOperator_bug399146(org.eclipse.cdt.codan.core.internal.checkers.StatementHasNoEffectCheckerTest)  Time elapsed: 0.022 sec
testNormalAssignment(org.eclipse.cdt.codan.core.internal.checkers.StatementHasNoEffectCheckerTest)  Time elapsed: 0.026 sec
testBinaryExpression(org.eclipse.cdt.codan.core.internal.checkers.StatementHasNoEffectCheckerTest)  Time elapsed: 0.021 sec
testUnaryExpression(org.eclipse.cdt.codan.core.internal.checkers.StatementHasNoEffectCheckerTest)  Time elapsed: 0.018 sec
testMessageInMacro(org.eclipse.cdt.codan.core.internal.checkers.StatementHasNoEffectCheckerTest)  Time elapsed: 0.018 sec
testInMacro(org.eclipse.cdt.codan.core.internal.checkers.StatementHasNoEffectCheckerTest)  Time elapsed: 0.027 sec
testOverloadedBinaryExpression(org.eclipse.cdt.codan.core.internal.checkers.StatementHasNoEffectCheckerTest)  Time elapsed: 0.029 sec
testFalsePositives(org.eclipse.cdt.codan.core.internal.checkers.StatementHasNoEffectCheckerTest)  Time elapsed: 0.026 sec
testLazyEvalHack(org.eclipse.cdt.codan.core.internal.checkers.StatementHasNoEffectCheckerTest)  Time elapsed: 0.028 sec
testInMacroParamOff(org.eclipse.cdt.codan.core.internal.checkers.StatementHasNoEffectCheckerTest)  Time elapsed: 0.03 sec
test_lastnot(org.eclipse.cdt.codan.core.internal.checkers.SuggestedParenthesisCheckerTest)  Time elapsed: 0.024 sec
test1(org.eclipse.cdt.codan.core.internal.checkers.SuggestedParenthesisCheckerTest)  Time elapsed: 0.027 sec
test2(org.eclipse.cdt.codan.core.internal.checkers.SuggestedParenthesisCheckerTest)  Time elapsed: 0.022 sec
test3(org.eclipse.cdt.codan.core.internal.checkers.SuggestedParenthesisCheckerTest)  Time elapsed: 0.027 sec
test_mixedbin(org.eclipse.cdt.codan.core.internal.checkers.SuggestedParenthesisCheckerTest)  Time elapsed: 0.023 sec
test_fixed(org.eclipse.cdt.codan.core.internal.checkers.SuggestedParenthesisCheckerTest)  Time elapsed: 0.045 sec
testElseIf1(org.eclipse.cdt.codan.core.internal.checkers.SuspiciousSemicolonCheckerTest)  Time elapsed: 0.021 sec
testElseIf2(org.eclipse.cdt.codan.core.internal.checkers.SuspiciousSemicolonCheckerTest)  Time elapsed: 0.019 sec
testElseIf3(org.eclipse.cdt.codan.core.internal.checkers.SuspiciousSemicolonCheckerTest)  Time elapsed: 0.024 sec
testElseIf4(org.eclipse.cdt.codan.core.internal.checkers.SuspiciousSemicolonCheckerTest)  Time elapsed: 0.031 sec
testElseIf5(org.eclipse.cdt.codan.core.internal.checkers.SuspiciousSemicolonCheckerTest)  Time elapsed: 0.035 sec
testIf1(org.eclipse.cdt.codan.core.internal.checkers.SuspiciousSemicolonCheckerTest)  Time elapsed: 0.024 sec
testIf2(org.eclipse.cdt.codan.core.internal.checkers.SuspiciousSemicolonCheckerTest)  Time elapsed: 0.026 sec
testIf3(org.eclipse.cdt.codan.core.internal.checkers.SuspiciousSemicolonCheckerTest)  Time elapsed: 0.034 sec
testIf4(org.eclipse.cdt.codan.core.internal.checkers.SuspiciousSemicolonCheckerTest)  Time elapsed: 0.033 sec
testIf5(org.eclipse.cdt.codan.core.internal.checkers.SuspiciousSemicolonCheckerTest)  Time elapsed: 0.025 sec
testIf6(org.eclipse.cdt.codan.core.internal.checkers.SuspiciousSemicolonCheckerTest)  Time elapsed: 0.025 sec
testIf7(org.eclipse.cdt.codan.core.internal.checkers.SuspiciousSemicolonCheckerTest)  Time elapsed: 0.037 sec
testMacro(org.eclipse.cdt.codan.core.internal.checkers.SuspiciousSemicolonCheckerTest)  Time elapsed: 0.03 sec
testMacroExpansion(org.eclipse.cdt.codan.core.internal.checkers.SuspiciousSemicolonCheckerTest)  Time elapsed: 0.017 sec
testIfElse(org.eclipse.cdt.codan.core.internal.checkers.SuspiciousSemicolonCheckerTest)  Time elapsed: 0.018 sec
testStaticFunction_Definition_SynonymArgs(org.eclipse.cdt.codan.core.internal.checkers.UnusedSymbolInFileScopeCheckerTest)  Time elapsed: 0.026 sec
testExternVariable_Definition1(org.eclipse.cdt.codan.core.internal.checkers.UnusedSymbolInFileScopeCheckerTest)  Time elapsed: 0.022 sec
testExternVariable_Definition2(org.eclipse.cdt.codan.core.internal.checkers.UnusedSymbolInFileScopeCheckerTest)  Time elapsed: 0.157 sec
testStaticVariable_Used_InQualifiedFunction(org.eclipse.cdt.codan.core.internal.checkers.UnusedSymbolInFileScopeCheckerTest)  Time elapsed: 0.024 sec
testExternVariable_Declaration_Unused(org.eclipse.cdt.codan.core.internal.checkers.UnusedSymbolInFileScopeCheckerTest)  Time elapsed: 0.017 sec
testStaticFunction_Definition_Signature(org.eclipse.cdt.codan.core.internal.checkers.UnusedSymbolInFileScopeCheckerTest)  Time elapsed: 0.019 sec
testExternFunction_Declaration_FollowedByDefinition(org.eclipse.cdt.codan.core.internal.checkers.UnusedSymbolInFileScopeCheckerTest)  Time elapsed: 0.022 sec
testExternFunction_Declaration_Unused(org.eclipse.cdt.codan.core.internal.checkers.UnusedSymbolInFileScopeCheckerTest)  Time elapsed: 0.025 sec
testExternVariable_Declaration_CvsIdent(org.eclipse.cdt.codan.core.internal.checkers.UnusedSymbolInFileScopeCheckerTest)  Time elapsed: 0.024 sec
testStaticFunction_Declaration_FollowedByDefinition(org.eclipse.cdt.codan.core.internal.checkers.UnusedSymbolInFileScopeCheckerTest)  Time elapsed: 0.025 sec
testOverloadedStaticFunctionUsedInTemplate_bug358694(org.eclipse.cdt.codan.core.internal.checkers.UnusedSymbolInFileScopeCheckerTest)  Time elapsed: 0.03 sec
testStaticFunction_Definition_InQualifiedFunction(org.eclipse.cdt.codan.core.internal.checkers.UnusedSymbolInFileScopeCheckerTest)  Time elapsed: 0.028 sec
testAttributeUnused(org.eclipse.cdt.codan.core.internal.checkers.UnusedSymbolInFileScopeCheckerTest)  Time elapsed: 0.019 sec
testStaticVariable_Unused(org.eclipse.cdt.codan.core.internal.checkers.UnusedSymbolInFileScopeCheckerTest)  Time elapsed: 0.02 sec
testExternVariable_Declaration_CvsIdentInitializer(org.eclipse.cdt.codan.core.internal.checkers.UnusedSymbolInFileScopeCheckerTest)  Time elapsed: 0.028 sec
testStaticFunction_Definition_InParentheses(org.eclipse.cdt.codan.core.internal.checkers.UnusedSymbolInFileScopeCheckerTest)  Time elapsed: 0.025 sec
testStaticFunction_Declaration_Unused(org.eclipse.cdt.codan.core.internal.checkers.UnusedSymbolInFileScopeCheckerTest)  Time elapsed: 0.027 sec
testStaticFunction_Definition_UsedBeforeDefinition(org.eclipse.cdt.codan.core.internal.checkers.UnusedSymbolInFileScopeCheckerTest)  Time elapsed: 0.022 sec
testExternFunction_Declaration_Used(org.eclipse.cdt.codan.core.internal.checkers.UnusedSymbolInFileScopeCheckerTest)  Time elapsed: 0.019 sec
testStaticFunction_Definition_UnknownArgumentType(org.eclipse.cdt.codan.core.internal.checkers.UnusedSymbolInFileScopeCheckerTest)  Time elapsed: 0.024 sec
testGlobalVariable_Definition(org.eclipse.cdt.codan.core.internal.checkers.UnusedSymbolInFileScopeCheckerTest)  Time elapsed: 0.02 sec
testStaticFunction_Definition_UnknownParameterType(org.eclipse.cdt.codan.core.internal.checkers.UnusedSymbolInFileScopeCheckerTest)  Time elapsed: 0.018 sec
testStaticFunction_Definition_Unused_WithDeclaration(org.eclipse.cdt.codan.core.internal.checkers.UnusedSymbolInFileScopeCheckerTest)  Time elapsed: 0.022 sec
testStaticFunction_Declaration_Used(org.eclipse.cdt.codan.core.internal.checkers.UnusedSymbolInFileScopeCheckerTest)  Time elapsed: 0.024 sec
testExternVariable_Declaration_Combined(org.eclipse.cdt.codan.core.internal.checkers.UnusedSymbolInFileScopeCheckerTest)  Time elapsed: 0.025 sec
testExternVariable_Declaration_SccsIdent(org.eclipse.cdt.codan.core.internal.checkers.UnusedSymbolInFileScopeCheckerTest)  Time elapsed: 0.027 sec
testStaticVariable_Used_LocalScope(org.eclipse.cdt.codan.core.internal.checkers.UnusedSymbolInFileScopeCheckerTest)  Time elapsed: 0.025 sec
testStaticFunction_Definition_Used(org.eclipse.cdt.codan.core.internal.checkers.UnusedSymbolInFileScopeCheckerTest)  Time elapsed: 0.025 sec
testStaticVariable_Used_Constructor(org.eclipse.cdt.codan.core.internal.checkers.UnusedSymbolInFileScopeCheckerTest)  Time elapsed: 0.025 sec
testUseInAsm_bug393129(org.eclipse.cdt.codan.core.internal.checkers.UnusedSymbolInFileScopeCheckerTest)  Time elapsed: 0.029 sec
testStaticVariable_Unused_FunctionPointer(org.eclipse.cdt.codan.core.internal.checkers.UnusedSymbolInFileScopeCheckerTest)  Time elapsed: 0.028 sec
testExternVariable_Declaration_IgnoreUnresolved(org.eclipse.cdt.codan.core.internal.checkers.UnusedSymbolInFileScopeCheckerTest)  Time elapsed: 0.021 sec
testStaticFunction_Definition_SynonymLocalScope(org.eclipse.cdt.codan.core.internal.checkers.UnusedSymbolInFileScopeCheckerTest)  Time elapsed: 0.017 sec
testStaticFunction_Definition_Unused(org.eclipse.cdt.codan.core.internal.checkers.UnusedSymbolInFileScopeCheckerTest)  Time elapsed: 0.02 sec
testExternVariable_Declaration_Used(org.eclipse.cdt.codan.core.internal.checkers.UnusedSymbolInFileScopeCheckerTest)  Time elapsed: 0.019 sec
testExternFunction_Definition(org.eclipse.cdt.codan.core.internal.checkers.UnusedSymbolInFileScopeCheckerTest)  Time elapsed: 0.02 sec
testStaticVariable_Used_GlobalScope(org.eclipse.cdt.codan.core.internal.checkers.UnusedSymbolInFileScopeCheckerTest)  Time elapsed: 0.018 sec
testLineCommentCpp(org.eclipse.cdt.codan.core.internal.checkers.CommentCheckerLineTests)  Time elapsed: 0.021 sec
testLineCommentInPrepro(org.eclipse.cdt.codan.core.internal.checkers.CommentCheckerLineTests)  Time elapsed: 0.018 sec
testNoLineComment(org.eclipse.cdt.codan.core.internal.checkers.CommentCheckerLineTests)  Time elapsed: 0.025 sec
testLineComment(org.eclipse.cdt.codan.core.internal.checkers.CommentCheckerLineTests)  Time elapsed: 0.042 sec
testNoLineCommentInString(org.eclipse.cdt.codan.core.internal.checkers.CommentCheckerLineTests)  Time elapsed: 0.028 sec
testHeader(org.eclipse.cdt.codan.core.internal.checkers.CommentCheckerLineTests)  Time elapsed: 0.042 sec
testLineComment2(org.eclipse.cdt.codan.core.internal.checkers.CommentCheckerNestedTests)  Time elapsed: 0.175 sec
testNoLineComment(org.eclipse.cdt.codan.core.internal.checkers.CommentCheckerNestedTests)  Time elapsed: 0.234 sec
testLineComment(org.eclipse.cdt.codan.core.internal.checkers.CommentCheckerNestedTests)  Time elapsed: 0.082 sec
testIntegerImportValue(org.eclipse.cdt.codan.core.param.BasicProblemPreferenceTest)  Time elapsed: 0 sec
testFileImportValue(org.eclipse.cdt.codan.core.param.BasicProblemPreferenceTest)  Time elapsed: 0 sec
testBadType(org.eclipse.cdt.codan.core.param.BasicProblemPreferenceTest)  Time elapsed: 0 sec
testIntegerExportValue(org.eclipse.cdt.codan.core.param.BasicProblemPreferenceTest)  Time elapsed: 0 sec
testStringImportValue(org.eclipse.cdt.codan.core.param.BasicProblemPreferenceTest)  Time elapsed: 0 sec
testStringExportSpecial(org.eclipse.cdt.codan.core.param.BasicProblemPreferenceTest)  Time elapsed: 0.001 sec
testStringExportValue(org.eclipse.cdt.codan.core.param.BasicProblemPreferenceTest)  Time elapsed: 0 sec
testBooleanImportValue(org.eclipse.cdt.codan.core.param.BasicProblemPreferenceTest)  Time elapsed: 0 sec
testStringImportValueNum(org.eclipse.cdt.codan.core.param.BasicProblemPreferenceTest)  Time elapsed: 0 sec
testBadKey(org.eclipse.cdt.codan.core.param.BasicProblemPreferenceTest)  Time elapsed: 0 sec
testGetValue(org.eclipse.cdt.codan.core.param.ListProblemPreferenceTest)  Time elapsed: 0 sec
testImportValue2_nosec(org.eclipse.cdt.codan.core.param.ListProblemPreferenceTest)  Time elapsed: 0.001 sec
testSetValueImport(org.eclipse.cdt.codan.core.param.ListProblemPreferenceTest)  Time elapsed: 0 sec
testImportValue2(org.eclipse.cdt.codan.core.param.ListProblemPreferenceTest)  Time elapsed: 0 sec
testImportValueSpec(org.eclipse.cdt.codan.core.param.ListProblemPreferenceTest)  Time elapsed: 0 sec
testImportValue(org.eclipse.cdt.codan.core.param.ListProblemPreferenceTest)  Time elapsed: 0 sec
testExportValueStr(org.eclipse.cdt.codan.core.param.ListProblemPreferenceTest)  Time elapsed: 0 sec
testSetValue(org.eclipse.cdt.codan.core.param.ListProblemPreferenceTest)  Time elapsed: 0 sec
testImportValue2(org.eclipse.cdt.codan.core.param.MapProblemPreferenceTest)  Time elapsed: 0 sec
testImportValueSpec(org.eclipse.cdt.codan.core.param.MapProblemPreferenceTest)  Time elapsed: 0 sec
testImportValue(org.eclipse.cdt.codan.core.param.MapProblemPreferenceTest)  Time elapsed: 0 sec
testExportValueStr(org.eclipse.cdt.codan.core.param.MapProblemPreferenceTest)  Time elapsed: 0 sec
testUnwindTypedef(org.eclipse.cdt.codan.core.cxx.CxxAstUtilsTest)  Time elapsed: 0.024 sec
testExitStatement(org.eclipse.cdt.codan.core.cxx.CxxAstUtilsTest)  Time elapsed: 0.001 sec
testIsInMacro(org.eclipse.cdt.codan.core.cxx.CxxAstUtilsTest)  Time elapsed: 0.001 sec
test_dead_connector_for(org.eclipse.cdt.codan.core.cfg.ControlFlowGraphTest)  Time elapsed: 0.003 sec
test_switchbreak(org.eclipse.cdt.codan.core.cfg.ControlFlowGraphTest)  Time elapsed: 0.001 sec
test_switchdead(org.eclipse.cdt.codan.core.cfg.ControlFlowGraphTest)  Time elapsed: 0.001 sec
test_if(org.eclipse.cdt.codan.core.cfg.ControlFlowGraphTest)  Time elapsed: 0.002 sec
test_dead(org.eclipse.cdt.codan.core.cfg.ControlFlowGraphTest)  Time elapsed: 0.001 sec
test_exit(org.eclipse.cdt.codan.core.cfg.ControlFlowGraphTest)  Time elapsed: 0.001 sec
test_goto(org.eclipse.cdt.codan.core.cfg.ControlFlowGraphTest)  Time elapsed: 0.001 sec
test_ifif(org.eclipse.cdt.codan.core.cfg.ControlFlowGraphTest)  Time elapsed: 0.001 sec
test_dead_labels(org.eclipse.cdt.codan.core.cfg.ControlFlowGraphTest)  Time elapsed: 0.002 sec
test_dead_connector_while(org.eclipse.cdt.codan.core.cfg.ControlFlowGraphTest)  Time elapsed: 0.001 sec
test_for(org.eclipse.cdt.codan.core.cfg.ControlFlowGraphTest)  Time elapsed: 0.002 sec
test_try(org.eclipse.cdt.codan.core.cfg.ControlFlowGraphTest)  Time elapsed: 0.001 sec
test_empty_switch(org.eclipse.cdt.codan.core.cfg.ControlFlowGraphTest)  Time elapsed: 0.001 sec
test_if_ret(org.eclipse.cdt.codan.core.cfg.ControlFlowGraphTest)  Time elapsed: 0.001 sec
test_labels_if(org.eclipse.cdt.codan.core.cfg.ControlFlowGraphTest)  Time elapsed: 0.002 sec
test_if_dead(org.eclipse.cdt.codan.core.cfg.ControlFlowGraphTest)  Time elapsed: 0.001 sec
test_switch_break_in_compound_statement(org.eclipse.cdt.codan.core.cfg.ControlFlowGraphTest)  Time elapsed: 0.002 sec
test_switch_no_explicit_default(org.eclipse.cdt.codan.core.cfg.ControlFlowGraphTest)  Time elapsed: 0.002 sec
test_dead_statement_in_switch(org.eclipse.cdt.codan.core.cfg.ControlFlowGraphTest)  Time elapsed: 0.002 sec
test_switch1(org.eclipse.cdt.codan.core.cfg.ControlFlowGraphTest)  Time elapsed: 0.002 sec
test_range_loop(org.eclipse.cdt.codan.core.cfg.ControlFlowGraphTest)  Time elapsed: 0.004 sec
test_deadbranch(org.eclipse.cdt.codan.core.cfg.ControlFlowGraphTest)  Time elapsed: 0.002 sec
test_bad_labels(org.eclipse.cdt.codan.core.cfg.ControlFlowGraphTest)  Time elapsed: 0.002 sec
test_infiniloop(org.eclipse.cdt.codan.core.cfg.ControlFlowGraphTest)  Time elapsed: 0.001 sec
test_dead_connector(org.eclipse.cdt.codan.core.cfg.ControlFlowGraphTest)  Time elapsed: 0.002 sec
test_basic(org.eclipse.cdt.codan.core.cfg.ControlFlowGraphTest)  Time elapsed: 0.001 sec
test_throw(org.eclipse.cdt.codan.core.cfg.ControlFlowGraphTest)  Time elapsed: 0.001 sec
test_while(org.eclipse.cdt.codan.core.cfg.ControlFlowGraphTest)  Time elapsed: 0.002 sec
testInMethodCall(org.eclipse.cdt.codan.internal.checkers.ui.quickfix.CreateLocalVariableQuickFixTest)  Time elapsed: 2.776 sec
testChar(org.eclipse.cdt.codan.internal.checkers.ui.quickfix.CreateLocalVariableQuickFixTest)  Time elapsed: 0.498 sec
testFuncPtr(org.eclipse.cdt.codan.internal.checkers.ui.quickfix.CreateLocalVariableQuickFixTest)  Time elapsed: 0.474 sec
testWString(org.eclipse.cdt.codan.internal.checkers.ui.quickfix.CreateLocalVariableQuickFixTest)  Time elapsed: 0.454 sec
testDouble(org.eclipse.cdt.codan.internal.checkers.ui.quickfix.CreateLocalVariableQuickFixTest)  Time elapsed: 0.401 sec
testString(org.eclipse.cdt.codan.internal.checkers.ui.quickfix.CreateLocalVariableQuickFixTest)  Time elapsed: 0.486 sec
test2FilesExample(org.eclipse.cdt.codan.internal.checkers.ui.quickfix.SuggestedParenthesisQuickFixTest)  Time elapsed: 0.028 sec
testSimple(org.eclipse.cdt.codan.internal.checkers.ui.quickfix.SuggestedParenthesisQuickFixTest)  Time elapsed: 1.699 sec
testCatchByReference(org.eclipse.cdt.codan.internal.checkers.ui.quickfix.CatchByReferenceQuickFixTest)  Time elapsed: 0.521 sec
testCatchByConstReference(org.eclipse.cdt.codan.internal.checkers.ui.quickfix.CatchByReferenceQuickFixTest)  Time elapsed: 0.561 sec
testCatchByConstReferenceNoDeclName(org.eclipse.cdt.codan.internal.checkers.ui.quickfix.CatchByReferenceQuickFixTest)  Time elapsed: 0.395 sec
testCatchByReferenceNoDeclName(org.eclipse.cdt.codan.internal.checkers.ui.quickfix.CatchByReferenceQuickFixTest)  Time elapsed: 0.374 sec
testSimpleCase(org.eclipse.cdt.codan.internal.checkers.ui.quickfix.CaseBreakQuickFixTest)  Time elapsed: 0.431 sec
testNPE_bug363884(org.eclipse.cdt.codan.internal.checkers.ui.quickfix.CaseBreakQuickFixTest)  Time elapsed: 0.377 sec
testCompositeStatementCase(org.eclipse.cdt.codan.internal.checkers.ui.quickfix.CaseBreakQuickFixTest)  Time elapsed: 0.417 sec
testComparisonAndAssignment_bug352267(org.eclipse.cdt.codan.internal.checkers.ui.quickfix.AssignmentInConditionQuickFixTest)  Time elapsed: 0.358 sec
