<?xml version="1.0" encoding="UTF-8"?>
<testsuite name="org.eclipse.cdt.codan.core.tests.AutomatedIntegrationSuite" time="24.9" tests="413" errors="0" skipped="0" failures="0">
  <properties>
[...]
</properties>
  <testcase name="testUnsafeMethodCallException_bug416284" classname="org.eclipse.cdt.codan.core.internal.checkers.AbstractClassInstantiationCheckerTest" time="1.583"/>
  <testcase name="testNotAbstractClassCreationWithDirectConstructorCall" classname="org.eclipse.cdt.codan.core.internal.checkers.AbstractClassInstantiationCheckerTest" time="0.079"/>
  <testcase name="testAbstractClassCreationOnStackWithRefAndPtr" classname="org.eclipse.cdt.codan.core.internal.checkers.AbstractClassInstantiationCheckerTest" time="0.09"/>
  <testcase name="testPureVirtualDestructorOverride_1" classname="org.eclipse.cdt.codan.core.internal.checkers.AbstractClassInstantiationCheckerTest" time="0.059"/>
  <testcase name="testPureVirtualDestructorOverride_2" classname="org.eclipse.cdt.codan.core.internal.checkers.AbstractClassInstantiationCheckerTest" time="0.062"/>
  <testcase name="testAbstractClassBecauseOfBaseClass" classname="org.eclipse.cdt.codan.core.internal.checkers.AbstractClassInstantiationCheckerTest" time="0.069"/>
  <testcase name="testDiamondInheritanceWithOneImplementor_bug351612a" classname="org.eclipse.cdt.codan.core.internal.checkers.AbstractClassInstantiationCheckerTest" time="0.054"/>
  <testcase name="testDiamondInheritanceWithOneImplementor_bug351612b" classname="org.eclipse.cdt.codan.core.internal.checkers.AbstractClassInstantiationCheckerTest" time="0.059"/>
  <testcase name="testDiamondInheritanceWithOneImplementor_bug351612c" classname="org.eclipse.cdt.codan.core.internal.checkers.AbstractClassInstantiationCheckerTest" time="0.041"/>
  <testcase name="testAbstractClassCreationWithNew" classname="org.eclipse.cdt.codan.core.internal.checkers.AbstractClassInstantiationCheckerTest" time="0.072"/>
  <testcase name="testDiamondInheritanceWithOneImplementor_bug419938" classname="org.eclipse.cdt.codan.core.internal.checkers.AbstractClassInstantiationCheckerTest" time="0.05"/>
  <testcase name="testAbstractClassTypedef" classname="org.eclipse.cdt.codan.core.internal.checkers.AbstractClassInstantiationCheckerTest" time="0.046"/>
  <testcase name="testAbstractClassWithAFewVirtualMethods" classname="org.eclipse.cdt.codan.core.internal.checkers.AbstractClassInstantiationCheckerTest" time="0.057"/>
  <testcase name="testAbstractClassFromNamespace" classname="org.eclipse.cdt.codan.core.internal.checkers.AbstractClassInstantiationCheckerTest" time="0.058"/>
  <testcase name="testAbstractClassCreationAsFunctionTemplateParameter" classname="org.eclipse.cdt.codan.core.internal.checkers.AbstractClassInstantiationCheckerTest" time="0.056"/>
  <testcase name="testAbstractClassCreationAsFunctionParameter" classname="org.eclipse.cdt.codan.core.internal.checkers.AbstractClassInstantiationCheckerTest" time="0.057"/>
  <testcase name="testAbstractClassCreationWithDirectConstructorCall" classname="org.eclipse.cdt.codan.core.internal.checkers.AbstractClassInstantiationCheckerTest" time="0.042"/>
  <testcase name="testNotAbstractClassCreationWithNew" classname="org.eclipse.cdt.codan.core.internal.checkers.AbstractClassInstantiationCheckerTest" time="0.042"/>
  <testcase name="testAbstractClassCreationOnStack" classname="org.eclipse.cdt.codan.core.internal.checkers.AbstractClassInstantiationCheckerTest" time="0.044"/>
  <testcase name="testAbstractClassWithVirtualRedefinition" classname="org.eclipse.cdt.codan.core.internal.checkers.AbstractClassInstantiationCheckerTest" time="0.047"/>
  <testcase name="testExternAbstractClassDeclaration" classname="org.eclipse.cdt.codan.core.internal.checkers.AbstractClassInstantiationCheckerTest" time="0.039"/>
  <testcase name="testAbstractClassPointerOrReverenceDeclaration" classname="org.eclipse.cdt.codan.core.internal.checkers.AbstractClassInstantiationCheckerTest" time="0.04"/>
  <testcase name="testUsingDeclarationInDerivedClass_bug414279" classname="org.eclipse.cdt.codan.core.internal.checkers.AbstractClassInstantiationCheckerTest" time="0.039"/>
  <testcase name="testNotAbstractClassCreationOnStack" classname="org.eclipse.cdt.codan.core.internal.checkers.AbstractClassInstantiationCheckerTest" time="0.047"/>
  <testcase name="testMaxInstantiationDepth_430282" classname="org.eclipse.cdt.codan.core.internal.checkers.AbstractClassInstantiationCheckerTest" time="0.104"/>
  <testcase name="test_for" classname="org.eclipse.cdt.codan.core.internal.checkers.AssignmentInConditionCheckerTest" time="0.143"/>
  <testcase name="test_tri" classname="org.eclipse.cdt.codan.core.internal.checkers.AssignmentInConditionCheckerTest" time="0.036"/>
  <testcase name="test_whileMacroSupp" classname="org.eclipse.cdt.codan.core.internal.checkers.AssignmentInConditionCheckerTest" time="0.048"/>
  <testcase name="test3" classname="org.eclipse.cdt.codan.core.internal.checkers.AssignmentInConditionCheckerTest" time="0.037"/>
  <testcase name="test_while2supp" classname="org.eclipse.cdt.codan.core.internal.checkers.AssignmentInConditionCheckerTest" time="0.045"/>
  <testcase name="test_while3supp" classname="org.eclipse.cdt.codan.core.internal.checkers.AssignmentInConditionCheckerTest" time="0.046"/>
  <testcase name="test_whileMacro" classname="org.eclipse.cdt.codan.core.internal.checkers.AssignmentInConditionCheckerTest" time="0.055"/>
  <testcase name="test_basic_params" classname="org.eclipse.cdt.codan.core.internal.checkers.AssignmentInConditionCheckerTest" time="0.046"/>
  <testcase name="test_array" classname="org.eclipse.cdt.codan.core.internal.checkers.AssignmentInConditionCheckerTest" time="0.041"/>
  <testcase name="test_basic" classname="org.eclipse.cdt.codan.core.internal.checkers.AssignmentInConditionCheckerTest" time="0.05"/>
  <testcase name="test_fixed" classname="org.eclipse.cdt.codan.core.internal.checkers.AssignmentInConditionCheckerTest" time="0.032"/>
  <testcase name="test_while" classname="org.eclipse.cdt.codan.core.internal.checkers.AssignmentInConditionCheckerTest" time="0.037"/>
  <testcase name="testNoError_Bug321933" classname="org.eclipse.cdt.codan.core.internal.checkers.AssignmentToItselfCheckerTest" time="0.045"/>
  <testcase name="testSimpleVariableSelfAssignmentError" classname="org.eclipse.cdt.codan.core.internal.checkers.AssignmentToItselfCheckerTest" time="0.04"/>
  <testcase name="testMarkerOffset_Bug486610" classname="org.eclipse.cdt.codan.core.internal.checkers.AssignmentToItselfCheckerTest" time="0.047"/>
  <testcase name="testArraySelfAssignmentError" classname="org.eclipse.cdt.codan.core.internal.checkers.AssignmentToItselfCheckerTest" time="0.055"/>
  <testcase name="testNoErrorConstants" classname="org.eclipse.cdt.codan.core.internal.checkers.AssignmentToItselfCheckerTest" time="0.041"/>
  <testcase name="testNoErrorVariables" classname="org.eclipse.cdt.codan.core.internal.checkers.AssignmentToItselfCheckerTest" time="0.074"/>
  <testcase name="testEmptyLastCaseDefaultBad" classname="org.eclipse.cdt.codan.core.internal.checkers.CaseBreakCheckerTest" time="0.051"/>
  <testcase name="testEmptyCaseOKbreak" classname="org.eclipse.cdt.codan.core.internal.checkers.CaseBreakCheckerTest" time="0.048"/>
  <testcase name="testBadFallthroughInLastStatement_514685" classname="org.eclipse.cdt.codan.core.internal.checkers.CaseBreakCheckerTest" time="0.062"/>
  <testcase name="testEmptyLastCaseError" classname="org.eclipse.cdt.codan.core.internal.checkers.CaseBreakCheckerTest" time="0.047"/>
  <testcase name="testGeneral1" classname="org.eclipse.cdt.codan.core.internal.checkers.CaseBreakCheckerTest" time="0.044"/>
  <testcase name="testDifferentComments" classname="org.eclipse.cdt.codan.core.internal.checkers.CaseBreakCheckerTest" time="0.034"/>
  <testcase name="testEmptyCaseWithLoopBreak" classname="org.eclipse.cdt.codan.core.internal.checkers.CaseBreakCheckerTest" time="0.031"/>
  <testcase name="testEmptyLastCaseOKbreak" classname="org.eclipse.cdt.codan.core.internal.checkers.CaseBreakCheckerTest" time="0.027"/>
  <testcase name="testLastCaseBadFallthroughNotLast_514685" classname="org.eclipse.cdt.codan.core.internal.checkers.CaseBreakCheckerTest" time="0.04"/>
  <testcase name="testFallthroughAndCompoundStatementCombinations_514685" classname="org.eclipse.cdt.codan.core.internal.checkers.CaseBreakCheckerTest" time="0.029"/>
  <testcase name="testEmptyCaseOKcomment" classname="org.eclipse.cdt.codan.core.internal.checkers.CaseBreakCheckerTest" time="0.028"/>
  <testcase name="testGeneralFallthroughs1_514685" classname="org.eclipse.cdt.codan.core.internal.checkers.CaseBreakCheckerTest" time="0.051"/>
  <testcase name="testLastCaseOKcomment" classname="org.eclipse.cdt.codan.core.internal.checkers.CaseBreakCheckerTest" time="0.026"/>
  <testcase name="testIfErr" classname="org.eclipse.cdt.codan.core.internal.checkers.CaseBreakCheckerTest" time="0.031"/>
  <testcase name="testIf" classname="org.eclipse.cdt.codan.core.internal.checkers.CaseBreakCheckerTest" time="0.028"/>
  <testcase name="testEmptyCaseOKFallthrough_514685" classname="org.eclipse.cdt.codan.core.internal.checkers.CaseBreakCheckerTest" time="0.029"/>
  <testcase name="testEmptyLastCaseWithReturn" classname="org.eclipse.cdt.codan.core.internal.checkers.CaseBreakCheckerTest" time="0.026"/>
  <testcase name="testEmptyLastCaseIgnore" classname="org.eclipse.cdt.codan.core.internal.checkers.CaseBreakCheckerTest" time="0.037"/>
  <testcase name="testDifferentFallthroughs_514685" classname="org.eclipse.cdt.codan.core.internal.checkers.CaseBreakCheckerTest" time="0.037"/>
  <testcase name="testLastCaseBadCommentNotLast" classname="org.eclipse.cdt.codan.core.internal.checkers.CaseBreakCheckerTest" time="0.025"/>
  <testcase name="testEmptyCaseIgnore" classname="org.eclipse.cdt.codan.core.internal.checkers.CaseBreakCheckerTest" time="0.028"/>
  <testcase name="testEmptyLastCaseTwoSwitches" classname="org.eclipse.cdt.codan.core.internal.checkers.CaseBreakCheckerTest" time="0.026"/>
  <testcase name="testEmptyLastCaseOKcomment" classname="org.eclipse.cdt.codan.core.internal.checkers.CaseBreakCheckerTest" time="0.025"/>
  <testcase name="testLastCaseOKbreak" classname="org.eclipse.cdt.codan.core.internal.checkers.CaseBreakCheckerTest" time="0.025"/>
  <testcase name="testDoubleSemicolon_bug441714" classname="org.eclipse.cdt.codan.core.internal.checkers.CaseBreakCheckerTest" time="0.029"/>
  <testcase name="testNestedSwitches" classname="org.eclipse.cdt.codan.core.internal.checkers.CaseBreakCheckerTest" time="0.036"/>
  <testcase name="testGeneralComments1" classname="org.eclipse.cdt.codan.core.internal.checkers.CaseBreakCheckerTest" time="0.037"/>
  <testcase name="testEmptyLastCaseBadFallthrough_514685" classname="org.eclipse.cdt.codan.core.internal.checkers.CaseBreakCheckerTest" time="0.033"/>
  <testcase name="testEmptyCompoundStatement" classname="org.eclipse.cdt.codan.core.internal.checkers.CaseBreakCheckerTest" time="0.039"/>
  <testcase name="testBreakInBraces" classname="org.eclipse.cdt.codan.core.internal.checkers.CaseBreakCheckerTest" time="0.028"/>
  <testcase name="testEmptyLastCaseWithThrow" classname="org.eclipse.cdt.codan.core.internal.checkers.CaseBreakCheckerTest" time="0.034"/>
  <testcase name="testEmptyLastCaseWithContinue" classname="org.eclipse.cdt.codan.core.internal.checkers.CaseBreakCheckerTest" time="0.042"/>
  <testcase name="testEmptyCaseBad" classname="org.eclipse.cdt.codan.core.internal.checkers.CaseBreakCheckerTest" time="0.032"/>
  <testcase name="testInMacro" classname="org.eclipse.cdt.codan.core.internal.checkers.CaseBreakCheckerTest" time="0.037"/>
  <testcase name="testCaseWithCurlyBrackets" classname="org.eclipse.cdt.codan.core.internal.checkers.CaseBreakCheckerTest" time="0.033"/>
  <testcase name="testLastCaseBad" classname="org.eclipse.cdt.codan.core.internal.checkers.CaseBreakCheckerTest" time="0.027"/>
  <testcase name="testLastCaseIgnore" classname="org.eclipse.cdt.codan.core.internal.checkers.CaseBreakCheckerTest" time="0.027"/>
  <testcase name="testLastCaseBadFallthrough_514685" classname="org.eclipse.cdt.codan.core.internal.checkers.CaseBreakCheckerTest" time="0.028"/>
  <testcase name="testEmptyLastCaseBad" classname="org.eclipse.cdt.codan.core.internal.checkers.CaseBreakCheckerTest" time="0.029"/>
  <testcase name="test_int_typedef" classname="org.eclipse.cdt.codan.core.internal.checkers.CatchByReferenceTest" time="0.061"/>
  <testcase name="test_int" classname="org.eclipse.cdt.codan.core.internal.checkers.CatchByReferenceTest" time="0.028"/>
  <testcase name="test_class_point" classname="org.eclipse.cdt.codan.core.internal.checkers.CatchByReferenceTest" time="0.029"/>
  <testcase name="test_class_ref" classname="org.eclipse.cdt.codan.core.internal.checkers.CatchByReferenceTest" time="0.043"/>
  <testcase name="test_class_unknown_on" classname="org.eclipse.cdt.codan.core.internal.checkers.CatchByReferenceTest" time="0.028"/>
  <testcase name="test_class_typedef" classname="org.eclipse.cdt.codan.core.internal.checkers.CatchByReferenceTest" time="0.029"/>
  <testcase name="test_int_typedef2" classname="org.eclipse.cdt.codan.core.internal.checkers.CatchByReferenceTest" time="0.031"/>
  <testcase name="test_class" classname="org.eclipse.cdt.codan.core.internal.checkers.CatchByReferenceTest" time="0.035"/>
  <testcase name="test_class_unknown" classname="org.eclipse.cdt.codan.core.internal.checkers.CatchByReferenceTest" time="0.03"/>
  <testcase name="testNoErrorsOnDeletedConstructor" classname="org.eclipse.cdt.codan.core.internal.checkers.ClassMembersInitializationCheckerTest" time="0.027"/>
  <testcase name="testAssignmentsInConstructorShouldBeChecked" classname="org.eclipse.cdt.codan.core.internal.checkers.ClassMembersInitializationCheckerTest" time="0.032"/>
  <testcase name="testExternalConstructorOfTemplateClassHandling" classname="org.eclipse.cdt.codan.core.internal.checkers.ClassMembersInitializationCheckerTest" time="0.028"/>
  <testcase name="testAssignThisNonLValue_368420" classname="org.eclipse.cdt.codan.core.internal.checkers.ClassMembersInitializationCheckerTest" time="0.063"/>
  <testcase name="testBasicTypesShouldBeInitialized" classname="org.eclipse.cdt.codan.core.internal.checkers.ClassMembersInitializationCheckerTest" time="0.033"/>
  <testcase name="testNoErrorsOnFunctionCallInitialization" classname="org.eclipse.cdt.codan.core.internal.checkers.ClassMembersInitializationCheckerTest" time="0.043"/>
  <testcase name="testTemplateConstructorHandling" classname="org.eclipse.cdt.codan.core.internal.checkers.ClassMembersInitializationCheckerTest" time="0.036"/>
  <testcase name="testExternalTemplateConstructorOfTemplateClassHandling" classname="org.eclipse.cdt.codan.core.internal.checkers.ClassMembersInitializationCheckerTest" time="0.034"/>
  <testcase name="testDefaultConstructor_365498" classname="org.eclipse.cdt.codan.core.internal.checkers.ClassMembersInitializationCheckerTest" time="0.035"/>
  <testcase name="testNoErrorsOnComplexAssignment" classname="org.eclipse.cdt.codan.core.internal.checkers.ClassMembersInitializationCheckerTest" time="0.028"/>
  <testcase name="testAssignThisUnaryExpressions_368420" classname="org.eclipse.cdt.codan.core.internal.checkers.ClassMembersInitializationCheckerTest" time="0.053"/>
  <testcase name="testNestedClassInExternalConstructorHandling" classname="org.eclipse.cdt.codan.core.internal.checkers.ClassMembersInitializationCheckerTest" time="0.046"/>
  <testcase name="testNestedClassWithMethodNamedAsAnotherClassHandling" classname="org.eclipse.cdt.codan.core.internal.checkers.ClassMembersInitializationCheckerTest" time="0.033"/>
  <testcase name="testNoErrorsOnReadingFunctionCall" classname="org.eclipse.cdt.codan.core.internal.checkers.ClassMembersInitializationCheckerTest" time="0.035"/>
  <testcase name="testMethodDeclarationInOtherFile_368419" classname="org.eclipse.cdt.codan.core.internal.checkers.ClassMembersInitializationCheckerTest" time="0.201"/>
  <testcase name="testNestedClassesHandling" classname="org.eclipse.cdt.codan.core.internal.checkers.ClassMembersInitializationCheckerTest" time="0.079"/>
  <testcase name="testErrorOnProtectedConstructor" classname="org.eclipse.cdt.codan.core.internal.checkers.ClassMembersInitializationCheckerTest" time="0.023"/>
  <testcase name="testCheckStructs" classname="org.eclipse.cdt.codan.core.internal.checkers.ClassMembersInitializationCheckerTest" time="0.028"/>
  <testcase name="testAssignmentIsNotInConstructor" classname="org.eclipse.cdt.codan.core.internal.checkers.ClassMembersInitializationCheckerTest" time="0.048"/>
  <testcase name="testSkipUnions" classname="org.eclipse.cdt.codan.core.internal.checkers.ClassMembersInitializationCheckerTest" time="0.025"/>
  <testcase name="testDefaultCopyOrMoveConstructorInTemplate_408303" classname="org.eclipse.cdt.codan.core.internal.checkers.ClassMembersInitializationCheckerTest" time="0.028"/>
  <testcase name="testUsingMethodsInConstructorWithoutPreference" classname="org.eclipse.cdt.codan.core.internal.checkers.ClassMembersInitializationCheckerTest" time="0.038"/>
  <testcase name="testPointersShouldBeInitialized" classname="org.eclipse.cdt.codan.core.internal.checkers.ClassMembersInitializationCheckerTest" time="0.032"/>
  <testcase name="testTemplatePartialSpecialization_368611" classname="org.eclipse.cdt.codan.core.internal.checkers.ClassMembersInitializationCheckerTest" time="0.066"/>
  <testcase name="testUsingConstMethodsInConstructorWithoutPreference" classname="org.eclipse.cdt.codan.core.internal.checkers.ClassMembersInitializationCheckerTest" time="0.043"/>
  <testcase name="testDelegatingConstructor_402607" classname="org.eclipse.cdt.codan.core.internal.checkers.ClassMembersInitializationCheckerTest" time="0.023"/>
  <testcase name="testNonstaticDataMemberInitializer_400673" classname="org.eclipse.cdt.codan.core.internal.checkers.ClassMembersInitializationCheckerTest" time="0.036"/>
  <testcase name="testEnumsShouldBeInitialized" classname="org.eclipse.cdt.codan.core.internal.checkers.ClassMembersInitializationCheckerTest" time="0.031"/>
  <testcase name="testDefaultCopyOrMoveConstructor_395018" classname="org.eclipse.cdt.codan.core.internal.checkers.ClassMembersInitializationCheckerTest" time="0.027"/>
  <testcase name="testNoErrorsOnStaticMembers" classname="org.eclipse.cdt.codan.core.internal.checkers.ClassMembersInitializationCheckerTest" time="0.027"/>
  <testcase name="testBaseClassMemberShouldNotBeTakenIntoAccount" classname="org.eclipse.cdt.codan.core.internal.checkers.ClassMembersInitializationCheckerTest" time="0.026"/>
  <testcase name="testExternalConstructorHandling" classname="org.eclipse.cdt.codan.core.internal.checkers.ClassMembersInitializationCheckerTest" time="0.024"/>
  <testcase name="testExternalTemplateConstructorHandling" classname="org.eclipse.cdt.codan.core.internal.checkers.ClassMembersInitializationCheckerTest" time="0.029"/>
  <testcase name="testNoErrorsIfThereIsNoConstructorsDefined" classname="org.eclipse.cdt.codan.core.internal.checkers.ClassMembersInitializationCheckerTest" time="0.053"/>
  <testcase name="testAssignThis_368420" classname="org.eclipse.cdt.codan.core.internal.checkers.ClassMembersInitializationCheckerTest" time="0.019"/>
  <testcase name="testNestedClassInConstructorHandling" classname="org.eclipse.cdt.codan.core.internal.checkers.ClassMembersInitializationCheckerTest" time="0.021"/>
  <testcase name="testUsingConstMethodsInConstructorWithPreference" classname="org.eclipse.cdt.codan.core.internal.checkers.ClassMembersInitializationCheckerTest" time="0.026"/>
  <testcase name="testAFewConstructorsHandling" classname="org.eclipse.cdt.codan.core.internal.checkers.ClassMembersInitializationCheckerTest" time="0.044"/>
  <testcase name="testNoErrorsIfMemberWasInitializedInOneOfTheIfBranch" classname="org.eclipse.cdt.codan.core.internal.checkers.ClassMembersInitializationCheckerTest" time="0.017"/>
  <testcase name="testInitializationListShouldBeChecked" classname="org.eclipse.cdt.codan.core.internal.checkers.ClassMembersInitializationCheckerTest" time="0.028"/>
  <testcase name="testTemplateConstructorDeclarationOnlyHandling" classname="org.eclipse.cdt.codan.core.internal.checkers.ClassMembersInitializationCheckerTest" time="0.026"/>
  <testcase name="testNoErrorsOnChainInitialization" classname="org.eclipse.cdt.codan.core.internal.checkers.ClassMembersInitializationCheckerTest" time="0.022"/>
  <testcase name="testUsingMethodsInConstructorWithPreference" classname="org.eclipse.cdt.codan.core.internal.checkers.ClassMembersInitializationCheckerTest" time="0.021"/>
  <testcase name="testReferencesShouldBeInitialized" classname="org.eclipse.cdt.codan.core.internal.checkers.ClassMembersInitializationCheckerTest" time="0.02"/>
  <testcase name="testTypedefsShouldBeInitialized" classname="org.eclipse.cdt.codan.core.internal.checkers.ClassMembersInitializationCheckerTest" time="0.037"/>
  <testcase name="testDelegatingConstructorTypedef_402607" classname="org.eclipse.cdt.codan.core.internal.checkers.ClassMembersInitializationCheckerTest" time="0.026"/>
  <testcase name="testAssignThisMultiBinaryExpressions_368420" classname="org.eclipse.cdt.codan.core.internal.checkers.ClassMembersInitializationCheckerTest" time="0.023"/>
  <testcase name="testTemplateClassHandling" classname="org.eclipse.cdt.codan.core.internal.checkers.ClassMembersInitializationCheckerTest" time="0.023"/>
  <testcase name="testDecltypeAutoTrailingReturnType" classname="org.eclipse.cdt.codan.core.internal.checkers.DecltypeAutoCheckerTest" time="0.024"/>
  <testcase name="testDecltypeAutoVariable" classname="org.eclipse.cdt.codan.core.internal.checkers.DecltypeAutoCheckerTest" time="0.024"/>
  <testcase name="testDecltypeAutoConstVariable" classname="org.eclipse.cdt.codan.core.internal.checkers.DecltypeAutoCheckerTest" time="0.022"/>
  <testcase name="testDecltypeExpressionConstVariable" classname="org.eclipse.cdt.codan.core.internal.checkers.DecltypeAutoCheckerTest" time="0.05"/>
  <testcase name="testDecltypeAutoVolatileReturnType" classname="org.eclipse.cdt.codan.core.internal.checkers.DecltypeAutoCheckerTest" time="0.024"/>
  <testcase name="testDecltypeExpressionVolatileVariable" classname="org.eclipse.cdt.codan.core.internal.checkers.DecltypeAutoCheckerTest" time="0.022"/>
  <testcase name="testDecltypeAutoCVTrailingReturnType" classname="org.eclipse.cdt.codan.core.internal.checkers.DecltypeAutoCheckerTest" time="0.02"/>
  <testcase name="testDecltypeAutoCVReturnType" classname="org.eclipse.cdt.codan.core.internal.checkers.DecltypeAutoCheckerTest" time="0.025"/>
  <testcase name="testDecltypeAutoConstReturnType" classname="org.eclipse.cdt.codan.core.internal.checkers.DecltypeAutoCheckerTest" time="0.038"/>
  <testcase name="testDecltypeAutoCVVariable" classname="org.eclipse.cdt.codan.core.internal.checkers.DecltypeAutoCheckerTest" time="0.017"/>
  <testcase name="testDecltypeAutoConstVariablInsideFunction" classname="org.eclipse.cdt.codan.core.internal.checkers.DecltypeAutoCheckerTest" time="0.072"/>
  <testcase name="testDecltypeExpressionVariable" classname="org.eclipse.cdt.codan.core.internal.checkers.DecltypeAutoCheckerTest" time="0.017"/>
  <testcase name="testDecltypeAutoVolatileVariable" classname="org.eclipse.cdt.codan.core.internal.checkers.DecltypeAutoCheckerTest" time="0.019"/>
  <testcase name="testDecltypeAutoVolatileTrailingReturnType" classname="org.eclipse.cdt.codan.core.internal.checkers.DecltypeAutoCheckerTest" time="0.023"/>
  <testcase name="testDecltypeAutoConstTrailingReturnType" classname="org.eclipse.cdt.codan.core.internal.checkers.DecltypeAutoCheckerTest" time="0.023"/>
  <testcase name="testDecltypeAutoCVVariableInsideFunction" classname="org.eclipse.cdt.codan.core.internal.checkers.DecltypeAutoCheckerTest" time="0.036"/>
  <testcase name="testDecltypeAutoVolatileVariableInsideFunction" classname="org.eclipse.cdt.codan.core.internal.checkers.DecltypeAutoCheckerTest" time="0.018"/>
  <testcase name="testDecltypeExpressionCVVariable" classname="org.eclipse.cdt.codan.core.internal.checkers.DecltypeAutoCheckerTest" time="0.022"/>
  <testcase name="testDecltypeAutoReturnType" classname="org.eclipse.cdt.codan.core.internal.checkers.DecltypeAutoCheckerTest" time="0.023"/>
  <testcase name="testRightRight" classname="org.eclipse.cdt.codan.core.internal.checkers.FormatStringCheckerTest" time="0.021"/>
  <testcase name="testRightWrong" classname="org.eclipse.cdt.codan.core.internal.checkers.FormatStringCheckerTest" time="0.025"/>
  <testcase name="testGaurdedRight" classname="org.eclipse.cdt.codan.core.internal.checkers.FormatStringCheckerTest" time="0.018"/>
  <testcase name="testNonglobalBeforeRight" classname="org.eclipse.cdt.codan.core.internal.checkers.FormatStringCheckerTest" time="0.025"/>
  <testcase name="testNonglobalBeforeWrong" classname="org.eclipse.cdt.codan.core.internal.checkers.FormatStringCheckerTest" time="0.02"/>
  <testcase name="testInfiniteSize" classname="org.eclipse.cdt.codan.core.internal.checkers.FormatStringCheckerTest" time="0.038"/>
  <testcase name="testRight" classname="org.eclipse.cdt.codan.core.internal.checkers.FormatStringCheckerTest" time="0.023"/>
  <testcase name="testBase" classname="org.eclipse.cdt.codan.core.internal.checkers.FormatStringCheckerTest" time="0.02"/>
  <testcase name="testWrongInt" classname="org.eclipse.cdt.codan.core.internal.checkers.FormatStringCheckerTest" time="0.019"/>
  <testcase name="testRightInt" classname="org.eclipse.cdt.codan.core.internal.checkers.FormatStringCheckerTest" time="0.071"/>
  <testcase name="testWrongRight" classname="org.eclipse.cdt.codan.core.internal.checkers.FormatStringCheckerTest" time="0.022"/>
  <testcase name="testWrongWrong" classname="org.eclipse.cdt.codan.core.internal.checkers.FormatStringCheckerTest" time="0.023"/>
  <testcase name="testGlobalBeforeWrong" classname="org.eclipse.cdt.codan.core.internal.checkers.FormatStringCheckerTest" time="0.027"/>
  <testcase name="testIntRight" classname="org.eclipse.cdt.codan.core.internal.checkers.FormatStringCheckerTest" time="0.018"/>
  <testcase name="testIntWrong" classname="org.eclipse.cdt.codan.core.internal.checkers.FormatStringCheckerTest" time="0.019"/>
  <testcase name="testNonglobalAfterRight" classname="org.eclipse.cdt.codan.core.internal.checkers.FormatStringCheckerTest" time="0.019"/>
  <testcase name="testNonglobalAfterWrong" classname="org.eclipse.cdt.codan.core.internal.checkers.FormatStringCheckerTest" time="0.017"/>
  <testcase name="testSimple" classname="org.eclipse.cdt.codan.core.internal.checkers.FormatStringCheckerTest" time="0.02"/>
  <testcase name="testNonVirtualDtorInBaseClass" classname="org.eclipse.cdt.codan.core.internal.checkers.NonVirtualDestructorCheckerTest" time="0.038"/>
  <testcase name="testAbstractBaseClass" classname="org.eclipse.cdt.codan.core.internal.checkers.NonVirtualDestructorCheckerTest" time="0.018"/>
  <testcase name="testBug496628_MarkerBounds" classname="org.eclipse.cdt.codan.core.internal.checkers.NonVirtualDestructorCheckerTest" time="0.032"/>
  <testcase name="testVirtualDtorInBaseClass1" classname="org.eclipse.cdt.codan.core.internal.checkers.NonVirtualDestructorCheckerTest" time="0.019"/>
  <testcase name="testVirtualDtorInBaseClass2" classname="org.eclipse.cdt.codan.core.internal.checkers.NonVirtualDestructorCheckerTest" time="0.019"/>
  <testcase name="testVirtualDtorInBaseClass3" classname="org.eclipse.cdt.codan.core.internal.checkers.NonVirtualDestructorCheckerTest" time="0.019"/>
  <testcase name="testBug372009_wrongClassNameInMessage" classname="org.eclipse.cdt.codan.core.internal.checkers.NonVirtualDestructorCheckerTest" time="0.018"/>
  <testcase name="testExplicitDtorInBaseClass" classname="org.eclipse.cdt.codan.core.internal.checkers.NonVirtualDestructorCheckerTest" time="0.027"/>
  <testcase name="testVirtualDtorInClass" classname="org.eclipse.cdt.codan.core.internal.checkers.NonVirtualDestructorCheckerTest" time="0.024"/>
  <testcase name="testBug368446_stackOverflow" classname="org.eclipse.cdt.codan.core.internal.checkers.NonVirtualDestructorCheckerTest" time="0.02"/>
  <testcase name="testBug368446_stackOverflow_indirect" classname="org.eclipse.cdt.codan.core.internal.checkers.NonVirtualDestructorCheckerTest" time="0.018"/>
  <testcase name="testImplicitDtorInBaseClass" classname="org.eclipse.cdt.codan.core.internal.checkers.NonVirtualDestructorCheckerTest" time="0.019"/>
  <testcase name="testPublicVirtualDtorInClass" classname="org.eclipse.cdt.codan.core.internal.checkers.NonVirtualDestructorCheckerTest" time="0.033"/>
  <testcase name="testNonPublicVirtualDtorInClass" classname="org.eclipse.cdt.codan.core.internal.checkers.NonVirtualDestructorCheckerTest" time="0.021"/>
  <testcase name="testPublicNonVirtualDtorCanBeCalledFromFriendClass" classname="org.eclipse.cdt.codan.core.internal.checkers.NonVirtualDestructorCheckerTest" time="0.019"/>
  <testcase name="testImplicitPublicNonVirtualDtorInClass" classname="org.eclipse.cdt.codan.core.internal.checkers.NonVirtualDestructorCheckerTest" time="0.034"/>
  <testcase name="testVariousFieldMethodCombinations_338683" classname="org.eclipse.cdt.codan.core.internal.checkers.ProblemBindingCheckerTest" time="0.027"/>
  <testcase name="testUDLOperatorWithWrongType_484619" classname="org.eclipse.cdt.codan.core.internal.checkers.ProblemBindingCheckerTest" time="0.078"/>
  <testcase name="testImplicitConstructorCall_404774" classname="org.eclipse.cdt.codan.core.internal.checkers.ProblemBindingCheckerTest" time="0.02"/>
  <testcase name="testInvalidTypeError_486082" classname="org.eclipse.cdt.codan.core.internal.checkers.ProblemBindingCheckerTest" time="0.023"/>
  <testcase name="testFieldInFunctionCall_338683" classname="org.eclipse.cdt.codan.core.internal.checkers.ProblemBindingCheckerTest" time="0.034"/>
  <testcase name="testMisuseOfKnownBuiltin_512932" classname="org.eclipse.cdt.codan.core.internal.checkers.ProblemBindingCheckerTest" time="0.025"/>
  <testcase name="testDontUnderlineWholeMacro_341089" classname="org.eclipse.cdt.codan.core.internal.checkers.ProblemBindingCheckerTest" time="0.024"/>
  <testcase name="testNonexistentUDLOperator_484619" classname="org.eclipse.cdt.codan.core.internal.checkers.ProblemBindingCheckerTest" time="0.031"/>
  <testcase name="testReturnInitializerList" classname="org.eclipse.cdt.codan.core.internal.checkers.ReturnCheckerTest" time="0.016"/>
  <testcase name="testVoidLateSpecifiedReturnType_Bug337677" classname="org.eclipse.cdt.codan.core.internal.checkers.ReturnCheckerTest" time="0.019"/>
  <testcase name="testBasicTypeFunction" classname="org.eclipse.cdt.codan.core.internal.checkers.ReturnCheckerTest" time="0.04"/>
  <testcase name="testWhile" classname="org.eclipse.cdt.codan.core.internal.checkers.ReturnCheckerTest" time="0.027"/>
  <testcase name="testVoidFunction" classname="org.eclipse.cdt.codan.core.internal.checkers.ReturnCheckerTest" time="0.02"/>
  <testcase name="testLambda2_Bug332285" classname="org.eclipse.cdt.codan.core.internal.checkers.ReturnCheckerTest" time="0.026"/>
  <testcase name="testLambda_Bug332285" classname="org.eclipse.cdt.codan.core.internal.checkers.ReturnCheckerTest" time="0.024"/>
  <testcase name="testEmptySwitch_455828" classname="org.eclipse.cdt.codan.core.internal.checkers.ReturnCheckerTest" time="0.023"/>
  <testcase name="testTypedefReturnFunction" classname="org.eclipse.cdt.codan.core.internal.checkers.ReturnCheckerTest" time="0.025"/>
  <testcase name="testSelfReferencingVariable_452325" classname="org.eclipse.cdt.codan.core.internal.checkers.ReturnCheckerTest" time="0.042"/>
  <testcase name="testSelfReferencingVariable_479638" classname="org.eclipse.cdt.codan.core.internal.checkers.ReturnCheckerTest" time="0.023"/>
  <testcase name="testFunctionPointerReturnFunction" classname="org.eclipse.cdt.codan.core.internal.checkers.ReturnCheckerTest" time="0.018"/>
  <testcase name="testUserDefinedFunction" classname="org.eclipse.cdt.codan.core.internal.checkers.ReturnCheckerTest" time="0.052"/>
  <testcase name="testDummyFunction" classname="org.eclipse.cdt.codan.core.internal.checkers.ReturnCheckerTest" time="0.02"/>
  <testcase name="testConstructorRetValue" classname="org.eclipse.cdt.codan.core.internal.checkers.ReturnCheckerTest" time="0.021"/>
  <testcase name="testBranches_Bug342906" classname="org.eclipse.cdt.codan.core.internal.checkers.ReturnCheckerTest" time="0.018"/>
  <testcase name="testBranches_Bug343767" classname="org.eclipse.cdt.codan.core.internal.checkers.ReturnCheckerTest" time="0.016"/>
  <testcase name="testGccExtensions" classname="org.eclipse.cdt.codan.core.internal.checkers.ReturnCheckerTest" time="0.019"/>
  <testcase name="testGoto_Bug346559" classname="org.eclipse.cdt.codan.core.internal.checkers.ReturnCheckerTest" time="0.019"/>
  <testcase name="testTryBlock1" classname="org.eclipse.cdt.codan.core.internal.checkers.ReturnCheckerTest" time="0.02"/>
  <testcase name="testTryBlock2" classname="org.eclipse.cdt.codan.core.internal.checkers.ReturnCheckerTest" time="0.016"/>
  <testcase name="testTryBlock3" classname="org.eclipse.cdt.codan.core.internal.checkers.ReturnCheckerTest" time="0.021"/>
  <testcase name="testRetInDeadCodeCase" classname="org.eclipse.cdt.codan.core.internal.checkers.ReturnCheckerTest" time="0.022"/>
  <testcase name="testVoidPointerLateSpecifiedReturnType_Bug337677" classname="org.eclipse.cdt.codan.core.internal.checkers.ReturnCheckerTest" time="0.022"/>
  <testcase name="testConstructor_Bug323602" classname="org.eclipse.cdt.codan.core.internal.checkers.ReturnCheckerTest" time="0.019"/>
  <testcase name="testNoRetInfinitLoop" classname="org.eclipse.cdt.codan.core.internal.checkers.ReturnCheckerTest" time="0.05"/>
  <testcase name="testDoubleSemicolonInSwitchCase_455828" classname="org.eclipse.cdt.codan.core.internal.checkers.ReturnCheckerTest" time="0.022"/>
  <testcase name="testMainFunction" classname="org.eclipse.cdt.codan.core.internal.checkers.ReturnCheckerTest" time="0.024"/>
  <testcase name="testBranchesSwitch_Bug343767a" classname="org.eclipse.cdt.codan.core.internal.checkers.ReturnCheckerTest" time="0.019"/>
  <testcase name="testBranchesSwitch_Bug343767b" classname="org.eclipse.cdt.codan.core.internal.checkers.ReturnCheckerTest" time="0.024"/>
  <testcase name="testBranchesDeadCode_Bug343767" classname="org.eclipse.cdt.codan.core.internal.checkers.ReturnCheckerTest" time="0.021"/>
  <testcase name="testRetInDeadCodeThrow" classname="org.eclipse.cdt.codan.core.internal.checkers.ReturnCheckerTest" time="0.018"/>
  <testcase name="testNoReturn" classname="org.eclipse.cdt.codan.core.internal.checkers.ReturnCheckerTest" time="0.027"/>
  <testcase name="testNextedBlock_Bug345687" classname="org.eclipse.cdt.codan.core.internal.checkers.ReturnCheckerTest" time="0.045"/>
  <testcase name="testNoRetInfinitLoop2" classname="org.eclipse.cdt.codan.core.internal.checkers.ReturnCheckerTest" time="0.027"/>
  <testcase name="testInnerFunction_Bug315525" classname="org.eclipse.cdt.codan.core.internal.checkers.ReturnCheckerTest" time="0.019"/>
  <testcase name="testInnerFunction_Bug316154" classname="org.eclipse.cdt.codan.core.internal.checkers.ReturnCheckerTest" time="0.02"/>
  <testcase name="testRetInDeadCode1" classname="org.eclipse.cdt.codan.core.internal.checkers.ReturnCheckerTest" time="0.023"/>
  <testcase name="testSwitch" classname="org.eclipse.cdt.codan.core.internal.checkers.ReturnCheckerTest" time="0.042"/>
  <testcase name="testNoReturnInDestructor_461538" classname="org.eclipse.cdt.codan.core.internal.checkers.ReturnCheckerTest" time="0.03"/>
  <testcase name="testBranches2_Bug343767" classname="org.eclipse.cdt.codan.core.internal.checkers.ReturnCheckerTest" time="0.019"/>
  <testcase name="testReturnDefineError" classname="org.eclipse.cdt.codan.core.internal.checkers.ReturnStyleCheckerTest" time="0.033"/>
  <testcase name="testReturnValueMultilineError" classname="org.eclipse.cdt.codan.core.internal.checkers.ReturnStyleCheckerTest" time="0.03"/>
  <testcase name="testSimpleReturn" classname="org.eclipse.cdt.codan.core.internal.checkers.ReturnStyleCheckerTest" time="0.02"/>
  <testcase name="testReturnValueMultipleBrackets" classname="org.eclipse.cdt.codan.core.internal.checkers.ReturnStyleCheckerTest" time="0.021"/>
  <testcase name="testSimpleReturnValue" classname="org.eclipse.cdt.codan.core.internal.checkers.ReturnStyleCheckerTest" time="0.021"/>
  <testcase name="testReturnValueMultiline" classname="org.eclipse.cdt.codan.core.internal.checkers.ReturnStyleCheckerTest" time="0.019"/>
  <testcase name="testSimpleReturnMultiLine" classname="org.eclipse.cdt.codan.core.internal.checkers.ReturnStyleCheckerTest" time="0.022"/>
  <testcase name="testReturnValueMultilineMultipleBrackets" classname="org.eclipse.cdt.codan.core.internal.checkers.ReturnStyleCheckerTest" time="0.016"/>
  <testcase name="testReturnDefine" classname="org.eclipse.cdt.codan.core.internal.checkers.ReturnStyleCheckerTest" time="0.015"/>
  <testcase name="testSimpleReturnValueError" classname="org.eclipse.cdt.codan.core.internal.checkers.ReturnStyleCheckerTest" time="0.016"/>
  <testcase name="testGNUExpressionCompoundStmtInside" classname="org.eclipse.cdt.codan.core.internal.checkers.StatementHasNoEffectCheckerTest" time="0.017"/>
  <testcase name="testIdExpression" classname="org.eclipse.cdt.codan.core.internal.checkers.StatementHasNoEffectCheckerTest" time="0.018"/>
  <testcase name="testForTestExpression" classname="org.eclipse.cdt.codan.core.internal.checkers.StatementHasNoEffectCheckerTest" time="0.021"/>
  <testcase name="test2FilesUnaryExpression" classname="org.eclipse.cdt.codan.core.internal.checkers.StatementHasNoEffectCheckerTest" time="0.048"/>
  <testcase name="testMessage" classname="org.eclipse.cdt.codan.core.internal.checkers.StatementHasNoEffectCheckerTest" time="0.024"/>
  <testcase name="testGNUExpressionCompoundStmtFalsePositives" classname="org.eclipse.cdt.codan.core.internal.checkers.StatementHasNoEffectCheckerTest" time="0.052"/>
  <testcase name="testOverloadedOperator_bug399146" classname="org.eclipse.cdt.codan.core.internal.checkers.StatementHasNoEffectCheckerTest" time="0.022"/>
  <testcase name="testNormalAssignment" classname="org.eclipse.cdt.codan.core.internal.checkers.StatementHasNoEffectCheckerTest" time="0.023"/>
  <testcase name="testBinaryExpression" classname="org.eclipse.cdt.codan.core.internal.checkers.StatementHasNoEffectCheckerTest" time="0.02"/>
  <testcase name="testUnaryExpression" classname="org.eclipse.cdt.codan.core.internal.checkers.StatementHasNoEffectCheckerTest" time="0.021"/>
  <testcase name="testMessageInMacro" classname="org.eclipse.cdt.codan.core.internal.checkers.StatementHasNoEffectCheckerTest" time="0.017"/>
  <testcase name="testInMacro" classname="org.eclipse.cdt.codan.core.internal.checkers.StatementHasNoEffectCheckerTest" time="0.018"/>
  <testcase name="testOverloadedBinaryExpression" classname="org.eclipse.cdt.codan.core.internal.checkers.StatementHasNoEffectCheckerTest" time="0.014"/>
  <testcase name="testFalsePositives" classname="org.eclipse.cdt.codan.core.internal.checkers.StatementHasNoEffectCheckerTest" time="0.016"/>
  <testcase name="testLazyEvalHack" classname="org.eclipse.cdt.codan.core.internal.checkers.StatementHasNoEffectCheckerTest" time="0.02"/>
  <testcase name="testInMacroParamOff" classname="org.eclipse.cdt.codan.core.internal.checkers.StatementHasNoEffectCheckerTest" time="0.023"/>
  <testcase name="test_lastnot" classname="org.eclipse.cdt.codan.core.internal.checkers.SuggestedParenthesisCheckerTest" time="0.023"/>
  <testcase name="test1" classname="org.eclipse.cdt.codan.core.internal.checkers.SuggestedParenthesisCheckerTest" time="0.024"/>
  <testcase name="test2" classname="org.eclipse.cdt.codan.core.internal.checkers.SuggestedParenthesisCheckerTest" time="0.024"/>
  <testcase name="test3" classname="org.eclipse.cdt.codan.core.internal.checkers.SuggestedParenthesisCheckerTest" time="0.022"/>
  <testcase name="test_mixedbin" classname="org.eclipse.cdt.codan.core.internal.checkers.SuggestedParenthesisCheckerTest" time="0.03"/>
  <testcase name="test_fixed" classname="org.eclipse.cdt.codan.core.internal.checkers.SuggestedParenthesisCheckerTest" time="0.022"/>
  <testcase name="testElseIf1" classname="org.eclipse.cdt.codan.core.internal.checkers.SuspiciousSemicolonCheckerTest" time="0.02"/>
  <testcase name="testElseIf2" classname="org.eclipse.cdt.codan.core.internal.checkers.SuspiciousSemicolonCheckerTest" time="0.027"/>
  <testcase name="testElseIf3" classname="org.eclipse.cdt.codan.core.internal.checkers.SuspiciousSemicolonCheckerTest" time="0.022"/>
  <testcase name="testElseIf4" classname="org.eclipse.cdt.codan.core.internal.checkers.SuspiciousSemicolonCheckerTest" time="0.031"/>
  <testcase name="testElseIf5" classname="org.eclipse.cdt.codan.core.internal.checkers.SuspiciousSemicolonCheckerTest" time="0.02"/>
  <testcase name="testIf1" classname="org.eclipse.cdt.codan.core.internal.checkers.SuspiciousSemicolonCheckerTest" time="0.018"/>
  <testcase name="testIf2" classname="org.eclipse.cdt.codan.core.internal.checkers.SuspiciousSemicolonCheckerTest" time="0.015"/>
  <testcase name="testIf3" classname="org.eclipse.cdt.codan.core.internal.checkers.SuspiciousSemicolonCheckerTest" time="0.02"/>
  <testcase name="testIf4" classname="org.eclipse.cdt.codan.core.internal.checkers.SuspiciousSemicolonCheckerTest" time="0.024"/>
  <testcase name="testIf5" classname="org.eclipse.cdt.codan.core.internal.checkers.SuspiciousSemicolonCheckerTest" time="0.017"/>
  <testcase name="testIf6" classname="org.eclipse.cdt.codan.core.internal.checkers.SuspiciousSemicolonCheckerTest" time="0.017"/>
  <testcase name="testIf7" classname="org.eclipse.cdt.codan.core.internal.checkers.SuspiciousSemicolonCheckerTest" time="0.016"/>
  <testcase name="testMacro" classname="org.eclipse.cdt.codan.core.internal.checkers.SuspiciousSemicolonCheckerTest" time="0.018"/>
  <testcase name="testMacroExpansion" classname="org.eclipse.cdt.codan.core.internal.checkers.SuspiciousSemicolonCheckerTest" time="0.018"/>
  <testcase name="testIfElse" classname="org.eclipse.cdt.codan.core.internal.checkers.SuspiciousSemicolonCheckerTest" time="0.023"/>
  <testcase name="testStaticFunction_Definition_SynonymArgs" classname="org.eclipse.cdt.codan.core.internal.checkers.UnusedSymbolInFileScopeCheckerTest" time="0.027"/>
  <testcase name="testExternVariable_Definition1" classname="org.eclipse.cdt.codan.core.internal.checkers.UnusedSymbolInFileScopeCheckerTest" time="0.022"/>
  <testcase name="testExternVariable_Definition2" classname="org.eclipse.cdt.codan.core.internal.checkers.UnusedSymbolInFileScopeCheckerTest" time="0.022"/>
  <testcase name="testStaticVariable_Used_InQualifiedFunction" classname="org.eclipse.cdt.codan.core.internal.checkers.UnusedSymbolInFileScopeCheckerTest" time="0.026"/>
  <testcase name="testExternVariable_Declaration_Unused" classname="org.eclipse.cdt.codan.core.internal.checkers.UnusedSymbolInFileScopeCheckerTest" time="0.019"/>
  <testcase name="testStaticFunction_Definition_Signature" classname="org.eclipse.cdt.codan.core.internal.checkers.UnusedSymbolInFileScopeCheckerTest" time="0.023"/>
  <testcase name="testExternFunction_Declaration_FollowedByDefinition" classname="org.eclipse.cdt.codan.core.internal.checkers.UnusedSymbolInFileScopeCheckerTest" time="0.018"/>
  <testcase name="testExternFunction_Declaration_Unused" classname="org.eclipse.cdt.codan.core.internal.checkers.UnusedSymbolInFileScopeCheckerTest" time="0.022"/>
  <testcase name="testExternVariable_Declaration_CvsIdent" classname="org.eclipse.cdt.codan.core.internal.checkers.UnusedSymbolInFileScopeCheckerTest" time="0.02"/>
  <testcase name="testStaticFunction_Declaration_FollowedByDefinition" classname="org.eclipse.cdt.codan.core.internal.checkers.UnusedSymbolInFileScopeCheckerTest" time="0.02"/>
  <testcase name="testOverloadedStaticFunctionUsedInTemplate_bug358694" classname="org.eclipse.cdt.codan.core.internal.checkers.UnusedSymbolInFileScopeCheckerTest" time="0.076"/>
  <testcase name="testStaticFunction_Definition_InQualifiedFunction" classname="org.eclipse.cdt.codan.core.internal.checkers.UnusedSymbolInFileScopeCheckerTest" time="0.071"/>
  <testcase name="testAttributeUnused" classname="org.eclipse.cdt.codan.core.internal.checkers.UnusedSymbolInFileScopeCheckerTest" time="0.022"/>
  <testcase name="testStaticVariable_Unused" classname="org.eclipse.cdt.codan.core.internal.checkers.UnusedSymbolInFileScopeCheckerTest" time="0.024"/>
  <testcase name="testExternVariable_Declaration_CvsIdentInitializer" classname="org.eclipse.cdt.codan.core.internal.checkers.UnusedSymbolInFileScopeCheckerTest" time="0.022"/>
  <testcase name="testStaticFunction_Definition_InParentheses" classname="org.eclipse.cdt.codan.core.internal.checkers.UnusedSymbolInFileScopeCheckerTest" time="0.026"/>
  <testcase name="testStaticFunction_Declaration_Unused" classname="org.eclipse.cdt.codan.core.internal.checkers.UnusedSymbolInFileScopeCheckerTest" time="0.062"/>
  <testcase name="testStaticFunction_Definition_UsedBeforeDefinition" classname="org.eclipse.cdt.codan.core.internal.checkers.UnusedSymbolInFileScopeCheckerTest" time="0.022"/>
  <testcase name="testExternFunction_Declaration_Used" classname="org.eclipse.cdt.codan.core.internal.checkers.UnusedSymbolInFileScopeCheckerTest" time="0.02"/>
  <testcase name="testStaticFunction_Definition_UnknownArgumentType" classname="org.eclipse.cdt.codan.core.internal.checkers.UnusedSymbolInFileScopeCheckerTest" time="0.056"/>
  <testcase name="testGlobalVariable_Definition" classname="org.eclipse.cdt.codan.core.internal.checkers.UnusedSymbolInFileScopeCheckerTest" time="0.017"/>
  <testcase name="testStaticFunction_Definition_UnknownParameterType" classname="org.eclipse.cdt.codan.core.internal.checkers.UnusedSymbolInFileScopeCheckerTest" time="0.019"/>
  <testcase name="testStaticFunction_Definition_Unused_WithDeclaration" classname="org.eclipse.cdt.codan.core.internal.checkers.UnusedSymbolInFileScopeCheckerTest" time="0.019"/>
  <testcase name="testStaticFunction_Declaration_Used" classname="org.eclipse.cdt.codan.core.internal.checkers.UnusedSymbolInFileScopeCheckerTest" time="0.017"/>
  <testcase name="testExternVariable_Declaration_Combined" classname="org.eclipse.cdt.codan.core.internal.checkers.UnusedSymbolInFileScopeCheckerTest" time="0.016"/>
  <testcase name="testExternVariable_Declaration_SccsIdent" classname="org.eclipse.cdt.codan.core.internal.checkers.UnusedSymbolInFileScopeCheckerTest" time="0.014"/>
  <testcase name="testStaticVariable_Used_LocalScope" classname="org.eclipse.cdt.codan.core.internal.checkers.UnusedSymbolInFileScopeCheckerTest" time="0.017"/>
  <testcase name="testStaticFunction_Definition_Used" classname="org.eclipse.cdt.codan.core.internal.checkers.UnusedSymbolInFileScopeCheckerTest" time="0.015"/>
  <testcase name="testStaticVariable_Used_Constructor" classname="org.eclipse.cdt.codan.core.internal.checkers.UnusedSymbolInFileScopeCheckerTest" time="0.018"/>
  <testcase name="testUseInAsm_bug393129" classname="org.eclipse.cdt.codan.core.internal.checkers.UnusedSymbolInFileScopeCheckerTest" time="0.021"/>
  <testcase name="testStaticVariable_Unused_FunctionPointer" classname="org.eclipse.cdt.codan.core.internal.checkers.UnusedSymbolInFileScopeCheckerTest" time="0.021"/>
  <testcase name="testExternVariable_Declaration_IgnoreUnresolved" classname="org.eclipse.cdt.codan.core.internal.checkers.UnusedSymbolInFileScopeCheckerTest" time="0.022"/>
  <testcase name="testStaticFunction_Definition_SynonymLocalScope" classname="org.eclipse.cdt.codan.core.internal.checkers.UnusedSymbolInFileScopeCheckerTest" time="0.021"/>
  <testcase name="testStaticFunction_Definition_Unused" classname="org.eclipse.cdt.codan.core.internal.checkers.UnusedSymbolInFileScopeCheckerTest" time="0.021"/>
  <testcase name="testExternVariable_Declaration_Used" classname="org.eclipse.cdt.codan.core.internal.checkers.UnusedSymbolInFileScopeCheckerTest" time="0.019"/>
  <testcase name="testExternFunction_Definition" classname="org.eclipse.cdt.codan.core.internal.checkers.UnusedSymbolInFileScopeCheckerTest" time="0.015"/>
  <testcase name="testStaticVariable_Used_GlobalScope" classname="org.eclipse.cdt.codan.core.internal.checkers.UnusedSymbolInFileScopeCheckerTest" time="0.022"/>
  <testcase name="testLineCommentCpp" classname="org.eclipse.cdt.codan.core.internal.checkers.CommentCheckerLineTests" time="0.02"/>
  <testcase name="testLineCommentInPrepro" classname="org.eclipse.cdt.codan.core.internal.checkers.CommentCheckerLineTests" time="0.021"/>
  <testcase name="testNoLineComment" classname="org.eclipse.cdt.codan.core.internal.checkers.CommentCheckerLineTests" time="0.021"/>
  <testcase name="testLineComment" classname="org.eclipse.cdt.codan.core.internal.checkers.CommentCheckerLineTests" time="0.03"/>
  <testcase name="testNoLineCommentInString" classname="org.eclipse.cdt.codan.core.internal.checkers.CommentCheckerLineTests" time="0.023"/>
  <testcase name="testHeader" classname="org.eclipse.cdt.codan.core.internal.checkers.CommentCheckerLineTests" time="0.042"/>
  <testcase name="testLineComment2" classname="org.eclipse.cdt.codan.core.internal.checkers.CommentCheckerNestedTests" time="0.023"/>
  <testcase name="testNoLineComment" classname="org.eclipse.cdt.codan.core.internal.checkers.CommentCheckerNestedTests" time="0.02"/>
  <testcase name="testLineComment" classname="org.eclipse.cdt.codan.core.internal.checkers.CommentCheckerNestedTests" time="0.035"/>
  <testcase name="testIntegerImportValue" classname="org.eclipse.cdt.codan.core.param.BasicProblemPreferenceTest" time="0"/>
  <testcase name="testFileImportValue" classname="org.eclipse.cdt.codan.core.param.BasicProblemPreferenceTest" time="0"/>
  <testcase name="testBadType" classname="org.eclipse.cdt.codan.core.param.BasicProblemPreferenceTest" time="0.001"/>
  <testcase name="testIntegerExportValue" classname="org.eclipse.cdt.codan.core.param.BasicProblemPreferenceTest" time="0"/>
  <testcase name="testStringImportValue" classname="org.eclipse.cdt.codan.core.param.BasicProblemPreferenceTest" time="0"/>
  <testcase name="testStringExportSpecial" classname="org.eclipse.cdt.codan.core.param.BasicProblemPreferenceTest" time="0.001"/>
  <testcase name="testStringExportValue" classname="org.eclipse.cdt.codan.core.param.BasicProblemPreferenceTest" time="0"/>
  <testcase name="testBooleanImportValue" classname="org.eclipse.cdt.codan.core.param.BasicProblemPreferenceTest" time="0"/>
  <testcase name="testStringImportValueNum" classname="org.eclipse.cdt.codan.core.param.BasicProblemPreferenceTest" time="0"/>
  <testcase name="testBadKey" classname="org.eclipse.cdt.codan.core.param.BasicProblemPreferenceTest" time="0"/>
  <testcase name="testGetValue" classname="org.eclipse.cdt.codan.core.param.ListProblemPreferenceTest" time="0"/>
  <testcase name="testImportValue2_nosec" classname="org.eclipse.cdt.codan.core.param.ListProblemPreferenceTest" time="0"/>
  <testcase name="testSetValueImport" classname="org.eclipse.cdt.codan.core.param.ListProblemPreferenceTest" time="0"/>
  <testcase name="testImportValue2" classname="org.eclipse.cdt.codan.core.param.ListProblemPreferenceTest" time="0"/>
  <testcase name="testImportValueSpec" classname="org.eclipse.cdt.codan.core.param.ListProblemPreferenceTest" time="0"/>
  <testcase name="testImportValue" classname="org.eclipse.cdt.codan.core.param.ListProblemPreferenceTest" time="0"/>
  <testcase name="testExportValueStr" classname="org.eclipse.cdt.codan.core.param.ListProblemPreferenceTest" time="0.001"/>
  <testcase name="testSetValue" classname="org.eclipse.cdt.codan.core.param.ListProblemPreferenceTest" time="0"/>
  <testcase name="testImportValue2" classname="org.eclipse.cdt.codan.core.param.MapProblemPreferenceTest" time="0"/>
  <testcase name="testImportValueSpec" classname="org.eclipse.cdt.codan.core.param.MapProblemPreferenceTest" time="0"/>
  <testcase name="testImportValue" classname="org.eclipse.cdt.codan.core.param.MapProblemPreferenceTest" time="0"/>
  <testcase name="testExportValueStr" classname="org.eclipse.cdt.codan.core.param.MapProblemPreferenceTest" time="0"/>
  <testcase name="testUnwindTypedef" classname="org.eclipse.cdt.codan.core.cxx.CxxAstUtilsTest" time="0.027"/>
  <testcase name="testExitStatement" classname="org.eclipse.cdt.codan.core.cxx.CxxAstUtilsTest" time="0.001"/>
  <testcase name="testIsInMacro" classname="org.eclipse.cdt.codan.core.cxx.CxxAstUtilsTest" time="0.001"/>
  <testcase name="test_dead_connector_for" classname="org.eclipse.cdt.codan.core.cfg.ControlFlowGraphTest" time="0.003"/>
  <testcase name="test_switchbreak" classname="org.eclipse.cdt.codan.core.cfg.ControlFlowGraphTest" time="0.001"/>
  <testcase name="test_switchdead" classname="org.eclipse.cdt.codan.core.cfg.ControlFlowGraphTest" time="0.002"/>
  <testcase name="test_if" classname="org.eclipse.cdt.codan.core.cfg.ControlFlowGraphTest" time="0.002"/>
  <testcase name="test_dead" classname="org.eclipse.cdt.codan.core.cfg.ControlFlowGraphTest" time="0.001"/>
  <testcase name="test_exit" classname="org.eclipse.cdt.codan.core.cfg.ControlFlowGraphTest" time="0.002"/>
  <testcase name="test_goto" classname="org.eclipse.cdt.codan.core.cfg.ControlFlowGraphTest" time="0.002"/>
  <testcase name="test_ifif" classname="org.eclipse.cdt.codan.core.cfg.ControlFlowGraphTest" time="0.002"/>
  <testcase name="test_dead_labels" classname="org.eclipse.cdt.codan.core.cfg.ControlFlowGraphTest" time="0.002"/>
  <testcase name="test_dead_connector_while" classname="org.eclipse.cdt.codan.core.cfg.ControlFlowGraphTest" time="0.001"/>
  <testcase name="test_for" classname="org.eclipse.cdt.codan.core.cfg.ControlFlowGraphTest" time="0.004"/>
  <testcase name="test_try" classname="org.eclipse.cdt.codan.core.cfg.ControlFlowGraphTest" time="0.002"/>
  <testcase name="test_empty_switch" classname="org.eclipse.cdt.codan.core.cfg.ControlFlowGraphTest" time="0.003"/>
  <testcase name="test_if_ret" classname="org.eclipse.cdt.codan.core.cfg.ControlFlowGraphTest" time="0.001"/>
  <testcase name="test_labels_if" classname="org.eclipse.cdt.codan.core.cfg.ControlFlowGraphTest" time="0.002"/>
  <testcase name="test_if_dead" classname="org.eclipse.cdt.codan.core.cfg.ControlFlowGraphTest" time="0.002"/>
  <testcase name="test_switch_break_in_compound_statement" classname="org.eclipse.cdt.codan.core.cfg.ControlFlowGraphTest" time="0.002"/>
  <testcase name="test_switch_no_explicit_default" classname="org.eclipse.cdt.codan.core.cfg.ControlFlowGraphTest" time="0.002"/>
  <testcase name="test_dead_statement_in_switch" classname="org.eclipse.cdt.codan.core.cfg.ControlFlowGraphTest" time="0.002"/>
  <testcase name="test_switch1" classname="org.eclipse.cdt.codan.core.cfg.ControlFlowGraphTest" time="0.002"/>
  <testcase name="test_range_loop" classname="org.eclipse.cdt.codan.core.cfg.ControlFlowGraphTest" time="0.004"/>
  <testcase name="test_deadbranch" classname="org.eclipse.cdt.codan.core.cfg.ControlFlowGraphTest" time="0.002"/>
  <testcase name="test_bad_labels" classname="org.eclipse.cdt.codan.core.cfg.ControlFlowGraphTest" time="0.002"/>
  <testcase name="test_infiniloop" classname="org.eclipse.cdt.codan.core.cfg.ControlFlowGraphTest" time="0.002"/>
  <testcase name="test_dead_connector" classname="org.eclipse.cdt.codan.core.cfg.ControlFlowGraphTest" time="0.002"/>
  <testcase name="test_basic" classname="org.eclipse.cdt.codan.core.cfg.ControlFlowGraphTest" time="0.001"/>
  <testcase name="test_throw" classname="org.eclipse.cdt.codan.core.cfg.ControlFlowGraphTest" time="0.002"/>
  <testcase name="test_while" classname="org.eclipse.cdt.codan.core.cfg.ControlFlowGraphTest" time="0.002"/>
  <testcase name="testInMethodCall" classname="org.eclipse.cdt.codan.internal.checkers.ui.quickfix.CreateLocalVariableQuickFixTest" time="5.045"/>
  <testcase name="testChar" classname="org.eclipse.cdt.codan.internal.checkers.ui.quickfix.CreateLocalVariableQuickFixTest" time="0.311"/>
  <testcase name="testFuncPtr" classname="org.eclipse.cdt.codan.internal.checkers.ui.quickfix.CreateLocalVariableQuickFixTest" time="0.287"/>
  <testcase name="testWString" classname="org.eclipse.cdt.codan.internal.checkers.ui.quickfix.CreateLocalVariableQuickFixTest" time="0.291"/>
  <testcase name="testDouble" classname="org.eclipse.cdt.codan.internal.checkers.ui.quickfix.CreateLocalVariableQuickFixTest" time="0.265"/>
  <testcase name="testString" classname="org.eclipse.cdt.codan.internal.checkers.ui.quickfix.CreateLocalVariableQuickFixTest" time="0.261"/>
  <testcase name="test2FilesExample" classname="org.eclipse.cdt.codan.internal.checkers.ui.quickfix.SuggestedParenthesisQuickFixTest" time="0.027"/>
  <testcase name="testSimple" classname="org.eclipse.cdt.codan.internal.checkers.ui.quickfix.SuggestedParenthesisQuickFixTest" time="0.253"/>
  <testcase name="testCatchByReference" classname="org.eclipse.cdt.codan.internal.checkers.ui.quickfix.CatchByReferenceQuickFixTest" time="0.257"/>
  <testcase name="testCatchByConstReference" classname="org.eclipse.cdt.codan.internal.checkers.ui.quickfix.CatchByReferenceQuickFixTest" time="0.224"/>
  <testcase name="testCatchByConstReferenceNoDeclName" classname="org.eclipse.cdt.codan.internal.checkers.ui.quickfix.CatchByReferenceQuickFixTest" time="0.263"/>
  <testcase name="testCatchByReferenceNoDeclName" classname="org.eclipse.cdt.codan.internal.checkers.ui.quickfix.CatchByReferenceQuickFixTest" time="0.241"/>
  <testcase name="testSimpleCase" classname="org.eclipse.cdt.codan.internal.checkers.ui.quickfix.CaseBreakQuickFixBreakTest" time="0.281"/>
  <testcase name="testNPE_bug363884" classname="org.eclipse.cdt.codan.internal.checkers.ui.quickfix.CaseBreakQuickFixBreakTest" time="0.3"/>
  <testcase name="testCompositeStatementCase" classname="org.eclipse.cdt.codan.internal.checkers.ui.quickfix.CaseBreakQuickFixBreakTest" time="0.286"/>
  <testcase name="testSimpleCase_515814" classname="org.eclipse.cdt.codan.internal.checkers.ui.quickfix.CaseBreakQuickFixCommentTest" time="0.282"/>
  <testcase name="testCompositeCase_515814" classname="org.eclipse.cdt.codan.internal.checkers.ui.quickfix.CaseBreakQuickFixCommentTest" time="0.284"/>
  <testcase name="testMultipleStatementsCase_514685" classname="org.eclipse.cdt.codan.internal.checkers.ui.quickfix.CaseBreakQuickFixFallthroughAttributeTest" time="0.642"/>
  <testcase name="testSimpleCase_514685" classname="org.eclipse.cdt.codan.internal.checkers.ui.quickfix.CaseBreakQuickFixFallthroughAttributeTest" time="1.212"/>
  <testcase name="testNestedCompositeCase_514685" classname="org.eclipse.cdt.codan.internal.checkers.ui.quickfix.CaseBreakQuickFixFallthroughAttributeTest" time="0.245"/>
  <testcase name="testCompositeCase_514685" classname="org.eclipse.cdt.codan.internal.checkers.ui.quickfix.CaseBreakQuickFixFallthroughAttributeTest" time="0.264"/>
  <testcase name="testComparisonAndAssignment_bug352267" classname="org.eclipse.cdt.codan.internal.checkers.ui.quickfix.AssignmentInConditionQuickFixTest" time="0.301"/>
  <testcase name="testCPPMarkerNotOnNode_495842" classname="org.eclipse.cdt.codan.internal.checkers.ui.quickfix.QuickFixSuppressProblemTest" time="0.218"/>
  <testcase name="testCMarker_495842" classname="org.eclipse.cdt.codan.internal.checkers.ui.quickfix.QuickFixSuppressProblemTest" time="0.257"/>
  <testcase name="testCPPMarkerOnNode_495842" classname="org.eclipse.cdt.codan.internal.checkers.ui.quickfix.QuickFixSuppressProblemTest" time="0.207"/>
  <testcase name="testMarkerOnLastLineNoNewline_495842" classname="org.eclipse.cdt.codan.internal.checkers.ui.quickfix.QuickFixSuppressProblemTest" time="0.218"/>
</testsuite>